%%%%%%%%%%%%%%%%%%%%%%%%%%%%%%%%%%%%%%%%%%%%%%%%%%%%%%%%%%%%%%%%%%%%%%%%%%%%%%%%
                          S u m m a r y   R e p o r t
%%%%%%%%%%%%%%%%%%%%%%%%%%%%%%%%%%%%%%%%%%%%%%%%%%%%%%%%%%%%%%%%%%%%%%%%%%%%%%%%

Compilation
-----------
File     : /global/u2/b/bassem/gacode_waltz_NBI_edison/shared/profiles_gen/exprotools/expromake_check.f90
Compiled : 06/09/16  13:25:54
Compiler : Version 8.4.3
Ftnlx    : Version 8413 (libcif 84006)
Target   : x86-64
Command  : ftn_driver.exe -hcpu=ivybridge -hstatic -D__CRAYXC
           -D__CRAY_IVYBRIDGE -D__CRAYXT_COMPUTE_LINUX_TARGET -hnetwork=aries
           -em -J/global/homes/b/bassem/gacode_waltz_NBI_edison/modules
           -sreal64 -eD -Ktrap=fp -m1 -c
           -I/opt/cray/cce/8.4.3/craylibs/x86-64/include -I/usr/include -ef
           -I/opt/cray/fftw/3.3.4.6/sandybridge/include
           -I/opt/cray/libsci/13.3.0/CRAY/8.3/x86_64/include
           -I/opt/cray/mpt/7.3.1/gni/sma/include
           -I/opt/cray/mpt/7.3.1/gni/mpich-cray/8.3/include
           -I/opt/cray/netcdf/4.3.3.1/CRAY/8.3/include
           -I/opt/cray/hdf5/1.8.16/CRAY/8.3/include
           -I/opt/cray/rca/1.0.0-2.0502.57212.2.56.ari/include
           -I/opt/cray/alps/5.2.3-2.0502.9295.14.14.ari/include
           -I/opt/cray/xpmem/0.1-2.0502.57015.1.15.ari/include
           -I/opt/cray/gni-headers/4.0-1.0502.10317.9.2.ari/include
           -I/opt/cray/dmapp/7.0.1-1.0502.10246.8.47.ari/include
           -I/opt/cray/pmi/5.0.10-1.0000.11050.0.0.ari/include
           -I/opt/cray/ugni/6.0-1.0502.10245.9.9.ari/include
           -I/opt/cray/udreg/2.3.2-1.0502.9889.2.20.ari/include
           -I/opt/cray/cce/8.4.3/craylibs/x86-64/pkgconfig/../include
           -I/opt/cray/cce/8.4.3/craylibs/x86-64/pkgconfig/..//include
           -I/usr/local/include
           -I/opt/cray/wlm_detect/1.0-1.0502.57063.1.1.ari/include
           -I/opt/cray/krca/1.0.0-2.0502.57202.2.45.ari/include
           -I/opt/cray-hss-devel/7.2.0/include expromake_check.f90
Program
  Units  : EXPROMAKE_CHECK

ftnlx report
------------
Source   : /global/u2/b/bassem/gacode_waltz_NBI_edison/shared/profiles_gen/exprotools/expromake_check.f90
Date     : 06/09/2016  13:25:54


%%%%%%%%%%%%%%%%%%%%%%%%%%%%%%%%%%%%%%%%%%%%%%%%%%%%%%%%%%%%%%%%%%%%%%%%%%%%%%%%
                          S o u r c e   L i s t i n g
%%%%%%%%%%%%%%%%%%%%%%%%%%%%%%%%%%%%%%%%%%%%%%%%%%%%%%%%%%%%%%%%%%%%%%%%%%%%%%%%

    1.    subroutine expromake_check
ftn-7413 ftn: CAUTION File = expromake_check.f90, Line = 1 
  Due to the large size of this routine, use before definition analysis will be restricted to simple unaliased scalar variables.

    2.    
    3.      use expromake_globals
    4.    
    5.      implicit none
    6.    
    7.      integer :: i
    8.    
    9.      if(nx < 0) then
   10.         print *, 'ERROR: NX must be > 0'
   11.         stop
   12.      endif
   13.      
   14.      select case(set_exm_b_ref)
   15.      case(0)
   16.      case(1)
   17.      case default
   18.         print *, 'ERROR: SET parameters must be 0 or 1'
   19.         stop
   20.      end select
   21.    
   22.      select case(set_exm_arho)
   23.      case(0)
   24.      case(1)
   25.      case default
   26.         print *, 'ERROR: SET parameters must be 0 or 1'
   27.         stop
   28.      end select
   29.    
   30.      select case(set_exm_rho)
   31.      case(0)
   32.      case(1)
   33.      case default
   34.         print *, 'ERROR: SET parameters must be 0 or 1'
   35.         stop
   36.      end select
   37.    
   38.      select case(set_exm_rmin)
   39.      case(0)
   40.      case(1)
   41.         if(exm_a_meters <= 0.0) then
   42.            print *, 'ERROR: A_METERS must be positive'
   43.         endif
   44.      case default
   45.         print *, 'ERROR: SET parameters must be 0 or 1'
   46.         stop
   47.      end select
   48.    
   49.      select case(set_exm_rmaj)
   50.      case(0)
   51.      case(1)
   52.         if(exm_rmaj < 0.0) then
   53.            print *, 'ERROR: RMAJ must be positive'
   54.            stop
   55.         endif
   56.      case default
   57.         print *, 'ERROR: SET parameters must be 0 or 1'
   58.         stop
   59.      end select
   60.    
   61.      select case(set_exm_q)
   62.      case(0)
   63.      case(1)
   64.      case default  
   65.         print *, 'ERROR: SET parameters must be 0 or 1'
   66.         stop
   67.      end select
   68.    
   69.       select case(set_exm_kappa)
   70.      case(0)
   71.      case(1)
   72.         if(exm_kappa < 1.0) then
   73.            print *, 'ERROR: KAPPA must be >= 1'
   74.            stop
   75.         endif
   76.      case default  
   77.         print *, 'ERROR: SET parameters must be 0 or 1'
   78.         stop
   79.      end select
   80.    
   81.      select case(set_exm_delta)
   82.      case(0)
   83.      case(1)
   84.      case default  
   85.         print *, 'ERROR: SET parameters must be 0 or 1'
   86.         stop
   87.      end select
   88.    
   89.      select case(set_exm_te)
   90.      case(0)
   91.      case(1)
   92.         if(exm_te_axis < 0.0) then
   93.            print *, 'ERROR: TE_AXIS must be positive'
   94.            stop
   95.         endif
   96.      case default  
   97.         print *, 'ERROR: SET parameters must be 0 or 1'
   98.         stop
   99.      end select
  100.      
  101.      select case(set_exm_ne)
  102.      case(0)
  103.      case(1)
  104.         if(exm_ne_axis < 0.0) then
  105.            print *, 'ERROR: NE_AXIS must be positive'
  106.            stop
  107.         endif
  108.      case default  
  109.         print *, 'ERROR: SET parameters must be 0 or 1'
  110.         stop
  111.      end select
  112.    
  113.      select case(set_exm_z_eff)
  114.      case(0)
  115.      case(1)
  116.         if(exm_z_eff < 1.0) then
  117.            print *, 'ERROR: Z_EFF must be >= 1.0'
  118.            stop
  119.         endif
  120.      case default  
  121.         print *, 'ERROR: SET parameters must be 0 or 1'
  122.         stop
  123.      end select
  124.    
  125.      select case(set_exm_w0)
  126.      case(0)
  127.      case(1)
  128.      case default  
  129.         print *, 'ERROR: SET parameters must be 0 or 1'
  130.         stop
  131.      end select
  132.    
  133.      select case(set_exm_zeta)
  134.      case(0)
  135.      case(1)
  136.      case default  
  137.         print *, 'ERROR: SET parameters must be 0 or 1'
  138.         stop
  139.      end select
  140.    
  141.      select case(set_exm_zmag)
  142.      case(0)
  143.      case(1)
  144.      case default  
  145.         print *, 'ERROR: SET parameters must be 0 or 1'
  146.         stop
  147.      end select
  148.    
  149.      do i=1,nions_max
  150.         select case(set_exm_ni(i))
  151.         case(0)
  152.         case(1)
  153.            if(exm_ni_axis(i) < 0.0) then
  154.               print *, 'ERROR: NI_AXIS must be positive'
  155.               stop
  156.            endif
  157.         case default  
  158.            print *, 'ERROR: SET parameters must be 0 or 1'
  159.            stop
  160.         end select
  161.         select case(set_exm_ti(i))
  162.         case(0)
  163.         case(1)
  164.            if(exm_ti_axis(i) < 0.0) then
  165.               print *, 'ERROR: TI_AXIS must be positive'
  166.               stop
  167.            endif
  168.         case default  
  169.            print *, 'ERROR: SET parameters must be 0 or 1'
  170.            stop
  171.         end select
  172.      end do
  173.    
  174.      select case(exm_te_model)
  175.      case(1)
  176.      case(2)
  177.      case default
  178.         print *, 'ERROR: TE_MODEL must be 1 or 2'
  179.         stop
  180.      end select
  181.      
  182.      select case(exm_ne_model)
  183.      case(1)
  184.      case(2)
  185.      case default
  186.         print *, 'ERROR: NE_MODEL must be 1 or 2'
  187.         stop
  188.      end select
  189.    
  190.      do i=1,nions_max
  191.         select case(exm_ni_model(i))
  192.         case(1)
  193.         case(2)
  194.         case default
  195.            print *, 'ERROR: NI_MODEL must be 1 or 2'
  196.            stop
  197.         end select
  198.         select case(exm_ti_model(i))
  199.         case(1)
  200.         case(2)
  201.         case default
  202.            print *, 'ERROR: TI_MODEL must be 1 or 2'
  203.            stop
  204.         end select
  205.      enddo
  206.    
  207.    end subroutine expromake_check


%%%%%%%%%%%%%%%%%%%%%%%%%%%%%%%%%%%%%%%%%%%%%%%%%%%%%%%%%%%%%%%%%%%%%%%%%%%%%%%%
                         E x t e r n a l   R e p o r t
%%%%%%%%%%%%%%%%%%%%%%%%%%%%%%%%%%%%%%%%%%%%%%%%%%%%%%%%%%%%%%%%%%%%%%%%%%%%%%%%

Name  Messages
----  --------
EXPROMAKE_CHECK
      Defined as:  Subroutine (line 1, file expromake_check.f90)

                   No calls.  It is not called and does not use any procedure.

      Interface:   None

Name  Messages
----  --------
EXPROMAKE_GLOBALS
      Defined as:  No definitions.

                   No calls.  It is not called and does not use any procedure.


%%%%%%%%%%%%%%%%%%%%%%%%%%%%%%%%%%%%%%%%%%%%%%%%%%%%%%%%%%%%%%%%%%%%%%%%%%%%%%%%
%%%%%%%%%%%%%%%%%%%%%%%%%%%%%%%%%%%%%%%%%%%%%%%%%%%%%%%%%%%%%%%%%%%%%%%%%%%%%%%%
