%%%%%%%%%%%%%%%%%%%%%%%%%%%%%%%%%%%%%%%%%%%%%%%%%%%%%%%%%%%%%%%%%%%%%%%%%%%%%%%%
                          S u m m a r y   R e p o r t
%%%%%%%%%%%%%%%%%%%%%%%%%%%%%%%%%%%%%%%%%%%%%%%%%%%%%%%%%%%%%%%%%%%%%%%%%%%%%%%%

Compilation
-----------
File     : /global/u2/b/bassem/gacode_waltz_NBI_edison/shared/profiles_gen/exprotools/expromake_write.f90
Compiled : 06/09/16  13:25:54
Compiler : Version 8.4.3
Ftnlx    : Version 8413 (libcif 84006)
Target   : x86-64
Command  : ftn_driver.exe -hcpu=ivybridge -hstatic -D__CRAYXC
           -D__CRAY_IVYBRIDGE -D__CRAYXT_COMPUTE_LINUX_TARGET -hnetwork=aries
           -em -J/global/homes/b/bassem/gacode_waltz_NBI_edison/modules
           -sreal64 -eD -Ktrap=fp -m1 -c
           -I/opt/cray/cce/8.4.3/craylibs/x86-64/include -I/usr/include -ef
           -I/opt/cray/fftw/3.3.4.6/sandybridge/include
           -I/opt/cray/libsci/13.3.0/CRAY/8.3/x86_64/include
           -I/opt/cray/mpt/7.3.1/gni/sma/include
           -I/opt/cray/mpt/7.3.1/gni/mpich-cray/8.3/include
           -I/opt/cray/netcdf/4.3.3.1/CRAY/8.3/include
           -I/opt/cray/hdf5/1.8.16/CRAY/8.3/include
           -I/opt/cray/rca/1.0.0-2.0502.57212.2.56.ari/include
           -I/opt/cray/alps/5.2.3-2.0502.9295.14.14.ari/include
           -I/opt/cray/xpmem/0.1-2.0502.57015.1.15.ari/include
           -I/opt/cray/gni-headers/4.0-1.0502.10317.9.2.ari/include
           -I/opt/cray/dmapp/7.0.1-1.0502.10246.8.47.ari/include
           -I/opt/cray/pmi/5.0.10-1.0000.11050.0.0.ari/include
           -I/opt/cray/ugni/6.0-1.0502.10245.9.9.ari/include
           -I/opt/cray/udreg/2.3.2-1.0502.9889.2.20.ari/include
           -I/opt/cray/cce/8.4.3/craylibs/x86-64/pkgconfig/../include
           -I/opt/cray/cce/8.4.3/craylibs/x86-64/pkgconfig/..//include
           -I/usr/local/include
           -I/opt/cray/wlm_detect/1.0-1.0502.57063.1.1.ari/include
           -I/opt/cray/krca/1.0.0-2.0502.57202.2.45.ari/include
           -I/opt/cray-hss-devel/7.2.0/include expromake_write.f90
Program
  Units  : EXPROMAKE_WRITE

ftnlx report
------------
Source   : /global/u2/b/bassem/gacode_waltz_NBI_edison/shared/profiles_gen/exprotools/expromake_write.f90
Date     : 06/09/2016  13:25:54


%%%%%%%%%%%%%%%%%%%%%%%%%%%%%%%%%%%%%%%%%%%%%%%%%%%%%%%%%%%%%%%%%%%%%%%%%%%%%%%%
                          S o u r c e   L i s t i n g
%%%%%%%%%%%%%%%%%%%%%%%%%%%%%%%%%%%%%%%%%%%%%%%%%%%%%%%%%%%%%%%%%%%%%%%%%%%%%%%%

    1.    subroutine expromake_write
ftn-7413 ftn: CAUTION File = expromake_write.f90, Line = 1 
  Due to the large size of this routine, use before definition analysis will be restricted to simple unaliased scalar variables.

    2.    
    3.      use expromake_globals
    4.      use EXPRO_interface
    5.    
    6.      implicit none
    7.    
    8.      integer :: i
    9.      integer :: indx
   10.      integer :: n_indx
   11.    
   12.      open(unit=1,file='input.profiles.create',status='replace')
   13.    
   14.      !---------------------------------------------------------------
   15.      ! Basic information
   16.      !
   17.      write(1,20) '# This input.profiles file was generated with expromake'
   18.      write(1,30) '#  RADIAL GRIDPOINTS : ',EXPRO_n_exp
   19.      !---------------------------------------------------------------
   20.    
   21.      !---------------------------------------------------------------
   22.      ! Merged files and extra information
   23.      !
   24.      write(1,20) '# * Additional information:'
   25.      write(1,20) '#'
   26.      write(1,'(a,1pe8.2,a)') '#  PLASMA MAJOR RADIUS : ',EXPRO_rmaj(EXPRO_n_exp),' m'
   27.      write(1,'(a,1pe8.2,a)') '#  PLASMA MINOR RADIUS : ',EXPRO_rmin(EXPRO_n_exp),' m'
   28.      write(1,20) '#'
   29.      !---------------------------------------------------------------
   30.    
   31.      write(1,20) '# '
   32.      if (EXPRO_n_exp > 99) then
   33.         write(1,30) 'N_EXP=',EXPRO_n_exp
   34.      else
   35.         write(1,25) 'N_EXP=',EXPRO_n_exp
   36.      endif
   37.    
   38.      write(1,'(a,sp,1pe14.7)') 'BT_EXP=',EXPRO_b_ref
   39.      write(1,60) 'ARHO_EXP=',EXPRO_arho
   40.    
   41.      n_indx = size(EXPRO_tag)
   42.    
   43.      do indx=1,n_indx,5
   44.    
   45.         write(1,20) '# '
   46.         write(1,20) '#',EXPRO_tag(indx:indx+4)
   47.         select case (indx)
   48.         case(1)
   49.            do i=1,EXPRO_n_exp
   50.               write(1,10) EXPRO_rho(i),EXPRO_rmin(i),EXPRO_rmaj(i),EXPRO_q(i),EXPRO_kappa(i) 
   51.            enddo
   52.         case(6)
   53.            do i=1,EXPRO_n_exp
   54.               write(1,10) EXPRO_delta(i),EXPRO_te(i),EXPRO_ne(i),EXPRO_z_eff(i),EXPRO_w0(i) 
   55.            enddo
   56.         case(11)
   57.            do i=1,EXPRO_n_exp
   58.               write(1,10) EXPRO_flow_mom(i),EXPRO_pow_e(i),EXPRO_pow_i(i),EXPRO_pow_ei(i),EXPRO_zeta(i) 
   59.            enddo
   60.         case(16)
   61.            do i=1,EXPRO_n_exp
   62.               write(1,10) EXPRO_flow_beam(i),EXPRO_flow_wall(i),EXPRO_zmag(i),EXPRO_ptot(i),EXPRO_poloidalfluxover2pi(i) 
   63.            enddo
   64.         case(21)
   65.            do i=1,EXPRO_n_exp
   66.               write(1,10) EXPRO_ni(1,i),EXPRO_ni(2,i),EXPRO_ni(3,i),EXPRO_ni(4,i),EXPRO_ni(5,i)
   67.            enddo
   68.         case(26)
   69.            do i=1,EXPRO_n_exp
   70.               write(1,10) EXPRO_ti(1,i),EXPRO_ti(2,i),EXPRO_ti(3,i),EXPRO_ti(4,i),EXPRO_ti(5,i)
   71.            enddo
   72.         case(31)
   73.            do i=1,EXPRO_n_exp
   74.               write(1,10) EXPRO_vtor(1,i),EXPRO_vtor(2,i),EXPRO_vtor(3,i),EXPRO_vtor(4,i),EXPRO_vtor(5,i)
   75.            enddo
   76.         case(36)
   77.            do i=1,EXPRO_n_exp
   78.               write(1,10) EXPRO_vpol(1,i),EXPRO_vpol(2,i),EXPRO_vpol(3,i),EXPRO_vpol(4,i),EXPRO_vpol(5,i)
   79.            enddo
   80.         end select
   81.    
   82.      enddo
   83.    
   84.      close(1)
   85.    
   86.    10 format(5(1pe14.7,2x))
   87.    20 format(30(a))
   88.    25 format(a,i2)
   89.    30 format(a,i3)
   90.    40 format(a,i6)
   91.    60 format(a,1pe13.7)
   92.    
   93.    end subroutine expromake_write
ftn-5011 ftn: NOTE File = expromake_write.f90, Line = 93 
  Label "40" is unused.



%%%%%%%%%%%%%%%%%%%%%%%%%%%%%%%%%%%%%%%%%%%%%%%%%%%%%%%%%%%%%%%%%%%%%%%%%%%%%%%%
                         E x t e r n a l   R e p o r t
%%%%%%%%%%%%%%%%%%%%%%%%%%%%%%%%%%%%%%%%%%%%%%%%%%%%%%%%%%%%%%%%%%%%%%%%%%%%%%%%

Name  Messages
----  --------
EXPROMAKE_GLOBALS
      Defined as:  No definitions.

                   No calls.  It is not called and does not use any procedure.

Name  Messages
----  --------
EXPROMAKE_WRITE
      Defined as:  Subroutine (line 1, file expromake_write.f90)

      Interface:   None

      Calls:       SIZE(Intrinsic) (Line 41, file expromake_write.f90)

        Uses:      EXPRO_INTERFACE

Name  Messages
----  --------
EXPRO_INTERFACE
      Defined as:  No definitions.

      Used By:     EXPROMAKE_WRITE

Name  Messages
----  --------
SIZE(Intrinsic)
      Defined as:  No definitions.

      Interface:   None

      Called By:   EXPROMAKE_WRITE (Line 41, file expromake_write.f90)

Name  Messages
----  --------
__SIZE(Intrinsic)
      Defined as:  No definitions.

                   No calls.  It is not called and does not use any procedure.

      Interface:   None


%%%%%%%%%%%%%%%%%%%%%%%%%%%%%%%%%%%%%%%%%%%%%%%%%%%%%%%%%%%%%%%%%%%%%%%%%%%%%%%%
%%%%%%%%%%%%%%%%%%%%%%%%%%%%%%%%%%%%%%%%%%%%%%%%%%%%%%%%%%%%%%%%%%%%%%%%%%%%%%%%
