%%%%%%%%%%%%%%%%%%%%%%%%%%%%%%%%%%%%%%%%%%%%%%%%%%%%%%%%%%%%%%%%%%%%%%%%%%%%%%%%
                          S u m m a r y   R e p o r t
%%%%%%%%%%%%%%%%%%%%%%%%%%%%%%%%%%%%%%%%%%%%%%%%%%%%%%%%%%%%%%%%%%%%%%%%%%%%%%%%

Compilation
-----------
File     : /global/u2/b/bassem/gacode_waltz_NBI_edison/shared/profiles_gen/exprotools/expromake.f90
Compiled : 06/09/16  13:25:56
Compiler : Version 8.4.3
Ftnlx    : Version 8413 (libcif 84006)
Target   : x86-64
Command  : ftn_driver.exe -hcpu=ivybridge -hstatic -D__CRAYXC
           -D__CRAY_IVYBRIDGE -D__CRAYXT_COMPUTE_LINUX_TARGET -hnetwork=aries
           -em -J/global/homes/b/bassem/gacode_waltz_NBI_edison/modules
           -sreal64 -eD -Ktrap=fp -m1 -c
           -I/opt/cray/cce/8.4.3/craylibs/x86-64/include -I/usr/include -ef
           -I/opt/cray/fftw/3.3.4.6/sandybridge/include
           -I/opt/cray/libsci/13.3.0/CRAY/8.3/x86_64/include
           -I/opt/cray/mpt/7.3.1/gni/sma/include
           -I/opt/cray/mpt/7.3.1/gni/mpich-cray/8.3/include
           -I/opt/cray/netcdf/4.3.3.1/CRAY/8.3/include
           -I/opt/cray/hdf5/1.8.16/CRAY/8.3/include
           -I/opt/cray/rca/1.0.0-2.0502.57212.2.56.ari/include
           -I/opt/cray/alps/5.2.3-2.0502.9295.14.14.ari/include
           -I/opt/cray/xpmem/0.1-2.0502.57015.1.15.ari/include
           -I/opt/cray/gni-headers/4.0-1.0502.10317.9.2.ari/include
           -I/opt/cray/dmapp/7.0.1-1.0502.10246.8.47.ari/include
           -I/opt/cray/pmi/5.0.10-1.0000.11050.0.0.ari/include
           -I/opt/cray/ugni/6.0-1.0502.10245.9.9.ari/include
           -I/opt/cray/udreg/2.3.2-1.0502.9889.2.20.ari/include
           -I/opt/cray/cce/8.4.3/craylibs/x86-64/pkgconfig/../include
           -I/opt/cray/cce/8.4.3/craylibs/x86-64/pkgconfig/..//include
           -I/usr/local/include
           -I/opt/cray/wlm_detect/1.0-1.0502.57063.1.1.ari/include
           -I/opt/cray/krca/1.0.0-2.0502.57202.2.45.ari/include
           -I/opt/cray-hss-devel/7.2.0/include expromake.f90
Program
  Units  : EXPROMAKE

ftnlx report
------------
Source   : /global/u2/b/bassem/gacode_waltz_NBI_edison/shared/profiles_gen/exprotools/expromake.f90
Date     : 06/09/2016  13:25:56


%%%%%%%%%%%%%%%%%%%%%%%%%%%%%%%%%%%%%%%%%%%%%%%%%%%%%%%%%%%%%%%%%%%%%%%%%%%%%%%%
                          S o u r c e   L i s t i n g
%%%%%%%%%%%%%%%%%%%%%%%%%%%%%%%%%%%%%%%%%%%%%%%%%%%%%%%%%%%%%%%%%%%%%%%%%%%%%%%%

    1.    !------------------------------------------------------------
    2.    ! expromake.f90
    3.    !
    4.    ! PURPOSE:
    5.    !------------------------------------------------------------
    6.    
    7.    program expromake
    8.    
    9.      use expromake_globals
   10.      use EXPRO_interface
   11.    
   12.      implicit none
   13.    
   14.      integer :: ierr, i
   15.    
   16.    
   17.      call expromake_read_input 
   18.      call expromake_check
   19.    
   20.      EXPRO_ctrl_density_method = 1
   21.      EXPRO_ctrl_z(1:3) = exm_z(1:3)
ftn-6209 ftn: VECTOR File = expromake.f90, Line = 21 
  A loop starting at line 21 was partially vectorized.

   22.      EXPRO_ctrl_numeq_flag = 0 
   23.      EXPRO_ctrl_signq = (-1)*(-1)
   24.      EXPRO_ctrl_signb = -(-1)
   25.      EXPRO_ctrl_rotation_method = 1
   26.    
   27.      ! We're going to see if this file exists
   28.      open(unit=1,file='input.profiles.gen',status='old',iostat=ierr)
   29.    
   30.      if (ierr > 0) then
   31.    
   32.         ! Starting from scratch (no input.profiles)
   33.    
   34.         ! Setting EXPRO_n_exp > 0 skips reading input.profiles
   35.    
   36.         EXPRO_n_exp  = nx
   37.         EXPRO_ncol   = 5
   38.         EXPRO_nblock = 8
   39.    
   40.         call EXPRO_alloc('./',1) 
   41.    
   42.         set_exm_b_ref  =1
   43.         set_exm_arho   =1
   44.         set_exm_rho    =1
   45.         set_exm_rmin   =1
   46.         set_exm_rmaj   =1
   47.         set_exm_q      =1
   48.         set_exm_kappa  =1
   49.         set_exm_delta  =1
   50.         set_exm_te     =1
   51.         set_exm_ne     =1
   52.         set_exm_z_eff  =1
   53.         set_exm_w0     =1
   54.         set_exm_zeta   =1
   55.         set_exm_zmag   =1
   56.         do i=1,nions_max
   57.            set_exm_ni(i)=1
   58.            set_exm_ti(i)=1
   59.         enddo
   60.         set_exm_flow_mom  =1
   61.         set_exm_pow_e     =1
   62.         set_exm_pow_i     =1
   63.         set_exm_pow_ei    =1
   64.         set_exm_flow_beam =1
   65.         set_exm_flow_wall =1
   66.         set_exm_ptot      =1
   67.         set_exm_polflux   =1
   68.         set_exm_vpol(:)   =1
ftn-6204 ftn: VECTOR File = expromake.f90, Line = 68 
  A loop starting at line 68 was vectorized.

   69.         set_exm_vtor(:)   =1
ftn-6204 ftn: VECTOR File = expromake.f90, Line = 69 
  A loop starting at line 69 was vectorized.

   70.    
   71.      else
   72.    
   73.         ! Starting from pre-existing input.profiles
   74.    
   75.         close(1)
   76.         call EXPRO_alloc('./',1) 
   77.         call EXPRO_read
   78.    
   79.      endif
   80.    
   81.      call expromake_set
   82.      call expromake_write
   83.      call EXPRO_alloc('./',0) 
   84.    
   85.    end program expromake


%%%%%%%%%%%%%%%%%%%%%%%%%%%%%%%%%%%%%%%%%%%%%%%%%%%%%%%%%%%%%%%%%%%%%%%%%%%%%%%%
                         E x t e r n a l   R e p o r t
%%%%%%%%%%%%%%%%%%%%%%%%%%%%%%%%%%%%%%%%%%%%%%%%%%%%%%%%%%%%%%%%%%%%%%%%%%%%%%%%

Name  Messages
----  --------
EXPROMAKE
      Defined as:  Program (line 7, file expromake.f90)

      Calls:       EXPROMAKE_READ_INPUT (Line 17, file expromake.f90)
                   EXPROMAKE_CHECK (Line 18, file expromake.f90)
                   EXPRO_ALLOC (Line 40, file expromake.f90)
                   EXPRO_ALLOC (Line 76, file expromake.f90)
                   EXPRO_ALLOC (Line 83, file expromake.f90)
                   EXPRO_READ (Line 77, file expromake.f90)
                   EXPROMAKE_SET (Line 81, file expromake.f90)
                   EXPROMAKE_WRITE (Line 82, file expromake.f90)

        Uses:      EXPRO_INTERFACE

Name  Messages
----  --------
EXPROMAKE_CHECK
      Defined as:  No definitions.

      Interface:   None

      Called By:   EXPROMAKE (Line 18, file expromake.f90)

Name  Messages
----  --------
EXPROMAKE_GLOBALS
      Defined as:  No definitions.

                   No calls.  It is not called and does not use any procedure.

Name  Messages
----  --------
EXPROMAKE_READ_INPUT
      Defined as:  No definitions.

      Interface:   None

      Called By:   EXPROMAKE (Line 17, file expromake.f90)

Name  Messages
----  --------
EXPROMAKE_SET
      Defined as:  No definitions.

      Interface:   None

      Called By:   EXPROMAKE (Line 81, file expromake.f90)

Name  Messages
----  --------
EXPROMAKE_WRITE
      Defined as:  No definitions.

      Interface:   None

      Called By:   EXPROMAKE (Line 82, file expromake.f90)

Name  Messages
----  --------
EXPRO_ALLOC
      Defined as:  No definitions.

      Interface:   None

      Called By:   EXPROMAKE (Line 40, file expromake.f90)
                   EXPROMAKE (Line 76, file expromake.f90)
                   EXPROMAKE (Line 83, file expromake.f90)

Name  Messages
----  --------
EXPRO_INTERFACE
      Defined as:  No definitions.

      Used By:     EXPROMAKE

Name  Messages
----  --------
EXPRO_READ
      Defined as:  No definitions.

      Interface:   None

      Called By:   EXPROMAKE (Line 77, file expromake.f90)


%%%%%%%%%%%%%%%%%%%%%%%%%%%%%%%%%%%%%%%%%%%%%%%%%%%%%%%%%%%%%%%%%%%%%%%%%%%%%%%%
%%%%%%%%%%%%%%%%%%%%%%%%%%%%%%%%%%%%%%%%%%%%%%%%%%%%%%%%%%%%%%%%%%%%%%%%%%%%%%%%
