%%%%%%%%%%%%%%%%%%%%%%%%%%%%%%%%%%%%%%%%%%%%%%%%%%%%%%%%%%%%%%%%%%%%%%%%%%%%%%%%
                          S u m m a r y   R e p o r t
%%%%%%%%%%%%%%%%%%%%%%%%%%%%%%%%%%%%%%%%%%%%%%%%%%%%%%%%%%%%%%%%%%%%%%%%%%%%%%%%

Compilation
-----------
File     : /global/u2/b/bassem/gyro-EP/shared/EXPRO/EXPRO_pread.f90
Compiled : 01/14/21  15:27:05
Compiler : Version 9.1.0
Ftnlx    : Version 9.1.0 
Target   : x86-64
Command  : ftn_driver.exe -hcpu=haswell -hdynamic -D__CRAYXC -D__CRAY_HASWELL
           -D__CRAYXT_COMPUTE_LINUX_TARGET -hnetwork=aries -hnoomp -em
           -J/global/homes/b/bassem/gyro-EP/modules -sreal64 -eD -Ktrap=fp -m1
           -c EXPRO_pread.f90
           -I/opt/cray/pe/cce/9.1.0/cce-clang/x86_64/lib/clang/9.0.0/include
           -I/opt/cray/pe/cce/9.1.0/cce/x86_64/include/craylibs -I/usr/include
           -I/usr/include -I/opt/cray/pe/fftw/3.3.8.4/haswell/include
           -I/opt/cray/pe/libsci/19.06.1/CRAY/9.0/x86_64/include
           -I/opt/cray/pe/mpt/7.7.10/gni/mpich-cray/9.0/include
           -I/opt/cray/pe/hdf5/1.10.5.2/cray/9.0/include
           -I/opt/cray/pe/netcdf/4.6.3.2/cray/9.0/include
           -I/opt/cray/rca/2.2.20-7.0.1.1_4.53__g8e3fb5b.ari/include
           -I/opt/cray/alps/6.6.58-7.0.1.1_6.10__g437d88db.ari/include
           -I/opt/cray/xpmem/2.2.20-7.0.1.1_4.14__g0475745.ari/include
           -I/opt/cray/gni-headers/5.0.12.0-7.0.1.1_6.32__g3b1768f.ari/include
           -I/opt/cray/dmapp/7.1.1-7.0.1.1_4.54__g38cf134.ari/include
           -I/opt/cray/pe/pmi/5.0.14/include
           -I/opt/cray/ugni/6.0.14.0-7.0.1.1_7.40__ge78e5b0.ari/include
           -I/opt/cray/udreg/2.3.2-7.0.1.1_3.38__g8175d3d.ari/include
           -I/opt/cray/wlm_detect/1.3.3-7.0.1.1_4.16__g7109084.ari/include
           -I/opt/cray/krca/2.2.6-7.0.1.1_5.39__gb641b12.ari/include
           -I/opt/cray-hss-devel/9.0.0/include
Program
  Units  : EXPRO_PREAD

ftnlx report
------------
Source   : /global/u2/b/bassem/gyro-EP/shared/EXPRO/EXPRO_pread.f90
Date     : 01/14/2021  15:27:05


%%%%%%%%%%%%%%%%%%%%%%%%%%%%%%%%%%%%%%%%%%%%%%%%%%%%%%%%%%%%%%%%%%%%%%%%%%%%%%%%
                          S o u r c e   L i s t i n g
%%%%%%%%%%%%%%%%%%%%%%%%%%%%%%%%%%%%%%%%%%%%%%%%%%%%%%%%%%%%%%%%%%%%%%%%%%%%%%%%

    1.    !--------------------------------------------------------------
    2.    ! EXPRO_pread.f90
    3.    !
    4.    ! PURPOSE:
    5.    !  Read and broadcast experimental profiles (parallel).
    6.    !
    7.    ! NOTES:
    8.    !  Variable naming corresponds to input.profiles 
    9.    !  documentation at 
   10.    !
   11.    !    http://fusion.gat.com/theory/input.profiles
   12.    !--------------------------------------------------------------
   13.    
   14.    subroutine EXPRO_pread
   15.    
   16.      use mpi
   17.      use EXPRO_globals
   18.      use EXPRO_interface
   19.    
   20.      implicit none
   21.    
   22.      integer :: ierr
   23.      integer :: i_proc
   24.    
   25.      call MPI_COMM_RANK(comm,i_proc,ierr)
   26.    
   27.      if (i_proc == 0) then
   28.         call EXPRO_read_driver
   29.      endif
   30.    
   31.      call MPI_BCAST(EXPRO_ncol,1,MPI_INTEGER,0,comm,ierr)
   32.      call MPI_BCAST(EXPRO_nblock,1,MPI_INTEGER,0,comm,ierr)
   33.      call MPI_BCAST(EXPRO_n_exp,1,MPI_INTEGER,0,comm,ierr)
   34.      call MPI_BCAST(EXPRO_b_ref,1,MPI_DOUBLE_PRECISION,0,comm,ierr)
   35.      call MPI_BCAST(EXPRO_arho,1,MPI_DOUBLE_PRECISION,0,comm,ierr)
   36.    
   37.      ! 1-5
   38.      call MPI_BCAST(EXPRO_rho,size(EXPRO_rho),MPI_DOUBLE_PRECISION,0,comm,ierr)
   39.      call MPI_BCAST(EXPRO_rmin,size(EXPRO_rho),MPI_DOUBLE_PRECISION,0,comm,ierr)
   40.      call MPI_BCAST(EXPRO_rmaj,size(EXPRO_rmaj),MPI_DOUBLE_PRECISION,0,comm,ierr)
   41.      call MPI_BCAST(EXPRO_q,size(EXPRO_q),MPI_DOUBLE_PRECISION,0,comm,ierr)
   42.      call MPI_BCAST(EXPRO_kappa,size(EXPRO_kappa),MPI_DOUBLE_PRECISION,0,comm,ierr)
   43.    
   44.      ! 6-10
   45.      call MPI_BCAST(EXPRO_delta,size(EXPRO_delta),MPI_DOUBLE_PRECISION,0,comm,ierr)
   46.      call MPI_BCAST(EXPRO_te,size(EXPRO_te),MPI_DOUBLE_PRECISION,0,comm,ierr)
   47.      call MPI_BCAST(EXPRO_ne,size(EXPRO_ne),MPI_DOUBLE_PRECISION,0,comm,ierr)
   48.      call MPI_BCAST(EXPRO_z_eff,size(EXPRO_z_eff),MPI_DOUBLE_PRECISION,0,comm,ierr)
   49.      call MPI_BCAST(EXPRO_w0,size(EXPRO_w0),MPI_DOUBLE_PRECISION,0,comm,ierr)
   50.    
   51.      ! 11-15
   52.      call MPI_BCAST(EXPRO_flow_mom,size(EXPRO_flow_mom),MPI_DOUBLE_PRECISION,0,comm,ierr)
   53.      call MPI_BCAST(EXPRO_pow_e,size(EXPRO_pow_e),MPI_DOUBLE_PRECISION,0,comm,ierr)
   54.      call MPI_BCAST(EXPRO_pow_i,size(EXPRO_pow_i),MPI_DOUBLE_PRECISION,0,comm,ierr)
   55.      call MPI_BCAST(EXPRO_pow_ei,size(EXPRO_pow_ei),MPI_DOUBLE_PRECISION,0,comm,ierr)
   56.      call MPI_BCAST(EXPRO_zeta,size(EXPRO_zeta),MPI_DOUBLE_PRECISION,0,comm,ierr)
   57.    
   58.      ! 16-20
   59.      call MPI_BCAST(EXPRO_flow_beam,size(EXPRO_flow_beam),MPI_DOUBLE_PRECISION,0,comm,ierr)
   60.      call MPI_BCAST(EXPRO_flow_wall,size(EXPRO_flow_wall),MPI_DOUBLE_PRECISION,0,comm,ierr)
   61.      call MPI_BCAST(EXPRO_zmag,size(EXPRO_zmag),MPI_DOUBLE_PRECISION,0,comm,ierr)
   62.      call MPI_BCAST(EXPRO_ptot,size(EXPRO_ptot),MPI_DOUBLE_PRECISION,0,comm,ierr)
   63.      call MPI_BCAST(EXPRO_poloidalfluxover2pi,size(EXPRO_poloidalfluxover2pi),MPI_DOUBLE_PRECISION,0,comm,ierr)
   64.      ! dummy
   65.     
   66.      ! 21-25
   67.      call MPI_BCAST(EXPRO_ni,size(EXPRO_ni),MPI_DOUBLE_PRECISION,0,comm,ierr)
   68.     
   69.      ! 26-30
   70.      call MPI_BCAST(EXPRO_ti,size(EXPRO_ti),MPI_DOUBLE_PRECISION,0,comm,ierr)
   71.    
   72.      ! 31-35
   73.      call MPI_BCAST(EXPRO_vtor,size(EXPRO_vtor),MPI_DOUBLE_PRECISION,0,comm,ierr)
   74.    
   75.      ! 36-40
   76.      call MPI_BCAST(EXPRO_vpol,size(EXPRO_vpol),MPI_DOUBLE_PRECISION,0,comm,ierr)
   77.    
   78.      if (EXPRO_nfourier > 0) then
   79.    
   80.         call MPI_BCAST(EXPRO_geo,&
   81.              size(EXPRO_geo),&
   82.              MPI_DOUBLE_PRECISION,&
   83.              0,&
   84.              comm,&
   85.              ierr)
   86.    
   87.         call MPI_BCAST(EXPRO_dgeo,&
   88.              size(EXPRO_dgeo),&
   89.              MPI_DOUBLE_PRECISION,&
   90.              0,&
   91.              comm,&
   92.              ierr)
   93.    
   94.      endif
   95.    
   96.    ! Crossover energy calculated in Alpha (deprecated) or manually.
   97.    
   98.      call MPI_BCAST(EXPRO_energy_c,size(EXPRO_energy_c),MPI_DOUBLE_PRECISION,0,comm,ierr)
   99.    
  100.      ! Now all processes have these profiles, so no further 
  101.      ! broadcasts are required.
  102.    
  103.      if (i_proc==0) print *, '[EXPRO_pread complete]'
  104.      call EXPRO_compute_derived
  105.      if (i_proc==0) print *, '[EXPRO_compute_derived complete]'
  106.    
  107.    end subroutine EXPRO_pread
  108.    


%%%%%%%%%%%%%%%%%%%%%%%%%%%%%%%%%%%%%%%%%%%%%%%%%%%%%%%%%%%%%%%%%%%%%%%%%%%%%%%%
                     C o m m o n   B l o c k   R e p o r t
%%%%%%%%%%%%%%%%%%%%%%%%%%%%%%%%%%%%%%%%%%%%%%%%%%%%%%%%%%%%%%%%%%%%%%%%%%%%%%%%

Blk  Program Unit                     Messages
---  ------------                     --------
/MPIFCMB5/                            Length: 4 bytes

     EXPRO_PREAD                      Block is used from MPI_CONSTANTS

Blk  Program Unit                     Messages
---  ------------                     --------
/MPIFCMB9/                            Length: 4 bytes

     EXPRO_PREAD                      Block is used from MPI_CONSTANTS

Blk  Program Unit                     Messages
---  ------------                     --------
/MPIPRIV1/                            Length: 28 bytes

     EXPRO_PREAD                      Block is used from MPI_CONSTANTS

Blk  Program Unit                     Messages
---  ------------                     --------
/MPIPRIV2/                            Length: 24 bytes

     EXPRO_PREAD                      Block is used from MPI_CONSTANTS

Blk  Program Unit                     Messages
---  ------------                     --------
/MPIPRIVC/                            Length: 2 bytes

     EXPRO_PREAD                      Block is used from MPI_CONSTANTS


%%%%%%%%%%%%%%%%%%%%%%%%%%%%%%%%%%%%%%%%%%%%%%%%%%%%%%%%%%%%%%%%%%%%%%%%%%%%%%%%
                         E x t e r n a l   R e p o r t
%%%%%%%%%%%%%%%%%%%%%%%%%%%%%%%%%%%%%%%%%%%%%%%%%%%%%%%%%%%%%%%%%%%%%%%%%%%%%%%%

Name  Messages
----  --------
COMMEQ in MPI_CONSTANTS
      Defined as:  No definitions.

                   No calls.  It is not called and does not use any procedure.

      Interface:   None

Name  Messages
----  --------
COMMNEQ in MPI_CONSTANTS
      Defined as:  No definitions.

                   No calls.  It is not called and does not use any procedure.

      Interface:   None

Name  Messages
----  --------
DATATYPEEQ in MPI_CONSTANTS
      Defined as:  No definitions.

                   No calls.  It is not called and does not use any procedure.

      Interface:   None

Name  Messages
----  --------
DATATYPENEQ in MPI_CONSTANTS
      Defined as:  No definitions.

                   No calls.  It is not called and does not use any procedure.

      Interface:   None

Name  Messages
----  --------
ERRHANDLEREQ in MPI_CONSTANTS
      Defined as:  No definitions.

                   No calls.  It is not called and does not use any procedure.

      Interface:   None

Name  Messages
----  --------
ERRHANDLERNEQ in MPI_CONSTANTS
      Defined as:  No definitions.

                   No calls.  It is not called and does not use any procedure.

      Interface:   None

Name  Messages
----  --------
EXPRO_COMPUTE_DERIVED
      Defined as:  No definitions.

      Interface:   None

      Called By:   EXPRO_PREAD (Line 104, file EXPRO_pread.f90)

Name  Messages
----  --------
EXPRO_GLOBALS
      Defined as:  No definitions.

      Used By:     EXPRO_PREAD

Name  Messages
----  --------
EXPRO_INTERFACE
      Defined as:  No definitions.

      Used By:     EXPRO_PREAD

Name  Messages
----  --------
EXPRO_PREAD
      Defined as:  Subroutine (line 14, file EXPRO_pread.f90)

      Interface:   None

      Calls:       MPI_COMM_RANK (Line 25, file EXPRO_pread.f90)
                   EXPRO_READ_DRIVER (Line 28, file EXPRO_pread.f90)
                   MPI_BCAST (Line 31, file EXPRO_pread.f90)
                   MPI_BCAST (Line 32, file EXPRO_pread.f90)
                   MPI_BCAST (Line 33, file EXPRO_pread.f90)
                   MPI_BCAST (Line 34, file EXPRO_pread.f90)
                   MPI_BCAST (Line 35, file EXPRO_pread.f90)
                   MPI_BCAST (Line 38, file EXPRO_pread.f90)
                   MPI_BCAST (Line 39, file EXPRO_pread.f90)
                   MPI_BCAST (Line 40, file EXPRO_pread.f90)
                   MPI_BCAST (Line 41, file EXPRO_pread.f90)
                   MPI_BCAST (Line 42, file EXPRO_pread.f90)
                   MPI_BCAST (Line 45, file EXPRO_pread.f90)
                   MPI_BCAST (Line 46, file EXPRO_pread.f90)
                   MPI_BCAST (Line 47, file EXPRO_pread.f90)
                   MPI_BCAST (Line 48, file EXPRO_pread.f90)
                   MPI_BCAST (Line 49, file EXPRO_pread.f90)
                   MPI_BCAST (Line 52, file EXPRO_pread.f90)
                   MPI_BCAST (Line 53, file EXPRO_pread.f90)
                   MPI_BCAST (Line 54, file EXPRO_pread.f90)
                   MPI_BCAST (Line 55, file EXPRO_pread.f90)
                   MPI_BCAST (Line 56, file EXPRO_pread.f90)
                   MPI_BCAST (Line 59, file EXPRO_pread.f90)
                   MPI_BCAST (Line 60, file EXPRO_pread.f90)
                   MPI_BCAST (Line 61, file EXPRO_pread.f90)
                   MPI_BCAST (Line 62, file EXPRO_pread.f90)
                   MPI_BCAST (Line 63, file EXPRO_pread.f90)
                   MPI_BCAST (Line 67, file EXPRO_pread.f90)
                   MPI_BCAST (Line 70, file EXPRO_pread.f90)
                   MPI_BCAST (Line 73, file EXPRO_pread.f90)
                   MPI_BCAST (Line 76, file EXPRO_pread.f90)
                   MPI_BCAST (Line 80, file EXPRO_pread.f90)
                   MPI_BCAST (Line 87, file EXPRO_pread.f90)
                   MPI_BCAST (Line 98, file EXPRO_pread.f90)
                   SIZE(Intrinsic) (Line 38, file EXPRO_pread.f90)
                   SIZE(Intrinsic) (Line 39, file EXPRO_pread.f90)
                   SIZE(Intrinsic) (Line 40, file EXPRO_pread.f90)
                   SIZE(Intrinsic) (Line 41, file EXPRO_pread.f90)
                   SIZE(Intrinsic) (Line 42, file EXPRO_pread.f90)
                   SIZE(Intrinsic) (Line 45, file EXPRO_pread.f90)
                   SIZE(Intrinsic) (Line 46, file EXPRO_pread.f90)
                   SIZE(Intrinsic) (Line 47, file EXPRO_pread.f90)
                   SIZE(Intrinsic) (Line 48, file EXPRO_pread.f90)
                   SIZE(Intrinsic) (Line 49, file EXPRO_pread.f90)
                   SIZE(Intrinsic) (Line 52, file EXPRO_pread.f90)
                   SIZE(Intrinsic) (Line 53, file EXPRO_pread.f90)
                   SIZE(Intrinsic) (Line 54, file EXPRO_pread.f90)
                   SIZE(Intrinsic) (Line 55, file EXPRO_pread.f90)
                   SIZE(Intrinsic) (Line 56, file EXPRO_pread.f90)
                   SIZE(Intrinsic) (Line 59, file EXPRO_pread.f90)
                   SIZE(Intrinsic) (Line 60, file EXPRO_pread.f90)
                   SIZE(Intrinsic) (Line 61, file EXPRO_pread.f90)
                   SIZE(Intrinsic) (Line 62, file EXPRO_pread.f90)
                   SIZE(Intrinsic) (Line 63, file EXPRO_pread.f90)
                   SIZE(Intrinsic) (Line 67, file EXPRO_pread.f90)
                   SIZE(Intrinsic) (Line 70, file EXPRO_pread.f90)
                   SIZE(Intrinsic) (Line 73, file EXPRO_pread.f90)
                   SIZE(Intrinsic) (Line 76, file EXPRO_pread.f90)
                   SIZE(Intrinsic) (Line 81, file EXPRO_pread.f90)
                   SIZE(Intrinsic) (Line 88, file EXPRO_pread.f90)
                   SIZE(Intrinsic) (Line 98, file EXPRO_pread.f90)
                   EXPRO_COMPUTE_DERIVED (Line 104, file EXPRO_pread.f90)

        Uses:      MPI
                   MPI_BASE  (indirectly)
                   MPI_SIZEOFS  (indirectly)
                   MPI_CONSTANTS  (indirectly)
                   EXPRO_GLOBALS
                   EXPRO_INTERFACE

Name  Messages
----  --------
EXPRO_READ_DRIVER
      Defined as:  No definitions.

      Interface:   None

      Called By:   EXPRO_PREAD (Line 28, file EXPRO_pread.f90)

Name  Messages
----  --------
FILEEQ in MPI_CONSTANTS
      Defined as:  No definitions.

                   No calls.  It is not called and does not use any procedure.

      Interface:   None

Name  Messages
----  --------
FILENEQ in MPI_CONSTANTS
      Defined as:  No definitions.

                   No calls.  It is not called and does not use any procedure.

      Interface:   None

Name  Messages
----  --------
GROUPEQ in MPI_CONSTANTS
      Defined as:  No definitions.

                   No calls.  It is not called and does not use any procedure.

      Interface:   None

Name  Messages
----  --------
GROUPNEQ in MPI_CONSTANTS
      Defined as:  No definitions.

                   No calls.  It is not called and does not use any procedure.

      Interface:   None

Name  Messages
----  --------
INFOEQ in MPI_CONSTANTS
      Defined as:  No definitions.

                   No calls.  It is not called and does not use any procedure.

      Interface:   None

Name  Messages
----  --------
INFONEQ in MPI_CONSTANTS
      Defined as:  No definitions.

                   No calls.  It is not called and does not use any procedure.

      Interface:   None

Name  Messages
----  --------
MESSAGEEQ in MPI_CONSTANTS
      Defined as:  No definitions.

                   No calls.  It is not called and does not use any procedure.

      Interface:   None

Name  Messages
----  --------
MESSAGENEQ in MPI_CONSTANTS
      Defined as:  No definitions.

                   No calls.  It is not called and does not use any procedure.

      Interface:   None

Name  Messages
----  --------
MPI
      Defined as:  No definitions.

      Used By:     EXPRO_PREAD

Name  Messages
----  --------
MPI_BASE
      Defined as:  No definitions.

      Used By:     EXPRO_PREAD  (indirectly)

Name  Messages
----  --------
MPI_BCAST
      Defined as:  No definitions.

      Interface:   None

      Called By:   EXPRO_PREAD (Line 31, file EXPRO_pread.f90)
                   EXPRO_PREAD (Line 32, file EXPRO_pread.f90)
                   EXPRO_PREAD (Line 33, file EXPRO_pread.f90)
                   EXPRO_PREAD (Line 34, file EXPRO_pread.f90)
                   EXPRO_PREAD (Line 35, file EXPRO_pread.f90)
                   EXPRO_PREAD (Line 38, file EXPRO_pread.f90)
                   EXPRO_PREAD (Line 39, file EXPRO_pread.f90)
                   EXPRO_PREAD (Line 40, file EXPRO_pread.f90)
                   EXPRO_PREAD (Line 41, file EXPRO_pread.f90)
                   EXPRO_PREAD (Line 42, file EXPRO_pread.f90)
                   EXPRO_PREAD (Line 45, file EXPRO_pread.f90)
                   EXPRO_PREAD (Line 46, file EXPRO_pread.f90)
                   EXPRO_PREAD (Line 47, file EXPRO_pread.f90)
                   EXPRO_PREAD (Line 48, file EXPRO_pread.f90)
                   EXPRO_PREAD (Line 49, file EXPRO_pread.f90)
                   EXPRO_PREAD (Line 52, file EXPRO_pread.f90)
                   EXPRO_PREAD (Line 53, file EXPRO_pread.f90)
                   EXPRO_PREAD (Line 54, file EXPRO_pread.f90)
                   EXPRO_PREAD (Line 55, file EXPRO_pread.f90)
                   EXPRO_PREAD (Line 56, file EXPRO_pread.f90)
                   EXPRO_PREAD (Line 59, file EXPRO_pread.f90)
                   EXPRO_PREAD (Line 60, file EXPRO_pread.f90)
                   EXPRO_PREAD (Line 61, file EXPRO_pread.f90)
                   EXPRO_PREAD (Line 62, file EXPRO_pread.f90)
                   EXPRO_PREAD (Line 63, file EXPRO_pread.f90)
                   EXPRO_PREAD (Line 67, file EXPRO_pread.f90)
                   EXPRO_PREAD (Line 70, file EXPRO_pread.f90)
                   EXPRO_PREAD (Line 73, file EXPRO_pread.f90)
                   EXPRO_PREAD (Line 76, file EXPRO_pread.f90)
                   EXPRO_PREAD (Line 80, file EXPRO_pread.f90)
                   EXPRO_PREAD (Line 87, file EXPRO_pread.f90)
                   EXPRO_PREAD (Line 98, file EXPRO_pread.f90)

Name  Messages
----  --------
MPI_COMM_RANK
      Defined as:  No definitions.

      Interface:   None

      Called By:   EXPRO_PREAD (Line 25, file EXPRO_pread.f90)

Name  Messages
----  --------
MPI_CONSTANTS
      Defined as:  No definitions.

      Used By:     EXPRO_PREAD  (indirectly)

Name  Messages
----  --------
MPI_SIZEOFS
      Defined as:  No definitions.

      Used By:     EXPRO_PREAD  (indirectly)

Name  Messages
----  --------
MPI_SIZEOF_CH in MPI_SIZEOFS
      Defined as:  No definitions.

                   No calls.  It is not called and does not use any procedure.

      Interface:   None

Name  Messages
----  --------
MPI_SIZEOF_CHV in MPI_SIZEOFS
      Defined as:  No definitions.

                   No calls.  It is not called and does not use any procedure.

      Interface:   None

Name  Messages
----  --------
MPI_SIZEOF_CX in MPI_SIZEOFS
      Defined as:  No definitions.

                   No calls.  It is not called and does not use any procedure.

      Interface:   None

Name  Messages
----  --------
MPI_SIZEOF_CXV in MPI_SIZEOFS
      Defined as:  No definitions.

                   No calls.  It is not called and does not use any procedure.

      Interface:   None

Name  Messages
----  --------
MPI_SIZEOF_D in MPI_SIZEOFS
      Defined as:  No definitions.

                   No calls.  It is not called and does not use any procedure.

      Interface:   None

Name  Messages
----  --------
MPI_SIZEOF_DV in MPI_SIZEOFS
      Defined as:  No definitions.

                   No calls.  It is not called and does not use any procedure.

      Interface:   None

Name  Messages
----  --------
MPI_SIZEOF_I in MPI_SIZEOFS
      Defined as:  No definitions.

                   No calls.  It is not called and does not use any procedure.

      Interface:   None

Name  Messages
----  --------
MPI_SIZEOF_I1 in MPI_SIZEOFS
      Defined as:  No definitions.

                   No calls.  It is not called and does not use any procedure.

      Interface:   None

Name  Messages
----  --------
MPI_SIZEOF_I1V in MPI_SIZEOFS
      Defined as:  No definitions.

                   No calls.  It is not called and does not use any procedure.

      Interface:   None

Name  Messages
----  --------
MPI_SIZEOF_I2 in MPI_SIZEOFS
      Defined as:  No definitions.

                   No calls.  It is not called and does not use any procedure.

      Interface:   None

Name  Messages
----  --------
MPI_SIZEOF_I2V in MPI_SIZEOFS
      Defined as:  No definitions.

                   No calls.  It is not called and does not use any procedure.

      Interface:   None

Name  Messages
----  --------
MPI_SIZEOF_I8 in MPI_SIZEOFS
      Defined as:  No definitions.

                   No calls.  It is not called and does not use any procedure.

      Interface:   None

Name  Messages
----  --------
MPI_SIZEOF_I8V in MPI_SIZEOFS
      Defined as:  No definitions.

                   No calls.  It is not called and does not use any procedure.

      Interface:   None

Name  Messages
----  --------
MPI_SIZEOF_IV in MPI_SIZEOFS
      Defined as:  No definitions.

                   No calls.  It is not called and does not use any procedure.

      Interface:   None

Name  Messages
----  --------
MPI_SIZEOF_L in MPI_SIZEOFS
      Defined as:  No definitions.

                   No calls.  It is not called and does not use any procedure.

      Interface:   None

Name  Messages
----  --------
MPI_SIZEOF_LV in MPI_SIZEOFS
      Defined as:  No definitions.

                   No calls.  It is not called and does not use any procedure.

      Interface:   None

Name  Messages
----  --------
MPI_SIZEOF_R in MPI_SIZEOFS
      Defined as:  No definitions.

                   No calls.  It is not called and does not use any procedure.

      Interface:   None

Name  Messages
----  --------
MPI_SIZEOF_RV in MPI_SIZEOFS
      Defined as:  No definitions.

                   No calls.  It is not called and does not use any procedure.

      Interface:   None

Name  Messages
----  --------
OPEQ in MPI_CONSTANTS
      Defined as:  No definitions.

                   No calls.  It is not called and does not use any procedure.

      Interface:   None

Name  Messages
----  --------
OPNEQ in MPI_CONSTANTS
      Defined as:  No definitions.

                   No calls.  It is not called and does not use any procedure.

      Interface:   None

Name  Messages
----  --------
REQUESTEQ in MPI_CONSTANTS
      Defined as:  No definitions.

                   No calls.  It is not called and does not use any procedure.

      Interface:   None

Name  Messages
----  --------
REQUESTNEQ in MPI_CONSTANTS
      Defined as:  No definitions.

                   No calls.  It is not called and does not use any procedure.

      Interface:   None

Name  Messages
----  --------
SIZE(Intrinsic)
      Defined as:  No definitions.

      Interface:   None

      Called By:   EXPRO_PREAD (Line 38, file EXPRO_pread.f90)
                   EXPRO_PREAD (Line 39, file EXPRO_pread.f90)
                   EXPRO_PREAD (Line 40, file EXPRO_pread.f90)
                   EXPRO_PREAD (Line 41, file EXPRO_pread.f90)
                   EXPRO_PREAD (Line 42, file EXPRO_pread.f90)
                   EXPRO_PREAD (Line 45, file EXPRO_pread.f90)
                   EXPRO_PREAD (Line 46, file EXPRO_pread.f90)
                   EXPRO_PREAD (Line 47, file EXPRO_pread.f90)
                   EXPRO_PREAD (Line 48, file EXPRO_pread.f90)
                   EXPRO_PREAD (Line 49, file EXPRO_pread.f90)
                   EXPRO_PREAD (Line 52, file EXPRO_pread.f90)
                   EXPRO_PREAD (Line 53, file EXPRO_pread.f90)
                   EXPRO_PREAD (Line 54, file EXPRO_pread.f90)
                   EXPRO_PREAD (Line 55, file EXPRO_pread.f90)
                   EXPRO_PREAD (Line 56, file EXPRO_pread.f90)
                   EXPRO_PREAD (Line 59, file EXPRO_pread.f90)
                   EXPRO_PREAD (Line 60, file EXPRO_pread.f90)
                   EXPRO_PREAD (Line 61, file EXPRO_pread.f90)
                   EXPRO_PREAD (Line 62, file EXPRO_pread.f90)
                   EXPRO_PREAD (Line 63, file EXPRO_pread.f90)
                   EXPRO_PREAD (Line 67, file EXPRO_pread.f90)
                   EXPRO_PREAD (Line 70, file EXPRO_pread.f90)
                   EXPRO_PREAD (Line 73, file EXPRO_pread.f90)
                   EXPRO_PREAD (Line 76, file EXPRO_pread.f90)
                   EXPRO_PREAD (Line 81, file EXPRO_pread.f90)
                   EXPRO_PREAD (Line 88, file EXPRO_pread.f90)
                   EXPRO_PREAD (Line 98, file EXPRO_pread.f90)

Name  Messages
----  --------
WINEQ in MPI_CONSTANTS
      Defined as:  No definitions.

                   No calls.  It is not called and does not use any procedure.

      Interface:   None

Name  Messages
----  --------
WINNEQ in MPI_CONSTANTS
      Defined as:  No definitions.

                   No calls.  It is not called and does not use any procedure.

      Interface:   None

Name  Messages
----  --------
__SIZE(Intrinsic)
      Defined as:  No definitions.

                   No calls.  It is not called and does not use any procedure.

      Interface:   None


%%%%%%%%%%%%%%%%%%%%%%%%%%%%%%%%%%%%%%%%%%%%%%%%%%%%%%%%%%%%%%%%%%%%%%%%%%%%%%%%
%%%%%%%%%%%%%%%%%%%%%%%%%%%%%%%%%%%%%%%%%%%%%%%%%%%%%%%%%%%%%%%%%%%%%%%%%%%%%%%%
