%%%%%%%%%%%%%%%%%%%%%%%%%%%%%%%%%%%%%%%%%%%%%%%%%%%%%%%%%%%%%%%%%%%%%%%%%%%%%%%%
                          S u m m a r y   R e p o r t
%%%%%%%%%%%%%%%%%%%%%%%%%%%%%%%%%%%%%%%%%%%%%%%%%%%%%%%%%%%%%%%%%%%%%%%%%%%%%%%%

Compilation
-----------
File     : /global/u2/b/bassem/gyro-EP/shared/EXPRO/EXPRO_palloc.f90
Compiled : 01/14/21  15:27:05
Compiler : Version 9.1.0
Ftnlx    : Version 9.1.0 
Target   : x86-64
Command  : ftn_driver.exe -hcpu=haswell -hdynamic -D__CRAYXC -D__CRAY_HASWELL
           -D__CRAYXT_COMPUTE_LINUX_TARGET -hnetwork=aries -hnoomp -em
           -J/global/homes/b/bassem/gyro-EP/modules -sreal64 -eD -Ktrap=fp -m1
           -c EXPRO_palloc.f90
           -I/opt/cray/pe/cce/9.1.0/cce-clang/x86_64/lib/clang/9.0.0/include
           -I/opt/cray/pe/cce/9.1.0/cce/x86_64/include/craylibs -I/usr/include
           -I/usr/include -I/opt/cray/pe/fftw/3.3.8.4/haswell/include
           -I/opt/cray/pe/libsci/19.06.1/CRAY/9.0/x86_64/include
           -I/opt/cray/pe/mpt/7.7.10/gni/mpich-cray/9.0/include
           -I/opt/cray/pe/hdf5/1.10.5.2/cray/9.0/include
           -I/opt/cray/pe/netcdf/4.6.3.2/cray/9.0/include
           -I/opt/cray/rca/2.2.20-7.0.1.1_4.53__g8e3fb5b.ari/include
           -I/opt/cray/alps/6.6.58-7.0.1.1_6.10__g437d88db.ari/include
           -I/opt/cray/xpmem/2.2.20-7.0.1.1_4.14__g0475745.ari/include
           -I/opt/cray/gni-headers/5.0.12.0-7.0.1.1_6.32__g3b1768f.ari/include
           -I/opt/cray/dmapp/7.1.1-7.0.1.1_4.54__g38cf134.ari/include
           -I/opt/cray/pe/pmi/5.0.14/include
           -I/opt/cray/ugni/6.0.14.0-7.0.1.1_7.40__ge78e5b0.ari/include
           -I/opt/cray/udreg/2.3.2-7.0.1.1_3.38__g8175d3d.ari/include
           -I/opt/cray/wlm_detect/1.3.3-7.0.1.1_4.16__g7109084.ari/include
           -I/opt/cray/krca/2.2.6-7.0.1.1_5.39__gb641b12.ari/include
           -I/opt/cray-hss-devel/9.0.0/include
Program
  Units  : EXPRO_PALLOC

ftnlx report
------------
Source   : /global/u2/b/bassem/gyro-EP/shared/EXPRO/EXPRO_palloc.f90
Date     : 01/14/2021  15:27:05


%%%%%%%%%%%%%%%%%%%%%%%%%%%%%%%%%%%%%%%%%%%%%%%%%%%%%%%%%%%%%%%%%%%%%%%%%%%%%%%%
                          S o u r c e   L i s t i n g
%%%%%%%%%%%%%%%%%%%%%%%%%%%%%%%%%%%%%%%%%%%%%%%%%%%%%%%%%%%%%%%%%%%%%%%%%%%%%%%%

    1.    subroutine EXPRO_palloc(comm_in,path_in,flag)
    2.    
    3.      use mpi
    4.      use EXPRO_globals
    5.      use EXPRO_interface
    6.    
    7.      implicit none
    8.    
    9.      integer, intent(in) :: comm_in
   10.      character(len=*), intent(in) :: path_in
   11.      integer, intent(in) :: flag
   12.      integer :: i_proc
   13.      integer :: ierr
   14.    
   15.      path = path_in
   16.      comm = comm_in
   17.    
   18.      call MPI_COMM_RANK(comm,i_proc,ierr)
   19.      
   20.      if (i_proc == 0) then
   21.         ! Read dimensions and do allocations on 0
   22.         call EXPRO_alloc_control(i_proc,flag)
   23.         print *, '[EXPRO_palloc_done] on process 0'
   24.      endif
   25.    
   26.      if (flag == 1) then
   27.    
   28.         ! Broadcast dimensions
   29.    
   30.         call MPI_BCAST(EXPRO_n_exp,&
   31.              1,&
   32.              MPI_INTEGER,&
   33.              0,&
   34.              comm,&
   35.              ierr)
   36.    
   37.         call MPI_BCAST(EXPRO_nfourier,&
   38.              1,&
   39.              MPI_INTEGER,&
   40.              0,&
   41.              comm,&
   42.              ierr)
   43.    
   44.      endif
   45.    
   46.      if (i_proc /= 0) then
   47.         ! Do allocations on remaining processes
   48.         call EXPRO_alloc_control(i_proc,flag)
   49.      endif
   50.    
   51.    end subroutine EXPRO_palloc


%%%%%%%%%%%%%%%%%%%%%%%%%%%%%%%%%%%%%%%%%%%%%%%%%%%%%%%%%%%%%%%%%%%%%%%%%%%%%%%%
                     C o m m o n   B l o c k   R e p o r t
%%%%%%%%%%%%%%%%%%%%%%%%%%%%%%%%%%%%%%%%%%%%%%%%%%%%%%%%%%%%%%%%%%%%%%%%%%%%%%%%

Blk  Program Unit                     Messages
---  ------------                     --------
/MPIFCMB5/                            Length: 4 bytes

     EXPRO_PALLOC                     Block is used from MPI_CONSTANTS

Blk  Program Unit                     Messages
---  ------------                     --------
/MPIFCMB9/                            Length: 4 bytes

     EXPRO_PALLOC                     Block is used from MPI_CONSTANTS

Blk  Program Unit                     Messages
---  ------------                     --------
/MPIPRIV1/                            Length: 28 bytes

     EXPRO_PALLOC                     Block is used from MPI_CONSTANTS

Blk  Program Unit                     Messages
---  ------------                     --------
/MPIPRIV2/                            Length: 24 bytes

     EXPRO_PALLOC                     Block is used from MPI_CONSTANTS

Blk  Program Unit                     Messages
---  ------------                     --------
/MPIPRIVC/                            Length: 2 bytes

     EXPRO_PALLOC                     Block is used from MPI_CONSTANTS


%%%%%%%%%%%%%%%%%%%%%%%%%%%%%%%%%%%%%%%%%%%%%%%%%%%%%%%%%%%%%%%%%%%%%%%%%%%%%%%%
                         E x t e r n a l   R e p o r t
%%%%%%%%%%%%%%%%%%%%%%%%%%%%%%%%%%%%%%%%%%%%%%%%%%%%%%%%%%%%%%%%%%%%%%%%%%%%%%%%

Name  Messages
----  --------
COMMEQ in MPI_CONSTANTS
      Defined as:  No definitions.

                   No calls.  It is not called and does not use any procedure.

      Interface:   None

Name  Messages
----  --------
COMMNEQ in MPI_CONSTANTS
      Defined as:  No definitions.

                   No calls.  It is not called and does not use any procedure.

      Interface:   None

Name  Messages
----  --------
DATATYPEEQ in MPI_CONSTANTS
      Defined as:  No definitions.

                   No calls.  It is not called and does not use any procedure.

      Interface:   None

Name  Messages
----  --------
DATATYPENEQ in MPI_CONSTANTS
      Defined as:  No definitions.

                   No calls.  It is not called and does not use any procedure.

      Interface:   None

Name  Messages
----  --------
ERRHANDLEREQ in MPI_CONSTANTS
      Defined as:  No definitions.

                   No calls.  It is not called and does not use any procedure.

      Interface:   None

Name  Messages
----  --------
ERRHANDLERNEQ in MPI_CONSTANTS
      Defined as:  No definitions.

                   No calls.  It is not called and does not use any procedure.

      Interface:   None

Name  Messages
----  --------
EXPRO_ALLOC_CONTROL
      Defined as:  No definitions.

      Interface:   None

      Called By:   EXPRO_PALLOC (Line 22, file EXPRO_palloc.f90)
                   EXPRO_PALLOC (Line 48, file EXPRO_palloc.f90)

Name  Messages
----  --------
EXPRO_GLOBALS
      Defined as:  No definitions.

      Used By:     EXPRO_PALLOC

Name  Messages
----  --------
EXPRO_INTERFACE
      Defined as:  No definitions.

      Used By:     EXPRO_PALLOC

Name  Messages
----  --------
EXPRO_PALLOC
      Defined as:  Subroutine (line 1, file EXPRO_palloc.f90)

      Interface:   None

      Calls:       MPI_COMM_RANK (Line 18, file EXPRO_palloc.f90)
                   EXPRO_ALLOC_CONTROL (Line 22, file EXPRO_palloc.f90)
                   EXPRO_ALLOC_CONTROL (Line 48, file EXPRO_palloc.f90)
                   MPI_BCAST (Line 30, file EXPRO_palloc.f90)
                   MPI_BCAST (Line 37, file EXPRO_palloc.f90)

        Uses:      MPI
                   MPI_BASE  (indirectly)
                   MPI_SIZEOFS  (indirectly)
                   MPI_CONSTANTS  (indirectly)
                   EXPRO_GLOBALS
                   EXPRO_INTERFACE

Name  Messages
----  --------
FILEEQ in MPI_CONSTANTS
      Defined as:  No definitions.

                   No calls.  It is not called and does not use any procedure.

      Interface:   None

Name  Messages
----  --------
FILENEQ in MPI_CONSTANTS
      Defined as:  No definitions.

                   No calls.  It is not called and does not use any procedure.

      Interface:   None

Name  Messages
----  --------
GROUPEQ in MPI_CONSTANTS
      Defined as:  No definitions.

                   No calls.  It is not called and does not use any procedure.

      Interface:   None

Name  Messages
----  --------
GROUPNEQ in MPI_CONSTANTS
      Defined as:  No definitions.

                   No calls.  It is not called and does not use any procedure.

      Interface:   None

Name  Messages
----  --------
INFOEQ in MPI_CONSTANTS
      Defined as:  No definitions.

                   No calls.  It is not called and does not use any procedure.

      Interface:   None

Name  Messages
----  --------
INFONEQ in MPI_CONSTANTS
      Defined as:  No definitions.

                   No calls.  It is not called and does not use any procedure.

      Interface:   None

Name  Messages
----  --------
MESSAGEEQ in MPI_CONSTANTS
      Defined as:  No definitions.

                   No calls.  It is not called and does not use any procedure.

      Interface:   None

Name  Messages
----  --------
MESSAGENEQ in MPI_CONSTANTS
      Defined as:  No definitions.

                   No calls.  It is not called and does not use any procedure.

      Interface:   None

Name  Messages
----  --------
MPI
      Defined as:  No definitions.

      Used By:     EXPRO_PALLOC

Name  Messages
----  --------
MPI_BASE
      Defined as:  No definitions.

      Used By:     EXPRO_PALLOC  (indirectly)

Name  Messages
----  --------
MPI_BCAST
      Defined as:  No definitions.

      Interface:   None

      Called By:   EXPRO_PALLOC (Line 30, file EXPRO_palloc.f90)
                   EXPRO_PALLOC (Line 37, file EXPRO_palloc.f90)

Name  Messages
----  --------
MPI_COMM_RANK
      Defined as:  No definitions.

      Interface:   None

      Called By:   EXPRO_PALLOC (Line 18, file EXPRO_palloc.f90)

Name  Messages
----  --------
MPI_CONSTANTS
      Defined as:  No definitions.

      Used By:     EXPRO_PALLOC  (indirectly)

Name  Messages
----  --------
MPI_SIZEOFS
      Defined as:  No definitions.

      Used By:     EXPRO_PALLOC  (indirectly)

Name  Messages
----  --------
MPI_SIZEOF_CH in MPI_SIZEOFS
      Defined as:  No definitions.

                   No calls.  It is not called and does not use any procedure.

      Interface:   None

Name  Messages
----  --------
MPI_SIZEOF_CHV in MPI_SIZEOFS
      Defined as:  No definitions.

                   No calls.  It is not called and does not use any procedure.

      Interface:   None

Name  Messages
----  --------
MPI_SIZEOF_CX in MPI_SIZEOFS
      Defined as:  No definitions.

                   No calls.  It is not called and does not use any procedure.

      Interface:   None

Name  Messages
----  --------
MPI_SIZEOF_CXV in MPI_SIZEOFS
      Defined as:  No definitions.

                   No calls.  It is not called and does not use any procedure.

      Interface:   None

Name  Messages
----  --------
MPI_SIZEOF_D in MPI_SIZEOFS
      Defined as:  No definitions.

                   No calls.  It is not called and does not use any procedure.

      Interface:   None

Name  Messages
----  --------
MPI_SIZEOF_DV in MPI_SIZEOFS
      Defined as:  No definitions.

                   No calls.  It is not called and does not use any procedure.

      Interface:   None

Name  Messages
----  --------
MPI_SIZEOF_I in MPI_SIZEOFS
      Defined as:  No definitions.

                   No calls.  It is not called and does not use any procedure.

      Interface:   None

Name  Messages
----  --------
MPI_SIZEOF_I1 in MPI_SIZEOFS
      Defined as:  No definitions.

                   No calls.  It is not called and does not use any procedure.

      Interface:   None

Name  Messages
----  --------
MPI_SIZEOF_I1V in MPI_SIZEOFS
      Defined as:  No definitions.

                   No calls.  It is not called and does not use any procedure.

      Interface:   None

Name  Messages
----  --------
MPI_SIZEOF_I2 in MPI_SIZEOFS
      Defined as:  No definitions.

                   No calls.  It is not called and does not use any procedure.

      Interface:   None

Name  Messages
----  --------
MPI_SIZEOF_I2V in MPI_SIZEOFS
      Defined as:  No definitions.

                   No calls.  It is not called and does not use any procedure.

      Interface:   None

Name  Messages
----  --------
MPI_SIZEOF_I8 in MPI_SIZEOFS
      Defined as:  No definitions.

                   No calls.  It is not called and does not use any procedure.

      Interface:   None

Name  Messages
----  --------
MPI_SIZEOF_I8V in MPI_SIZEOFS
      Defined as:  No definitions.

                   No calls.  It is not called and does not use any procedure.

      Interface:   None

Name  Messages
----  --------
MPI_SIZEOF_IV in MPI_SIZEOFS
      Defined as:  No definitions.

                   No calls.  It is not called and does not use any procedure.

      Interface:   None

Name  Messages
----  --------
MPI_SIZEOF_L in MPI_SIZEOFS
      Defined as:  No definitions.

                   No calls.  It is not called and does not use any procedure.

      Interface:   None

Name  Messages
----  --------
MPI_SIZEOF_LV in MPI_SIZEOFS
      Defined as:  No definitions.

                   No calls.  It is not called and does not use any procedure.

      Interface:   None

Name  Messages
----  --------
MPI_SIZEOF_R in MPI_SIZEOFS
      Defined as:  No definitions.

                   No calls.  It is not called and does not use any procedure.

      Interface:   None

Name  Messages
----  --------
MPI_SIZEOF_RV in MPI_SIZEOFS
      Defined as:  No definitions.

                   No calls.  It is not called and does not use any procedure.

      Interface:   None

Name  Messages
----  --------
OPEQ in MPI_CONSTANTS
      Defined as:  No definitions.

                   No calls.  It is not called and does not use any procedure.

      Interface:   None

Name  Messages
----  --------
OPNEQ in MPI_CONSTANTS
      Defined as:  No definitions.

                   No calls.  It is not called and does not use any procedure.

      Interface:   None

Name  Messages
----  --------
REQUESTEQ in MPI_CONSTANTS
      Defined as:  No definitions.

                   No calls.  It is not called and does not use any procedure.

      Interface:   None

Name  Messages
----  --------
REQUESTNEQ in MPI_CONSTANTS
      Defined as:  No definitions.

                   No calls.  It is not called and does not use any procedure.

      Interface:   None

Name  Messages
----  --------
WINEQ in MPI_CONSTANTS
      Defined as:  No definitions.

                   No calls.  It is not called and does not use any procedure.

      Interface:   None

Name  Messages
----  --------
WINNEQ in MPI_CONSTANTS
      Defined as:  No definitions.

                   No calls.  It is not called and does not use any procedure.

      Interface:   None


%%%%%%%%%%%%%%%%%%%%%%%%%%%%%%%%%%%%%%%%%%%%%%%%%%%%%%%%%%%%%%%%%%%%%%%%%%%%%%%%
%%%%%%%%%%%%%%%%%%%%%%%%%%%%%%%%%%%%%%%%%%%%%%%%%%%%%%%%%%%%%%%%%%%%%%%%%%%%%%%%
