%%%%%%%%%%%%%%%%%%%%%%%%%%%%%%%%%%%%%%%%%%%%%%%%%%%%%%%%%%%%%%%%%%%%%%%%%%%%%%%%
                          S u m m a r y   R e p o r t
%%%%%%%%%%%%%%%%%%%%%%%%%%%%%%%%%%%%%%%%%%%%%%%%%%%%%%%%%%%%%%%%%%%%%%%%%%%%%%%%

Compilation
-----------
File     : /global/u2/b/bassem/gyro-EP/shared/EXPRO/EXPRO_write_derived.f90
Compiled : 01/14/21  15:27:07
Compiler : Version 9.1.0
Ftnlx    : Version 9.1.0 
Target   : x86-64
Command  : ftn_driver.exe -hcpu=haswell -hdynamic -D__CRAYXC -D__CRAY_HASWELL
           -D__CRAYXT_COMPUTE_LINUX_TARGET -hnetwork=aries -hnoomp -em
           -J/global/homes/b/bassem/gyro-EP/modules -sreal64 -eD -Ktrap=fp -m1
           -c EXPRO_write_derived.f90
           -I/opt/cray/pe/cce/9.1.0/cce-clang/x86_64/lib/clang/9.0.0/include
           -I/opt/cray/pe/cce/9.1.0/cce/x86_64/include/craylibs -I/usr/include
           -I/usr/include -I/opt/cray/pe/fftw/3.3.8.4/haswell/include
           -I/opt/cray/pe/libsci/19.06.1/CRAY/9.0/x86_64/include
           -I/opt/cray/pe/mpt/7.7.10/gni/mpich-cray/9.0/include
           -I/opt/cray/pe/hdf5/1.10.5.2/cray/9.0/include
           -I/opt/cray/pe/netcdf/4.6.3.2/cray/9.0/include
           -I/opt/cray/rca/2.2.20-7.0.1.1_4.53__g8e3fb5b.ari/include
           -I/opt/cray/alps/6.6.58-7.0.1.1_6.10__g437d88db.ari/include
           -I/opt/cray/xpmem/2.2.20-7.0.1.1_4.14__g0475745.ari/include
           -I/opt/cray/gni-headers/5.0.12.0-7.0.1.1_6.32__g3b1768f.ari/include
           -I/opt/cray/dmapp/7.1.1-7.0.1.1_4.54__g38cf134.ari/include
           -I/opt/cray/pe/pmi/5.0.14/include
           -I/opt/cray/ugni/6.0.14.0-7.0.1.1_7.40__ge78e5b0.ari/include
           -I/opt/cray/udreg/2.3.2-7.0.1.1_3.38__g8175d3d.ari/include
           -I/opt/cray/wlm_detect/1.3.3-7.0.1.1_4.16__g7109084.ari/include
           -I/opt/cray/krca/2.2.6-7.0.1.1_5.39__gb641b12.ari/include
           -I/opt/cray-hss-devel/9.0.0/include
Program
  Units  : EXPRO_WRITE_DERIVED

ftnlx report
------------
Source   : /global/u2/b/bassem/gyro-EP/shared/EXPRO/EXPRO_write_derived.f90
Date     : 01/14/2021  15:27:07


%%%%%%%%%%%%%%%%%%%%%%%%%%%%%%%%%%%%%%%%%%%%%%%%%%%%%%%%%%%%%%%%%%%%%%%%%%%%%%%%
                          S o u r c e   L i s t i n g
%%%%%%%%%%%%%%%%%%%%%%%%%%%%%%%%%%%%%%%%%%%%%%%%%%%%%%%%%%%%%%%%%%%%%%%%%%%%%%%%

    1.    !--------------------------------------------------------
    2.    ! EXPRO_write_derived.f90
    3.    !
    4.    ! PURPOSE:
    5.    !  Write all derived quantities to input.profiles.extra
    6.    !--------------------------------------------------------
    7.    
    8.    subroutine EXPRO_write_derived
    9.    
   10.      use EXPRO_globals
   11.      use EXPRO_interface
   12.    
   13.      integer, parameter :: io=1
   14.    
   15.      open(unit=io,file=trim(path)//'input.profiles.extra',status='replace')
   16.    
   17.      write(io,*) EXPRO_bunit(:)    ! 1
   18.      write(io,*) EXPRO_s(:)        ! 2
   19.      write(io,*) EXPRO_drmaj(:)    ! 3
   20.      write(io,*) EXPRO_dzmag(:)    ! 4 
   21.      write(io,*) EXPRO_sdelta(:)   ! 5  
   22.      write(io,*) EXPRO_skappa(:)   ! 6
   23.      write(io,*) EXPRO_szeta(:)    ! 7
   24.      write(io,*) EXPRO_dlnnedr(:)  ! 8
   25.      write(io,*) EXPRO_dlntedr(:)  ! 9 
   26.      write(io,*) transpose(EXPRO_dlnnidr(:,:)) ! 10-14 
   27.      write(io,*) transpose(EXPRO_dlntidr(:,:)) ! 15-19
   28.      write(io,*) EXPRO_dlnptotdr(:)! 20 
   29.      write(io,*) EXPRO_drdrho(:)   ! 21
   30.      write(io,*) EXPRO_w0(:)       ! 22
   31.      write(io,*) EXPRO_w0p(:)      ! 23
   32.      write(io,*) EXPRO_vol(:)      ! 24
   33.      write(io,*) EXPRO_volp(:)     ! 25
   34.      write(io,*) EXPRO_cs(:)       ! 26
   35.      write(io,*) EXPRO_rhos(:)     ! 27
   36.      write(io,*) EXPRO_ni_new(:)   ! 28
   37.      write(io,*) EXPRO_dlnnidr_new(:) ! 29 
   38.      write(io,*) EXPRO_grad_r0(:)     ! 30
   39.      write(io,*) EXPRO_ave_grad_r(:)  ! 31 
   40.      write(io,*) EXPRO_bp0(:)      ! 32
   41.      write(io,*) EXPRO_bt0(:)      ! 33
   42.      write(io,*) EXPRO_poloidalfluxover2pi(:) ! 34
   43.      write(io,*) EXPRO_gamma_e(:)  ! 35
   44.      write(io,*) EXPRO_gamma_p(:)  ! 36
   45.      write(io,*) EXPRO_mach(:)     ! 37
   46.    
   47.      close(io)
   48.    
   49.    end subroutine EXPRO_write_derived


%%%%%%%%%%%%%%%%%%%%%%%%%%%%%%%%%%%%%%%%%%%%%%%%%%%%%%%%%%%%%%%%%%%%%%%%%%%%%%%%
                         E x t e r n a l   R e p o r t
%%%%%%%%%%%%%%%%%%%%%%%%%%%%%%%%%%%%%%%%%%%%%%%%%%%%%%%%%%%%%%%%%%%%%%%%%%%%%%%%

Name  Messages
----  --------
EXPRO_GLOBALS
      Defined as:  No definitions.

      Used By:     EXPRO_WRITE_DERIVED

Name  Messages
----  --------
EXPRO_INTERFACE
      Defined as:  No definitions.

      Used By:     EXPRO_WRITE_DERIVED

Name  Messages
----  --------
EXPRO_WRITE_DERIVED
      Defined as:  Subroutine (line 8, file EXPRO_write_derived.f90)

      Interface:   None

      Calls:       TRIM(Intrinsic) (Line 15, file EXPRO_write_derived.f90)
                   TRANSPOSE(Intrinsic) (Line 26, file EXPRO_write_derived.f90)
                   TRANSPOSE(Intrinsic) (Line 27, file EXPRO_write_derived.f90)

        Uses:      EXPRO_GLOBALS
                   EXPRO_INTERFACE

Name  Messages
----  --------
TRANSPOSE(Intrinsic)
      Defined as:  No definitions.

      Interface:   None

      Called By:   EXPRO_WRITE_DERIVED (Line 26, file EXPRO_write_derived.f90)
                   EXPRO_WRITE_DERIVED (Line 27, file EXPRO_write_derived.f90)

Name  Messages
----  --------
TRIM(Intrinsic)
      Defined as:  No definitions.

      Interface:   None

      Called By:   EXPRO_WRITE_DERIVED (Line 15, file EXPRO_write_derived.f90)

Name  Messages
----  --------
_F90_TRIM(Intrinsic)
      Defined as:  No definitions.

                   No calls.  It is not called and does not use any procedure.

      Interface:   None

Name  Messages
----  --------
_TRANS(Intrinsic)
      Defined as:  No definitions.

                   No calls.  It is not called and does not use any procedure.

      Interface:   None


%%%%%%%%%%%%%%%%%%%%%%%%%%%%%%%%%%%%%%%%%%%%%%%%%%%%%%%%%%%%%%%%%%%%%%%%%%%%%%%%
%%%%%%%%%%%%%%%%%%%%%%%%%%%%%%%%%%%%%%%%%%%%%%%%%%%%%%%%%%%%%%%%%%%%%%%%%%%%%%%%
