%%%%%%%%%%%%%%%%%%%%%%%%%%%%%%%%%%%%%%%%%%%%%%%%%%%%%%%%%%%%%%%%%%%%%%%%%%%%%%%%
                          S u m m a r y   R e p o r t
%%%%%%%%%%%%%%%%%%%%%%%%%%%%%%%%%%%%%%%%%%%%%%%%%%%%%%%%%%%%%%%%%%%%%%%%%%%%%%%%

Compilation
-----------
File     : /global/u2/b/bassem/gyro-EP/TRANSPOSE/fTRANSP_INIT.f90
Compiled : 01/19/21  15:35:07
Compiler : Version 9.1.0
Ftnlx    : Version 9.1.0 
Target   : x86-64
Command  : ftn_driver.exe -hcpu=haswell -hdynamic -D__CRAYXC -D__CRAY_HASWELL
           -D__CRAYXT_COMPUTE_LINUX_TARGET -hnetwork=aries -hnoomp -em
           -J/global/homes/b/bassem/gyro-EP/modules -sreal64 -eD -Ktrap=fp -m1
           -Rbcdps -G0 -c fTRANSP_INIT.f90
           -I/opt/cray/pe/cce/9.1.0/cce-clang/x86_64/lib/clang/9.0.0/include
           -I/opt/cray/pe/cce/9.1.0/cce/x86_64/include/craylibs -I/usr/include
           -I/usr/include -I/opt/cray/pe/fftw/3.3.8.4/haswell/include
           -I/opt/cray/pe/libsci/19.06.1/CRAY/9.0/x86_64/include
           -I/opt/cray/pe/mpt/7.7.10/gni/mpich-cray/9.0/include
           -I/opt/cray/pe/hdf5/1.10.5.2/cray/9.0/include
           -I/opt/cray/pe/netcdf/4.6.3.2/cray/9.0/include
           -I/opt/cray/rca/2.2.20-7.0.1.1_4.53__g8e3fb5b.ari/include
           -I/opt/cray/alps/6.6.58-7.0.1.1_6.10__g437d88db.ari/include
           -I/opt/cray/xpmem/2.2.20-7.0.1.1_4.14__g0475745.ari/include
           -I/opt/cray/gni-headers/5.0.12.0-7.0.1.1_6.32__g3b1768f.ari/include
           -I/opt/cray/dmapp/7.1.1-7.0.1.1_4.54__g38cf134.ari/include
           -I/opt/cray/pe/pmi/5.0.14/include
           -I/opt/cray/ugni/6.0.14.0-7.0.1.1_7.40__ge78e5b0.ari/include
           -I/opt/cray/udreg/2.3.2-7.0.1.1_3.38__g8175d3d.ari/include
           -I/opt/cray/wlm_detect/1.3.3-7.0.1.1_4.16__g7109084.ari/include
           -I/opt/cray/krca/2.2.6-7.0.1.1_5.39__gb641b12.ari/include
           -I/opt/cray-hss-devel/9.0.0/include
Program
  Units  : FTRANSP_INIT

ftnlx report
------------
Source   : /global/u2/b/bassem/gyro-EP/TRANSPOSE/fTRANSP_INIT.f90
Date     : 01/19/2021  15:35:07


%%%%%%%%%%%%%%%%%%%%%%%%%%%%%%%%%%%%%%%%%%%%%%%%%%%%%%%%%%%%%%%%%%%%%%%%%%%%%%%%
                          S o u r c e   L i s t i n g
%%%%%%%%%%%%%%%%%%%%%%%%%%%%%%%%%%%%%%%%%%%%%%%%%%%%%%%%%%%%%%%%%%%%%%%%%%%%%%%%

    1.    !-----------------------------------------------------
    2.    ! fTRANSP_INIT.f90
    3.    !
    4.    ! PURPOSE:
    5.    !  Initialization stage for calls fTRANSP.
    6.    !
    7.    ! NOTES:
    8.    !  Communication routine originally used in old GYRO.
    9.    !-----------------------------------------------------
   10.    
   11.    subroutine fTRANSP_INIT(n0_i,n0_j,n0_k,n0_m,COMM)
   12.    
   13.      use mpi
   14.      use fTRANSP_GLOBALS
   15.    
   16.      implicit none
   17.    
   18.      integer, intent(in) :: n0_i
   19.      integer, intent(in) :: n0_j
   20.      integer, intent(in) :: n0_k
   21.      integer, intent(in) :: n0_m
   22.      integer, intent(in) :: COMM
   23.    
   24.      integer, external :: parallel_dim
   25.    
   26.    
   27.      TRANSP_COMM = COMM
   28.    
   29.      !----------------------------------------------
   30.      ! Get rank and number of processors from 
   31.      ! MPI_COMM_WORLD (which is assumed to already 
   32.      ! exist).
   33.      !
   34.      call MPI_COMM_RANK(TRANSP_COMM,i_proc,i_err)
   35.      call MPI_COMM_SIZE(TRANSP_COMM,n_proc,i_err)
   36.      !
   37.      !-----------------------------------------------
   38.    
   39.      !----------------------------
   40.      ! Allocate send-pointer array 
   41.      !
   42.      allocate(s(0:n_proc-1))
   43.      !
   44.      !----------------------------
   45.    
   46.      n_i = n0_i
   47.      n_j = n0_j
   48.      n_k = n0_k
   49.      n_m = n0_m
   50.    
   51.      n_ij = n_i*n_j
   52.      n_jk = n_j*n_k
   53.    
   54.      n_ij_loc = parallel_dim(n_ij,n_proc)
   55.      n_jk_loc = parallel_dim(n_jk,n_proc)
   56.    
   57.      !----------------------------------
   58.      ! Pointer alocation and definitions
   59.      !
   60.      allocate(ij(n_i,n_j))
   61.      allocate(i_ij(n_ij))
   62.      allocate(j_ij(n_ij))
   63.      !
   64.      p_ij = 0
   65.      do i=1,n_i
   66.         do j=1,n_j
   67.            p_ij = p_ij+1
   68.            ij(i,j) = p_ij
   69.            i_ij(p_ij) = i
   70.            j_ij(p_ij) = j
   71.         enddo
   72.      enddo
   73.      !
   74.      allocate(jk(n_j,n_k))
   75.      allocate(i_rc(n_j,n_k))
   76.      allocate(j_jk(n_jk))
   77.      allocate(k_jk(n_jk))
   78.      !
   79.      p_jk = 0
   80.      do j=1,n_j
   81.         do k=1,n_k
   82.            p_jk = p_jk+1
   83.            jk(j,k) = p_jk
   84.            j_jk(p_jk) = j
   85.            k_jk(p_jk) = k
   86.         enddo
   87.      enddo
   88.      !
   89.      !-----------------------------------
   90.    
   91.    
   92.      !-----------------------------------------
   93.      ! Compute maximum length of send-pointer 
   94.      ! array, s.
   95.      ! 
   96.      s = 0 
ftn-6204 ftn: VECTOR FTRANSP_INIT, File = fTRANSP_INIT.f90, Line = 96 
  A loop starting at line 96 was vectorized.

   97.      do p_ij=1,n_ij,n_proc
   98.         j = j_ij(p_ij)
   99.         do k=1,n_k
  100.            p_jk = jk(j,k)
  101.            i_recv = modulo(p_jk-1,n_proc)
  102.            s(i_recv) = s(i_recv)+1
  103.         enddo ! k
  104.      enddo ! p_ij
  105.      !
  106.      s_dim = maxval(s)
ftn-6297 ftn: VECTOR FTRANSP_INIT, File = fTRANSP_INIT.f90, Line = 106 
  A loop starting at line 106 was not vectorized because a recurrence was found at line 106.

  107.      !
  108.      !------------------------------------------
  109.    
  110.      !-----------------------------------------
  111.      ! Allocate send and receive package arrays
  112.      ! (deallocated in TRANSP_CLEANUP)
  113.      !
  114.      allocate(q_send(n_m,s_dim,0:n_proc-1))
  115.      allocate(q_recv(n_m,s_dim,0:n_proc-1))
  116.      !
  117.      !-----------------------------------------
  118.    
  119.      !--------------------------------------------------
  120.      ! Build mapping arrays i_map, p_jk_loc_map
  121.      !
  122.      allocate(i_map(s_dim,0:n_proc-1))
  123.      allocate(p_jk_loc_map(s_dim,0:n_proc-1))
  124.      allocate(i_map2(s_dim,0:n_proc-1))
  125.      allocate(p_jk_loc_map2(s_dim,0:n_proc-1))
  126.    
  127.      i_map = 0
ftn-6209 ftn: VECTOR FTRANSP_INIT, File = fTRANSP_INIT.f90, Line = 127 
  A loop starting at line 127 was partially vectorized.

  128.      p_jk_loc_map = 0
ftn-6209 ftn: VECTOR FTRANSP_INIT, File = fTRANSP_INIT.f90, Line = 128 
  A loop starting at line 128 was partially vectorized.

  129.    
  130.      s = 0
ftn-6204 ftn: VECTOR FTRANSP_INIT, File = fTRANSP_INIT.f90, Line = 130 
  A loop starting at line 130 was vectorized.

  131.      p_ij_loc = 0
  132.      do p_ij=1+i_proc,n_ij,n_proc
  133.    
  134.         j = j_ij(p_ij)
  135.         i = i_ij(p_ij)
  136.         p_ij_loc = p_ij_loc+1
  137.    
  138.         do k=1,n_k
  139.    
  140.            p_jk      = jk(j,k)
  141.            p_jk_loc  = (p_jk-1)/n_proc+1 
  142.            i_recv    = modulo(p_jk-1,n_proc)
  143.            s(i_recv) = s(i_recv)+1
  144.    
  145.            i_map(s(i_recv),i_recv) = i
  146.            p_jk_loc_map(s(i_recv),i_recv) = p_jk_loc
  147.    
  148.         enddo ! k
  149.    
  150.      enddo ! p_ij
  151.      !
  152.      !--------------------------------------------------
  153.    
  154.      call MPI_ALLTOALL(i_map, &
  155.           s_dim, &
  156.           MPI_INTEGER, &
  157.           i_map2, &
  158.           s_dim, &
  159.           MPI_INTEGER, &
  160.           TRANSP_COMM, &
  161.           i_err)
  162.    
  163.      call MPI_ALLTOALL(p_jk_loc_map, &
  164.           s_dim, &
  165.           MPI_INTEGER, &
  166.           p_jk_loc_map2, &
  167.           s_dim, &
  168.           MPI_INTEGER, &
  169.           TRANSP_COMM, &
  170.           i_err)
  171.    
  172.    
  173.      i_map = i_map2
ftn-6209 ftn: VECTOR FTRANSP_INIT, File = fTRANSP_INIT.f90, Line = 173 
  A loop starting at line 173 was partially vectorized.

  174.      p_jk_loc_map = p_jk_loc_map2
ftn-6209 ftn: VECTOR FTRANSP_INIT, File = fTRANSP_INIT.f90, Line = 174 
  A loop starting at line 174 was partially vectorized.

  175.    
  176.      deallocate(i_map2)
  177.      deallocate(p_jk_loc_map2)
  178.    
  179.      do p_ij=1+i_proc,n_ij,n_proc
  180.    
  181.         j = j_ij(p_ij)
  182.    
  183.         do k=1,n_k
  184.            i_rc(j,k) = modulo(jk(j,k)-1,n_proc)
  185.         enddo ! k
  186.    
  187.      enddo ! p_ij
  188.    
  189.    end subroutine fTRANSP_INIT
  190.    


%%%%%%%%%%%%%%%%%%%%%%%%%%%%%%%%%%%%%%%%%%%%%%%%%%%%%%%%%%%%%%%%%%%%%%%%%%%%%%%%
                     C o m m o n   B l o c k   R e p o r t
%%%%%%%%%%%%%%%%%%%%%%%%%%%%%%%%%%%%%%%%%%%%%%%%%%%%%%%%%%%%%%%%%%%%%%%%%%%%%%%%

Blk  Program Unit                     Messages
---  ------------                     --------
/MPIFCMB5/                            Length: 4 bytes

     FTRANSP_INIT                     Block is used from MPI_CONSTANTS

Blk  Program Unit                     Messages
---  ------------                     --------
/MPIFCMB9/                            Length: 4 bytes

     FTRANSP_INIT                     Block is used from MPI_CONSTANTS

Blk  Program Unit                     Messages
---  ------------                     --------
/MPIPRIV1/                            Length: 28 bytes

     FTRANSP_INIT                     Block is used from MPI_CONSTANTS

Blk  Program Unit                     Messages
---  ------------                     --------
/MPIPRIV2/                            Length: 24 bytes

     FTRANSP_INIT                     Block is used from MPI_CONSTANTS

Blk  Program Unit                     Messages
---  ------------                     --------
/MPIPRIVC/                            Length: 2 bytes

     FTRANSP_INIT                     Block is used from MPI_CONSTANTS


%%%%%%%%%%%%%%%%%%%%%%%%%%%%%%%%%%%%%%%%%%%%%%%%%%%%%%%%%%%%%%%%%%%%%%%%%%%%%%%%
                         E x t e r n a l   R e p o r t
%%%%%%%%%%%%%%%%%%%%%%%%%%%%%%%%%%%%%%%%%%%%%%%%%%%%%%%%%%%%%%%%%%%%%%%%%%%%%%%%

Name  Messages
----  --------
COMMEQ in MPI_CONSTANTS
      Defined as:  No definitions.

                   No calls.  It is not called and does not use any procedure.

      Interface:   None

Name  Messages
----  --------
COMMNEQ in MPI_CONSTANTS
      Defined as:  No definitions.

                   No calls.  It is not called and does not use any procedure.

      Interface:   None

Name  Messages
----  --------
DATATYPEEQ in MPI_CONSTANTS
      Defined as:  No definitions.

                   No calls.  It is not called and does not use any procedure.

      Interface:   None

Name  Messages
----  --------
DATATYPENEQ in MPI_CONSTANTS
      Defined as:  No definitions.

                   No calls.  It is not called and does not use any procedure.

      Interface:   None

Name  Messages
----  --------
ERRHANDLEREQ in MPI_CONSTANTS
      Defined as:  No definitions.

                   No calls.  It is not called and does not use any procedure.

      Interface:   None

Name  Messages
----  --------
ERRHANDLERNEQ in MPI_CONSTANTS
      Defined as:  No definitions.

                   No calls.  It is not called and does not use any procedure.

      Interface:   None

Name  Messages
----  --------
FILEEQ in MPI_CONSTANTS
      Defined as:  No definitions.

                   No calls.  It is not called and does not use any procedure.

      Interface:   None

Name  Messages
----  --------
FILENEQ in MPI_CONSTANTS
      Defined as:  No definitions.

                   No calls.  It is not called and does not use any procedure.

      Interface:   None

Name  Messages
----  --------
FTRANSP_GLOBALS
      Defined as:  No definitions.

      Used By:     FTRANSP_INIT

Name  Messages
----  --------
FTRANSP_INIT
      Defined as:  Subroutine (line 11, file fTRANSP_INIT.f90)

      Interface:   None

      Calls:       PARALLEL_DIM (Line 54, file fTRANSP_INIT.f90)
                   PARALLEL_DIM (Line 55, file fTRANSP_INIT.f90)
                   MPI_COMM_RANK (Line 34, file fTRANSP_INIT.f90)
                   MPI_COMM_SIZE (Line 35, file fTRANSP_INIT.f90)
                   MODULO(Intrinsic) (Line 101, file fTRANSP_INIT.f90)
                   MODULO(Intrinsic) (Line 142, file fTRANSP_INIT.f90)
                   MODULO(Intrinsic) (Line 184, file fTRANSP_INIT.f90)
                   MAXVAL(Intrinsic) (Line 106, file fTRANSP_INIT.f90)

        Uses:      MPI
                   MPI_BASE  (indirectly)
                   MPI_SIZEOFS  (indirectly)
                   MPI_CONSTANTS  (indirectly)
                   FTRANSP_GLOBALS

Name  Messages
----  --------
GROUPEQ in MPI_CONSTANTS
      Defined as:  No definitions.

                   No calls.  It is not called and does not use any procedure.

      Interface:   None

Name  Messages
----  --------
GROUPNEQ in MPI_CONSTANTS
      Defined as:  No definitions.

                   No calls.  It is not called and does not use any procedure.

      Interface:   None

Name  Messages
----  --------
INFOEQ in MPI_CONSTANTS
      Defined as:  No definitions.

                   No calls.  It is not called and does not use any procedure.

      Interface:   None

Name  Messages
----  --------
INFONEQ in MPI_CONSTANTS
      Defined as:  No definitions.

                   No calls.  It is not called and does not use any procedure.

      Interface:   None

Name  Messages
----  --------
MAXVAL(Intrinsic)
      Defined as:  No definitions.

      Interface:   None

      Called By:   FTRANSP_INIT (Line 106, file fTRANSP_INIT.f90)

Name  Messages
----  --------
MESSAGEEQ in MPI_CONSTANTS
      Defined as:  No definitions.

                   No calls.  It is not called and does not use any procedure.

      Interface:   None

Name  Messages
----  --------
MESSAGENEQ in MPI_CONSTANTS
      Defined as:  No definitions.

                   No calls.  It is not called and does not use any procedure.

      Interface:   None

Name  Messages
----  --------
MODULO(Intrinsic)
      Defined as:  No definitions.

      Interface:   None

      Called By:   FTRANSP_INIT (Line 101, file fTRANSP_INIT.f90)
                   FTRANSP_INIT (Line 142, file fTRANSP_INIT.f90)
                   FTRANSP_INIT (Line 184, file fTRANSP_INIT.f90)

Name  Messages
----  --------
MPI
      Defined as:  No definitions.

      Used By:     FTRANSP_INIT

Name  Messages
----  --------
MPI_ALLTOALL
      Defined as:  No definitions.

                   No calls.  It is not called and does not use any procedure.

      Interface:   None

Name  Messages
----  --------
MPI_BASE
      Defined as:  No definitions.

      Used By:     FTRANSP_INIT  (indirectly)

Name  Messages
----  --------
MPI_COMM_RANK
      Defined as:  No definitions.

      Interface:   None

      Called By:   FTRANSP_INIT (Line 34, file fTRANSP_INIT.f90)

Name  Messages
----  --------
MPI_COMM_SIZE
      Defined as:  No definitions.

      Interface:   None

      Called By:   FTRANSP_INIT (Line 35, file fTRANSP_INIT.f90)

Name  Messages
----  --------
MPI_CONSTANTS
      Defined as:  No definitions.

      Used By:     FTRANSP_INIT  (indirectly)

Name  Messages
----  --------
MPI_SIZEOFS
      Defined as:  No definitions.

      Used By:     FTRANSP_INIT  (indirectly)

Name  Messages
----  --------
MPI_SIZEOF_CH in MPI_SIZEOFS
      Defined as:  No definitions.

                   No calls.  It is not called and does not use any procedure.

      Interface:   None

Name  Messages
----  --------
MPI_SIZEOF_CHV in MPI_SIZEOFS
      Defined as:  No definitions.

                   No calls.  It is not called and does not use any procedure.

      Interface:   None

Name  Messages
----  --------
MPI_SIZEOF_CX in MPI_SIZEOFS
      Defined as:  No definitions.

                   No calls.  It is not called and does not use any procedure.

      Interface:   None

Name  Messages
----  --------
MPI_SIZEOF_CXV in MPI_SIZEOFS
      Defined as:  No definitions.

                   No calls.  It is not called and does not use any procedure.

      Interface:   None

Name  Messages
----  --------
MPI_SIZEOF_D in MPI_SIZEOFS
      Defined as:  No definitions.

                   No calls.  It is not called and does not use any procedure.

      Interface:   None

Name  Messages
----  --------
MPI_SIZEOF_DV in MPI_SIZEOFS
      Defined as:  No definitions.

                   No calls.  It is not called and does not use any procedure.

      Interface:   None

Name  Messages
----  --------
MPI_SIZEOF_I in MPI_SIZEOFS
      Defined as:  No definitions.

                   No calls.  It is not called and does not use any procedure.

      Interface:   None

Name  Messages
----  --------
MPI_SIZEOF_I1 in MPI_SIZEOFS
      Defined as:  No definitions.

                   No calls.  It is not called and does not use any procedure.

      Interface:   None

Name  Messages
----  --------
MPI_SIZEOF_I1V in MPI_SIZEOFS
      Defined as:  No definitions.

                   No calls.  It is not called and does not use any procedure.

      Interface:   None

Name  Messages
----  --------
MPI_SIZEOF_I2 in MPI_SIZEOFS
      Defined as:  No definitions.

                   No calls.  It is not called and does not use any procedure.

      Interface:   None

Name  Messages
----  --------
MPI_SIZEOF_I2V in MPI_SIZEOFS
      Defined as:  No definitions.

                   No calls.  It is not called and does not use any procedure.

      Interface:   None

Name  Messages
----  --------
MPI_SIZEOF_I8 in MPI_SIZEOFS
      Defined as:  No definitions.

                   No calls.  It is not called and does not use any procedure.

      Interface:   None

Name  Messages
----  --------
MPI_SIZEOF_I8V in MPI_SIZEOFS
      Defined as:  No definitions.

                   No calls.  It is not called and does not use any procedure.

      Interface:   None

Name  Messages
----  --------
MPI_SIZEOF_IV in MPI_SIZEOFS
      Defined as:  No definitions.

                   No calls.  It is not called and does not use any procedure.

      Interface:   None

Name  Messages
----  --------
MPI_SIZEOF_L in MPI_SIZEOFS
      Defined as:  No definitions.

                   No calls.  It is not called and does not use any procedure.

      Interface:   None

Name  Messages
----  --------
MPI_SIZEOF_LV in MPI_SIZEOFS
      Defined as:  No definitions.

                   No calls.  It is not called and does not use any procedure.

      Interface:   None

Name  Messages
----  --------
MPI_SIZEOF_R in MPI_SIZEOFS
      Defined as:  No definitions.

                   No calls.  It is not called and does not use any procedure.

      Interface:   None

Name  Messages
----  --------
MPI_SIZEOF_RV in MPI_SIZEOFS
      Defined as:  No definitions.

                   No calls.  It is not called and does not use any procedure.

      Interface:   None

Name  Messages
----  --------
OPEQ in MPI_CONSTANTS
      Defined as:  No definitions.

                   No calls.  It is not called and does not use any procedure.

      Interface:   None

Name  Messages
----  --------
OPNEQ in MPI_CONSTANTS
      Defined as:  No definitions.

                   No calls.  It is not called and does not use any procedure.

      Interface:   None

Name  Messages
----  --------
PARALLEL_DIM
      Defined as:  No definitions.

      Interface:   None

      Called By:   FTRANSP_INIT (Line 54, file fTRANSP_INIT.f90)
                   FTRANSP_INIT (Line 55, file fTRANSP_INIT.f90)

Name  Messages
----  --------
REQUESTEQ in MPI_CONSTANTS
      Defined as:  No definitions.

                   No calls.  It is not called and does not use any procedure.

      Interface:   None

Name  Messages
----  --------
REQUESTNEQ in MPI_CONSTANTS
      Defined as:  No definitions.

                   No calls.  It is not called and does not use any procedure.

      Interface:   None

Name  Messages
----  --------
WINEQ in MPI_CONSTANTS
      Defined as:  No definitions.

                   No calls.  It is not called and does not use any procedure.

      Interface:   None

Name  Messages
----  --------
WINNEQ in MPI_CONSTANTS
      Defined as:  No definitions.

                   No calls.  It is not called and does not use any procedure.

      Interface:   None

Name  Messages
----  --------
__MAXVAL(Intrinsic)
      Defined as:  No definitions.

                   No calls.  It is not called and does not use any procedure.

      Interface:   None


%%%%%%%%%%%%%%%%%%%%%%%%%%%%%%%%%%%%%%%%%%%%%%%%%%%%%%%%%%%%%%%%%%%%%%%%%%%%%%%%
%%%%%%%%%%%%%%%%%%%%%%%%%%%%%%%%%%%%%%%%%%%%%%%%%%%%%%%%%%%%%%%%%%%%%%%%%%%%%%%%
