%%%%%%%%%%%%%%%%%%%%%%%%%%%%%%%%%%%%%%%%%%%%%%%%%%%%%%%%%%%%%%%%%%%%%%%%%%%%%%%%
                          S u m m a r y   R e p o r t
%%%%%%%%%%%%%%%%%%%%%%%%%%%%%%%%%%%%%%%%%%%%%%%%%%%%%%%%%%%%%%%%%%%%%%%%%%%%%%%%

Compilation
-----------
File     : /global/u2/b/bassem/gyro-EP/TRANSPOSE/fTRANSP_GLOBALS.f90
Compiled : 01/19/21  15:35:07
Compiler : Version 9.1.0
Ftnlx    : Version 9.1.0 
Target   : x86-64
Command  : ftn_driver.exe -hcpu=haswell -hdynamic -D__CRAYXC -D__CRAY_HASWELL
           -D__CRAYXT_COMPUTE_LINUX_TARGET -hnetwork=aries -hnoomp -em
           -J/global/homes/b/bassem/gyro-EP/modules -sreal64 -eD -Ktrap=fp -m1
           -Rbcdps -G0 -c fTRANSP_GLOBALS.f90
           -I/opt/cray/pe/cce/9.1.0/cce-clang/x86_64/lib/clang/9.0.0/include
           -I/opt/cray/pe/cce/9.1.0/cce/x86_64/include/craylibs -I/usr/include
           -I/usr/include -I/opt/cray/pe/fftw/3.3.8.4/haswell/include
           -I/opt/cray/pe/libsci/19.06.1/CRAY/9.0/x86_64/include
           -I/opt/cray/pe/mpt/7.7.10/gni/mpich-cray/9.0/include
           -I/opt/cray/pe/hdf5/1.10.5.2/cray/9.0/include
           -I/opt/cray/pe/netcdf/4.6.3.2/cray/9.0/include
           -I/opt/cray/rca/2.2.20-7.0.1.1_4.53__g8e3fb5b.ari/include
           -I/opt/cray/alps/6.6.58-7.0.1.1_6.10__g437d88db.ari/include
           -I/opt/cray/xpmem/2.2.20-7.0.1.1_4.14__g0475745.ari/include
           -I/opt/cray/gni-headers/5.0.12.0-7.0.1.1_6.32__g3b1768f.ari/include
           -I/opt/cray/dmapp/7.1.1-7.0.1.1_4.54__g38cf134.ari/include
           -I/opt/cray/pe/pmi/5.0.14/include
           -I/opt/cray/ugni/6.0.14.0-7.0.1.1_7.40__ge78e5b0.ari/include
           -I/opt/cray/udreg/2.3.2-7.0.1.1_3.38__g8175d3d.ari/include
           -I/opt/cray/wlm_detect/1.3.3-7.0.1.1_4.16__g7109084.ari/include
           -I/opt/cray/krca/2.2.6-7.0.1.1_5.39__gb641b12.ari/include
           -I/opt/cray-hss-devel/9.0.0/include
Program
  Units  : FTRANSP_GLOBALS

ftnlx report
------------
Source   : /global/u2/b/bassem/gyro-EP/TRANSPOSE/fTRANSP_GLOBALS.f90
Date     : 01/19/2021  15:35:07


%%%%%%%%%%%%%%%%%%%%%%%%%%%%%%%%%%%%%%%%%%%%%%%%%%%%%%%%%%%%%%%%%%%%%%%%%%%%%%%%
                          S o u r c e   L i s t i n g
%%%%%%%%%%%%%%%%%%%%%%%%%%%%%%%%%%%%%%%%%%%%%%%%%%%%%%%%%%%%%%%%%%%%%%%%%%%%%%%%

    1.    module fTRANSP_GLOBALS
    2.    
    3.      integer :: i_proc
    4.      integer :: n_proc
    5.      integer :: i_err
    6.    
    7.      integer :: s0 
    8.      integer :: s_dim
    9.    
   10.      integer :: i
   11.      integer :: j
   12.      integer :: k
   13.    
   14.      integer :: n_i
   15.      integer :: n_j
   16.      integer :: n_k
   17.      integer :: n_m
   18.    
   19.      integer :: n_ij
   20.      integer :: n_jk
   21.      integer :: p_ij
   22.      integer :: p_jk
   23.      integer :: n_ij_loc
   24.      integer :: n_jk_loc
   25.      integer :: p_ij_loc
   26.      integer :: p_jk_loc
   27.    
   28.      integer :: n_ijk
   29.    
   30.      integer :: i_recv
   31.      integer :: i_from
   32.    
   33.      complex, dimension(:,:,:), allocatable :: q_send
   34.      complex, dimension(:,:,:), allocatable :: q_recv
   35.    
   36.      integer, dimension(:), allocatable :: s
   37.    
   38.      integer, dimension(:,:), allocatable :: i_rc
   39.      integer, dimension(:,:), allocatable :: jk
   40.      integer, dimension(:,:), allocatable :: ij
   41.      integer, dimension(:), allocatable :: i_ij,j_ij
   42.      integer, dimension(:), allocatable :: j_jk,k_jk
   43.    
   44.      integer, dimension(:,:), allocatable :: i_map
   45.      integer, dimension(:,:), allocatable :: p_jk_loc_map
   46.      integer, dimension(:,:), allocatable :: i_map2
   47.      integer, dimension(:,:), allocatable :: p_jk_loc_map2
   48.    
   49.      integer :: TRANSP_COMM
   50.    
   51.    end module fTRANSP_GLOBALS


%%%%%%%%%%%%%%%%%%%%%%%%%%%%%%%%%%%%%%%%%%%%%%%%%%%%%%%%%%%%%%%%%%%%%%%%%%%%%%%%
                         E x t e r n a l   R e p o r t
%%%%%%%%%%%%%%%%%%%%%%%%%%%%%%%%%%%%%%%%%%%%%%%%%%%%%%%%%%%%%%%%%%%%%%%%%%%%%%%%

Name  Messages
----  --------
FTRANSP_GLOBALS
      Defined as:  Module (line 1, file fTRANSP_GLOBALS.f90)

                   Does not use any module and is not used by any procedure.


%%%%%%%%%%%%%%%%%%%%%%%%%%%%%%%%%%%%%%%%%%%%%%%%%%%%%%%%%%%%%%%%%%%%%%%%%%%%%%%%
%%%%%%%%%%%%%%%%%%%%%%%%%%%%%%%%%%%%%%%%%%%%%%%%%%%%%%%%%%%%%%%%%%%%%%%%%%%%%%%%
