%%%%%%%%%%%%%%%%%%%%%%%%%%%%%%%%%%%%%%%%%%%%%%%%%%%%%%%%%%%%%%%%%%%%%%%%%%%%%%%%
                          S u m m a r y   R e p o r t
%%%%%%%%%%%%%%%%%%%%%%%%%%%%%%%%%%%%%%%%%%%%%%%%%%%%%%%%%%%%%%%%%%%%%%%%%%%%%%%%

Compilation
-----------
File     : /global/u2/b/bassem/gyro-EP/TRANSPOSE/rTRANSP_INIT.f90
Compiled : 01/19/21  15:35:08
Compiler : Version 9.1.0
Ftnlx    : Version 9.1.0 
Target   : x86-64
Command  : ftn_driver.exe -hcpu=haswell -hdynamic -D__CRAYXC -D__CRAY_HASWELL
           -D__CRAYXT_COMPUTE_LINUX_TARGET -hnetwork=aries -hnoomp -em
           -J/global/homes/b/bassem/gyro-EP/modules -sreal64 -eD -Ktrap=fp -m1
           -Rbcdps -G0 -c rTRANSP_INIT.f90
           -I/opt/cray/pe/cce/9.1.0/cce-clang/x86_64/lib/clang/9.0.0/include
           -I/opt/cray/pe/cce/9.1.0/cce/x86_64/include/craylibs -I/usr/include
           -I/usr/include -I/opt/cray/pe/fftw/3.3.8.4/haswell/include
           -I/opt/cray/pe/libsci/19.06.1/CRAY/9.0/x86_64/include
           -I/opt/cray/pe/mpt/7.7.10/gni/mpich-cray/9.0/include
           -I/opt/cray/pe/hdf5/1.10.5.2/cray/9.0/include
           -I/opt/cray/pe/netcdf/4.6.3.2/cray/9.0/include
           -I/opt/cray/rca/2.2.20-7.0.1.1_4.53__g8e3fb5b.ari/include
           -I/opt/cray/alps/6.6.58-7.0.1.1_6.10__g437d88db.ari/include
           -I/opt/cray/xpmem/2.2.20-7.0.1.1_4.14__g0475745.ari/include
           -I/opt/cray/gni-headers/5.0.12.0-7.0.1.1_6.32__g3b1768f.ari/include
           -I/opt/cray/dmapp/7.1.1-7.0.1.1_4.54__g38cf134.ari/include
           -I/opt/cray/pe/pmi/5.0.14/include
           -I/opt/cray/ugni/6.0.14.0-7.0.1.1_7.40__ge78e5b0.ari/include
           -I/opt/cray/udreg/2.3.2-7.0.1.1_3.38__g8175d3d.ari/include
           -I/opt/cray/wlm_detect/1.3.3-7.0.1.1_4.16__g7109084.ari/include
           -I/opt/cray/krca/2.2.6-7.0.1.1_5.39__gb641b12.ari/include
           -I/opt/cray-hss-devel/9.0.0/include
Program
  Units  : RTRANSP_INIT

ftnlx report
------------
Source   : /global/u2/b/bassem/gyro-EP/TRANSPOSE/rTRANSP_INIT.f90
Date     : 01/19/2021  15:35:08


%%%%%%%%%%%%%%%%%%%%%%%%%%%%%%%%%%%%%%%%%%%%%%%%%%%%%%%%%%%%%%%%%%%%%%%%%%%%%%%%
                          S o u r c e   L i s t i n g
%%%%%%%%%%%%%%%%%%%%%%%%%%%%%%%%%%%%%%%%%%%%%%%%%%%%%%%%%%%%%%%%%%%%%%%%%%%%%%%%

    1.    !------------------------------------------------------
    2.    ! rTRANSP_INIT.f90
    3.    !
    4.    ! PURPOSE:
    5.    !  Initialization stage for calls rTRANSP.
    6.    !
    7.    ! NOTES:
    8.    !  Communication routine originally used in old GYRO.
    9.    !------------------------------------------------------
   10.    
   11.    subroutine rTRANSP_INIT(n0_i,n0_j,n0_k,n0_m,COMM)
   12.    
   13.      use mpi
   14.      use rTRANSP_GLOBALS
   15.    
   16.      implicit none
   17.    
   18.      integer, intent(in) :: n0_i
   19.      integer, intent(in) :: n0_j
   20.      integer, intent(in) :: n0_k
   21.      integer, intent(in) :: n0_m
   22.      integer, intent(in) :: COMM
   23.    
   24.      integer, external :: parallel_dim
   25.    
   26.    
   27.      TRANSP_COMM = COMM
   28.    
   29.      !----------------------------------------------
   30.      ! Get rank and number of processors from 
   31.      ! MPI_COMM_WORLD (which is assumed to already 
   32.      ! exist).
   33.      !
   34.      call MPI_COMM_RANK(TRANSP_COMM,i_proc,i_err)
   35.      call MPI_COMM_SIZE(TRANSP_COMM,n_proc,i_err)
   36.      !
   37.      !-----------------------------------------------
   38.    
   39.      !----------------------------
   40.      ! Allocate send-pointer array 
   41.      !
   42.      allocate(s(0:n_proc-1))
   43.      !
   44.      !----------------------------
   45.    
   46.      n_i = n0_i
   47.      n_j = n0_j
   48.      n_k = n0_k
   49.      n_m = n0_m
   50.    
   51.      n_ij = n_i*n_j
   52.      n_ki = n_k*n_i
   53.    
   54.      n_ij_loc = parallel_dim(n_ij,n_proc)
   55.      n_ki_loc = parallel_dim(n_ki,n_proc)
   56.    
   57.      !----------------------------------
   58.      ! Pointer alocation and definitions
   59.      !
   60.      allocate(ij(n_i,n_j))
   61.      allocate(i_ij(n_ij))
   62.      allocate(j_ij(n_ij))
   63.      !
   64.      p_ij = 0
   65.      do i=1,n_i
   66.         do j=1,n_j
   67.            p_ij = p_ij+1
   68.            ij(i,j) = p_ij
   69.            i_ij(p_ij) = i
   70.            j_ij(p_ij) = j
   71.         enddo
   72.      enddo
   73.      !
   74.      allocate(ki(n_k,n_i))
   75.      allocate(i_rc(n_k,n_i))
   76.      allocate(k_ki(n_ki))
   77.      allocate(i_ki(n_ki))
   78.      !
   79.      p_ki = 0
   80.      do k=1,n_k
   81.         do i=1,n_i
   82.            p_ki = p_ki+1
   83.            ki(k,i) = p_ki
   84.            k_ki(p_ki) = k
   85.            i_ki(p_ki) = i
   86.         enddo
   87.      enddo
   88.      !
   89.      !-----------------------------------
   90.    
   91.    
   92.      !-----------------------------------------
   93.      ! Compute maximum length of send-pointer 
   94.      ! array, s.
   95.      ! 
   96.      s = 0 
ftn-6204 ftn: VECTOR RTRANSP_INIT, File = rTRANSP_INIT.f90, Line = 96 
  A loop starting at line 96 was vectorized.

   97.      do p_ij=1,n_ij,n_proc
   98.         i = i_ij(p_ij)
   99.         do k=1,n_k
  100.            p_ki = ki(k,i)
  101.            i_recv = modulo(p_ki-1,n_proc)
  102.            s(i_recv) = s(i_recv)+1
  103.         enddo ! k
  104.      enddo ! p_ij
  105.      !
  106.      s_dim = maxval(s)
ftn-6297 ftn: VECTOR RTRANSP_INIT, File = rTRANSP_INIT.f90, Line = 106 
  A loop starting at line 106 was not vectorized because a recurrence was found at line 106.

  107.      !
  108.      !------------------------------------------
  109.    
  110.    
  111.      !-----------------------------------------
  112.      ! Allocate send and receive package arrays
  113.      ! (deallocated in TRANSP_CLEANUP)
  114.      !
  115.      allocate(q_send(n_m,s_dim,0:n_proc-1))
  116.      allocate(q_recv(n_m,s_dim,0:n_proc-1))
  117.      !
  118.      !-----------------------------------------
  119.    
  120.    
  121.      !--------------------------------------------------
  122.      ! Build mapping arrays i_map, p_jk_loc_map
  123.      !
  124.      allocate(j_map(s_dim,0:n_proc-1))
  125.      allocate(p_ki_loc_map(s_dim,0:n_proc-1))
  126.      allocate(j_map2(s_dim,0:n_proc-1))
  127.      allocate(p_ki_loc_map2(s_dim,0:n_proc-1))
  128.    
  129.      j_map = 0
ftn-6209 ftn: VECTOR RTRANSP_INIT, File = rTRANSP_INIT.f90, Line = 129 
  A loop starting at line 129 was partially vectorized.

  130.      p_ki_loc_map = 0
ftn-6209 ftn: VECTOR RTRANSP_INIT, File = rTRANSP_INIT.f90, Line = 130 
  A loop starting at line 130 was partially vectorized.

  131.    
  132.      s = 0
ftn-6204 ftn: VECTOR RTRANSP_INIT, File = rTRANSP_INIT.f90, Line = 132 
  A loop starting at line 132 was vectorized.

  133.      p_ij_loc = 0
  134.      do p_ij=1+i_proc,n_ij,n_proc
  135.    
  136.         j = j_ij(p_ij)
  137.         i = i_ij(p_ij)
  138.         p_ij_loc = p_ij_loc+1
  139.    
  140.         do k=1,n_k
  141.    
  142.            p_ki      = ki(k,i)
  143.            p_ki_loc  = (p_ki-1)/n_proc+1 
  144.            i_recv    = modulo(p_ki-1,n_proc)
  145.            s(i_recv) = s(i_recv)+1
  146.    
  147.            j_map(s(i_recv),i_recv) = j
  148.            p_ki_loc_map(s(i_recv),i_recv) = p_ki_loc
  149.    
  150.         enddo ! k
  151.    
  152.      enddo ! p_ij
  153.      !
  154.      !--------------------------------------------------
  155.    
  156.      call MPI_ALLTOALL(j_map, &
  157.           s_dim, &
  158.           MPI_INTEGER, &
  159.           j_map2, &
  160.           s_dim, &
  161.           MPI_INTEGER, &
  162.           TRANSP_COMM, &
  163.           i_err)
  164.    
  165.      call MPI_ALLTOALL(p_ki_loc_map, &
  166.           s_dim, &
  167.           MPI_INTEGER, &
  168.           p_ki_loc_map2, &
  169.           s_dim, &
  170.           MPI_INTEGER, &
  171.           TRANSP_COMM, &
  172.           i_err)
  173.    
  174.    
  175.      j_map = j_map2
ftn-6209 ftn: VECTOR RTRANSP_INIT, File = rTRANSP_INIT.f90, Line = 175 
  A loop starting at line 175 was partially vectorized.

  176.      p_ki_loc_map = p_ki_loc_map2
ftn-6209 ftn: VECTOR RTRANSP_INIT, File = rTRANSP_INIT.f90, Line = 176 
  A loop starting at line 176 was partially vectorized.

  177.    
  178.      deallocate(j_map2)
  179.      deallocate(p_ki_loc_map2)
  180.    
  181.      do p_ij=1+i_proc,n_ij,n_proc
  182.    
  183.         i = i_ij(p_ij)
  184.    
  185.         do k=1,n_k
  186.            i_rc(k,i) = modulo(ki(k,i)-1,n_proc)
  187.         enddo ! k
  188.    
  189.      enddo ! p_ij
  190.    
  191.    
  192.    end subroutine rTRANSP_INIT
  193.    


%%%%%%%%%%%%%%%%%%%%%%%%%%%%%%%%%%%%%%%%%%%%%%%%%%%%%%%%%%%%%%%%%%%%%%%%%%%%%%%%
                     C o m m o n   B l o c k   R e p o r t
%%%%%%%%%%%%%%%%%%%%%%%%%%%%%%%%%%%%%%%%%%%%%%%%%%%%%%%%%%%%%%%%%%%%%%%%%%%%%%%%

Blk  Program Unit                     Messages
---  ------------                     --------
/MPIFCMB5/                            Length: 4 bytes

     RTRANSP_INIT                     Block is used from MPI_CONSTANTS

Blk  Program Unit                     Messages
---  ------------                     --------
/MPIFCMB9/                            Length: 4 bytes

     RTRANSP_INIT                     Block is used from MPI_CONSTANTS

Blk  Program Unit                     Messages
---  ------------                     --------
/MPIPRIV1/                            Length: 28 bytes

     RTRANSP_INIT                     Block is used from MPI_CONSTANTS

Blk  Program Unit                     Messages
---  ------------                     --------
/MPIPRIV2/                            Length: 24 bytes

     RTRANSP_INIT                     Block is used from MPI_CONSTANTS

Blk  Program Unit                     Messages
---  ------------                     --------
/MPIPRIVC/                            Length: 2 bytes

     RTRANSP_INIT                     Block is used from MPI_CONSTANTS


%%%%%%%%%%%%%%%%%%%%%%%%%%%%%%%%%%%%%%%%%%%%%%%%%%%%%%%%%%%%%%%%%%%%%%%%%%%%%%%%
                         E x t e r n a l   R e p o r t
%%%%%%%%%%%%%%%%%%%%%%%%%%%%%%%%%%%%%%%%%%%%%%%%%%%%%%%%%%%%%%%%%%%%%%%%%%%%%%%%

Name  Messages
----  --------
COMMEQ in MPI_CONSTANTS
      Defined as:  No definitions.

                   No calls.  It is not called and does not use any procedure.

      Interface:   None

Name  Messages
----  --------
COMMNEQ in MPI_CONSTANTS
      Defined as:  No definitions.

                   No calls.  It is not called and does not use any procedure.

      Interface:   None

Name  Messages
----  --------
DATATYPEEQ in MPI_CONSTANTS
      Defined as:  No definitions.

                   No calls.  It is not called and does not use any procedure.

      Interface:   None

Name  Messages
----  --------
DATATYPENEQ in MPI_CONSTANTS
      Defined as:  No definitions.

                   No calls.  It is not called and does not use any procedure.

      Interface:   None

Name  Messages
----  --------
ERRHANDLEREQ in MPI_CONSTANTS
      Defined as:  No definitions.

                   No calls.  It is not called and does not use any procedure.

      Interface:   None

Name  Messages
----  --------
ERRHANDLERNEQ in MPI_CONSTANTS
      Defined as:  No definitions.

                   No calls.  It is not called and does not use any procedure.

      Interface:   None

Name  Messages
----  --------
FILEEQ in MPI_CONSTANTS
      Defined as:  No definitions.

                   No calls.  It is not called and does not use any procedure.

      Interface:   None

Name  Messages
----  --------
FILENEQ in MPI_CONSTANTS
      Defined as:  No definitions.

                   No calls.  It is not called and does not use any procedure.

      Interface:   None

Name  Messages
----  --------
GROUPEQ in MPI_CONSTANTS
      Defined as:  No definitions.

                   No calls.  It is not called and does not use any procedure.

      Interface:   None

Name  Messages
----  --------
GROUPNEQ in MPI_CONSTANTS
      Defined as:  No definitions.

                   No calls.  It is not called and does not use any procedure.

      Interface:   None

Name  Messages
----  --------
INFOEQ in MPI_CONSTANTS
      Defined as:  No definitions.

                   No calls.  It is not called and does not use any procedure.

      Interface:   None

Name  Messages
----  --------
INFONEQ in MPI_CONSTANTS
      Defined as:  No definitions.

                   No calls.  It is not called and does not use any procedure.

      Interface:   None

Name  Messages
----  --------
MAXVAL(Intrinsic)
      Defined as:  No definitions.

      Interface:   None

      Called By:   RTRANSP_INIT (Line 106, file rTRANSP_INIT.f90)

Name  Messages
----  --------
MESSAGEEQ in MPI_CONSTANTS
      Defined as:  No definitions.

                   No calls.  It is not called and does not use any procedure.

      Interface:   None

Name  Messages
----  --------
MESSAGENEQ in MPI_CONSTANTS
      Defined as:  No definitions.

                   No calls.  It is not called and does not use any procedure.

      Interface:   None

Name  Messages
----  --------
MODULO(Intrinsic)
      Defined as:  No definitions.

      Interface:   None

      Called By:   RTRANSP_INIT (Line 101, file rTRANSP_INIT.f90)
                   RTRANSP_INIT (Line 144, file rTRANSP_INIT.f90)
                   RTRANSP_INIT (Line 186, file rTRANSP_INIT.f90)

Name  Messages
----  --------
MPI
      Defined as:  No definitions.

      Used By:     RTRANSP_INIT

Name  Messages
----  --------
MPI_ALLTOALL
      Defined as:  No definitions.

                   No calls.  It is not called and does not use any procedure.

      Interface:   None

Name  Messages
----  --------
MPI_BASE
      Defined as:  No definitions.

      Used By:     RTRANSP_INIT  (indirectly)

Name  Messages
----  --------
MPI_COMM_RANK
      Defined as:  No definitions.

      Interface:   None

      Called By:   RTRANSP_INIT (Line 34, file rTRANSP_INIT.f90)

Name  Messages
----  --------
MPI_COMM_SIZE
      Defined as:  No definitions.

      Interface:   None

      Called By:   RTRANSP_INIT (Line 35, file rTRANSP_INIT.f90)

Name  Messages
----  --------
MPI_CONSTANTS
      Defined as:  No definitions.

      Used By:     RTRANSP_INIT  (indirectly)

Name  Messages
----  --------
MPI_SIZEOFS
      Defined as:  No definitions.

      Used By:     RTRANSP_INIT  (indirectly)

Name  Messages
----  --------
MPI_SIZEOF_CH in MPI_SIZEOFS
      Defined as:  No definitions.

                   No calls.  It is not called and does not use any procedure.

      Interface:   None

Name  Messages
----  --------
MPI_SIZEOF_CHV in MPI_SIZEOFS
      Defined as:  No definitions.

                   No calls.  It is not called and does not use any procedure.

      Interface:   None

Name  Messages
----  --------
MPI_SIZEOF_CX in MPI_SIZEOFS
      Defined as:  No definitions.

                   No calls.  It is not called and does not use any procedure.

      Interface:   None

Name  Messages
----  --------
MPI_SIZEOF_CXV in MPI_SIZEOFS
      Defined as:  No definitions.

                   No calls.  It is not called and does not use any procedure.

      Interface:   None

Name  Messages
----  --------
MPI_SIZEOF_D in MPI_SIZEOFS
      Defined as:  No definitions.

                   No calls.  It is not called and does not use any procedure.

      Interface:   None

Name  Messages
----  --------
MPI_SIZEOF_DV in MPI_SIZEOFS
      Defined as:  No definitions.

                   No calls.  It is not called and does not use any procedure.

      Interface:   None

Name  Messages
----  --------
MPI_SIZEOF_I in MPI_SIZEOFS
      Defined as:  No definitions.

                   No calls.  It is not called and does not use any procedure.

      Interface:   None

Name  Messages
----  --------
MPI_SIZEOF_I1 in MPI_SIZEOFS
      Defined as:  No definitions.

                   No calls.  It is not called and does not use any procedure.

      Interface:   None

Name  Messages
----  --------
MPI_SIZEOF_I1V in MPI_SIZEOFS
      Defined as:  No definitions.

                   No calls.  It is not called and does not use any procedure.

      Interface:   None

Name  Messages
----  --------
MPI_SIZEOF_I2 in MPI_SIZEOFS
      Defined as:  No definitions.

                   No calls.  It is not called and does not use any procedure.

      Interface:   None

Name  Messages
----  --------
MPI_SIZEOF_I2V in MPI_SIZEOFS
      Defined as:  No definitions.

                   No calls.  It is not called and does not use any procedure.

      Interface:   None

Name  Messages
----  --------
MPI_SIZEOF_I8 in MPI_SIZEOFS
      Defined as:  No definitions.

                   No calls.  It is not called and does not use any procedure.

      Interface:   None

Name  Messages
----  --------
MPI_SIZEOF_I8V in MPI_SIZEOFS
      Defined as:  No definitions.

                   No calls.  It is not called and does not use any procedure.

      Interface:   None

Name  Messages
----  --------
MPI_SIZEOF_IV in MPI_SIZEOFS
      Defined as:  No definitions.

                   No calls.  It is not called and does not use any procedure.

      Interface:   None

Name  Messages
----  --------
MPI_SIZEOF_L in MPI_SIZEOFS
      Defined as:  No definitions.

                   No calls.  It is not called and does not use any procedure.

      Interface:   None

Name  Messages
----  --------
MPI_SIZEOF_LV in MPI_SIZEOFS
      Defined as:  No definitions.

                   No calls.  It is not called and does not use any procedure.

      Interface:   None

Name  Messages
----  --------
MPI_SIZEOF_R in MPI_SIZEOFS
      Defined as:  No definitions.

                   No calls.  It is not called and does not use any procedure.

      Interface:   None

Name  Messages
----  --------
MPI_SIZEOF_RV in MPI_SIZEOFS
      Defined as:  No definitions.

                   No calls.  It is not called and does not use any procedure.

      Interface:   None

Name  Messages
----  --------
OPEQ in MPI_CONSTANTS
      Defined as:  No definitions.

                   No calls.  It is not called and does not use any procedure.

      Interface:   None

Name  Messages
----  --------
OPNEQ in MPI_CONSTANTS
      Defined as:  No definitions.

                   No calls.  It is not called and does not use any procedure.

      Interface:   None

Name  Messages
----  --------
PARALLEL_DIM
      Defined as:  No definitions.

      Interface:   None

      Called By:   RTRANSP_INIT (Line 54, file rTRANSP_INIT.f90)
                   RTRANSP_INIT (Line 55, file rTRANSP_INIT.f90)

Name  Messages
----  --------
REQUESTEQ in MPI_CONSTANTS
      Defined as:  No definitions.

                   No calls.  It is not called and does not use any procedure.

      Interface:   None

Name  Messages
----  --------
REQUESTNEQ in MPI_CONSTANTS
      Defined as:  No definitions.

                   No calls.  It is not called and does not use any procedure.

      Interface:   None

Name  Messages
----  --------
RTRANSP_GLOBALS
      Defined as:  No definitions.

      Used By:     RTRANSP_INIT

Name  Messages
----  --------
RTRANSP_INIT
      Defined as:  Subroutine (line 11, file rTRANSP_INIT.f90)

      Interface:   None

      Calls:       PARALLEL_DIM (Line 54, file rTRANSP_INIT.f90)
                   PARALLEL_DIM (Line 55, file rTRANSP_INIT.f90)
                   MPI_COMM_RANK (Line 34, file rTRANSP_INIT.f90)
                   MPI_COMM_SIZE (Line 35, file rTRANSP_INIT.f90)
                   MODULO(Intrinsic) (Line 101, file rTRANSP_INIT.f90)
                   MODULO(Intrinsic) (Line 144, file rTRANSP_INIT.f90)
                   MODULO(Intrinsic) (Line 186, file rTRANSP_INIT.f90)
                   MAXVAL(Intrinsic) (Line 106, file rTRANSP_INIT.f90)

        Uses:      MPI
                   MPI_BASE  (indirectly)
                   MPI_SIZEOFS  (indirectly)
                   MPI_CONSTANTS  (indirectly)
                   RTRANSP_GLOBALS

Name  Messages
----  --------
WINEQ in MPI_CONSTANTS
      Defined as:  No definitions.

                   No calls.  It is not called and does not use any procedure.

      Interface:   None

Name  Messages
----  --------
WINNEQ in MPI_CONSTANTS
      Defined as:  No definitions.

                   No calls.  It is not called and does not use any procedure.

      Interface:   None

Name  Messages
----  --------
__MAXVAL(Intrinsic)
      Defined as:  No definitions.

                   No calls.  It is not called and does not use any procedure.

      Interface:   None


%%%%%%%%%%%%%%%%%%%%%%%%%%%%%%%%%%%%%%%%%%%%%%%%%%%%%%%%%%%%%%%%%%%%%%%%%%%%%%%%
%%%%%%%%%%%%%%%%%%%%%%%%%%%%%%%%%%%%%%%%%%%%%%%%%%%%%%%%%%%%%%%%%%%%%%%%%%%%%%%%
