%%%%%%%%%%%%%%%%%%%%%%%%%%%%%%%%%%%%%%%%%%%%%%%%%%%%%%%%%%%%%%%%%%%%%%%%%%%%%%%%
                          S u m m a r y   R e p o r t
%%%%%%%%%%%%%%%%%%%%%%%%%%%%%%%%%%%%%%%%%%%%%%%%%%%%%%%%%%%%%%%%%%%%%%%%%%%%%%%%

Compilation
-----------
File     : /global/u2/b/bassem/gyro-EP/BLEND/BLEND_Fp.f90
Compiled : 01/19/21  15:35:06
Compiler : Version 9.1.0
Ftnlx    : Version 9.1.0 
Target   : x86-64
Command  : ftn_driver.exe -hcpu=haswell -hdynamic -D__CRAYXC -D__CRAY_HASWELL
           -D__CRAYXT_COMPUTE_LINUX_TARGET -hnetwork=aries -hnoomp -em
           -J/global/homes/b/bassem/gyro-EP/modules -sreal64 -eD -Ktrap=fp -m1
           -Rbcdps -G0 -c BLEND_Fp.f90
           -I/opt/cray/pe/cce/9.1.0/cce-clang/x86_64/lib/clang/9.0.0/include
           -I/opt/cray/pe/cce/9.1.0/cce/x86_64/include/craylibs -I/usr/include
           -I/usr/include -I/opt/cray/pe/fftw/3.3.8.4/haswell/include
           -I/opt/cray/pe/libsci/19.06.1/CRAY/9.0/x86_64/include
           -I/opt/cray/pe/mpt/7.7.10/gni/mpich-cray/9.0/include
           -I/opt/cray/pe/hdf5/1.10.5.2/cray/9.0/include
           -I/opt/cray/pe/netcdf/4.6.3.2/cray/9.0/include
           -I/opt/cray/rca/2.2.20-7.0.1.1_4.53__g8e3fb5b.ari/include
           -I/opt/cray/alps/6.6.58-7.0.1.1_6.10__g437d88db.ari/include
           -I/opt/cray/xpmem/2.2.20-7.0.1.1_4.14__g0475745.ari/include
           -I/opt/cray/gni-headers/5.0.12.0-7.0.1.1_6.32__g3b1768f.ari/include
           -I/opt/cray/dmapp/7.1.1-7.0.1.1_4.54__g38cf134.ari/include
           -I/opt/cray/pe/pmi/5.0.14/include
           -I/opt/cray/ugni/6.0.14.0-7.0.1.1_7.40__ge78e5b0.ari/include
           -I/opt/cray/udreg/2.3.2-7.0.1.1_3.38__g8175d3d.ari/include
           -I/opt/cray/wlm_detect/1.3.3-7.0.1.1_4.16__g7109084.ari/include
           -I/opt/cray/krca/2.2.6-7.0.1.1_5.39__gb641b12.ari/include
           -I/opt/cray-hss-devel/9.0.0/include
Program
  Units  : BLEND_FP

ftnlx report
------------
Source   : /global/u2/b/bassem/gyro-EP/BLEND/BLEND_Fp.f90
Date     : 01/19/2021  15:35:06


%%%%%%%%%%%%%%%%%%%%%%%%%%%%%%%%%%%%%%%%%%%%%%%%%%%%%%%%%%%%%%%%%%%%%%%%%%%%%%%%
                          S o u r c e   L i s t i n g
%%%%%%%%%%%%%%%%%%%%%%%%%%%%%%%%%%%%%%%%%%%%%%%%%%%%%%%%%%%%%%%%%%%%%%%%%%%%%%%%

    1.    !-----------------------------------------------------
    2.    ! BLEND_Fp.f90
    3.    !
    4.    ! PURPOSE:
    5.    !  Evaluate blending function derivative.  
    6.    !------------------------------------------------------
    7.    
    8.    complex function BLEND_Fp(m,x,p_IN) result (f)
    9.    
   10.      use BLEND_private
   11.    
   12.      implicit none
   13.    
   14.      complex, intent(in) :: p_IN
   15.    
   16.      real, intent(in) :: x
   17.      integer, intent(in) :: m
   18.    
   19.      real :: t
   20.      real :: a
   21.    
   22.      real, external :: BLEND_f2p
   23.      real, external :: BLEND_f3p
   24.      real, external :: BLEND_f4p
   25.    
   26.    
   27.      t = (x+1.0)/d
   28.    
   29.      ! EVALUATION OF computed blending function:
   30.      !
   31.      ! use f = fn(m)+phase*fn(m+n_fit) 
   32.    
   33.      select case (n)
   34.    
   35.      case (2)
   36.    
   37.         f = BLEND_f2p(m-n,t)+p_IN*BLEND_f2p(m-n+n_fit,t)
   38.    
   39.      case (3)
   40.    
   41.         f = BLEND_f3p(m-n,t)+p_IN*BLEND_f3p(m-n+n_fit,t)
   42.    
   43.      case (4)
   44.    
   45.         f = BLEND_f4p(m-n,t)+p_IN*BLEND_f4p(m-n+n_fit,t)
   46.    
   47.      case default
   48.    
   49.         ! This code is meant to cause GYRO to fail.
   50.         ! This is done, rather than simply calling 
   51.         ! catch_error(), as a workaround to enable
   52.         ! the X1 to vectorize.
   53.    
   54.         a = 0.0
   55.         a = 1.0/a
   56.         t = 1.0/a
   57.         f = a*t
   58.    
   59.      end select
   60.    
   61.      ! Scale derivative (d/dx)
   62.    
   63.      f = f/d
   64.    
   65.    end function BLEND_Fp


%%%%%%%%%%%%%%%%%%%%%%%%%%%%%%%%%%%%%%%%%%%%%%%%%%%%%%%%%%%%%%%%%%%%%%%%%%%%%%%%
                         E x t e r n a l   R e p o r t
%%%%%%%%%%%%%%%%%%%%%%%%%%%%%%%%%%%%%%%%%%%%%%%%%%%%%%%%%%%%%%%%%%%%%%%%%%%%%%%%

Name  Messages
----  --------
BLEND_F2P
      Defined as:  No definitions.

      Interface:   None

      Called By:   BLEND_FP (Line 37, file BLEND_Fp.f90)
                   BLEND_FP (Line 37, file BLEND_Fp.f90)

Name  Messages
----  --------
BLEND_F3P
      Defined as:  No definitions.

      Interface:   None

      Called By:   BLEND_FP (Line 41, file BLEND_Fp.f90)
                   BLEND_FP (Line 41, file BLEND_Fp.f90)

Name  Messages
----  --------
BLEND_F4P
      Defined as:  No definitions.

      Interface:   None

      Called By:   BLEND_FP (Line 45, file BLEND_Fp.f90)
                   BLEND_FP (Line 45, file BLEND_Fp.f90)

Name  Messages
----  --------
BLEND_FP
      Defined as:  Function (line 8, file BLEND_Fp.f90)

      Interface:   None

      Calls:       BLEND_F2P (Line 37, file BLEND_Fp.f90)
                   BLEND_F2P (Line 37, file BLEND_Fp.f90)
                   BLEND_F3P (Line 41, file BLEND_Fp.f90)
                   BLEND_F3P (Line 41, file BLEND_Fp.f90)
                   BLEND_F4P (Line 45, file BLEND_Fp.f90)
                   BLEND_F4P (Line 45, file BLEND_Fp.f90)

        Uses:      BLEND_PRIVATE

Name  Messages
----  --------
BLEND_PRIVATE
      Defined as:  No definitions.

      Used By:     BLEND_FP


%%%%%%%%%%%%%%%%%%%%%%%%%%%%%%%%%%%%%%%%%%%%%%%%%%%%%%%%%%%%%%%%%%%%%%%%%%%%%%%%
%%%%%%%%%%%%%%%%%%%%%%%%%%%%%%%%%%%%%%%%%%%%%%%%%%%%%%%%%%%%%%%%%%%%%%%%%%%%%%%%
