%%%%%%%%%%%%%%%%%%%%%%%%%%%%%%%%%%%%%%%%%%%%%%%%%%%%%%%%%%%%%%%%%%%%%%%%%%%%%%%%
                          S u m m a r y   R e p o r t
%%%%%%%%%%%%%%%%%%%%%%%%%%%%%%%%%%%%%%%%%%%%%%%%%%%%%%%%%%%%%%%%%%%%%%%%%%%%%%%%

Compilation
-----------
File     : /global/u2/b/bassem/gyro-EP/BLEND/BLEND_F.f90
Compiled : 01/19/21  15:35:06
Compiler : Version 9.1.0
Ftnlx    : Version 9.1.0 
Target   : x86-64
Command  : ftn_driver.exe -hcpu=haswell -hdynamic -D__CRAYXC -D__CRAY_HASWELL
           -D__CRAYXT_COMPUTE_LINUX_TARGET -hnetwork=aries -hnoomp -em
           -J/global/homes/b/bassem/gyro-EP/modules -sreal64 -eD -Ktrap=fp -m1
           -Rbcdps -G0 -c BLEND_F.f90
           -I/opt/cray/pe/cce/9.1.0/cce-clang/x86_64/lib/clang/9.0.0/include
           -I/opt/cray/pe/cce/9.1.0/cce/x86_64/include/craylibs -I/usr/include
           -I/usr/include -I/opt/cray/pe/fftw/3.3.8.4/haswell/include
           -I/opt/cray/pe/libsci/19.06.1/CRAY/9.0/x86_64/include
           -I/opt/cray/pe/mpt/7.7.10/gni/mpich-cray/9.0/include
           -I/opt/cray/pe/hdf5/1.10.5.2/cray/9.0/include
           -I/opt/cray/pe/netcdf/4.6.3.2/cray/9.0/include
           -I/opt/cray/rca/2.2.20-7.0.1.1_4.53__g8e3fb5b.ari/include
           -I/opt/cray/alps/6.6.58-7.0.1.1_6.10__g437d88db.ari/include
           -I/opt/cray/xpmem/2.2.20-7.0.1.1_4.14__g0475745.ari/include
           -I/opt/cray/gni-headers/5.0.12.0-7.0.1.1_6.32__g3b1768f.ari/include
           -I/opt/cray/dmapp/7.1.1-7.0.1.1_4.54__g38cf134.ari/include
           -I/opt/cray/pe/pmi/5.0.14/include
           -I/opt/cray/ugni/6.0.14.0-7.0.1.1_7.40__ge78e5b0.ari/include
           -I/opt/cray/udreg/2.3.2-7.0.1.1_3.38__g8175d3d.ari/include
           -I/opt/cray/wlm_detect/1.3.3-7.0.1.1_4.16__g7109084.ari/include
           -I/opt/cray/krca/2.2.6-7.0.1.1_5.39__gb641b12.ari/include
           -I/opt/cray-hss-devel/9.0.0/include
Program
  Units  : BLEND_F

ftnlx report
------------
Source   : /global/u2/b/bassem/gyro-EP/BLEND/BLEND_F.f90
Date     : 01/19/2021  15:35:06


%%%%%%%%%%%%%%%%%%%%%%%%%%%%%%%%%%%%%%%%%%%%%%%%%%%%%%%%%%%%%%%%%%%%%%%%%%%%%%%%
                          S o u r c e   L i s t i n g
%%%%%%%%%%%%%%%%%%%%%%%%%%%%%%%%%%%%%%%%%%%%%%%%%%%%%%%%%%%%%%%%%%%%%%%%%%%%%%%%

    1.    !-----------------------------------------------------
    2.    ! BLEND_F.f90
    3.    !
    4.    ! PURPOSE:
    5.    !  Evaluate blending function basis vectors.  
    6.    !
    7.    ! REVISIONS
    8.    ! 14 Jan 01: jeff.candy@gat.com
    9.    !  Created.
   10.    ! 05 Sept 01: jc
   11.    !  Renamed.
   12.    !------------------------------------------------------
   13.    
   14.    complex function BLEND_F(m,x,p_IN) result (f)
   15.    
   16.      use BLEND_private
   17.    
   18.      implicit none
   19.    
   20.      complex, intent(in) :: p_IN
   21.    
   22.      real, intent(in) :: x
   23.      integer, intent(in) :: m
   24.    
   25.      real :: t
   26.      real :: a
   27.    
   28.      real, external :: BLEND_f2
   29.      real, external :: BLEND_f3
   30.      real, external :: BLEND_f4
   31.    
   32.    
   33.      t = (x+1.0)/d
   34.    
   35.      ! EVALUATION OF computed blending function:
   36.      !
   37.      ! use f = fn(m)+phase*fn(m+n_fit) 
   38.    
   39.      select case (n)
   40.    
   41.      case (2)
   42.    
   43.         f = BLEND_f2(m-n,t)+p_IN*BLEND_f2(m-n+n_fit,t)
   44.    
   45.      case (3)
   46.    
   47.         f = BLEND_f3(m-n,t)+p_IN*BLEND_f3(m-n+n_fit,t)
   48.    
   49.      case (4)
   50.    
   51.         f = BLEND_f4(m-n,t)+p_IN*BLEND_f4(m-n+n_fit,t)
   52.    
   53.      case default
   54.    
   55.         ! This code is meant to cause GYRO to fail.
   56.         ! This is done, rather than simply calling 
   57.         ! catch_error(), as a workaround to enable
   58.         ! the X1 to vectorize.
   59.    
   60.         a = 0.0
   61.         a = 1.0/a
   62.         t = 1.0/a
   63.         f = a*t
   64.    
   65.      end select
   66.    
   67.    end function BLEND_F


%%%%%%%%%%%%%%%%%%%%%%%%%%%%%%%%%%%%%%%%%%%%%%%%%%%%%%%%%%%%%%%%%%%%%%%%%%%%%%%%
                         E x t e r n a l   R e p o r t
%%%%%%%%%%%%%%%%%%%%%%%%%%%%%%%%%%%%%%%%%%%%%%%%%%%%%%%%%%%%%%%%%%%%%%%%%%%%%%%%

Name  Messages
----  --------
BLEND_F
      Defined as:  Function (line 14, file BLEND_F.f90)

      Interface:   None

      Calls:       BLEND_F2 (Line 43, file BLEND_F.f90)
                   BLEND_F2 (Line 43, file BLEND_F.f90)
                   BLEND_F3 (Line 47, file BLEND_F.f90)
                   BLEND_F3 (Line 47, file BLEND_F.f90)
                   BLEND_F4 (Line 51, file BLEND_F.f90)
                   BLEND_F4 (Line 51, file BLEND_F.f90)

        Uses:      BLEND_PRIVATE

Name  Messages
----  --------
BLEND_F2
      Defined as:  No definitions.

      Interface:   None

      Called By:   BLEND_F (Line 43, file BLEND_F.f90)
                   BLEND_F (Line 43, file BLEND_F.f90)

Name  Messages
----  --------
BLEND_F3
      Defined as:  No definitions.

      Interface:   None

      Called By:   BLEND_F (Line 47, file BLEND_F.f90)
                   BLEND_F (Line 47, file BLEND_F.f90)

Name  Messages
----  --------
BLEND_F4
      Defined as:  No definitions.

      Interface:   None

      Called By:   BLEND_F (Line 51, file BLEND_F.f90)
                   BLEND_F (Line 51, file BLEND_F.f90)

Name  Messages
----  --------
BLEND_PRIVATE
      Defined as:  No definitions.

      Used By:     BLEND_F


%%%%%%%%%%%%%%%%%%%%%%%%%%%%%%%%%%%%%%%%%%%%%%%%%%%%%%%%%%%%%%%%%%%%%%%%%%%%%%%%
%%%%%%%%%%%%%%%%%%%%%%%%%%%%%%%%%%%%%%%%%%%%%%%%%%%%%%%%%%%%%%%%%%%%%%%%%%%%%%%%
