%%%%%%%%%%%%%%%%%%%%%%%%%%%%%%%%%%%%%%%%%%%%%%%%%%%%%%%%%%%%%%%%%%%%%%%%%%%%%%%%
                          S u m m a r y   R e p o r t
%%%%%%%%%%%%%%%%%%%%%%%%%%%%%%%%%%%%%%%%%%%%%%%%%%%%%%%%%%%%%%%%%%%%%%%%%%%%%%%%

Compilation
-----------
File     : /global/u2/b/bassem/gyro-EP/BLEND/BLEND_f4.f90
Compiled : 01/19/21  15:35:07
Compiler : Version 9.1.0
Ftnlx    : Version 9.1.0 
Target   : x86-64
Command  : ftn_driver.exe -hcpu=haswell -hdynamic -D__CRAYXC -D__CRAY_HASWELL
           -D__CRAYXT_COMPUTE_LINUX_TARGET -hnetwork=aries -hnoomp -em
           -J/global/homes/b/bassem/gyro-EP/modules -sreal64 -eD -Ktrap=fp -m1
           -Rbcdps -G0 -c BLEND_f4.f90
           -I/opt/cray/pe/cce/9.1.0/cce-clang/x86_64/lib/clang/9.0.0/include
           -I/opt/cray/pe/cce/9.1.0/cce/x86_64/include/craylibs -I/usr/include
           -I/usr/include -I/opt/cray/pe/fftw/3.3.8.4/haswell/include
           -I/opt/cray/pe/libsci/19.06.1/CRAY/9.0/x86_64/include
           -I/opt/cray/pe/mpt/7.7.10/gni/mpich-cray/9.0/include
           -I/opt/cray/pe/hdf5/1.10.5.2/cray/9.0/include
           -I/opt/cray/pe/netcdf/4.6.3.2/cray/9.0/include
           -I/opt/cray/rca/2.2.20-7.0.1.1_4.53__g8e3fb5b.ari/include
           -I/opt/cray/alps/6.6.58-7.0.1.1_6.10__g437d88db.ari/include
           -I/opt/cray/xpmem/2.2.20-7.0.1.1_4.14__g0475745.ari/include
           -I/opt/cray/gni-headers/5.0.12.0-7.0.1.1_6.32__g3b1768f.ari/include
           -I/opt/cray/dmapp/7.1.1-7.0.1.1_4.54__g38cf134.ari/include
           -I/opt/cray/pe/pmi/5.0.14/include
           -I/opt/cray/ugni/6.0.14.0-7.0.1.1_7.40__ge78e5b0.ari/include
           -I/opt/cray/udreg/2.3.2-7.0.1.1_3.38__g8175d3d.ari/include
           -I/opt/cray/wlm_detect/1.3.3-7.0.1.1_4.16__g7109084.ari/include
           -I/opt/cray/krca/2.2.6-7.0.1.1_5.39__gb641b12.ari/include
           -I/opt/cray-hss-devel/9.0.0/include
Program
  Units  : BLEND_F4

ftnlx report
------------
Source   : /global/u2/b/bassem/gyro-EP/BLEND/BLEND_f4.f90
Date     : 01/19/2021  15:35:07


%%%%%%%%%%%%%%%%%%%%%%%%%%%%%%%%%%%%%%%%%%%%%%%%%%%%%%%%%%%%%%%%%%%%%%%%%%%%%%%%
                          S o u r c e   L i s t i n g
%%%%%%%%%%%%%%%%%%%%%%%%%%%%%%%%%%%%%%%%%%%%%%%%%%%%%%%%%%%%%%%%%%%%%%%%%%%%%%%%

    1.    !-----------------------------------------------------
    2.    ! BLEND_f4.f90
    3.    !
    4.    ! PURPOSE:
    5.    !  Compute fourth-order blending (cubic b-spline) 
    6.    !  function 
    7.    !  
    8.    ! NOTES:
    9.    !                        3
   10.    !  (3/2) f(m,t0) = 0.25 t                 if 0 < t < 1
   11.    !
   12.    !                        2         3
   13.    !          = 1 - 3t + 3 t  - 0.75 t       if 1 < t < 2
   14.    !
   15.    !                            2         3
   16.    !          = -11 + 15 t - 6 t  + 0.75 t   if 2 < t < 3
   17.    !
   18.    !                      3
   19.    !          = 0.25 (4-t)                   if 3 < t < 4
   20.    ! 
   21.    !  where t = t0-m
   22.    !---------------------------------------------
   23.    
   24.    real function BLEND_f4(m,t0) result (f)
   25.    
   26.      implicit none
   27.    
   28.      real, intent(in) :: t0
   29.      integer, intent(in) :: m
   30.    
   31.      real :: t
   32.    
   33.      t = t0-m
   34.    
   35.      if (t <= 0.0 .or. t >= 4.0) then
   36.         f = 0.0 
   37.      else if (t < 1.0) then
   38.         f = t*t*t/6.0
   39.      else if (t < 2.0) then
   40.         f = (1.0+t*(-3.0+t*(3.0-0.75*t)))*2.0/3.0
   41.      else if (t < 3.0) then
   42.         f = (-11.0+t*(15.0+t*(-6.0+0.75*t)))*2.0/3.0
   43.      else
   44.         f = (4.0-t)**3/6.0
   45.      endif
   46.    
   47.    end function BLEND_f4


%%%%%%%%%%%%%%%%%%%%%%%%%%%%%%%%%%%%%%%%%%%%%%%%%%%%%%%%%%%%%%%%%%%%%%%%%%%%%%%%
                         E x t e r n a l   R e p o r t
%%%%%%%%%%%%%%%%%%%%%%%%%%%%%%%%%%%%%%%%%%%%%%%%%%%%%%%%%%%%%%%%%%%%%%%%%%%%%%%%

Name  Messages
----  --------
BLEND_F4
      Defined as:  Function (line 24, file BLEND_f4.f90)

                   No calls.  It is not called and does not use any procedure.

      Interface:   None


%%%%%%%%%%%%%%%%%%%%%%%%%%%%%%%%%%%%%%%%%%%%%%%%%%%%%%%%%%%%%%%%%%%%%%%%%%%%%%%%
%%%%%%%%%%%%%%%%%%%%%%%%%%%%%%%%%%%%%%%%%%%%%%%%%%%%%%%%%%%%%%%%%%%%%%%%%%%%%%%%
