%%%%%%%%%%%%%%%%%%%%%%%%%%%%%%%%%%%%%%%%%%%%%%%%%%%%%%%%%%%%%%%%%%%%%%%%%%%%%%%%
                          S u m m a r y   R e p o r t
%%%%%%%%%%%%%%%%%%%%%%%%%%%%%%%%%%%%%%%%%%%%%%%%%%%%%%%%%%%%%%%%%%%%%%%%%%%%%%%%

Compilation
-----------
File     : /global/u2/b/bassem/gyro-EP/shared/profiles_gen/src/allocate_ufile_vars.f90
Compiled : 01/19/21  15:34:54
Compiler : Version 9.1.0
Ftnlx    : Version 9.1.0 
Target   : x86-64
Command  : ftn_driver.exe -hcpu=haswell -hdynamic -D__CRAYXC -D__CRAY_HASWELL
           -D__CRAYXT_COMPUTE_LINUX_TARGET -hnetwork=aries -hnoomp -em
           -J/global/homes/b/bassem/gyro-EP/modules -sreal64 -eD -Ktrap=fp -m1
           -Rbcdps -G0 -I/opt/cray/pe/netcdf/4.6.3.2/CRAYCLANG/9.0/include
           -c allocate_ufile_vars.f90
           -I/opt/cray/pe/cce/9.1.0/cce-clang/x86_64/lib/clang/9.0.0/include
           -I/opt/cray/pe/cce/9.1.0/cce/x86_64/include/craylibs -I/usr/include
           -I/usr/include -I/opt/cray/pe/fftw/3.3.8.4/haswell/include
           -I/opt/cray/pe/libsci/19.06.1/CRAY/9.0/x86_64/include
           -I/opt/cray/pe/mpt/7.7.10/gni/mpich-cray/9.0/include
           -I/opt/cray/pe/hdf5/1.10.5.2/cray/9.0/include
           -I/opt/cray/pe/netcdf/4.6.3.2/cray/9.0/include
           -I/opt/cray/rca/2.2.20-7.0.1.1_4.53__g8e3fb5b.ari/include
           -I/opt/cray/alps/6.6.58-7.0.1.1_6.10__g437d88db.ari/include
           -I/opt/cray/xpmem/2.2.20-7.0.1.1_4.14__g0475745.ari/include
           -I/opt/cray/gni-headers/5.0.12.0-7.0.1.1_6.32__g3b1768f.ari/include
           -I/opt/cray/dmapp/7.1.1-7.0.1.1_4.54__g38cf134.ari/include
           -I/opt/cray/pe/pmi/5.0.14/include
           -I/opt/cray/ugni/6.0.14.0-7.0.1.1_7.40__ge78e5b0.ari/include
           -I/opt/cray/udreg/2.3.2-7.0.1.1_3.38__g8175d3d.ari/include
           -I/opt/cray/wlm_detect/1.3.3-7.0.1.1_4.16__g7109084.ari/include
           -I/opt/cray/krca/2.2.6-7.0.1.1_5.39__gb641b12.ari/include
           -I/opt/cray-hss-devel/9.0.0/include
Program
  Units  : ALLOCATE_UFILE_VARS

ftnlx report
------------
Source   : /global/u2/b/bassem/gyro-EP/shared/profiles_gen/src/allocate_ufile_vars.f90
Date     : 01/19/2021  15:34:54


%%%%%%%%%%%%%%%%%%%%%%%%%%%%%%%%%%%%%%%%%%%%%%%%%%%%%%%%%%%%%%%%%%%%%%%%%%%%%%%%
                          S o u r c e   L i s t i n g
%%%%%%%%%%%%%%%%%%%%%%%%%%%%%%%%%%%%%%%%%%%%%%%%%%%%%%%%%%%%%%%%%%%%%%%%%%%%%%%%

    1.    subroutine allocate_ufile_vars
    2.    
    3.      use prgen_globals
    4.    
    5.      implicit none
    6.    
    7.      allocate(ufile_ne(nx))
    8.      allocate(ufile_ni(nx,n_ion_max))
    9.      ufile_ni = 0.0
ftn-6209 ftn: VECTOR ALLOCATE_UFILE_VARS, File = allocate_ufile_vars.f90, Line = 9 
  A loop starting at line 9 was partially vectorized.

   10.      allocate(ufile_te(nx))
   11.      allocate(ufile_ti(nx,n_ion_max))
   12.      ufile_ti = 0.0
ftn-6209 ftn: VECTOR ALLOCATE_UFILE_VARS, File = allocate_ufile_vars.f90, Line = 12 
  A loop starting at line 12 was partially vectorized.

   13.      allocate(ufile_zeff(nx))
   14.      allocate(ufile_pres(nx))
   15.      allocate(ufile_vrot(nx))
   16.      allocate(ufile_vrotm(nx))
   17.      allocate(ufile_volume(nx))
   18.      allocate(ufile_qnbii(nx))
   19.      allocate(ufile_qnbie(nx))
   20.      allocate(ufile_qicrhi(nx))
   21.      allocate(ufile_qicrhe(nx))
   22.      allocate(ufile_qei(nx))
   23.      allocate(ufile_qrad(nx))
   24.      allocate(ufile_qeche(nx))
   25.      allocate(ufile_qechi(nx))
   26.      allocate(ufile_qohm(nx))
   27.      allocate(ufile_qwalli(nx))
   28.      allocate(ufile_qwalle(nx))
   29.    
   30.      allocate(ufile_qfuse(nx))
   31.      allocate(ufile_qfusi(nx))
   32.      allocate(ufile_qlhe(nx))
   33.      allocate(ufile_qlhi(nx))
   34.      allocate(ufile_snbie(nx))
   35.      allocate(ufile_snbii(nx))
   36.      allocate(ufile_swall(nx))
   37.      allocate(ufile_torq(nx))
   38.    
   39.    end subroutine allocate_ufile_vars


%%%%%%%%%%%%%%%%%%%%%%%%%%%%%%%%%%%%%%%%%%%%%%%%%%%%%%%%%%%%%%%%%%%%%%%%%%%%%%%%
                         E x t e r n a l   R e p o r t
%%%%%%%%%%%%%%%%%%%%%%%%%%%%%%%%%%%%%%%%%%%%%%%%%%%%%%%%%%%%%%%%%%%%%%%%%%%%%%%%

Name  Messages
----  --------
ALLOCATE_UFILE_VARS
      Defined as:  Subroutine (line 1, file allocate_ufile_vars.f90)

      Interface:   None

        Uses:      PRGEN_GLOBALS

Name  Messages
----  --------
PRGEN_GLOBALS
      Defined as:  No definitions.

      Used By:     ALLOCATE_UFILE_VARS


%%%%%%%%%%%%%%%%%%%%%%%%%%%%%%%%%%%%%%%%%%%%%%%%%%%%%%%%%%%%%%%%%%%%%%%%%%%%%%%%
%%%%%%%%%%%%%%%%%%%%%%%%%%%%%%%%%%%%%%%%%%%%%%%%%%%%%%%%%%%%%%%%%%%%%%%%%%%%%%%%
