%%%%%%%%%%%%%%%%%%%%%%%%%%%%%%%%%%%%%%%%%%%%%%%%%%%%%%%%%%%%%%%%%%%%%%%%%%%%%%%%
                          S u m m a r y   R e p o r t
%%%%%%%%%%%%%%%%%%%%%%%%%%%%%%%%%%%%%%%%%%%%%%%%%%%%%%%%%%%%%%%%%%%%%%%%%%%%%%%%

Compilation
-----------
File     : /global/u2/b/bassem/gyro-EP/shared/profiles_gen/src/allocate_iterdb_vars.f90
Compiled : 01/19/21  15:34:53
Compiler : Version 9.1.0
Ftnlx    : Version 9.1.0 
Target   : x86-64
Command  : ftn_driver.exe -hcpu=haswell -hdynamic -D__CRAYXC -D__CRAY_HASWELL
           -D__CRAYXT_COMPUTE_LINUX_TARGET -hnetwork=aries -hnoomp -em
           -J/global/homes/b/bassem/gyro-EP/modules -sreal64 -eD -Ktrap=fp -m1
           -Rbcdps -G0 -I/opt/cray/pe/netcdf/4.6.3.2/CRAYCLANG/9.0/include
           -c allocate_iterdb_vars.f90
           -I/opt/cray/pe/cce/9.1.0/cce-clang/x86_64/lib/clang/9.0.0/include
           -I/opt/cray/pe/cce/9.1.0/cce/x86_64/include/craylibs -I/usr/include
           -I/usr/include -I/opt/cray/pe/fftw/3.3.8.4/haswell/include
           -I/opt/cray/pe/libsci/19.06.1/CRAY/9.0/x86_64/include
           -I/opt/cray/pe/mpt/7.7.10/gni/mpich-cray/9.0/include
           -I/opt/cray/pe/hdf5/1.10.5.2/cray/9.0/include
           -I/opt/cray/pe/netcdf/4.6.3.2/cray/9.0/include
           -I/opt/cray/rca/2.2.20-7.0.1.1_4.53__g8e3fb5b.ari/include
           -I/opt/cray/alps/6.6.58-7.0.1.1_6.10__g437d88db.ari/include
           -I/opt/cray/xpmem/2.2.20-7.0.1.1_4.14__g0475745.ari/include
           -I/opt/cray/gni-headers/5.0.12.0-7.0.1.1_6.32__g3b1768f.ari/include
           -I/opt/cray/dmapp/7.1.1-7.0.1.1_4.54__g38cf134.ari/include
           -I/opt/cray/pe/pmi/5.0.14/include
           -I/opt/cray/ugni/6.0.14.0-7.0.1.1_7.40__ge78e5b0.ari/include
           -I/opt/cray/udreg/2.3.2-7.0.1.1_3.38__g8175d3d.ari/include
           -I/opt/cray/wlm_detect/1.3.3-7.0.1.1_4.16__g7109084.ari/include
           -I/opt/cray/krca/2.2.6-7.0.1.1_5.39__gb641b12.ari/include
           -I/opt/cray-hss-devel/9.0.0/include
Program
  Units  : ALLOCATE_ITERDB_VARS

ftnlx report
------------
Source   : /global/u2/b/bassem/gyro-EP/shared/profiles_gen/src/allocate_iterdb_vars.f90
Date     : 01/19/2021  15:34:53


%%%%%%%%%%%%%%%%%%%%%%%%%%%%%%%%%%%%%%%%%%%%%%%%%%%%%%%%%%%%%%%%%%%%%%%%%%%%%%%%
                          S o u r c e   L i s t i n g
%%%%%%%%%%%%%%%%%%%%%%%%%%%%%%%%%%%%%%%%%%%%%%%%%%%%%%%%%%%%%%%%%%%%%%%%%%%%%%%%

    1.    subroutine allocate_iterdb_vars
    2.    
    3.      use prgen_globals
    4.    
    5.      implicit none
    6.    
    7.      allocate(onetwo_ti(nx))
    8.      allocate(onetwo_te(nx))
    9.      allocate(onetwo_rho_grid(nx))
   10.      allocate(onetwo_ene(nx))
   11.      allocate(onetwo_enalp(nx))
   12.      allocate(onetwo_zeff(nx))
   13.      allocate(onetwo_angrot(nx))
   14.      allocate(onetwo_psi(nx))
   15.    
   16.      allocate(onetwo_enion(nx,onetwo_nion))
   17.      allocate(onetwo_enbeam(nx,onetwo_nbion))
   18.      allocate(onetwo_pressb(nx,onetwo_nbion))
   19.    
   20.      allocate(onetwo_sion(nx,onetwo_nion))
   21.      allocate(onetwo_srecom(nx,onetwo_nion))
   22.      allocate(onetwo_scx(nx,onetwo_nion))
   23.      allocate(onetwo_sbcx(nx,onetwo_nion))
   24.      allocate(onetwo_s(nx,onetwo_nion))
   25.      allocate(onetwo_dudt(nx,onetwo_nion))
   26.    
   27.      allocate(onetwo_rho_mhd_gridnpsi(onetwo_npsi))
   28.      allocate(onetwo_rmajavnpsi(onetwo_npsi))
   29.      allocate(onetwo_rminavnpsi(onetwo_npsi))
   30.      allocate(onetwo_elongxnpsi(onetwo_npsi))
   31.      allocate(onetwo_psivolpnpsi(onetwo_npsi))
   32.      allocate(onetwo_triangnpsi_u(onetwo_npsi))
   33.      allocate(onetwo_triangnpsi_l(onetwo_npsi))
   34.    
   35.      allocate(onetwo_volume(nx))
   36.      allocate(onetwo_hcap(nx)) 
   37.      allocate(onetwo_qbeame(nx)) 
   38.      allocate(onetwo_qrfe(nx)) 
   39.      allocate(onetwo_qohm(nx)) 
   40.      allocate(onetwo_qrad(nx)) 
   41.      allocate(onetwo_qione(nx)) 
   42.      allocate(onetwo_qioni(nx)) 
   43.      allocate(onetwo_dpedt(nx)) 
   44.      allocate(onetwo_qfuse(nx)) 
   45.      allocate(onetwo_qbeami(nx)) 
   46.      allocate(onetwo_qrfi(nx)) 
   47.      allocate(onetwo_qcx(nx)) 
   48.      allocate(onetwo_dpidt(nx)) 
   49.      allocate(onetwo_qfusi(nx)) 
   50.      allocate(onetwo_qdelt(nx)) 
   51.      allocate(sion_d(nx)) 
   52.      allocate(sbcx_d(nx)) 
   53.      allocate(onetwo_sbeam(nx)) 
   54.      allocate(onetwo_sbeame(nx)) 
   55.      allocate(onetwo_sscxl(nx)) 
   56.      allocate(onetwo_storqueb(nx))
   57.      
   58.      allocate(onetwo_enion_vec(n_ion_max,nx))
   59.      allocate(onetwo_Tion_vec(n_ion_max,nx))
   60.    
   61.    end subroutine allocate_iterdb_vars


%%%%%%%%%%%%%%%%%%%%%%%%%%%%%%%%%%%%%%%%%%%%%%%%%%%%%%%%%%%%%%%%%%%%%%%%%%%%%%%%
                         E x t e r n a l   R e p o r t
%%%%%%%%%%%%%%%%%%%%%%%%%%%%%%%%%%%%%%%%%%%%%%%%%%%%%%%%%%%%%%%%%%%%%%%%%%%%%%%%

Name  Messages
----  --------
ALLOCATE_ITERDB_VARS
      Defined as:  Subroutine (line 1, file allocate_iterdb_vars.f90)

      Interface:   None

        Uses:      PRGEN_GLOBALS

Name  Messages
----  --------
PRGEN_GLOBALS
      Defined as:  No definitions.

      Used By:     ALLOCATE_ITERDB_VARS


%%%%%%%%%%%%%%%%%%%%%%%%%%%%%%%%%%%%%%%%%%%%%%%%%%%%%%%%%%%%%%%%%%%%%%%%%%%%%%%%
%%%%%%%%%%%%%%%%%%%%%%%%%%%%%%%%%%%%%%%%%%%%%%%%%%%%%%%%%%%%%%%%%%%%%%%%%%%%%%%%
