%%%%%%%%%%%%%%%%%%%%%%%%%%%%%%%%%%%%%%%%%%%%%%%%%%%%%%%%%%%%%%%%%%%%%%%%%%%%%%%%
                          S u m m a r y   R e p o r t
%%%%%%%%%%%%%%%%%%%%%%%%%%%%%%%%%%%%%%%%%%%%%%%%%%%%%%%%%%%%%%%%%%%%%%%%%%%%%%%%

Compilation
-----------
File     : /global/u2/b/bassem/gyro-EP/shared/profiles_gen/src/allocate_peqdsk_vars.f90
Compiled : 01/19/21  15:34:54
Compiler : Version 9.1.0
Ftnlx    : Version 9.1.0 
Target   : x86-64
Command  : ftn_driver.exe -hcpu=haswell -hdynamic -D__CRAYXC -D__CRAY_HASWELL
           -D__CRAYXT_COMPUTE_LINUX_TARGET -hnetwork=aries -hnoomp -em
           -J/global/homes/b/bassem/gyro-EP/modules -sreal64 -eD -Ktrap=fp -m1
           -Rbcdps -G0 -I/opt/cray/pe/netcdf/4.6.3.2/CRAYCLANG/9.0/include
           -c allocate_peqdsk_vars.f90
           -I/opt/cray/pe/cce/9.1.0/cce-clang/x86_64/lib/clang/9.0.0/include
           -I/opt/cray/pe/cce/9.1.0/cce/x86_64/include/craylibs -I/usr/include
           -I/usr/include -I/opt/cray/pe/fftw/3.3.8.4/haswell/include
           -I/opt/cray/pe/libsci/19.06.1/CRAY/9.0/x86_64/include
           -I/opt/cray/pe/mpt/7.7.10/gni/mpich-cray/9.0/include
           -I/opt/cray/pe/hdf5/1.10.5.2/cray/9.0/include
           -I/opt/cray/pe/netcdf/4.6.3.2/cray/9.0/include
           -I/opt/cray/rca/2.2.20-7.0.1.1_4.53__g8e3fb5b.ari/include
           -I/opt/cray/alps/6.6.58-7.0.1.1_6.10__g437d88db.ari/include
           -I/opt/cray/xpmem/2.2.20-7.0.1.1_4.14__g0475745.ari/include
           -I/opt/cray/gni-headers/5.0.12.0-7.0.1.1_6.32__g3b1768f.ari/include
           -I/opt/cray/dmapp/7.1.1-7.0.1.1_4.54__g38cf134.ari/include
           -I/opt/cray/pe/pmi/5.0.14/include
           -I/opt/cray/ugni/6.0.14.0-7.0.1.1_7.40__ge78e5b0.ari/include
           -I/opt/cray/udreg/2.3.2-7.0.1.1_3.38__g8175d3d.ari/include
           -I/opt/cray/wlm_detect/1.3.3-7.0.1.1_4.16__g7109084.ari/include
           -I/opt/cray/krca/2.2.6-7.0.1.1_5.39__gb641b12.ari/include
           -I/opt/cray-hss-devel/9.0.0/include
Program
  Units  : ALLOCATE_PEQDSK_VARS

ftnlx report
------------
Source   : /global/u2/b/bassem/gyro-EP/shared/profiles_gen/src/allocate_peqdsk_vars.f90
Date     : 01/19/2021  15:34:54


%%%%%%%%%%%%%%%%%%%%%%%%%%%%%%%%%%%%%%%%%%%%%%%%%%%%%%%%%%%%%%%%%%%%%%%%%%%%%%%%
                          S o u r c e   L i s t i n g
%%%%%%%%%%%%%%%%%%%%%%%%%%%%%%%%%%%%%%%%%%%%%%%%%%%%%%%%%%%%%%%%%%%%%%%%%%%%%%%%

    1.    subroutine allocate_peqdsk_vars
    2.    
    3.      use prgen_globals
    4.    
    5.      implicit none
    6.    
    7.      allocate(peqdsk_psi(nx))
    8.      allocate(peqdsk_ne(nx))
    9.      allocate(peqdsk_te(nx))
   10.      allocate(peqdsk_ni(nx))
   11.      allocate(peqdsk_ti(nx))
   12.      allocate(peqdsk_nz(3,nx))
   13.      allocate(peqdsk_nb(nx))
   14.      allocate(peqdsk_pb(nx))
   15.      allocate(peqdsk_omegat(nx))
   16.      allocate(peqdsk_omgeb(nx))
   17.    
   18.    end subroutine allocate_peqdsk_vars


%%%%%%%%%%%%%%%%%%%%%%%%%%%%%%%%%%%%%%%%%%%%%%%%%%%%%%%%%%%%%%%%%%%%%%%%%%%%%%%%
                         E x t e r n a l   R e p o r t
%%%%%%%%%%%%%%%%%%%%%%%%%%%%%%%%%%%%%%%%%%%%%%%%%%%%%%%%%%%%%%%%%%%%%%%%%%%%%%%%

Name  Messages
----  --------
ALLOCATE_PEQDSK_VARS
      Defined as:  Subroutine (line 1, file allocate_peqdsk_vars.f90)

      Interface:   None

        Uses:      PRGEN_GLOBALS

Name  Messages
----  --------
PRGEN_GLOBALS
      Defined as:  No definitions.

      Used By:     ALLOCATE_PEQDSK_VARS


%%%%%%%%%%%%%%%%%%%%%%%%%%%%%%%%%%%%%%%%%%%%%%%%%%%%%%%%%%%%%%%%%%%%%%%%%%%%%%%%
%%%%%%%%%%%%%%%%%%%%%%%%%%%%%%%%%%%%%%%%%%%%%%%%%%%%%%%%%%%%%%%%%%%%%%%%%%%%%%%%
