%%%%%%%%%%%%%%%%%%%%%%%%%%%%%%%%%%%%%%%%%%%%%%%%%%%%%%%%%%%%%%%%%%%%%%%%%%%%%%%%
                          S u m m a r y   R e p o r t
%%%%%%%%%%%%%%%%%%%%%%%%%%%%%%%%%%%%%%%%%%%%%%%%%%%%%%%%%%%%%%%%%%%%%%%%%%%%%%%%

Compilation
-----------
File     : /global/u2/b/bassem/gyro-EP/shared/profiles_gen/src/prgen_map_null.f90
Compiled : 01/19/21  15:34:55
Compiler : Version 9.1.0
Ftnlx    : Version 9.1.0 
Target   : x86-64
Command  : ftn_driver.exe -hcpu=haswell -hdynamic -D__CRAYXC -D__CRAY_HASWELL
           -D__CRAYXT_COMPUTE_LINUX_TARGET -hnetwork=aries -hnoomp -em
           -J/global/homes/b/bassem/gyro-EP/modules -sreal64 -eD -Ktrap=fp -m1
           -Rbcdps -G0 -I/opt/cray/pe/netcdf/4.6.3.2/CRAYCLANG/9.0/include
           -c prgen_map_null.f90
           -I/opt/cray/pe/cce/9.1.0/cce-clang/x86_64/lib/clang/9.0.0/include
           -I/opt/cray/pe/cce/9.1.0/cce/x86_64/include/craylibs -I/usr/include
           -I/usr/include -I/opt/cray/pe/fftw/3.3.8.4/haswell/include
           -I/opt/cray/pe/libsci/19.06.1/CRAY/9.0/x86_64/include
           -I/opt/cray/pe/mpt/7.7.10/gni/mpich-cray/9.0/include
           -I/opt/cray/pe/hdf5/1.10.5.2/cray/9.0/include
           -I/opt/cray/pe/netcdf/4.6.3.2/cray/9.0/include
           -I/opt/cray/rca/2.2.20-7.0.1.1_4.53__g8e3fb5b.ari/include
           -I/opt/cray/alps/6.6.58-7.0.1.1_6.10__g437d88db.ari/include
           -I/opt/cray/xpmem/2.2.20-7.0.1.1_4.14__g0475745.ari/include
           -I/opt/cray/gni-headers/5.0.12.0-7.0.1.1_6.32__g3b1768f.ari/include
           -I/opt/cray/dmapp/7.1.1-7.0.1.1_4.54__g38cf134.ari/include
           -I/opt/cray/pe/pmi/5.0.14/include
           -I/opt/cray/ugni/6.0.14.0-7.0.1.1_7.40__ge78e5b0.ari/include
           -I/opt/cray/udreg/2.3.2-7.0.1.1_3.38__g8175d3d.ari/include
           -I/opt/cray/wlm_detect/1.3.3-7.0.1.1_4.16__g7109084.ari/include
           -I/opt/cray/krca/2.2.6-7.0.1.1_5.39__gb641b12.ari/include
           -I/opt/cray-hss-devel/9.0.0/include
Program
  Units  : PRGEN_MAP_NULL

ftnlx report
------------
Source   : /global/u2/b/bassem/gyro-EP/shared/profiles_gen/src/prgen_map_null.f90
Date     : 01/19/2021  15:34:55


%%%%%%%%%%%%%%%%%%%%%%%%%%%%%%%%%%%%%%%%%%%%%%%%%%%%%%%%%%%%%%%%%%%%%%%%%%%%%%%%
                          S o u r c e   L i s t i n g
%%%%%%%%%%%%%%%%%%%%%%%%%%%%%%%%%%%%%%%%%%%%%%%%%%%%%%%%%%%%%%%%%%%%%%%%%%%%%%%%

    1.    !------------------------------------------------------------
    2.    ! prgen_map_null.f90
    3.    !
    4.    ! PURPOSE:
    5.    !  Map shape data only.  
    6.    !------------------------------------------------------------
    7.    
    8.    subroutine prgen_map_null
    9.    
   10.      use prgen_globals
   11.      use EXPRO_interface
   12.    
   13.      implicit none
   14.    
   15.      ! Compute rho, bref and arho:
   16.      call prgen_get_chi(nx,q,kappa,rmin,dpsi,rho,null_bref,null_arho)
   17.    
   18.      !---------------------------------------------------------
   19.      ! Map profile data into EXPRO interface names:
   20.      !
   21.      EXPRO_n_exp = nx
   22.      call EXPRO_alloc('./',1)
   23.      
   24.      EXPRO_rho  = rho
ftn-6209 ftn: VECTOR PRGEN_MAP_NULL, File = prgen_map_null.f90, Line = 24 
  A loop starting at line 24 was partially vectorized.

   25.      EXPRO_rmin = rmin(:)
ftn-6262 ftn: VECTOR PRGEN_MAP_NULL, File = prgen_map_null.f90, Line = 25 
  A loop starting at line 25 was not vectorized because it contains a call to a subroutine or function on line 25.

   26.      EXPRO_rmaj = rmaj(:)
ftn-6262 ftn: VECTOR PRGEN_MAP_NULL, File = prgen_map_null.f90, Line = 26 
  A loop starting at line 26 was not vectorized because it contains a call to a subroutine or function on line 26.

   27.      ! COORDINATES: set sign of q
   28.      EXPRO_q = abs(q(:))*ipccw*btccw
ftn-6262 ftn: VECTOR PRGEN_MAP_NULL, File = prgen_map_null.f90, Line = 28 
  A loop starting at line 28 was not vectorized because it contains a call to a subroutine or function on line 28.

   29.      EXPRO_ptot = p_tot(:)
ftn-6262 ftn: VECTOR PRGEN_MAP_NULL, File = prgen_map_null.f90, Line = 29 
  A loop starting at line 29 was not vectorized because it contains a call to a subroutine or function on line 29.

   30.      EXPRO_kappa = kappa(:)
ftn-6262 ftn: VECTOR PRGEN_MAP_NULL, File = prgen_map_null.f90, Line = 30 
  A loop starting at line 30 was not vectorized because it contains a call to a subroutine or function on line 30.

   31.      EXPRO_delta = delta(:)
ftn-6262 ftn: VECTOR PRGEN_MAP_NULL, File = prgen_map_null.f90, Line = 31 
  A loop starting at line 31 was not vectorized because it contains a call to a subroutine or function on line 31.

   32.      EXPRO_zeta = zeta(:)
ftn-6262 ftn: VECTOR PRGEN_MAP_NULL, File = prgen_map_null.f90, Line = 32 
  A loop starting at line 32 was not vectorized because it contains a call to a subroutine or function on line 32.

   33.      EXPRO_zmag = zmag(:)
ftn-6262 ftn: VECTOR PRGEN_MAP_NULL, File = prgen_map_null.f90, Line = 33 
  A loop starting at line 33 was not vectorized because it contains a call to a subroutine or function on line 33.

   34.      EXPRO_te = 1.0
ftn-6204 ftn: VECTOR PRGEN_MAP_NULL, File = prgen_map_null.f90, Line = 34 
  A loop starting at line 34 was vectorized.

   35.      EXPRO_ne = 1.0
ftn-6204 ftn: VECTOR PRGEN_MAP_NULL, File = prgen_map_null.f90, Line = 35 
  A loop starting at line 35 was vectorized.

   36.    
   37.      ! COORDINATES: set sign of poloidal flux
   38.      EXPRO_polflux = abs(dpsi(:))*(-ipccw)
ftn-6262 ftn: VECTOR PRGEN_MAP_NULL, File = prgen_map_null.f90, Line = 38 
  A loop starting at line 38 was not vectorized because it contains a call to a subroutine or function on line 38.

   39.    
   40.      ! Ion temperatures and densities
   41.      EXPRO_ni(1,:) = 1.0
ftn-6263 ftn: VECTOR PRGEN_MAP_NULL, File = prgen_map_null.f90, Line = 41 
  A loop starting at line 41 was not vectorized because it contains a reference to a non-vector intrinsic on line 41.

   42.      EXPRO_ti(1,:) = 1.0
ftn-6263 ftn: VECTOR PRGEN_MAP_NULL, File = prgen_map_null.f90, Line = 42 
  A loop starting at line 42 was not vectorized because it contains a reference to a non-vector intrinsic on line 42.

   43.    
   44.     end subroutine prgen_map_null
   45.    


%%%%%%%%%%%%%%%%%%%%%%%%%%%%%%%%%%%%%%%%%%%%%%%%%%%%%%%%%%%%%%%%%%%%%%%%%%%%%%%%
                         E x t e r n a l   R e p o r t
%%%%%%%%%%%%%%%%%%%%%%%%%%%%%%%%%%%%%%%%%%%%%%%%%%%%%%%%%%%%%%%%%%%%%%%%%%%%%%%%

Name  Messages
----  --------
ABS(Intrinsic)
      Defined as:  No definitions.

      Interface:   None

      Called By:   PRGEN_MAP_NULL (Line 28, file prgen_map_null.f90)
                   PRGEN_MAP_NULL (Line 38, file prgen_map_null.f90)

Name  Messages
----  --------
EXPRO_ALLOC
      Defined as:  No definitions.

      Interface:   None

      Called By:   PRGEN_MAP_NULL (Line 22, file prgen_map_null.f90)

Name  Messages
----  --------
EXPRO_INTERFACE
      Defined as:  No definitions.

      Used By:     PRGEN_MAP_NULL

Name  Messages
----  --------
PRGEN_GET_CHI
      Defined as:  No definitions.

      Interface:   None

      Called By:   PRGEN_MAP_NULL (Line 16, file prgen_map_null.f90)

Name  Messages
----  --------
PRGEN_GLOBALS
      Defined as:  No definitions.

      Used By:     PRGEN_MAP_NULL

Name  Messages
----  --------
PRGEN_MAP_NULL
      Defined as:  Subroutine (line 8, file prgen_map_null.f90)

      Interface:   None

      Calls:       PRGEN_GET_CHI (Line 16, file prgen_map_null.f90)
                   EXPRO_ALLOC (Line 22, file prgen_map_null.f90)
                   ABS(Intrinsic) (Line 28, file prgen_map_null.f90)
                   ABS(Intrinsic) (Line 38, file prgen_map_null.f90)

        Uses:      PRGEN_GLOBALS
                   EXPRO_INTERFACE


%%%%%%%%%%%%%%%%%%%%%%%%%%%%%%%%%%%%%%%%%%%%%%%%%%%%%%%%%%%%%%%%%%%%%%%%%%%%%%%%
%%%%%%%%%%%%%%%%%%%%%%%%%%%%%%%%%%%%%%%%%%%%%%%%%%%%%%%%%%%%%%%%%%%%%%%%%%%%%%%%
