%%%%%%%%%%%%%%%%%%%%%%%%%%%%%%%%%%%%%%%%%%%%%%%%%%%%%%%%%%%%%%%%%%%%%%%%%%%%%%%%
                          S u m m a r y   R e p o r t
%%%%%%%%%%%%%%%%%%%%%%%%%%%%%%%%%%%%%%%%%%%%%%%%%%%%%%%%%%%%%%%%%%%%%%%%%%%%%%%%

Compilation
-----------
File     : /global/u2/b/bassem/gyro-EP/shared/profiles_gen/src/prgen_globals.f90
Compiled : 01/19/21  15:34:53
Compiler : Version 9.1.0
Ftnlx    : Version 9.1.0 
Target   : x86-64
Command  : ftn_driver.exe -hcpu=haswell -hdynamic -D__CRAYXC -D__CRAY_HASWELL
           -D__CRAYXT_COMPUTE_LINUX_TARGET -hnetwork=aries -hnoomp -em
           -J/global/homes/b/bassem/gyro-EP/modules -sreal64 -eD -Ktrap=fp -m1
           -Rbcdps -G0 -I/opt/cray/pe/netcdf/4.6.3.2/CRAYCLANG/9.0/include
           -c prgen_globals.f90
           -I/opt/cray/pe/cce/9.1.0/cce-clang/x86_64/lib/clang/9.0.0/include
           -I/opt/cray/pe/cce/9.1.0/cce/x86_64/include/craylibs -I/usr/include
           -I/usr/include -I/opt/cray/pe/fftw/3.3.8.4/haswell/include
           -I/opt/cray/pe/libsci/19.06.1/CRAY/9.0/x86_64/include
           -I/opt/cray/pe/mpt/7.7.10/gni/mpich-cray/9.0/include
           -I/opt/cray/pe/hdf5/1.10.5.2/cray/9.0/include
           -I/opt/cray/pe/netcdf/4.6.3.2/cray/9.0/include
           -I/opt/cray/rca/2.2.20-7.0.1.1_4.53__g8e3fb5b.ari/include
           -I/opt/cray/alps/6.6.58-7.0.1.1_6.10__g437d88db.ari/include
           -I/opt/cray/xpmem/2.2.20-7.0.1.1_4.14__g0475745.ari/include
           -I/opt/cray/gni-headers/5.0.12.0-7.0.1.1_6.32__g3b1768f.ari/include
           -I/opt/cray/dmapp/7.1.1-7.0.1.1_4.54__g38cf134.ari/include
           -I/opt/cray/pe/pmi/5.0.14/include
           -I/opt/cray/ugni/6.0.14.0-7.0.1.1_7.40__ge78e5b0.ari/include
           -I/opt/cray/udreg/2.3.2-7.0.1.1_3.38__g8175d3d.ari/include
           -I/opt/cray/wlm_detect/1.3.3-7.0.1.1_4.16__g7109084.ari/include
           -I/opt/cray/krca/2.2.6-7.0.1.1_5.39__gb641b12.ari/include
           -I/opt/cray-hss-devel/9.0.0/include
Program
  Units  : PRGEN_GLOBALS

ftnlx report
------------
Source   : /global/u2/b/bassem/gyro-EP/shared/profiles_gen/src/prgen_globals.f90
Date     : 01/19/2021  15:34:53


%%%%%%%%%%%%%%%%%%%%%%%%%%%%%%%%%%%%%%%%%%%%%%%%%%%%%%%%%%%%%%%%%%%%%%%%%%%%%%%%
                          S o u r c e   L i s t i n g
%%%%%%%%%%%%%%%%%%%%%%%%%%%%%%%%%%%%%%%%%%%%%%%%%%%%%%%%%%%%%%%%%%%%%%%%%%%%%%%%

    1.    module prgen_globals
    2.    
    3.      ! Parameters
    4.      real, parameter :: kevdsecpmw=1.6022e-19*1e3*1e-6
    5.      real, parameter :: pi=3.14159265358979323846
    6.    
    7.      ! List of possible data files
    8.      character (len=70) :: date
    9.      character (len=70) :: raw_data_file
   10.      character (len=70) :: raw_data_type
   11.      character (len=70) :: cer_file
   12.    
   13.      !----------------------------------------------------------
   14.      ! Internal control variables
   15.      !
   16.      integer, parameter :: n_ion_max = 10
   17.      integer :: nx
   18.      integer :: format_type
   19.      integer :: efit_method
   20.      integer :: noq_flag
   21.      integer :: nop_flag
   22.      integer :: verbose_flag
   23.      integer :: gmerge_flag
   24.      character (len=70) :: efit_header
   25.      integer :: ipccw
   26.      integer :: btccw
   27.      integer :: nfourier
   28.      integer :: lump_fast_flag
   29.      real :: dpsi_efit
   30.      real :: dpsi_data
   31.      integer :: n_reorder
   32.      integer, dimension(n_ion_max) :: reorder_vec
   33.      integer :: n_null
   34.      integer :: n_lump
   35.      integer, dimension(:), allocatable :: lump_vec
   36.      integer :: n_ion_sanitize
   37.      character(len=2), dimension(:), allocatable :: ion_sanitize
   38.      integer :: ntop
   39.    
   40.      integer :: true_aux_flag=0
   41.      !----------------------------------------------------------
   42.    
   43.      ! Internal physics variables
   44.      real, dimension(:), allocatable :: rho
   45.      real, dimension(:), allocatable :: dpsi
   46.      real, dimension(:), allocatable :: rmin
   47.      real, dimension(:), allocatable :: rmaj
   48.      real, dimension(:), allocatable :: q
   49.      real, dimension(:), allocatable :: p_tot
   50.      real, dimension(:), allocatable :: vphi_exp
   51.      real, dimension(:), allocatable :: vphi_carbon
   52.      real, dimension(:), allocatable :: vpolc_exp
   53.      real, dimension(:), allocatable :: vtorc_exp
   54.      real, dimension(:), allocatable :: omega0
   55.      real, dimension(:), allocatable :: kappa
   56.      real, dimension(:), allocatable :: delta
   57.      real, dimension(:), allocatable :: zmag
   58.      real, dimension(:), allocatable :: zeta
   59.      real, dimension(:), allocatable :: pow_e
   60.      real, dimension(:), allocatable :: pow_i
   61.      real, dimension(:), allocatable :: pow_ei
   62.      real, dimension(:), allocatable :: pow_e_fus
   63.      real, dimension(:), allocatable :: pow_i_fus
   64.      real, dimension(:), allocatable :: pow_e_sync
   65.      real, dimension(:), allocatable :: pow_e_brem
   66.      real, dimension(:), allocatable :: pow_e_line
   67.      real, dimension(:), allocatable :: pow_e_rad
   68.      real, dimension(:), allocatable :: pow_e_nb
   69.      real, dimension(:), allocatable :: pow_i_nb
   70.      real, dimension(:), allocatable :: pow_e_rf
   71.      real, dimension(:), allocatable :: pow_i_rf
   72.      real, dimension(:), allocatable :: pow_e_ohm
   73.      real, dimension(:), allocatable :: pow_e_aux
   74.      real, dimension(:), allocatable :: pow_i_aux
   75.      real, dimension(:), allocatable :: powe_ion_exp
   76.      real, dimension(:), allocatable :: powi_ion_exp
   77.      real, dimension(:), allocatable :: powe_wdot_exp
   78.      real, dimension(:), allocatable :: powi_wdot_exp
   79.      real, dimension(:), allocatable :: powi_cx_exp
   80.      real, dimension(:), allocatable :: flow_wall_exp
   81.      real, dimension(:), allocatable :: flow_beam
   82.      real, dimension(:), allocatable :: flow_mom
   83.      real, dimension(:), allocatable :: sion_d
   84.      real, dimension(:), allocatable :: sbcx_d
   85.    
   86.      ! Ion name,type,mass,charge
   87.      integer :: n_ion
   88.      character (len=6), dimension(n_ion_max) :: ion_name
   89.      character (len=7), dimension(n_ion_max) :: ion_type
   90.      real, dimension(n_ion_max) :: ion_mass
   91.      integer, dimension(n_ion_max) :: ion_z
   92.      character (len=7) :: type_therm = '[therm]'
   93.      character (len=7) :: type_fast  = '[fast] '
   94.    
   95.      real :: quasi_err
   96.      real :: pow_e_err
   97.      real :: pow_i_err
   98.      real :: ip_tot
   99.      !---------------------------------------------------------
  100.      ! ONETWO variables
  101.      !
  102.      integer :: onetwo_ishot
  103.      integer :: onetwo_nb
  104.      integer :: onetwo_npsi
  105.      integer :: onetwo_nion
  106.      integer :: onetwo_nion_tot
  107.      integer :: onetwo_nprim
  108.      integer :: onetwo_nimp
  109.      integer :: onetwo_nneu
  110.      integer :: onetwo_nbion
  111.      integer :: onetwo_nalp
  112.      character (len=2), dimension(n_ion_max) :: onetwo_namep
  113.      character (len=2), dimension(n_ion_max) :: onetwo_namei
  114.      character (len=2), dimension(n_ion_max) :: onetwo_nameb
  115.      character (len=2), dimension(15) :: onetwo_ion_name
  116.      real, dimension(n_ion_max) :: onetwo_m
  117.      integer, dimension(n_ion_max) :: onetwo_z
  118.      real :: onetwo_time
  119.      real :: onetwo_Rgeom
  120.      real :: onetwo_Rmag
  121.      real :: onetwo_R0
  122.      real :: onetwo_kappa
  123.      real :: onetwo_delta
  124.      real :: onetwo_volo
  125.      real :: onetwo_cxareao
  126.      real :: onetwo_Btor
  127.      !
  128.      real, dimension(:), allocatable :: onetwo_rho_grid
  129.      real, dimension(:), allocatable :: onetwo_volume
  130.      real, dimension(:), allocatable :: onetwo_hcap
  131.      real, dimension(:), allocatable :: onetwo_qbeame
  132.      real, dimension(:), allocatable :: onetwo_qrfe
  133.      real, dimension(:), allocatable :: onetwo_qohm
  134.      real, dimension(:), allocatable :: onetwo_qrad
  135.      real, dimension(:), allocatable :: onetwo_qione
  136.      real, dimension(:), allocatable :: onetwo_qioni
  137.      real, dimension(:), allocatable :: onetwo_dpedt
  138.      real, dimension(:), allocatable :: onetwo_qfuse
  139.      real, dimension(:), allocatable :: onetwo_qbeami
  140.      real, dimension(:), allocatable :: onetwo_qrfi
  141.      real, dimension(:), allocatable :: onetwo_qcx
  142.      real, dimension(:), allocatable :: onetwo_dpidt
  143.      real, dimension(:), allocatable :: onetwo_qfusi
  144.      real, dimension(:), allocatable :: onetwo_qdelt
  145.      real, dimension(:), allocatable :: onetwo_sbeam
  146.      real, dimension(:), allocatable :: onetwo_sbeame
  147.      real, dimension(:), allocatable :: onetwo_sscxl
  148.      real, dimension(:), allocatable :: onetwo_te
  149.      real, dimension(:), allocatable :: onetwo_ti
  150.      real, dimension(:), allocatable :: onetwo_talp
  151.      real, dimension(:), allocatable :: onetwo_q
  152.      real, dimension(:), allocatable :: onetwo_angrot
  153.      real, dimension(:), allocatable :: onetwo_zeff
  154.      real, dimension(:), allocatable :: onetwo_ene
  155.      real, dimension(:), allocatable :: onetwo_enalp
  156.      real, dimension(:), allocatable :: onetwo_psi
  157.      real, dimension(:), allocatable :: onetwo_storqueb
  158.      real, dimension(:,:), allocatable :: onetwo_enion
  159.      real, dimension(:,:), allocatable :: onetwo_enbeam
  160.      real, dimension(:,:), allocatable :: onetwo_pressb
  161.      real, dimension(:,:), allocatable :: onetwo_sion
  162.      real, dimension(:,:), allocatable :: onetwo_srecom
  163.      real, dimension(:,:), allocatable :: onetwo_scx
  164.      real, dimension(:,:), allocatable :: onetwo_sbcx
  165.      real, dimension(:,:), allocatable :: onetwo_s
  166.      real, dimension(:,:), allocatable :: onetwo_dudt
  167.      !
  168.      ! psi-grid vectors
  169.      !
  170.      real, dimension(:), allocatable :: onetwo_rho_mhd_gridnpsi
  171.      real, dimension(:), allocatable :: onetwo_rmajavnpsi
  172.      real, dimension(:), allocatable :: onetwo_rminavnpsi
  173.      real, dimension(:), allocatable :: onetwo_psivolpnpsi
  174.      real, dimension(:), allocatable :: onetwo_elongxnpsi
  175.      real, dimension(:), allocatable :: onetwo_triangnpsi_u
  176.      real, dimension(:), allocatable :: onetwo_triangnpsi_l
  177.      !
  178.      ! conglomerate ion vectors
  179.      !
  180.      real, dimension(:,:), allocatable :: onetwo_enion_vec
  181.      real, dimension(:,:), allocatable :: onetwo_Tion_vec
  182.      !---------------------------------------------------------
  183.    
  184.      !---------------------------------------------------------
  185.      ! PLASMA STATE variables
  186.      !
  187.      integer :: plst_shot_number
  188.      character (len=32) :: plst_tokamak_id
  189.      integer :: plst_dim_nrho
  190.      integer :: plst_dim_nrho_eq_geo
  191.      integer :: plst_dp1_nspec_th
  192.      integer :: plst_dp1_nspec_tha
  193.      integer :: plst_dp1_nspec_all
  194.      integer :: plst_dp1_nspec_alla
  195.      character (len=32) :: plst_tag
  196.      character (len=32), dimension(:), allocatable :: plst_all_name
  197.      character (len=32), dimension(:), allocatable :: plst_alla_name
  198.      real :: plst_b_axis_vac
  199.      real, dimension(:), allocatable :: plst_q_all
  200.      real, dimension(:), allocatable :: plst_m_all
  201.      real, dimension(:,:), allocatable :: plst_ts
  202.      real, dimension(:,:), allocatable :: plst_ns
  203.      real, dimension(:), allocatable :: plst_nb
  204.      real, dimension(:), allocatable :: plst_nmini
  205.      real, dimension(:), allocatable :: plst_nfusi
  206.      real, dimension(:), allocatable :: plst_tb
  207.      real, dimension(:), allocatable :: plst_tmini
  208.      real, dimension(:), allocatable :: plst_tfusi
  209.      real, dimension(:), allocatable :: plst_eperp
  210.      real, dimension(:), allocatable :: plst_epar
  211.      real, dimension(:), allocatable :: plst_vol
  212.      real, dimension(:), allocatable :: plst_rho
  213.      real, dimension(:), allocatable :: plst_grho1
  214.      real, dimension(:), allocatable :: plst_phit
  215.      real, dimension(:), allocatable :: plst_psipol
  216.      real, dimension(:), allocatable :: plst_elong
  217.      real, dimension(:), allocatable :: plst_triang
  218.      real, dimension(:), allocatable :: plst_iota
  219.      real, dimension(:), allocatable :: plst_r_midp_in
  220.      real, dimension(:), allocatable :: plst_r_midp_out
  221.      real, dimension(:), allocatable :: plst_z_midp
  222.      real, dimension(:), allocatable :: plst_zeff
  223.      real, dimension(:), allocatable :: plst_epot
  224.      real, dimension(:), allocatable :: plst_omegat
  225.      real, dimension(:), allocatable :: plst_pe_trans
  226.      real, dimension(:), allocatable :: plst_pi_trans
  227.      real, dimension(:), allocatable :: plst_pbe
  228.      real, dimension(:), allocatable :: plst_pbi
  229.      real, dimension(:), allocatable :: plst_pbth
  230.      real, dimension(:), allocatable :: plst_qie
  231.      real, dimension(:), allocatable :: plst_peech
  232.      real, dimension(:), allocatable :: plst_pohme
  233.      real, dimension(:), allocatable :: plst_pmine
  234.      real, dimension(:), allocatable :: plst_pmini
  235.      real, dimension(:), allocatable :: plst_pminth
  236.      real, dimension(:), allocatable :: plst_picth
  237.      real, dimension(:), allocatable :: plst_pfusi
  238.      real, dimension(:), allocatable :: plst_pfusth
  239.      real, dimension(:), allocatable :: plst_pfuse
  240.      real, dimension(:), allocatable :: plst_prad_br
  241.      real, dimension(:), allocatable :: plst_prad_cy
  242.      real, dimension(:), allocatable :: plst_prad_li
  243.      real, dimension(:), allocatable :: plst_tq_trans
  244.      real, dimension(:), allocatable :: plst_sn_trans
  245.      !---------------------------------------------------------
  246.    
  247.      !---------------------------------------------------------
  248.      ! PEQDSK variables
  249.      !
  250.      real :: peqdsk_bref
  251.      real :: peqdsk_arho
  252.      real, dimension(:), allocatable :: peqdsk_psi
  253.      real, dimension(:), allocatable :: peqdsk_ne
  254.      real, dimension(:), allocatable :: peqdsk_te
  255.      real, dimension(:), allocatable :: peqdsk_ni
  256.      real, dimension(:), allocatable :: peqdsk_ti
  257.      real, dimension(:,:), allocatable :: peqdsk_nz
  258.      real, dimension(:), allocatable :: peqdsk_omegat
  259.      real, dimension(:), allocatable :: peqdsk_omgeb
  260.      real, dimension(:), allocatable :: peqdsk_nb
  261.      real, dimension(:), allocatable :: peqdsk_pb
  262.      integer :: peqdsk_fmt, peqdsk_nion, peqdsk_nimp, peqdsk_nbeams
  263.      real, dimension(n_ion_max) :: peqdsk_z
  264.      real, dimension(n_ion_max) :: peqdsk_m
  265.      character (len=7), dimension(5)  :: peqdsk_type
  266.      !---------------------------------------------------------
  267.    
  268.      !---------------------------------------------------------
  269.      ! null input variables
  270.      !
  271.      real :: null_bref
  272.      real :: null_arho
  273.      !---------------------------------------------------------
  274.    
  275.      !--------------------------------------------------------
  276.      ! Some GATO variables
  277.      !
  278.      integer :: nsurf
  279.      integer :: narc
  280.      !--------------------------------------------------------
  281.    
  282.      !---------------------------------------------------------
  283.      ! CORSICA variables
  284.      !
  285.      real :: corsica_time
  286.      real :: corsica_current
  287.      real :: corsica_loop_voltage
  288.      real :: corsica_fusion_power
  289.      real :: corsica_bootstrap_fraction
  290.      real :: corsica_betat
  291.      real :: corsica_betan
  292.      real :: corsica_taue
  293.      real :: corsica_q95
  294.      real :: corsica_r
  295.      real :: corsica_a
  296.      real :: corsica_kappa
  297.      real :: corsica_delta
  298.      real :: corsica_fusion_gain
  299.      real :: corsica_betap
  300.      real :: corsica_li3
  301.    
  302.      integer, parameter :: corsica_nvals = 81
  303.      real :: corsica_bref
  304.      real :: corsica_arho
  305.      real, allocatable :: corsica_rho(:)
  306.      real, allocatable :: corsica_r_a(:)
  307.      real, allocatable :: corsica_psin(:)
  308.      real, allocatable :: corsica_vl(:)
  309.      real, allocatable :: corsica_te(:)
  310.      real, allocatable :: corsica_ti(:)
  311.      real, allocatable :: corsica_ne(:)
  312.      real, allocatable :: corsica_ndt(:)
  313.      real, allocatable :: corsica_nz(:)
  314.      real, allocatable :: corsica_nalpha(:)
  315.      real, allocatable :: corsica_zeff(:)
  316.      real, allocatable :: corsica_q(:)
  317.      real, allocatable :: corsica_j(:)
  318.      real, allocatable :: corsica_jbs(:)
  319.      !---------------------------------------------------------
  320.    
  321.      !---------------------------------------------------------
  322.      ! UFILE variables
  323.      !
  324.      integer :: ufile_nion
  325.      real :: ufile_bref
  326.      real :: ufile_arho
  327.      real :: ufile_z(8)
  328.      real :: ufile_m(8)
  329.      character (len=10) :: ufile_tok
  330.      character (len=40) :: ufile_shot
  331.      character (len=10) :: ufile_time
  332.      character (len=5), dimension(8)  :: ufile_type
  333.      real, dimension(:), allocatable :: ufile_ne
  334.      real, dimension(:,:), allocatable :: ufile_ni
  335.      real, dimension(:), allocatable :: ufile_te
  336.      real, dimension(:,:), allocatable :: ufile_ti
  337.      real, dimension(:), allocatable :: ufile_zeff
  338.      real, dimension(:), allocatable :: ufile_pres
  339.      real, dimension(:), allocatable :: ufile_vrot
  340.      real, dimension(:), allocatable :: ufile_vrotm
  341.      real, dimension(:), allocatable :: ufile_volume
  342.      real, dimension(:), allocatable :: ufile_qnbii
  343.      real, dimension(:), allocatable :: ufile_qnbie
  344.      real, dimension(:), allocatable :: ufile_qicrhi
  345.      real, dimension(:), allocatable :: ufile_qicrhe
  346.      real, dimension(:), allocatable :: ufile_qei
  347.      real, dimension(:), allocatable :: ufile_qrad
  348.      real, dimension(:), allocatable :: ufile_qeche
  349.      real, dimension(:), allocatable :: ufile_qechi
  350.      real, dimension(:), allocatable :: ufile_qohm
  351.      real, dimension(:), allocatable :: ufile_qwalli
  352.      real, dimension(:), allocatable :: ufile_qwalle
  353.    
  354.      real, dimension(:), allocatable :: ufile_qfuse
  355.      real, dimension(:), allocatable :: ufile_qfusi
  356.      real, dimension(:), allocatable :: ufile_qlhe
  357.      real, dimension(:), allocatable :: ufile_qlhi
  358.      real, dimension(:), allocatable :: ufile_snbie
  359.      real, dimension(:), allocatable :: ufile_snbii
  360.      real, dimension(:), allocatable :: ufile_swall
  361.      real, dimension(:), allocatable :: ufile_torq
  362.      !---------------------------------------------------------
  363.    
  364.    end module prgen_globals


%%%%%%%%%%%%%%%%%%%%%%%%%%%%%%%%%%%%%%%%%%%%%%%%%%%%%%%%%%%%%%%%%%%%%%%%%%%%%%%%
                         E x t e r n a l   R e p o r t
%%%%%%%%%%%%%%%%%%%%%%%%%%%%%%%%%%%%%%%%%%%%%%%%%%%%%%%%%%%%%%%%%%%%%%%%%%%%%%%%

Name  Messages
----  --------
PRGEN_GLOBALS
      Defined as:  Module (line 1, file prgen_globals.f90)

                   Does not use any module and is not used by any procedure.


%%%%%%%%%%%%%%%%%%%%%%%%%%%%%%%%%%%%%%%%%%%%%%%%%%%%%%%%%%%%%%%%%%%%%%%%%%%%%%%%
%%%%%%%%%%%%%%%%%%%%%%%%%%%%%%%%%%%%%%%%%%%%%%%%%%%%%%%%%%%%%%%%%%%%%%%%%%%%%%%%
