%%%%%%%%%%%%%%%%%%%%%%%%%%%%%%%%%%%%%%%%%%%%%%%%%%%%%%%%%%%%%%%%%%%%%%%%%%%%%%%%
                          S u m m a r y   R e p o r t
%%%%%%%%%%%%%%%%%%%%%%%%%%%%%%%%%%%%%%%%%%%%%%%%%%%%%%%%%%%%%%%%%%%%%%%%%%%%%%%%

Compilation
-----------
File     : /global/u2/b/bassem/gyro-EP/shared/profiles_gen/src/prgen_read_corsica.f90
Compiled : 01/19/21  15:35:03
Compiler : Version 9.1.0
Ftnlx    : Version 9.1.0 
Target   : x86-64
Command  : ftn_driver.exe -hcpu=haswell -hdynamic -D__CRAYXC -D__CRAY_HASWELL
           -D__CRAYXT_COMPUTE_LINUX_TARGET -hnetwork=aries -hnoomp -em
           -J/global/homes/b/bassem/gyro-EP/modules -sreal64 -eD -Ktrap=fp -m1
           -Rbcdps -G0 -I/opt/cray/pe/netcdf/4.6.3.2/CRAYCLANG/9.0/include
           -c prgen_read_corsica.f90
           -I/opt/cray/pe/cce/9.1.0/cce-clang/x86_64/lib/clang/9.0.0/include
           -I/opt/cray/pe/cce/9.1.0/cce/x86_64/include/craylibs -I/usr/include
           -I/usr/include -I/opt/cray/pe/fftw/3.3.8.4/haswell/include
           -I/opt/cray/pe/libsci/19.06.1/CRAY/9.0/x86_64/include
           -I/opt/cray/pe/mpt/7.7.10/gni/mpich-cray/9.0/include
           -I/opt/cray/pe/hdf5/1.10.5.2/cray/9.0/include
           -I/opt/cray/pe/netcdf/4.6.3.2/cray/9.0/include
           -I/opt/cray/rca/2.2.20-7.0.1.1_4.53__g8e3fb5b.ari/include
           -I/opt/cray/alps/6.6.58-7.0.1.1_6.10__g437d88db.ari/include
           -I/opt/cray/xpmem/2.2.20-7.0.1.1_4.14__g0475745.ari/include
           -I/opt/cray/gni-headers/5.0.12.0-7.0.1.1_6.32__g3b1768f.ari/include
           -I/opt/cray/dmapp/7.1.1-7.0.1.1_4.54__g38cf134.ari/include
           -I/opt/cray/pe/pmi/5.0.14/include
           -I/opt/cray/ugni/6.0.14.0-7.0.1.1_7.40__ge78e5b0.ari/include
           -I/opt/cray/udreg/2.3.2-7.0.1.1_3.38__g8175d3d.ari/include
           -I/opt/cray/wlm_detect/1.3.3-7.0.1.1_4.16__g7109084.ari/include
           -I/opt/cray/krca/2.2.6-7.0.1.1_5.39__gb641b12.ari/include
           -I/opt/cray-hss-devel/9.0.0/include
Program
  Units  : PRGEN_READ_CORSICA

ftnlx report
------------
Source   : /global/u2/b/bassem/gyro-EP/shared/profiles_gen/src/prgen_read_corsica.f90
Date     : 01/19/2021  15:35:03


%%%%%%%%%%%%%%%%%%%%%%%%%%%%%%%%%%%%%%%%%%%%%%%%%%%%%%%%%%%%%%%%%%%%%%%%%%%%%%%%
                          S o u r c e   L i s t i n g
%%%%%%%%%%%%%%%%%%%%%%%%%%%%%%%%%%%%%%%%%%%%%%%%%%%%%%%%%%%%%%%%%%%%%%%%%%%%%%%%

    1.    !--------------------------------------------------------------
    2.    ! prgen_read_corsica.f90
    3.    !
    4.    ! PURPOSE:
    5.    !  Extract corsica data from native TEXT file.
    6.    !--------------------------------------------------------------
    7.    
    8.    subroutine prgen_read_corsica
    9.    
   10.      use prgen_globals
   11.    
   12.      implicit none
   13.    
   14.      integer :: i
   15.      real :: index
   16.      character(len=16) :: buf
   17.    
   18.      ! profile lengths are always the same (I think)
   19.      ! so arrays can be allocated ahead of time
   20.      nx = corsica_nvals
   21.      call allocate_corsica_vars
   22.    
   23.      open(unit=1, file=raw_data_file, action='read', status='old')
   24.    
   25.      ! skip header
   26.      do 
   27.         read(1,'(A)',err=10) buf
   28.         if(buf.eq.'#New time slice ') goto 99
   29.      end do
   30.    10 continue
   31.      print *, 'Error: could not find time slice data'
   32.      close(1)
   33.      return
   34.    
   35.    99 continue
   36.      ! read scalar data
   37.    100 format (1e12.5)
   38.      read(1, 100) corsica_time
   39.      read(1, 100) corsica_current
   40.      read(1, 100) corsica_loop_voltage
   41.      read(1, 100) corsica_fusion_power
   42.      read(1, 100) corsica_bootstrap_fraction
   43.      read(1, 100) corsica_betat
   44.      read(1, 100) corsica_betan
   45.      read(1, 100) corsica_taue
   46.      read(1, 100) corsica_q95
   47.      read(1, 100) corsica_r
   48.      read(1, 100) corsica_a
   49.      read(1, 100) corsica_kappa
   50.      read(1, 100) corsica_delta
   51.      read(1, 100) corsica_fusion_gain
   52.      read(1, 100) corsica_betap
   53.      read(1, 100) corsica_li3
   54.    
   55.      ! skip comments
   56.      do i=1, 4
   57.         read(1,*)
   58.      end do
   59.    
   60.      ! read profiles
   61.    101 format (15e13.5)
   62.      do i=1, corsica_nvals
   63.         read(1, 101) index, corsica_rho(i), corsica_r_a(i), corsica_psin(i), &
   64.              corsica_vl(i), corsica_te(i), corsica_ti(i), corsica_ne(i), &
   65.              corsica_ndt(i), corsica_nz(i), corsica_nalpha(i), &
   66.              corsica_zeff(i), corsica_q(i), corsica_j(i), corsica_jbs(i)
   67.      end do
   68.    
   69.      close(1)
   70.    
   71.    
   72.      call allocate_internals
   73.    
   74.      dpsi(:)   = corsica_psin(:)
ftn-6262 ftn: VECTOR PRGEN_READ_CORSICA, File = prgen_read_corsica.f90, Line = 74 
  A loop starting at line 74 was not vectorized because it contains a call to a subroutine or function on line 74.

   75.      rmin(:)   = 0.0
ftn-6263 ftn: VECTOR PRGEN_READ_CORSICA, File = prgen_read_corsica.f90, Line = 75 
  A loop starting at line 75 was not vectorized because it contains a reference to a non-vector intrinsic on line 75.

   76.      rmaj(:)   = 0.0
ftn-6263 ftn: VECTOR PRGEN_READ_CORSICA, File = prgen_read_corsica.f90, Line = 76 
  A loop starting at line 76 was not vectorized because it contains a reference to a non-vector intrinsic on line 76.

   77.      rho(:)    = 0.0
ftn-6263 ftn: VECTOR PRGEN_READ_CORSICA, File = prgen_read_corsica.f90, Line = 77 
  A loop starting at line 77 was not vectorized because it contains a reference to a non-vector intrinsic on line 77.

   78.      kappa(:)  = 0.0
ftn-6263 ftn: VECTOR PRGEN_READ_CORSICA, File = prgen_read_corsica.f90, Line = 78 
  A loop starting at line 78 was not vectorized because it contains a reference to a non-vector intrinsic on line 78.

   79.      delta(:)  = 0.0
ftn-6263 ftn: VECTOR PRGEN_READ_CORSICA, File = prgen_read_corsica.f90, Line = 79 
  A loop starting at line 79 was not vectorized because it contains a reference to a non-vector intrinsic on line 79.

   80.      zmag(:)   = 0.0
ftn-6263 ftn: VECTOR PRGEN_READ_CORSICA, File = prgen_read_corsica.f90, Line = 80 
  A loop starting at line 80 was not vectorized because it contains a reference to a non-vector intrinsic on line 80.

   81.      zeta(:)   = 0.0
ftn-6263 ftn: VECTOR PRGEN_READ_CORSICA, File = prgen_read_corsica.f90, Line = 81 
  A loop starting at line 81 was not vectorized because it contains a reference to a non-vector intrinsic on line 81.

   82.      omega0(:) = 0.0
ftn-6263 ftn: VECTOR PRGEN_READ_CORSICA, File = prgen_read_corsica.f90, Line = 82 
  A loop starting at line 82 was not vectorized because it contains a reference to a non-vector intrinsic on line 82.

   83.    
   84.    end subroutine prgen_read_corsica
ftn-5011 ftn: NOTE PRGEN_READ_CORSICA, File = prgen_read_corsica.f90, Line = 84 
  Label "101" is unused.

ftn-5011 ftn: NOTE PRGEN_READ_CORSICA, File = prgen_read_corsica.f90, Line = 84 
  Label "100" is unused.



%%%%%%%%%%%%%%%%%%%%%%%%%%%%%%%%%%%%%%%%%%%%%%%%%%%%%%%%%%%%%%%%%%%%%%%%%%%%%%%%
                         E x t e r n a l   R e p o r t
%%%%%%%%%%%%%%%%%%%%%%%%%%%%%%%%%%%%%%%%%%%%%%%%%%%%%%%%%%%%%%%%%%%%%%%%%%%%%%%%

Name  Messages
----  --------
ALLOCATE_CORSICA_VARS
      Defined as:  No definitions.

      Interface:   None

      Called By:   PRGEN_READ_CORSICA (Line 21, file prgen_read_corsica.f90)

Name  Messages
----  --------
ALLOCATE_INTERNALS
      Defined as:  No definitions.

      Interface:   None

      Called By:   PRGEN_READ_CORSICA (Line 72, file prgen_read_corsica.f90)

Name  Messages
----  --------
PRGEN_GLOBALS
      Defined as:  No definitions.

      Used By:     PRGEN_READ_CORSICA

Name  Messages
----  --------
PRGEN_READ_CORSICA
      Defined as:  Subroutine (line 8, file prgen_read_corsica.f90)

      Interface:   None

      Calls:       ALLOCATE_CORSICA_VARS (Line 21, file prgen_read_corsica.f90)
                   ALLOCATE_INTERNALS (Line 72, file prgen_read_corsica.f90)

        Uses:      PRGEN_GLOBALS


%%%%%%%%%%%%%%%%%%%%%%%%%%%%%%%%%%%%%%%%%%%%%%%%%%%%%%%%%%%%%%%%%%%%%%%%%%%%%%%%
%%%%%%%%%%%%%%%%%%%%%%%%%%%%%%%%%%%%%%%%%%%%%%%%%%%%%%%%%%%%%%%%%%%%%%%%%%%%%%%%
