%%%%%%%%%%%%%%%%%%%%%%%%%%%%%%%%%%%%%%%%%%%%%%%%%%%%%%%%%%%%%%%%%%%%%%%%%%%%%%%%
                          S u m m a r y   R e p o r t
%%%%%%%%%%%%%%%%%%%%%%%%%%%%%%%%%%%%%%%%%%%%%%%%%%%%%%%%%%%%%%%%%%%%%%%%%%%%%%%%

Compilation
-----------
File     : /global/u2/b/bassem/gyro-EP/shared/profiles_gen/src/prgen_read_peqdsk.f90
Compiled : 01/19/21  15:35:02
Compiler : Version 9.1.0
Ftnlx    : Version 9.1.0 
Target   : x86-64
Command  : ftn_driver.exe -hcpu=haswell -hdynamic -D__CRAYXC -D__CRAY_HASWELL
           -D__CRAYXT_COMPUTE_LINUX_TARGET -hnetwork=aries -hnoomp -em
           -J/global/homes/b/bassem/gyro-EP/modules -sreal64 -eD -Ktrap=fp -m1
           -Rbcdps -G0 -I/opt/cray/pe/netcdf/4.6.3.2/CRAYCLANG/9.0/include
           -c prgen_read_peqdsk.f90
           -I/opt/cray/pe/cce/9.1.0/cce-clang/x86_64/lib/clang/9.0.0/include
           -I/opt/cray/pe/cce/9.1.0/cce/x86_64/include/craylibs -I/usr/include
           -I/usr/include -I/opt/cray/pe/fftw/3.3.8.4/haswell/include
           -I/opt/cray/pe/libsci/19.06.1/CRAY/9.0/x86_64/include
           -I/opt/cray/pe/mpt/7.7.10/gni/mpich-cray/9.0/include
           -I/opt/cray/pe/hdf5/1.10.5.2/cray/9.0/include
           -I/opt/cray/pe/netcdf/4.6.3.2/cray/9.0/include
           -I/opt/cray/rca/2.2.20-7.0.1.1_4.53__g8e3fb5b.ari/include
           -I/opt/cray/alps/6.6.58-7.0.1.1_6.10__g437d88db.ari/include
           -I/opt/cray/xpmem/2.2.20-7.0.1.1_4.14__g0475745.ari/include
           -I/opt/cray/gni-headers/5.0.12.0-7.0.1.1_6.32__g3b1768f.ari/include
           -I/opt/cray/dmapp/7.1.1-7.0.1.1_4.54__g38cf134.ari/include
           -I/opt/cray/pe/pmi/5.0.14/include
           -I/opt/cray/ugni/6.0.14.0-7.0.1.1_7.40__ge78e5b0.ari/include
           -I/opt/cray/udreg/2.3.2-7.0.1.1_3.38__g8175d3d.ari/include
           -I/opt/cray/wlm_detect/1.3.3-7.0.1.1_4.16__g7109084.ari/include
           -I/opt/cray/krca/2.2.6-7.0.1.1_5.39__gb641b12.ari/include
           -I/opt/cray-hss-devel/9.0.0/include
Program
  Units  : PRGEN_READ_PEQDSK

ftnlx report
------------
Source   : /global/u2/b/bassem/gyro-EP/shared/profiles_gen/src/prgen_read_peqdsk.f90
Date     : 01/19/2021  15:35:03


%%%%%%%%%%%%%%%%%%%%%%%%%%%%%%%%%%%%%%%%%%%%%%%%%%%%%%%%%%%%%%%%%%%%%%%%%%%%%%%%
                          S o u r c e   L i s t i n g
%%%%%%%%%%%%%%%%%%%%%%%%%%%%%%%%%%%%%%%%%%%%%%%%%%%%%%%%%%%%%%%%%%%%%%%%%%%%%%%%

    1.    !--------------------------------------------------------------
    2.    ! prgen_read_peqdsk.f90
    3.    !
    4.    ! PURPOSE:
    5.    !  Extract peqdsk data from native TEXT file.
    6.    !--------------------------------------------------------------
    7.    
    8.    subroutine prgen_read_peqdsk
    9.    
   10.      use prgen_globals
   11.    
   12.      implicit none
   13.    
   14.      integer, parameter :: ncol=3
   15.      integer :: i, num
   16.      real    :: y1, y2, y3
   17.      logical :: ierr
   18.      real, dimension(:,:), allocatable :: xv
   19.    
   20.      !----------------------------------------------------
   21.      ! Read the peqdsk file
   22.      !
   23.    
   24.      open(unit=1,file='pfile.ne',status='old')
   25.      read(1,*) i
   26.      nx = i
   27.      call allocate_internals
   28.      call allocate_peqdsk_vars
   29.      allocate(xv(ncol,i))
   30.      read(1,*) xv
   31.      peqdsk_psi(:) = xv(1,:)
ftn-6262 ftn: VECTOR PRGEN_READ_PEQDSK, File = prgen_read_peqdsk.f90, Line = 31 
  A loop starting at line 31 was not vectorized because it contains a call to a subroutine or function on line 31.

   32.      deallocate(xv)
   33.      close(1)
   34.      ! Use ne grid as peqdsk_psi grid for all peqdsk quantities
   35.      ! Except if ne grid psi > 1.0, then use fixed, uniform mesh
   36.      if(peqdsk_psi(nx) > 1.0) then
   37.         print '(a)','INFO: (prgen) Using fixed, uniform psi grid.'
   38.         do i=1,nx
   39.            peqdsk_psi(i) = (i-1.0)/(nx-1)
   40.         enddo
   41.      else
   42.         print '(a)','INFO: (prgen) Using pfile.ne psi grid.'
   43.      endif
   44.    
   45.      ! psi_norm and ne(10^20/m^3)
   46.      open(unit=1,file='pfile.ne',status='old')
   47.      read(1,*) i
   48.      allocate(xv(ncol,i))
   49.      read(1,*) xv
   50.      call cub_spline(xv(1,:),xv(2,:),i,peqdsk_psi,peqdsk_ne,nx)
                              ^                                        
ftn-1438 ftn: CAUTION PRGEN_READ_PEQDSK, File = prgen_read_peqdsk.f90, Line = 50, Column = 21 
  This argument produces a copy in and copy out to a temporary variable.

                                      ^                                
ftn-1438 ftn: CAUTION PRGEN_READ_PEQDSK, File = prgen_read_peqdsk.f90, Line = 50, Column = 29 
  This argument produces a copy in and copy out to a temporary variable.

   51.      deallocate(xv)
   52.      close(1)
   53.    
   54.      ! te(KeV)
   55.      inquire(file='pfile.te',exist=ierr)
   56.      if (ierr) then
   57.         open(unit=1,file='pfile.te',status='old')
   58.      else
   59.         open(unit=1,file='pfile.Te',status='old')
   60.      endif
   61.      read(1,*) i
   62.      allocate(xv(ncol,i))
   63.      read(1,*) xv
   64.      call cub_spline(xv(1,:),xv(2,:),i,peqdsk_psi,peqdsk_te,nx)
                              ^                                        
ftn-1438 ftn: CAUTION PRGEN_READ_PEQDSK, File = prgen_read_peqdsk.f90, Line = 64, Column = 21 
  This argument produces a copy in and copy out to a temporary variable.

                                      ^                                
ftn-1438 ftn: CAUTION PRGEN_READ_PEQDSK, File = prgen_read_peqdsk.f90, Line = 64, Column = 29 
  This argument produces a copy in and copy out to a temporary variable.

   65.      deallocate(xv)
   66.      close(1)
   67.    
   68.      ! ni(10^20/m^3)
   69.      open(unit=1,file='pfile.ni',status='old')
   70.      read(1,*) i
   71.      allocate(xv(ncol,i))
   72.      read(1,*) xv
   73.      call cub_spline(xv(1,:),xv(2,:),i,peqdsk_psi,peqdsk_ni,nx)
                              ^                                        
ftn-1438 ftn: CAUTION PRGEN_READ_PEQDSK, File = prgen_read_peqdsk.f90, Line = 73, Column = 21 
  This argument produces a copy in and copy out to a temporary variable.

                                      ^                                
ftn-1438 ftn: CAUTION PRGEN_READ_PEQDSK, File = prgen_read_peqdsk.f90, Line = 73, Column = 29 
  This argument produces a copy in and copy out to a temporary variable.

   74.      deallocate(xv)
   75.      close(1)
   76.    
   77.      ! ti(KeV)
   78.      inquire(file='pfile.ti',exist=ierr)
   79.      if (ierr) then
   80.         open(unit=1,file='pfile.ti',status='old')
   81.      else
   82.         open(unit=1,file='pfile.Ti',status='old')
   83.      endif
   84.      read(1,*) i
   85.      allocate(xv(ncol,i))
   86.      read(1,*) xv
   87.      call cub_spline(xv(1,:),xv(2,:),i,peqdsk_psi,peqdsk_ti,nx)
                              ^                                        
ftn-1438 ftn: CAUTION PRGEN_READ_PEQDSK, File = prgen_read_peqdsk.f90, Line = 87, Column = 21 
  This argument produces a copy in and copy out to a temporary variable.

                                      ^                                
ftn-1438 ftn: CAUTION PRGEN_READ_PEQDSK, File = prgen_read_peqdsk.f90, Line = 87, Column = 29 
  This argument produces a copy in and copy out to a temporary variable.

   88.      deallocate(xv)
   89.      close(1)
   90.    
   91.      ! ptot (KPa)
   92.      inquire(file='pfile.ptot',exist=ierr)
   93.      if (ierr) then
   94.         open(unit=1,file='pfile.ptot',status='old')
   95.         read(1,*) i
   96.         allocate(xv(ncol,i))
   97.         read(1,*) xv
   98.         call cub_spline(xv(1,:),xv(2,:),i,peqdsk_psi,p_tot,nx)
                                 ^                                    
ftn-1438 ftn: CAUTION PRGEN_READ_PEQDSK, File = prgen_read_peqdsk.f90, Line = 98, Column = 24 
  This argument produces a copy in and copy out to a temporary variable.

                                         ^                            
ftn-1438 ftn: CAUTION PRGEN_READ_PEQDSK, File = prgen_read_peqdsk.f90, Line = 98, Column = 32 
  This argument produces a copy in and copy out to a temporary variable.

   99.         deallocate(xv)
  100.         close(1)
  101.      else
  102.         p_tot(:) = 0.0
ftn-6263 ftn: VECTOR PRGEN_READ_PEQDSK, File = prgen_read_peqdsk.f90, Line = 102 
  A loop starting at line 102 was not vectorized because it contains a reference to a non-vector intrinsic on line 102.

  103.      endif
  104.    
  105.      ! nb(10^20/m^3)
  106.      inquire(file='pfile.nb',exist=ierr)
  107.      if (ierr) then
  108.         open(unit=1,file='pfile.nb',status='old')
  109.         read(1,*) i
  110.         allocate(xv(ncol,i))
  111.         read(1,*) xv
  112.         call cub_spline(xv(1,:),xv(2,:),i,peqdsk_psi,peqdsk_nb,nx)
                                 ^                                        
ftn-1438 ftn: CAUTION PRGEN_READ_PEQDSK, File = prgen_read_peqdsk.f90, Line = 112, Column = 24 
  This argument produces a copy in and copy out to a temporary variable.

                                         ^                                
ftn-1438 ftn: CAUTION PRGEN_READ_PEQDSK, File = prgen_read_peqdsk.f90, Line = 112, Column = 32 
  This argument produces a copy in and copy out to a temporary variable.

  113.         deallocate(xv)
  114.         close(1)
  115.         peqdsk_nbeams = 1
  116.      else
  117.         peqdsk_nb(:) = 0.0
ftn-6263 ftn: VECTOR PRGEN_READ_PEQDSK, File = prgen_read_peqdsk.f90, Line = 117 
  A loop starting at line 117 was not vectorized because it contains a reference to a non-vector intrinsic on line 117.

  118.         peqdsk_nbeams = 0
  119.      endif
  120.    
  121.      ! pb(KPa)
  122.      inquire(file='pfile.pb',exist=ierr)
  123.      if (ierr) then
  124.         open(unit=1,file='pfile.pb',status='old')
  125.         read(1,*) i
  126.         allocate(xv(ncol,i))
  127.         read(1,*) xv
  128.         call cub_spline(xv(1,:),xv(2,:),i,peqdsk_psi,peqdsk_pb,nx)
                                 ^                                        
ftn-1438 ftn: CAUTION PRGEN_READ_PEQDSK, File = prgen_read_peqdsk.f90, Line = 128, Column = 24 
  This argument produces a copy in and copy out to a temporary variable.

                                         ^                                
ftn-1438 ftn: CAUTION PRGEN_READ_PEQDSK, File = prgen_read_peqdsk.f90, Line = 128, Column = 32 
  This argument produces a copy in and copy out to a temporary variable.

  129.         deallocate(xv)
  130.         close(1)
  131.      else
  132.         peqdsk_pb(:) = 0.0
ftn-6263 ftn: VECTOR PRGEN_READ_PEQDSK, File = prgen_read_peqdsk.f90, Line = 132 
  A loop starting at line 132 was not vectorized because it contains a reference to a non-vector intrinsic on line 132.

  133.      endif
  134.    
  135.      peqdsk_nimp = 0
  136.      peqdsk_nz(:,:) = 0.0
ftn-6263 ftn: VECTOR PRGEN_READ_PEQDSK, File = prgen_read_peqdsk.f90, Line = 136 
  A loop starting at line 136 was not vectorized because it contains a reference to a non-vector intrinsic on line 136.

  137.      inquire(file='pfile.nz1',exist=ierr)
  138.      if (ierr) then
  139.         open(unit=1,file='pfile.nz1',status='old')
  140.         read(1,*) i
  141.         allocate(xv(ncol,i))
  142.         read(1,*) xv
  143.         call cub_spline(xv(1,:),xv(2,:),i,peqdsk_psi,peqdsk_nz(1,:),nx)
                                 ^                                             
ftn-1438 ftn: CAUTION PRGEN_READ_PEQDSK, File = prgen_read_peqdsk.f90, Line = 143, Column = 24 
  This argument produces a copy in and copy out to a temporary variable.

                                         ^                                     
ftn-1438 ftn: CAUTION PRGEN_READ_PEQDSK, File = prgen_read_peqdsk.f90, Line = 143, Column = 32 
  This argument produces a copy in and copy out to a temporary variable.

                                                                     ^         
ftn-1438 ftn: CAUTION PRGEN_READ_PEQDSK, File = prgen_read_peqdsk.f90, Line = 143, Column = 60 
  This argument produces a copy in and copy out to a temporary variable.

  144.         deallocate(xv)
  145.         close(1)
  146.         peqdsk_nimp = peqdsk_nimp + 1
  147.         inquire(file='pfile.nz2',exist=ierr)
  148.         if (ierr) then
  149.            open(unit=1,file='pfile.nz2',status='old')
  150.            read(1,*) i
  151.            allocate(xv(ncol,i))
  152.            read(1,*) xv
  153.            call cub_spline(xv(1,:),xv(2,:),i,peqdsk_psi,peqdsk_nz(2,:),nx)
                                    ^                                             
ftn-1438 ftn: CAUTION PRGEN_READ_PEQDSK, File = prgen_read_peqdsk.f90, Line = 153, Column = 27 
  This argument produces a copy in and copy out to a temporary variable.

                                            ^                                     
ftn-1438 ftn: CAUTION PRGEN_READ_PEQDSK, File = prgen_read_peqdsk.f90, Line = 153, Column = 35 
  This argument produces a copy in and copy out to a temporary variable.

                                                                        ^         
ftn-1438 ftn: CAUTION PRGEN_READ_PEQDSK, File = prgen_read_peqdsk.f90, Line = 153, Column = 63 
  This argument produces a copy in and copy out to a temporary variable.

  154.            deallocate(xv)
  155.            close(1)
  156.            peqdsk_nimp = peqdsk_nimp + 1
  157.            inquire(file='pfile.nz3',exist=ierr)
  158.            if (ierr) then
  159.               open(unit=1,file='pfile.nz3',status='old')
  160.               read(1,*) i
  161.               allocate(xv(ncol,i))
  162.               read(1,*) xv
  163.               call cub_spline(xv(1,:),xv(2,:),i,peqdsk_psi,peqdsk_nz(3,:),nx)
                                       ^                                             
ftn-1438 ftn: CAUTION PRGEN_READ_PEQDSK, File = prgen_read_peqdsk.f90, Line = 163, Column = 30 
  This argument produces a copy in and copy out to a temporary variable.

                                               ^                                     
ftn-1438 ftn: CAUTION PRGEN_READ_PEQDSK, File = prgen_read_peqdsk.f90, Line = 163, Column = 38 
  This argument produces a copy in and copy out to a temporary variable.

                                                                           ^         
ftn-1438 ftn: CAUTION PRGEN_READ_PEQDSK, File = prgen_read_peqdsk.f90, Line = 163, Column = 66 
  This argument produces a copy in and copy out to a temporary variable.

  164.               deallocate(xv)
  165.               close(1)
  166.               peqdsk_nimp = peqdsk_nimp + 1 
  167.               inquire(file='pfile.nz4',exist=ierr)
  168.               if (ierr) then
  169.                  print '(a)','ERROR: (prgen) Too many impurity species in pfile'
  170.                  stop
  171.               endif
  172.            endif
  173.         endif
  174.      endif
  175.    
  176.      peqdsk_type(:) = type_therm
  177.      peqdsk_z(:)    = 0.0
ftn-6204 ftn: VECTOR PRGEN_READ_PEQDSK, File = prgen_read_peqdsk.f90, Line = 177 
  A loop starting at line 177 was vectorized.

  178.      peqdsk_m(:)    = 0.0
ftn-6204 ftn: VECTOR PRGEN_READ_PEQDSK, File = prgen_read_peqdsk.f90, Line = 178 
  A loop starting at line 178 was vectorized.

  179.    
  180.      inquire(file='pfile.species',exist=ierr)
  181.      if (ierr) then
  182.         peqdsk_fmt = 1
  183.         open(unit=1,file='pfile.species',status='old')
  184.         read(1,*) num
  185.         if (num > (1 + peqdsk_nimp + peqdsk_nbeams)) then
  186.            print '(a)','ERROR: (prgen) Species number in pfile incorrect'
  187.            stop
  188.         endif
  189.         do i=1,peqdsk_nimp
  190.            read(1,*) y1, y2, y3
  191.            peqdsk_z(1+i) = y2
  192.            peqdsk_m(1+i) = y3
  193.         enddo
  194.         read(1,*) y1, y2, y3
  195.         peqdsk_z(1) = y2
  196.         peqdsk_m(1) = y3
  197.         if (peqdsk_nbeams == 1) then
  198.            read(1,*) y1, y2, y3
  199.            peqdsk_z(1+peqdsk_nimp+1) = y2
  200.            peqdsk_m(1+peqdsk_nimp+1) = y3
  201.            peqdsk_type(1+peqdsk_nimp+1) = type_fast
  202.         endif
  203.      else
  204.         peqdsk_fmt = 0
  205.      endif
  206.    
  207.      ! omeg(kRad/s)
  208.      inquire(file='pfile.omeg',exist=ierr)
  209.      if (ierr) then
  210.         open(unit=1,file='pfile.omeg',status='old')
  211.         read(1,*) i
  212.         allocate(xv(ncol,i))
  213.         read(1,*) xv
  214.         call cub_spline(xv(1,:),xv(2,:),i,peqdsk_psi,peqdsk_omegat,nx)
                                 ^                                            
ftn-1438 ftn: CAUTION PRGEN_READ_PEQDSK, File = prgen_read_peqdsk.f90, Line = 214, Column = 24 
  This argument produces a copy in and copy out to a temporary variable.

                                         ^                                    
ftn-1438 ftn: CAUTION PRGEN_READ_PEQDSK, File = prgen_read_peqdsk.f90, Line = 214, Column = 32 
  This argument produces a copy in and copy out to a temporary variable.

  215.         deallocate(xv)
  216.         close(1)
  217.      else
  218.         peqdsk_omegat(:) = 0.0
ftn-6263 ftn: VECTOR PRGEN_READ_PEQDSK, File = prgen_read_peqdsk.f90, Line = 218 
  A loop starting at line 218 was not vectorized because it contains a reference to a non-vector intrinsic on line 218.

  219.      endif
  220.    
  221.      ! omgeb(kRad/s) [not a typo]
  222.      inquire(file='pfile.omgeb',exist=ierr)
  223.      if (ierr) then
  224.         open(unit=1,file='pfile.omgeb',status='old')
  225.         read(1,*) i
  226.         allocate(xv(ncol,i))
  227.         read(1,*) xv
  228.         call cub_spline(xv(1,:),xv(2,:),i,peqdsk_psi,peqdsk_omgeb,nx)
                                 ^                                           
ftn-1438 ftn: CAUTION PRGEN_READ_PEQDSK, File = prgen_read_peqdsk.f90, Line = 228, Column = 24 
  This argument produces a copy in and copy out to a temporary variable.

                                         ^                                   
ftn-1438 ftn: CAUTION PRGEN_READ_PEQDSK, File = prgen_read_peqdsk.f90, Line = 228, Column = 32 
  This argument produces a copy in and copy out to a temporary variable.

  229.         deallocate(xv)
  230.         close(1)
  231.      else
  232.         peqdsk_omgeb(:) = 0.0
ftn-6263 ftn: VECTOR PRGEN_READ_PEQDSK, File = prgen_read_peqdsk.f90, Line = 232 
  A loop starting at line 232 was not vectorized because it contains a reference to a non-vector intrinsic on line 232.

  233.      endif
  234.    
  235.      dpsi(:)   = peqdsk_psi(:)-peqdsk_psi(1)
ftn-6262 ftn: VECTOR PRGEN_READ_PEQDSK, File = prgen_read_peqdsk.f90, Line = 235 
  A loop starting at line 235 was not vectorized because it contains a call to a subroutine or function on line 235.

  236.      rmin(:)   = 0.0
ftn-6263 ftn: VECTOR PRGEN_READ_PEQDSK, File = prgen_read_peqdsk.f90, Line = 236 
  A loop starting at line 236 was not vectorized because it contains a reference to a non-vector intrinsic on line 236.

  237.      rmaj(:)   = 0.0
ftn-6263 ftn: VECTOR PRGEN_READ_PEQDSK, File = prgen_read_peqdsk.f90, Line = 237 
  A loop starting at line 237 was not vectorized because it contains a reference to a non-vector intrinsic on line 237.

  238.      rho(:)    = 0.0
ftn-6263 ftn: VECTOR PRGEN_READ_PEQDSK, File = prgen_read_peqdsk.f90, Line = 238 
  A loop starting at line 238 was not vectorized because it contains a reference to a non-vector intrinsic on line 238.

  239.      kappa(:)  = 0.0
ftn-6263 ftn: VECTOR PRGEN_READ_PEQDSK, File = prgen_read_peqdsk.f90, Line = 239 
  A loop starting at line 239 was not vectorized because it contains a reference to a non-vector intrinsic on line 239.

  240.      delta(:)  = 0.0
ftn-6263 ftn: VECTOR PRGEN_READ_PEQDSK, File = prgen_read_peqdsk.f90, Line = 240 
  A loop starting at line 240 was not vectorized because it contains a reference to a non-vector intrinsic on line 240.

  241.      zmag(:)   = 0.0
ftn-6263 ftn: VECTOR PRGEN_READ_PEQDSK, File = prgen_read_peqdsk.f90, Line = 241 
  A loop starting at line 241 was not vectorized because it contains a reference to a non-vector intrinsic on line 241.

  242.      zeta(:)   = 0.0
ftn-6263 ftn: VECTOR PRGEN_READ_PEQDSK, File = prgen_read_peqdsk.f90, Line = 242 
  A loop starting at line 242 was not vectorized because it contains a reference to a non-vector intrinsic on line 242.

  243.      omega0(:) = 0.0
ftn-6263 ftn: VECTOR PRGEN_READ_PEQDSK, File = prgen_read_peqdsk.f90, Line = 243 
  A loop starting at line 243 was not vectorized because it contains a reference to a non-vector intrinsic on line 243.

  244.      
  245.    end subroutine prgen_read_peqdsk


%%%%%%%%%%%%%%%%%%%%%%%%%%%%%%%%%%%%%%%%%%%%%%%%%%%%%%%%%%%%%%%%%%%%%%%%%%%%%%%%
                         E x t e r n a l   R e p o r t
%%%%%%%%%%%%%%%%%%%%%%%%%%%%%%%%%%%%%%%%%%%%%%%%%%%%%%%%%%%%%%%%%%%%%%%%%%%%%%%%

Name  Messages
----  --------
ALLOCATE_INTERNALS
      Defined as:  No definitions.

      Interface:   None

      Called By:   PRGEN_READ_PEQDSK (Line 27, file prgen_read_peqdsk.f90)

Name  Messages
----  --------
ALLOCATE_PEQDSK_VARS
      Defined as:  No definitions.

      Interface:   None

      Called By:   PRGEN_READ_PEQDSK (Line 28, file prgen_read_peqdsk.f90)

Name  Messages
----  --------
CUB_SPLINE
      Defined as:  No definitions.

      Interface:   None

      Called By:   PRGEN_READ_PEQDSK (Line 50, file prgen_read_peqdsk.f90)
                   PRGEN_READ_PEQDSK (Line 64, file prgen_read_peqdsk.f90)
                   PRGEN_READ_PEQDSK (Line 73, file prgen_read_peqdsk.f90)
                   PRGEN_READ_PEQDSK (Line 87, file prgen_read_peqdsk.f90)
                   PRGEN_READ_PEQDSK (Line 98, file prgen_read_peqdsk.f90)
                   PRGEN_READ_PEQDSK (Line 112, file prgen_read_peqdsk.f90)
                   PRGEN_READ_PEQDSK (Line 128, file prgen_read_peqdsk.f90)
                   PRGEN_READ_PEQDSK (Line 143, file prgen_read_peqdsk.f90)
                   PRGEN_READ_PEQDSK (Line 153, file prgen_read_peqdsk.f90)
                   PRGEN_READ_PEQDSK (Line 163, file prgen_read_peqdsk.f90)
                   PRGEN_READ_PEQDSK (Line 214, file prgen_read_peqdsk.f90)
                   PRGEN_READ_PEQDSK (Line 228, file prgen_read_peqdsk.f90)

Name  Messages
----  --------
PRGEN_GLOBALS
      Defined as:  No definitions.

      Used By:     PRGEN_READ_PEQDSK

Name  Messages
----  --------
PRGEN_READ_PEQDSK
      Defined as:  Subroutine (line 8, file prgen_read_peqdsk.f90)

      Interface:   None

      Calls:       ALLOCATE_INTERNALS (Line 27, file prgen_read_peqdsk.f90)
                   ALLOCATE_PEQDSK_VARS (Line 28, file prgen_read_peqdsk.f90)
                   CUB_SPLINE (Line 50, file prgen_read_peqdsk.f90)
                   CUB_SPLINE (Line 64, file prgen_read_peqdsk.f90)
                   CUB_SPLINE (Line 73, file prgen_read_peqdsk.f90)
                   CUB_SPLINE (Line 87, file prgen_read_peqdsk.f90)
                   CUB_SPLINE (Line 98, file prgen_read_peqdsk.f90)
                   CUB_SPLINE (Line 112, file prgen_read_peqdsk.f90)
                   CUB_SPLINE (Line 128, file prgen_read_peqdsk.f90)
                   CUB_SPLINE (Line 143, file prgen_read_peqdsk.f90)
                   CUB_SPLINE (Line 153, file prgen_read_peqdsk.f90)
                   CUB_SPLINE (Line 163, file prgen_read_peqdsk.f90)
                   CUB_SPLINE (Line 214, file prgen_read_peqdsk.f90)
                   CUB_SPLINE (Line 228, file prgen_read_peqdsk.f90)

        Uses:      PRGEN_GLOBALS


%%%%%%%%%%%%%%%%%%%%%%%%%%%%%%%%%%%%%%%%%%%%%%%%%%%%%%%%%%%%%%%%%%%%%%%%%%%%%%%%
%%%%%%%%%%%%%%%%%%%%%%%%%%%%%%%%%%%%%%%%%%%%%%%%%%%%%%%%%%%%%%%%%%%%%%%%%%%%%%%%
