%%%%%%%%%%%%%%%%%%%%%%%%%%%%%%%%%%%%%%%%%%%%%%%%%%%%%%%%%%%%%%%%%%%%%%%%%%%%%%%%
                          S u m m a r y   R e p o r t
%%%%%%%%%%%%%%%%%%%%%%%%%%%%%%%%%%%%%%%%%%%%%%%%%%%%%%%%%%%%%%%%%%%%%%%%%%%%%%%%

Compilation
-----------
File     : /global/u2/b/bassem/gyro-EP/GKEIGEN/GKEIGEN_matrix_read.f90
Compiled : 01/19/21  15:35:58
Compiler : Version 9.1.0
Ftnlx    : Version 9.1.0 
Target   : x86-64
Command  : ftn_driver.exe -hcpu=haswell -hdynamic -D__CRAYXC -D__CRAY_HASWELL
           -D__CRAYXT_COMPUTE_LINUX_TARGET -hnetwork=aries -hnoomp -em
           -J/global/homes/b/bassem/gyro-EP/modules -sreal64 -eD -Ktrap=fp -m1
           -Rbcdps -G0 -c GKEIGEN_matrix_read.f90
           -I/opt/cray/pe/cce/9.1.0/cce-clang/x86_64/lib/clang/9.0.0/include
           -I/opt/cray/pe/cce/9.1.0/cce/x86_64/include/craylibs -I/usr/include
           -I/usr/include -I/opt/cray/pe/fftw/3.3.8.4/haswell/include
           -I/opt/cray/pe/libsci/19.06.1/CRAY/9.0/x86_64/include
           -I/opt/cray/pe/mpt/7.7.10/gni/mpich-cray/9.0/include
           -I/opt/cray/pe/hdf5/1.10.5.2/cray/9.0/include
           -I/opt/cray/pe/netcdf/4.6.3.2/cray/9.0/include
           -I/opt/cray/rca/2.2.20-7.0.1.1_4.53__g8e3fb5b.ari/include
           -I/opt/cray/alps/6.6.58-7.0.1.1_6.10__g437d88db.ari/include
           -I/opt/cray/xpmem/2.2.20-7.0.1.1_4.14__g0475745.ari/include
           -I/opt/cray/gni-headers/5.0.12.0-7.0.1.1_6.32__g3b1768f.ari/include
           -I/opt/cray/dmapp/7.1.1-7.0.1.1_4.54__g38cf134.ari/include
           -I/opt/cray/pe/pmi/5.0.14/include
           -I/opt/cray/ugni/6.0.14.0-7.0.1.1_7.40__ge78e5b0.ari/include
           -I/opt/cray/udreg/2.3.2-7.0.1.1_3.38__g8175d3d.ari/include
           -I/opt/cray/wlm_detect/1.3.3-7.0.1.1_4.16__g7109084.ari/include
           -I/opt/cray/krca/2.2.6-7.0.1.1_5.39__gb641b12.ari/include
           -I/opt/cray-hss-devel/9.0.0/include
Program
  Units  : GKEIGEN_MATRIX_READ

ftnlx report
------------
Source   : /global/u2/b/bassem/gyro-EP/GKEIGEN/GKEIGEN_matrix_read.f90
Date     : 01/19/2021  15:35:58


%%%%%%%%%%%%%%%%%%%%%%%%%%%%%%%%%%%%%%%%%%%%%%%%%%%%%%%%%%%%%%%%%%%%%%%%%%%%%%%%
                          S o u r c e   L i s t i n g
%%%%%%%%%%%%%%%%%%%%%%%%%%%%%%%%%%%%%%%%%%%%%%%%%%%%%%%%%%%%%%%%%%%%%%%%%%%%%%%%

    1.    !-----------------------------------------------------
    2.    ! GKEIGEN_matrix_read.f90
    3.    !
    4.    ! PURPOSE:
    5.    !  Read all columns of the linear time-derivative
    6.    !  matrix prevously written with write_eigensolve_matrix.f90.
    7.    !  Applicable only in eigensolve mode.
    8.    !-----------------------------------------------------
    9.    
   10.    subroutine GKEIGEN_matrix_read(n_last_col)
   11.    
   12.      use gyro_globals
   13.      use gyro_pointers
   14.      use GKEIGEN_globals
   15.      use mpi
   16.    
   17.      !---------------------------------
   18.      implicit none
   19.      !
   20.      integer :: n_last_col
   21.      integer :: ierr
   22.      !
   23.      real :: real_entry
   24.      real :: imag_entry
   25.      !
   26.      complex, dimension(h_length_loc) :: one_col_r
   27.      !
   28.      character :: dummy
   29.      !---------------------------------
   30.    
   31.    10 format(1x,'(',g14.6,',',g14.6,')')
   32.    20 format('----------------- Column: ',I6,'  ----------------------')
   33.    
   34.      n_last_col = 0
   35.    
   36.      open(unit=1,file=trim(path)//file_eigen_restart,status='old')
   37.    
   38.      read (1,*) dummy
   39.    
   40.      do istate_1=0,h_length-1
   41.    
   42.         read (1,20,end=100) n_last_col
   43.         do i_proc_w = 0, n_proc_1-1
   44.    
   45.            if (i_proc == i_proc_w) Then
   46.    
   47.               do jstate=1,h_length_loc
   48.                  read (1,10,advance='no') real_entry, imag_entry
   49.                  one_col_r(jstate) = real_entry*(1.0,0.0) + imag_entry*(0.0,1.0)
   50.               enddo
   51.               eigensolve_matrix(:,istate_1+1) = one_col_r(:)
ftn-6262 ftn: VECTOR GKEIGEN_MATRIX_READ, File = GKEIGEN_matrix_read.f90, Line = 51 
  A loop starting at line 51 was not vectorized because it contains a call to a subroutine or function on line 51.

   52.               read (1,*) dummy
   53.    
   54.            else
   55.    
   56.               read (1,*) dummy
   57.    
   58.            endif
   59.    
   60.            call MPI_BARRIER(GYRO_COMM_WORLD,ierr)
   61.    
   62.         enddo ! i_proc_w
   63.    
   64.      enddo ! istate_1
   65.    
   66.    100 close (unit=1)
   67.    
   68.    end subroutine GKEIGEN_matrix_read
ftn-5011 ftn: NOTE GKEIGEN_MATRIX_READ, File = GKEIGEN_matrix_read.f90, Line = 68 
  Label "10" is unused.

ftn-5011 ftn: NOTE GKEIGEN_MATRIX_READ, File = GKEIGEN_matrix_read.f90, Line = 68 
  Label "20" is unused.

   69.    


%%%%%%%%%%%%%%%%%%%%%%%%%%%%%%%%%%%%%%%%%%%%%%%%%%%%%%%%%%%%%%%%%%%%%%%%%%%%%%%%
                     C o m m o n   B l o c k   R e p o r t
%%%%%%%%%%%%%%%%%%%%%%%%%%%%%%%%%%%%%%%%%%%%%%%%%%%%%%%%%%%%%%%%%%%%%%%%%%%%%%%%

Blk  Program Unit                     Messages
---  ------------                     --------
/MPIFCMB5/                            Length: 4 bytes

     GKEIGEN_MATRIX_READ              Block is used from MPI_CONSTANTS

Blk  Program Unit                     Messages
---  ------------                     --------
/MPIFCMB9/                            Length: 4 bytes

     GKEIGEN_MATRIX_READ              Block is used from MPI_CONSTANTS

Blk  Program Unit                     Messages
---  ------------                     --------
/MPIPRIV1/                            Length: 28 bytes

     GKEIGEN_MATRIX_READ              Block is used from MPI_CONSTANTS

Blk  Program Unit                     Messages
---  ------------                     --------
/MPIPRIV2/                            Length: 24 bytes

     GKEIGEN_MATRIX_READ              Block is used from MPI_CONSTANTS

Blk  Program Unit                     Messages
---  ------------                     --------
/MPIPRIVC/                            Length: 2 bytes

     GKEIGEN_MATRIX_READ              Block is used from MPI_CONSTANTS


%%%%%%%%%%%%%%%%%%%%%%%%%%%%%%%%%%%%%%%%%%%%%%%%%%%%%%%%%%%%%%%%%%%%%%%%%%%%%%%%
                         E x t e r n a l   R e p o r t
%%%%%%%%%%%%%%%%%%%%%%%%%%%%%%%%%%%%%%%%%%%%%%%%%%%%%%%%%%%%%%%%%%%%%%%%%%%%%%%%

Name  Messages
----  --------
CHAR(Intrinsic)
      Defined as:  No definitions.

                   No calls.  It is not called and does not use any procedure.

      Interface:   None

Name  Messages
----  --------
COMMEQ in MPI_CONSTANTS
      Defined as:  No definitions.

                   No calls.  It is not called and does not use any procedure.

      Interface:   None

Name  Messages
----  --------
COMMNEQ in MPI_CONSTANTS
      Defined as:  No definitions.

                   No calls.  It is not called and does not use any procedure.

      Interface:   None

Name  Messages
----  --------
DATATYPEEQ in MPI_CONSTANTS
      Defined as:  No definitions.

                   No calls.  It is not called and does not use any procedure.

      Interface:   None

Name  Messages
----  --------
DATATYPENEQ in MPI_CONSTANTS
      Defined as:  No definitions.

                   No calls.  It is not called and does not use any procedure.

      Interface:   None

Name  Messages
----  --------
ERRHANDLEREQ in MPI_CONSTANTS
      Defined as:  No definitions.

                   No calls.  It is not called and does not use any procedure.

      Interface:   None

Name  Messages
----  --------
ERRHANDLERNEQ in MPI_CONSTANTS
      Defined as:  No definitions.

                   No calls.  It is not called and does not use any procedure.

      Interface:   None

Name  Messages
----  --------
FILEEQ in MPI_CONSTANTS
      Defined as:  No definitions.

                   No calls.  It is not called and does not use any procedure.

      Interface:   None

Name  Messages
----  --------
FILENEQ in MPI_CONSTANTS
      Defined as:  No definitions.

                   No calls.  It is not called and does not use any procedure.

      Interface:   None

Name  Messages
----  --------
GKEIGEN_GLOBALS
      Defined as:  No definitions.

      Used By:     GKEIGEN_MATRIX_READ

Name  Messages
----  --------
GKEIGEN_MATRIX_READ
      Defined as:  Subroutine (line 10, file GKEIGEN_matrix_read.f90)

      Interface:   None

      Calls:       TRIM(Intrinsic) (Line 36, file GKEIGEN_matrix_read.f90)
                   MPI_BARRIER (Line 60, file GKEIGEN_matrix_read.f90)

        Uses:      GYRO_GLOBALS
                   GYRO_POINTERS
                   GKEIGEN_GLOBALS
                   MPI
                   MPI_BASE  (indirectly)
                   MPI_SIZEOFS  (indirectly)
                   MPI_CONSTANTS  (indirectly)

Name  Messages
----  --------
GROUPEQ in MPI_CONSTANTS
      Defined as:  No definitions.

                   No calls.  It is not called and does not use any procedure.

      Interface:   None

Name  Messages
----  --------
GROUPNEQ in MPI_CONSTANTS
      Defined as:  No definitions.

                   No calls.  It is not called and does not use any procedure.

      Interface:   None

Name  Messages
----  --------
GYRO_GLOBALS
      Defined as:  No definitions.

      Used By:     GKEIGEN_MATRIX_READ

Name  Messages
----  --------
GYRO_POINTERS
      Defined as:  No definitions.

      Used By:     GKEIGEN_MATRIX_READ

Name  Messages
----  --------
INFOEQ in MPI_CONSTANTS
      Defined as:  No definitions.

                   No calls.  It is not called and does not use any procedure.

      Interface:   None

Name  Messages
----  --------
INFONEQ in MPI_CONSTANTS
      Defined as:  No definitions.

                   No calls.  It is not called and does not use any procedure.

      Interface:   None

Name  Messages
----  --------
MESSAGEEQ in MPI_CONSTANTS
      Defined as:  No definitions.

                   No calls.  It is not called and does not use any procedure.

      Interface:   None

Name  Messages
----  --------
MESSAGENEQ in MPI_CONSTANTS
      Defined as:  No definitions.

                   No calls.  It is not called and does not use any procedure.

      Interface:   None

Name  Messages
----  --------
MPI
      Defined as:  No definitions.

      Used By:     GKEIGEN_MATRIX_READ

Name  Messages
----  --------
MPI_BARRIER
      Defined as:  No definitions.

      Interface:   None

      Called By:   GKEIGEN_MATRIX_READ (Line 60, file GKEIGEN_matrix_read.f90)

Name  Messages
----  --------
MPI_BASE
      Defined as:  No definitions.

      Used By:     GKEIGEN_MATRIX_READ  (indirectly)

Name  Messages
----  --------
MPI_CONSTANTS
      Defined as:  No definitions.

      Used By:     GKEIGEN_MATRIX_READ  (indirectly)

Name  Messages
----  --------
MPI_SIZEOFS
      Defined as:  No definitions.

      Used By:     GKEIGEN_MATRIX_READ  (indirectly)

Name  Messages
----  --------
MPI_SIZEOF_CH in MPI_SIZEOFS
      Defined as:  No definitions.

                   No calls.  It is not called and does not use any procedure.

      Interface:   None

Name  Messages
----  --------
MPI_SIZEOF_CHV in MPI_SIZEOFS
      Defined as:  No definitions.

                   No calls.  It is not called and does not use any procedure.

      Interface:   None

Name  Messages
----  --------
MPI_SIZEOF_CX in MPI_SIZEOFS
      Defined as:  No definitions.

                   No calls.  It is not called and does not use any procedure.

      Interface:   None

Name  Messages
----  --------
MPI_SIZEOF_CXV in MPI_SIZEOFS
      Defined as:  No definitions.

                   No calls.  It is not called and does not use any procedure.

      Interface:   None

Name  Messages
----  --------
MPI_SIZEOF_D in MPI_SIZEOFS
      Defined as:  No definitions.

                   No calls.  It is not called and does not use any procedure.

      Interface:   None

Name  Messages
----  --------
MPI_SIZEOF_DV in MPI_SIZEOFS
      Defined as:  No definitions.

                   No calls.  It is not called and does not use any procedure.

      Interface:   None

Name  Messages
----  --------
MPI_SIZEOF_I in MPI_SIZEOFS
      Defined as:  No definitions.

                   No calls.  It is not called and does not use any procedure.

      Interface:   None

Name  Messages
----  --------
MPI_SIZEOF_I1 in MPI_SIZEOFS
      Defined as:  No definitions.

                   No calls.  It is not called and does not use any procedure.

      Interface:   None

Name  Messages
----  --------
MPI_SIZEOF_I1V in MPI_SIZEOFS
      Defined as:  No definitions.

                   No calls.  It is not called and does not use any procedure.

      Interface:   None

Name  Messages
----  --------
MPI_SIZEOF_I2 in MPI_SIZEOFS
      Defined as:  No definitions.

                   No calls.  It is not called and does not use any procedure.

      Interface:   None

Name  Messages
----  --------
MPI_SIZEOF_I2V in MPI_SIZEOFS
      Defined as:  No definitions.

                   No calls.  It is not called and does not use any procedure.

      Interface:   None

Name  Messages
----  --------
MPI_SIZEOF_I8 in MPI_SIZEOFS
      Defined as:  No definitions.

                   No calls.  It is not called and does not use any procedure.

      Interface:   None

Name  Messages
----  --------
MPI_SIZEOF_I8V in MPI_SIZEOFS
      Defined as:  No definitions.

                   No calls.  It is not called and does not use any procedure.

      Interface:   None

Name  Messages
----  --------
MPI_SIZEOF_IV in MPI_SIZEOFS
      Defined as:  No definitions.

                   No calls.  It is not called and does not use any procedure.

      Interface:   None

Name  Messages
----  --------
MPI_SIZEOF_L in MPI_SIZEOFS
      Defined as:  No definitions.

                   No calls.  It is not called and does not use any procedure.

      Interface:   None

Name  Messages
----  --------
MPI_SIZEOF_LV in MPI_SIZEOFS
      Defined as:  No definitions.

                   No calls.  It is not called and does not use any procedure.

      Interface:   None

Name  Messages
----  --------
MPI_SIZEOF_R in MPI_SIZEOFS
      Defined as:  No definitions.

                   No calls.  It is not called and does not use any procedure.

      Interface:   None

Name  Messages
----  --------
MPI_SIZEOF_RV in MPI_SIZEOFS
      Defined as:  No definitions.

                   No calls.  It is not called and does not use any procedure.

      Interface:   None

Name  Messages
----  --------
OPEQ in MPI_CONSTANTS
      Defined as:  No definitions.

                   No calls.  It is not called and does not use any procedure.

      Interface:   None

Name  Messages
----  --------
OPNEQ in MPI_CONSTANTS
      Defined as:  No definitions.

                   No calls.  It is not called and does not use any procedure.

      Interface:   None

Name  Messages
----  --------
REQUESTEQ in MPI_CONSTANTS
      Defined as:  No definitions.

                   No calls.  It is not called and does not use any procedure.

      Interface:   None

Name  Messages
----  --------
REQUESTNEQ in MPI_CONSTANTS
      Defined as:  No definitions.

                   No calls.  It is not called and does not use any procedure.

      Interface:   None

Name  Messages
----  --------
TRIM(Intrinsic)
      Defined as:  No definitions.

      Interface:   None

      Called By:   GKEIGEN_MATRIX_READ (Line 36, file GKEIGEN_matrix_read.f90)

Name  Messages
----  --------
WINEQ in MPI_CONSTANTS
      Defined as:  No definitions.

                   No calls.  It is not called and does not use any procedure.

      Interface:   None

Name  Messages
----  --------
WINNEQ in MPI_CONSTANTS
      Defined as:  No definitions.

                   No calls.  It is not called and does not use any procedure.

      Interface:   None

Name  Messages
----  --------
_F90_TRIM(Intrinsic)
      Defined as:  No definitions.

                   No calls.  It is not called and does not use any procedure.

      Interface:   None


%%%%%%%%%%%%%%%%%%%%%%%%%%%%%%%%%%%%%%%%%%%%%%%%%%%%%%%%%%%%%%%%%%%%%%%%%%%%%%%%
%%%%%%%%%%%%%%%%%%%%%%%%%%%%%%%%%%%%%%%%%%%%%%%%%%%%%%%%%%%%%%%%%%%%%%%%%%%%%%%%
