%%%%%%%%%%%%%%%%%%%%%%%%%%%%%%%%%%%%%%%%%%%%%%%%%%%%%%%%%%%%%%%%%%%%%%%%%%%%%%%%
                          S u m m a r y   R e p o r t
%%%%%%%%%%%%%%%%%%%%%%%%%%%%%%%%%%%%%%%%%%%%%%%%%%%%%%%%%%%%%%%%%%%%%%%%%%%%%%%%

Compilation
-----------
File     : /global/u2/b/bassem/gyro-EP/GKEIGEN/GKEIGEN_globals.f90
Compiled : 01/19/21  15:35:58
Compiler : Version 9.1.0
Ftnlx    : Version 9.1.0 
Target   : x86-64
Command  : ftn_driver.exe -hcpu=haswell -hdynamic -D__CRAYXC -D__CRAY_HASWELL
           -D__CRAYXT_COMPUTE_LINUX_TARGET -hnetwork=aries -hnoomp -em
           -J/global/homes/b/bassem/gyro-EP/modules -sreal64 -eD -Ktrap=fp -m1
           -Rbcdps -G0 -c GKEIGEN_globals.f90
           -I/opt/cray/pe/cce/9.1.0/cce-clang/x86_64/lib/clang/9.0.0/include
           -I/opt/cray/pe/cce/9.1.0/cce/x86_64/include/craylibs -I/usr/include
           -I/usr/include -I/opt/cray/pe/fftw/3.3.8.4/haswell/include
           -I/opt/cray/pe/libsci/19.06.1/CRAY/9.0/x86_64/include
           -I/opt/cray/pe/mpt/7.7.10/gni/mpich-cray/9.0/include
           -I/opt/cray/pe/hdf5/1.10.5.2/cray/9.0/include
           -I/opt/cray/pe/netcdf/4.6.3.2/cray/9.0/include
           -I/opt/cray/rca/2.2.20-7.0.1.1_4.53__g8e3fb5b.ari/include
           -I/opt/cray/alps/6.6.58-7.0.1.1_6.10__g437d88db.ari/include
           -I/opt/cray/xpmem/2.2.20-7.0.1.1_4.14__g0475745.ari/include
           -I/opt/cray/gni-headers/5.0.12.0-7.0.1.1_6.32__g3b1768f.ari/include
           -I/opt/cray/dmapp/7.1.1-7.0.1.1_4.54__g38cf134.ari/include
           -I/opt/cray/pe/pmi/5.0.14/include
           -I/opt/cray/ugni/6.0.14.0-7.0.1.1_7.40__ge78e5b0.ari/include
           -I/opt/cray/udreg/2.3.2-7.0.1.1_3.38__g8175d3d.ari/include
           -I/opt/cray/wlm_detect/1.3.3-7.0.1.1_4.16__g7109084.ari/include
           -I/opt/cray/krca/2.2.6-7.0.1.1_5.39__gb641b12.ari/include
           -I/opt/cray-hss-devel/9.0.0/include
Program
  Units  : GKEIGEN_GLOBALS

ftnlx report
------------
Source   : /global/u2/b/bassem/gyro-EP/GKEIGEN/GKEIGEN_globals.f90
Date     : 01/19/2021  15:35:58


%%%%%%%%%%%%%%%%%%%%%%%%%%%%%%%%%%%%%%%%%%%%%%%%%%%%%%%%%%%%%%%%%%%%%%%%%%%%%%%%
                          S o u r c e   L i s t i n g
%%%%%%%%%%%%%%%%%%%%%%%%%%%%%%%%%%%%%%%%%%%%%%%%%%%%%%%%%%%%%%%%%%%%%%%%%%%%%%%%

    1.    !---------------------------------------
    2.    ! GKEIGEN_globals.f90
    3.    !
    4.    ! PURPOSE:
    5.    !  Module containing most shared variables
    6.    !  for GKEIGEN routines.
    7.    !---------------------------------------
    8.    
    9.    module GKEIGEN_globals
   10.    
   11.      !------------------------------------
   12.      ! Character variables
   13.      !
   14.      ! in GKEIGEN_matrix_read:
   15.      !
   16.      character(len=14), parameter :: &
   17.           file_eigen_restart = &
   18.           "GKEIGEN_matrix"
   19.      !
   20.      ! in GKEIGEN_do:
   21.      !
   22.      character(len=16), parameter :: &
   23.           file_eigen_freq = &
   24.           "GKEIGEN_freq.out"
   25.      !----------------------------------
   26.    
   27.      !------------------------------------------------------------
   28.      ! Matrix and vector storage variables
   29.      !
   30.      complex, dimension(:,:,:,:,:), allocatable :: eigensolve_vec
   31.      !
   32.      complex, dimension(:), allocatable :: eigensolve_value
   33.      complex, dimension(:,:), allocatable :: eigensolve_matrix
   34.    !  complex, dimension(:,:), allocatable :: M_loc
   35.      !-------------------------------------------------------------
   36.    
   37.      !-------------------------------------------------------------
   38.      ! Iteration variables
   39.      !
   40.      ! The eigensolver requires two indices for each phase space
   41.      ! degree of freedom.
   42.      !
   43.      ! Radial, orbit, species indices
   44.      integer :: i1
   45.      integer :: i2
   46.      integer :: m1
   47.      integer :: m2
   48.      integer :: is1
   49.      integer :: is2
   50.      !
   51.      ! Eigenvalues
   52.      integer :: iev
   53.      real :: ev_omega
   54.      real :: ev_gamma
   55.      !
   56.      ! Total state vector index
   57.      integer :: istate          !-------------- 
   58.      integer :: istate_1        !
   59.      integer :: istate_start    ! column index 
   60.      integer :: istate_end      !
   61.      integer :: ielem           !--------------
   62.      integer :: jstate          !--------------
   63.      integer :: jstate_start    !
   64.      integer :: jstate_end      ! row indices
   65.      integer :: jset_start     !
   66.      integer :: jset_end        !
   67.      integer :: jelem           !
   68.      integer :: jelem0          !
   69.      integer :: i_index         !
   70.      integer :: jelem_start     !
   71.      integer :: jelem_end       !--------------
   72.      integer :: iseq         ! Merged row and
   73.      integer :: iseq0        ! column index   
   74.      integer :: iseq_start   !
   75.      integer :: iseq_end     !--------------
   76.      !
   77.      ! Processors in GYRO_COMM_WORLD
   78.      integer :: i_proc_e
   79.      integer :: i_proc_e0
   80.      integer :: i_proc_e1
   81.      integer :: i_proc_e2
   82.      !
   83.      ! Parallel instances of GYRO_COMM_WORLD
   84.      integer :: gkeigen_j_set_e0
   85.      integer :: gkeigen_j_set_e1
   86.      integer :: gkeigen_j_set_e2
   87.      integer :: j_sr
   88.      integer :: i_sr
   89.      integer :: i_brake
   90.      integer :: n_brake
   91.      !
   92.      ! Rank of processor over MPI_COMM_WORLD
   93.      integer :: j_proc_tot_e1
   94.      integer :: j_proc_tot_0
   95.      integer :: j_send_proc
   96.      integer :: j_recv_proc
   97.      !
   98.      ! n_nek = n_n*n_energy*n_lambda
   99.      !
  100.      integer :: p_nek1
  101.      integer :: p_nek2
  102.      !
  103.      ! Locally owned n_nek points
  104.      integer :: p_nek_loc1
  105.      integer :: p_nek_loc2
  106.      !
  107.      !---------------------------------------------------------
  108.    
  109.      ! Logicals
  110.      logical :: l_in_i_block
  111.      logical :: l_in_j_block
  112.      logical :: l_print
  113.      logical :: l_set       ! Controls MPI of matrix
  114.      logical :: l_send      ! blocks of PETSc object
  115.      logical :: l_recv      ! time_derivative_matrix.
  116.      !
  117.      ! Restart control
  118.    !  integer :: irestart
  119.    !  complex, dimension(500,h_length_loc) :: restart_cols
  120.      !
  121.    
  122.      integer, dimension(8) :: time_array
  123.    
  124.    end module GKEIGEN_globals


%%%%%%%%%%%%%%%%%%%%%%%%%%%%%%%%%%%%%%%%%%%%%%%%%%%%%%%%%%%%%%%%%%%%%%%%%%%%%%%%
                         E x t e r n a l   R e p o r t
%%%%%%%%%%%%%%%%%%%%%%%%%%%%%%%%%%%%%%%%%%%%%%%%%%%%%%%%%%%%%%%%%%%%%%%%%%%%%%%%

Name  Messages
----  --------
GKEIGEN_GLOBALS
      Defined as:  Module (line 9, file GKEIGEN_globals.f90)

                   Does not use any module and is not used by any procedure.


%%%%%%%%%%%%%%%%%%%%%%%%%%%%%%%%%%%%%%%%%%%%%%%%%%%%%%%%%%%%%%%%%%%%%%%%%%%%%%%%
%%%%%%%%%%%%%%%%%%%%%%%%%%%%%%%%%%%%%%%%%%%%%%%%%%%%%%%%%%%%%%%%%%%%%%%%%%%%%%%%
