%%%%%%%%%%%%%%%%%%%%%%%%%%%%%%%%%%%%%%%%%%%%%%%%%%%%%%%%%%%%%%%%%%%%%%%%%%%%%%%%
                          S u m m a r y   R e p o r t
%%%%%%%%%%%%%%%%%%%%%%%%%%%%%%%%%%%%%%%%%%%%%%%%%%%%%%%%%%%%%%%%%%%%%%%%%%%%%%%%

Compilation
-----------
File     : /global/u2/b/bassem/gacode_waltz_NBI_edison/shared/GEO/GEO_alloc.f90
Compiled : 06/09/16  13:24:30
Compiler : Version 8.4.3
Ftnlx    : Version 8413 (libcif 84006)
Target   : x86-64
Command  : ftn_driver.exe -hcpu=ivybridge -hstatic -D__CRAYXC
           -D__CRAY_IVYBRIDGE -D__CRAYXT_COMPUTE_LINUX_TARGET -hnetwork=aries
           -em -J/global/homes/b/bassem/gacode_waltz_NBI_edison/modules
           -sreal64 -eD -Ktrap=fp -m1 -c
           -I/opt/cray/cce/8.4.3/craylibs/x86-64/include -I/usr/include -ef
           -I/opt/cray/fftw/3.3.4.6/sandybridge/include
           -I/opt/cray/libsci/13.3.0/CRAY/8.3/x86_64/include
           -I/opt/cray/mpt/7.3.1/gni/sma/include
           -I/opt/cray/mpt/7.3.1/gni/mpich-cray/8.3/include
           -I/opt/cray/netcdf/4.3.3.1/CRAY/8.3/include
           -I/opt/cray/hdf5/1.8.16/CRAY/8.3/include
           -I/opt/cray/rca/1.0.0-2.0502.57212.2.56.ari/include
           -I/opt/cray/alps/5.2.3-2.0502.9295.14.14.ari/include
           -I/opt/cray/xpmem/0.1-2.0502.57015.1.15.ari/include
           -I/opt/cray/gni-headers/4.0-1.0502.10317.9.2.ari/include
           -I/opt/cray/dmapp/7.0.1-1.0502.10246.8.47.ari/include
           -I/opt/cray/pmi/5.0.10-1.0000.11050.0.0.ari/include
           -I/opt/cray/ugni/6.0-1.0502.10245.9.9.ari/include
           -I/opt/cray/udreg/2.3.2-1.0502.9889.2.20.ari/include
           -I/opt/cray/cce/8.4.3/craylibs/x86-64/pkgconfig/../include
           -I/opt/cray/cce/8.4.3/craylibs/x86-64/pkgconfig/..//include
           -I/usr/local/include
           -I/opt/cray/wlm_detect/1.0-1.0502.57063.1.1.ari/include
           -I/opt/cray/krca/1.0.0-2.0502.57202.2.45.ari/include
           -I/opt/cray-hss-devel/7.2.0/include GEO_alloc.f90
Program
  Units  : GEO_ALLOC

ftnlx report
------------
Source   : /global/u2/b/bassem/gacode_waltz_NBI_edison/shared/GEO/GEO_alloc.f90
Date     : 06/09/2016  13:24:30


%%%%%%%%%%%%%%%%%%%%%%%%%%%%%%%%%%%%%%%%%%%%%%%%%%%%%%%%%%%%%%%%%%%%%%%%%%%%%%%%
                          S o u r c e   L i s t i n g
%%%%%%%%%%%%%%%%%%%%%%%%%%%%%%%%%%%%%%%%%%%%%%%%%%%%%%%%%%%%%%%%%%%%%%%%%%%%%%%%

    1.    !------------------------------------------------
    2.    ! GEO_alloc.f90
    3.    !
    4.    ! PURPOSE:
    5.    !  Allocate (or deallocate) arrays.  This must 
    6.    !  be called before GEO_do.
    7.    !
    8.    ! NOTES:
    9.    !
   10.    !  - require n_theta > 8
   11.    !  - should choose n_theta to be odd
   12.    !
   13.    !  flag=1: allocate
   14.    !  flag=0: deallocate
   15.    !------------------------------------------------
   16.    
   17.    subroutine GEO_alloc(flag)
   18.    
   19.      use GEO_interface
   20.    
   21.      !-------------------------------------------
   22.      implicit none
   23.      !
   24.      integer, intent(in) :: flag
   25.      !-------------------------------------------
   26.    
   27.      if (flag == 1) then
   28.         if (GEO_ntheta_in < 9) then 
   29.            print *,'Need more point in GEO_alloc.' 
   30.            stop
   31.         endif
   32.         if (modulo(GEO_ntheta_in,2) == 0) then 
   33.            print *,'GEO_ntheta_in must be odd in GEO_alloc.' 
   34.            stop
   35.         endif
   36.         allocate(GEOV_b(GEO_ntheta_in))
   37.         allocate(GEOV_bt(GEO_ntheta_in))
   38.         allocate(GEOV_bp(GEO_ntheta_in))
   39.         allocate(GEOV_dbdt(GEO_ntheta_in))
   40.         allocate(GEOV_dbdt2(GEO_ntheta_in))
   41.         allocate(GEOV_gsin(GEO_ntheta_in))
   42.         allocate(GEOV_gcos1(GEO_ntheta_in))
   43.         allocate(GEOV_gcos2(GEO_ntheta_in))
   44.         allocate(GEOV_grad_r(GEO_ntheta_in))
   45.         allocate(GEOV_g_theta(GEO_ntheta_in))
   46.         allocate(GEOV_gq(GEO_ntheta_in))
   47.         allocate(GEOV_captheta(GEO_ntheta_in))
   48.         allocate(GEOV_nu(GEO_ntheta_in))
   49.         allocate(GEOV_theta(GEO_ntheta_in))
   50.         allocate(GEOV_l_t(GEO_ntheta_in))
   51.         allocate(GEOV_nsin(GEO_ntheta_in))
   52.         allocate(GEOV_usin(GEO_ntheta_in))
   53.         allocate(GEOV_ucos(GEO_ntheta_in))
   54.         allocate(GEOV_bigr(GEO_ntheta_in))
   55.         allocate(GEOV_bigr_r(GEO_ntheta_in))
   56.         allocate(GEOV_bigr_t(GEO_ntheta_in))
   57.         allocate(GEOV_theta_nc(GEO_ntheta_in))
   58.    
   59.         allocate(GEO_fourier_in(8,0:GEO_nfourier_in))
   60.    
   61.      else
   62.         deallocate(GEOV_b)
   63.         deallocate(GEOV_bt)
   64.         deallocate(GEOV_bp)
   65.         deallocate(GEOV_dbdt)
   66.         deallocate(GEOV_dbdt2)
   67.         deallocate(GEOV_gsin)
   68.         deallocate(GEOV_gcos1)
   69.         deallocate(GEOV_gcos2)
   70.         deallocate(GEOV_grad_r)
   71.         deallocate(GEOV_g_theta)
   72.         deallocate(GEOV_gq)
   73.         deallocate(GEOV_captheta)
   74.         deallocate(GEOV_nu)
   75.         deallocate(GEOV_theta)
   76.         deallocate(GEOV_l_t)
   77.         deallocate(GEOV_nsin)
   78.         deallocate(GEOV_usin)
   79.         deallocate(GEOV_ucos)
   80.         deallocate(GEOV_bigr)
   81.         deallocate(GEOV_bigr_r)
   82.         deallocate(GEOV_bigr_t)
   83.         deallocate(GEOV_theta_nc)
   84.    
   85.         deallocate(GEO_fourier_in)
   86.    
   87.      endif
   88.    
   89.    end subroutine GEO_alloc


%%%%%%%%%%%%%%%%%%%%%%%%%%%%%%%%%%%%%%%%%%%%%%%%%%%%%%%%%%%%%%%%%%%%%%%%%%%%%%%%
                         E x t e r n a l   R e p o r t
%%%%%%%%%%%%%%%%%%%%%%%%%%%%%%%%%%%%%%%%%%%%%%%%%%%%%%%%%%%%%%%%%%%%%%%%%%%%%%%%

Name  Messages
----  --------
GEO_ALLOC
      Defined as:  Subroutine (line 17, file GEO_alloc.f90)

      Interface:   None

      Calls:       MODULO(Intrinsic) (Line 32, file GEO_alloc.f90)

Name  Messages
----  --------
GEO_INTERFACE
      Defined as:  No definitions.

                   No calls.  It is not called and does not use any procedure.

Name  Messages
----  --------
MODULO(Intrinsic)
      Defined as:  No definitions.

      Interface:   None

      Called By:   GEO_ALLOC (Line 32, file GEO_alloc.f90)


%%%%%%%%%%%%%%%%%%%%%%%%%%%%%%%%%%%%%%%%%%%%%%%%%%%%%%%%%%%%%%%%%%%%%%%%%%%%%%%%
%%%%%%%%%%%%%%%%%%%%%%%%%%%%%%%%%%%%%%%%%%%%%%%%%%%%%%%%%%%%%%%%%%%%%%%%%%%%%%%%
