%%%%%%%%%%%%%%%%%%%%%%%%%%%%%%%%%%%%%%%%%%%%%%%%%%%%%%%%%%%%%%%%%%%%%%%%%%%%%%%%
                          S u m m a r y   R e p o r t
%%%%%%%%%%%%%%%%%%%%%%%%%%%%%%%%%%%%%%%%%%%%%%%%%%%%%%%%%%%%%%%%%%%%%%%%%%%%%%%%

Compilation
-----------
File     : /global/u2/b/bassem/gacode_waltz_NBI_edison/shared/GEO/GEO_interface.f90
Compiled : 06/09/16  13:24:30
Compiler : Version 8.4.3
Ftnlx    : Version 8413 (libcif 84006)
Target   : x86-64
Command  : ftn_driver.exe -hcpu=ivybridge -hstatic -D__CRAYXC
           -D__CRAY_IVYBRIDGE -D__CRAYXT_COMPUTE_LINUX_TARGET -hnetwork=aries
           -em -J/global/homes/b/bassem/gacode_waltz_NBI_edison/modules
           -sreal64 -eD -Ktrap=fp -m1 -c
           -I/opt/cray/cce/8.4.3/craylibs/x86-64/include -I/usr/include -ef
           -I/opt/cray/fftw/3.3.4.6/sandybridge/include
           -I/opt/cray/libsci/13.3.0/CRAY/8.3/x86_64/include
           -I/opt/cray/mpt/7.3.1/gni/sma/include
           -I/opt/cray/mpt/7.3.1/gni/mpich-cray/8.3/include
           -I/opt/cray/netcdf/4.3.3.1/CRAY/8.3/include
           -I/opt/cray/hdf5/1.8.16/CRAY/8.3/include
           -I/opt/cray/rca/1.0.0-2.0502.57212.2.56.ari/include
           -I/opt/cray/alps/5.2.3-2.0502.9295.14.14.ari/include
           -I/opt/cray/xpmem/0.1-2.0502.57015.1.15.ari/include
           -I/opt/cray/gni-headers/4.0-1.0502.10317.9.2.ari/include
           -I/opt/cray/dmapp/7.0.1-1.0502.10246.8.47.ari/include
           -I/opt/cray/pmi/5.0.10-1.0000.11050.0.0.ari/include
           -I/opt/cray/ugni/6.0-1.0502.10245.9.9.ari/include
           -I/opt/cray/udreg/2.3.2-1.0502.9889.2.20.ari/include
           -I/opt/cray/cce/8.4.3/craylibs/x86-64/pkgconfig/../include
           -I/opt/cray/cce/8.4.3/craylibs/x86-64/pkgconfig/..//include
           -I/usr/local/include
           -I/opt/cray/wlm_detect/1.0-1.0502.57063.1.1.ari/include
           -I/opt/cray/krca/1.0.0-2.0502.57202.2.45.ari/include
           -I/opt/cray-hss-devel/7.2.0/include GEO_interface.f90
Program
  Units  : GEO_INTERFACE

ftnlx report
------------
Source   : /global/u2/b/bassem/gacode_waltz_NBI_edison/shared/GEO/GEO_interface.f90
Date     : 06/09/2016  13:24:30


%%%%%%%%%%%%%%%%%%%%%%%%%%%%%%%%%%%%%%%%%%%%%%%%%%%%%%%%%%%%%%%%%%%%%%%%%%%%%%%%
                          S o u r c e   L i s t i n g
%%%%%%%%%%%%%%%%%%%%%%%%%%%%%%%%%%%%%%%%%%%%%%%%%%%%%%%%%%%%%%%%%%%%%%%%%%%%%%%%

    1.    !-----------------------------------------------------
    2.    ! GEO_interface.f90
    3.    !
    4.    ! PURPOSE:
    5.    !  Interface to GEO shape functions
    6.    !
    7.    ! USAGE:
    8.    !  
    9.    !  (1) Model shape 
   10.    !
   11.    !  GEO_model_in = 0
   12.    !  call GEO_alloc(1)
   13.    !  call GEO_do()
   14.    !  call GEO_interp(theta)
   15.    !  call GEO_alloc(0)
   16.    !
   17.    !  (2) General shape 
   18.    !
   19.    !  GEO_model_in = 1
   20.    !  GEO_nfourier_in = <dim>
   21.    !  call GEO_alloc(1)
   22.    !  call GEO_do()
   23.    !  call GEO_interp(theta)
   24.    !  call GEO_alloc(0)
   25.    !
   26.    ! INPUT:
   27.    !
   28.    !  (1) Dimensions and control:
   29.    !
   30.    !  GEO_ntheta_in   : number of theta interpolation nodes. 
   31.    !  GEO_nfourier_in : number of gen. geo. expansion coeffs.
   32.    !  GEO_model_in    : geometry method (-1=s-alpha, 0=model, 1=general).
   33.    !  GEO_signb_in    : magnetic field orientation.
   34.    !
   35.    !  (2) Shape parameters
   36.    !
   37.    !  GEO_signb_in
   38.    !  GEO_rmin_in 
   39.    !  GEO_rmaj_in
   40.    !  GEO_drmaj_in
   41.    !  GEO_zmag_in
   42.    !  GEO_dzmag_in
   43.    !  GEO_q_in (can be negative)
   44.    !  GEO_s_in
   45.    !  GEO_kappa_in
   46.    !  GEO_s_kappa_in
   47.    !  GEO_delta_in
   48.    !  GEO_s_delta_in
   49.    !  GEO_zeta_in
   50.    !  GEO_s_zeta_in
   51.    !  GEO_beta_star_in -> beta_unit*dlnpdr 
   52.    !  GEO_fourier_in(8,GEO_nfourier_in)
   53.    !
   54.    ! OUTPUT:
   55.    !
   56.    !  GEO_b        : B/B_unit (carries the sign of B_unit)
   57.    !  GEO_bp       : B_p/B_unit
   58.    !  GEO_bt       : B_t/B_unit
   59.    !  GEO_dbdt2    : d(GEO_b)/dtheta
   60.    !  GEO_dbdt2    : d^2(GEO_b)/dtheta^2
   61.    !  GEO_gsin     : generalized sine
   62.    !  GEO_gcos1    : generalized cosine
   63.    !  GEO_gcos2    : pressure-dependent part of gcos
   64.    !  GEO_g_theta  : G_theta
   65.    !  GEO_grad_r   : |Grad r|
   66.    !  GEO_gq       : G_q
   67.    !  GEO_captheta : Theta
   68.    !  GEO_nu       : eikonal function nu(r,theta)
   69.    !  GEO_l_t      : dl/dt
   70.    !  GEO_nsin     : neoclassical sine (Rr Rt - Zr Zt)/(dl/dt)
   71.    !  GEO_usin     : Coriolis drift sine
   72.    !  GEO_ucos     : Coriolis drift cosine
   73.    !  GEO_bigr     : R
   74.    !  GEO_bigr_r   : dR/dr
   75.    !  GEO_bigr_t   : dR/dtheta
   76.    !  GEO_theta_nc : theta_nc (constant fieldline angle)
   77.    !-----------------------------------------------------
   78.    
   79.    module GEO_interface
   80.    
   81.      real :: GEO_signb_in=1.0 
   82.      real :: GEO_rmin_in 
   83.      real :: GEO_rmaj_in
   84.      real :: GEO_drmaj_in
   85.      real :: GEO_zmag_in
   86.      real :: GEO_dzmag_in
   87.      real :: GEO_q_in
   88.      real :: GEO_s_in
   89.      real :: GEO_kappa_in
   90.      real :: GEO_s_kappa_in
   91.      real :: GEO_delta_in
   92.      real :: GEO_s_delta_in
   93.      real :: GEO_zeta_in
   94.      real :: GEO_s_zeta_in
   95.      real :: GEO_beta_star_in
   96.    
   97.      integer :: GEO_ntheta_in=1001
   98.      integer :: GEO_nfourier_in=0
   99.      integer :: GEO_model_in
  100.    
  101.      real, dimension(:,:), allocatable :: GEO_fourier_in
  102.    
  103.      ! Vector-valued functions:
  104.      !
  105.      ! Defined over interval theta=(-pi,pi)
  106.    
  107.      real, dimension(:), allocatable :: GEOV_theta
  108.    
  109.      real, dimension(:), allocatable :: GEOV_b 
  110.      real, dimension(:), allocatable :: GEOV_dbdt
  111.      real, dimension(:), allocatable :: GEOV_dbdt2
  112.      real, dimension(:), allocatable :: GEOV_bp
  113.      real, dimension(:), allocatable :: GEOV_bt
  114.      real, dimension(:), allocatable :: GEOV_gsin
  115.      real, dimension(:), allocatable :: GEOV_gcos1
  116.      real, dimension(:), allocatable :: GEOV_gcos2
  117.      real, dimension(:), allocatable :: GEOV_g_theta
  118.      real, dimension(:), allocatable :: GEOV_grad_r
  119.      real, dimension(:), allocatable :: GEOV_gq
  120.      real, dimension(:), allocatable :: GEOV_captheta
  121.      real, dimension(:), allocatable :: GEOV_nu
  122.      real, dimension(:), allocatable :: GEOV_l_t
  123.      real, dimension(:), allocatable :: GEOV_nsin
  124.      real, dimension(:), allocatable :: GEOV_usin
  125.      real, dimension(:), allocatable :: GEOV_ucos
  126.      real, dimension(:), allocatable :: GEOV_bigr
  127.      real, dimension(:), allocatable :: GEOV_bigr_r
  128.      real, dimension(:), allocatable :: GEOV_bigr_t
  129.      real, dimension(:), allocatable :: GEOV_theta_nc
  130.    
  131.      ! Scalar-valued functions:
  132.      !
  133.      ! Evaluated at theta=theta_0
  134.    
  135.      real :: GEO_b 
  136.      real :: GEO_dbdt
  137.      real :: GEO_dbdt2
  138.      real :: GEO_bp
  139.      real :: GEO_bt
  140.      real :: GEO_gsin
  141.      real :: GEO_gcos1
  142.      real :: GEO_gcos2
  143.      real :: GEO_g_theta
  144.      real :: GEO_grad_r
  145.      real :: GEO_gq
  146.      real :: GEO_captheta
  147.      real :: GEO_nu
  148.      real :: GEO_l_t
  149.      real :: GEO_nsin
  150.      real :: GEO_usin
  151.      real :: GEO_ucos
  152.      real :: GEO_bigr
  153.      real :: GEO_bigr_r
  154.      real :: GEO_bigr_t
  155.      real :: GEO_theta_nc
  156.    
  157.      ! Flux-surface averages:
  158.    
  159.      real :: GEO_f
  160.      real :: GEO_ffprime
  161.      real :: GEO_beta_star
  162.      real :: GEO_volume_prime
  163.      real :: GEO_volume
  164.      real :: GEO_fluxsurfave_grad_r2
  165.      real :: GEO_fluxsurfave_grad_r
  166.      real :: GEO_grad_r0
  167.    
  168.    end module GEO_interface


%%%%%%%%%%%%%%%%%%%%%%%%%%%%%%%%%%%%%%%%%%%%%%%%%%%%%%%%%%%%%%%%%%%%%%%%%%%%%%%%
                         E x t e r n a l   R e p o r t
%%%%%%%%%%%%%%%%%%%%%%%%%%%%%%%%%%%%%%%%%%%%%%%%%%%%%%%%%%%%%%%%%%%%%%%%%%%%%%%%

Name  Messages
----  --------
GEO_INTERFACE
      Defined as:  Module (line 79, file GEO_interface.f90)

                   Does not use any module and is not used by any procedure.


%%%%%%%%%%%%%%%%%%%%%%%%%%%%%%%%%%%%%%%%%%%%%%%%%%%%%%%%%%%%%%%%%%%%%%%%%%%%%%%%
%%%%%%%%%%%%%%%%%%%%%%%%%%%%%%%%%%%%%%%%%%%%%%%%%%%%%%%%%%%%%%%%%%%%%%%%%%%%%%%%
