%%%%%%%%%%%%%%%%%%%%%%%%%%%%%%%%%%%%%%%%%%%%%%%%%%%%%%%%%%%%%%%%%%%%%%%%%%%%%%%%
                          S u m m a r y   R e p o r t
%%%%%%%%%%%%%%%%%%%%%%%%%%%%%%%%%%%%%%%%%%%%%%%%%%%%%%%%%%%%%%%%%%%%%%%%%%%%%%%%

Compilation
-----------
File     : /global/u2/b/bassem/gyro-EP/src/gyro_memory_usage.f90
Compiled : 01/19/21  15:35:44
Compiler : Version 9.1.0
Ftnlx    : Version 9.1.0 
Target   : x86-64
Command  : ftn_driver.exe -hcpu=haswell -hdynamic -D__CRAYXC -D__CRAY_HASWELL
           -D__CRAYXT_COMPUTE_LINUX_TARGET -hnetwork=aries -hnoomp -em
           -J/global/homes/b/bassem/gyro-EP/modules -sreal64 -eD -Ktrap=fp -m1
           -Rbcdps -G0 -I/opt/cray/pe/fftw/3.3.8.4/haswell/include
           -c gyro_memory_usage.f90
           -I/opt/cray/pe/cce/9.1.0/cce-clang/x86_64/lib/clang/9.0.0/include
           -I/opt/cray/pe/cce/9.1.0/cce/x86_64/include/craylibs -I/usr/include
           -I/usr/include -I/opt/cray/pe/fftw/3.3.8.4/haswell/include
           -I/opt/cray/pe/libsci/19.06.1/CRAY/9.0/x86_64/include
           -I/opt/cray/pe/mpt/7.7.10/gni/mpich-cray/9.0/include
           -I/opt/cray/pe/hdf5/1.10.5.2/cray/9.0/include
           -I/opt/cray/pe/netcdf/4.6.3.2/cray/9.0/include
           -I/opt/cray/rca/2.2.20-7.0.1.1_4.53__g8e3fb5b.ari/include
           -I/opt/cray/alps/6.6.58-7.0.1.1_6.10__g437d88db.ari/include
           -I/opt/cray/xpmem/2.2.20-7.0.1.1_4.14__g0475745.ari/include
           -I/opt/cray/gni-headers/5.0.12.0-7.0.1.1_6.32__g3b1768f.ari/include
           -I/opt/cray/dmapp/7.1.1-7.0.1.1_4.54__g38cf134.ari/include
           -I/opt/cray/pe/pmi/5.0.14/include
           -I/opt/cray/ugni/6.0.14.0-7.0.1.1_7.40__ge78e5b0.ari/include
           -I/opt/cray/udreg/2.3.2-7.0.1.1_3.38__g8175d3d.ari/include
           -I/opt/cray/wlm_detect/1.3.3-7.0.1.1_4.16__g7109084.ari/include
           -I/opt/cray/krca/2.2.6-7.0.1.1_5.39__gb641b12.ari/include
           -I/opt/cray-hss-devel/9.0.0/include
Program
  Units  : GYRO_MEMORY_USAGE
          ALLOC_ADD

ftnlx report
------------
Source   : /global/u2/b/bassem/gyro-EP/src/gyro_memory_usage.f90
Date     : 01/19/2021  15:35:44


%%%%%%%%%%%%%%%%%%%%%%%%%%%%%%%%%%%%%%%%%%%%%%%%%%%%%%%%%%%%%%%%%%%%%%%%%%%%%%%%
                          S o u r c e   L i s t i n g
%%%%%%%%%%%%%%%%%%%%%%%%%%%%%%%%%%%%%%%%%%%%%%%%%%%%%%%%%%%%%%%%%%%%%%%%%%%%%%%%

    1.    !------------------------------------------------
    2.    ! gyro_memory_usage.f90
    3.    !
    4.    ! PURPOSE:
    5.    !  Manually sum amount of memory used to allocate
    6.    !  large arrays.
    7.    !------------------------------------------------
    8.    
    9.    subroutine gyro_memory_usage(data_file,io)
   10.    
   11.      use gyro_globals
   12.      use gyro_collision_private
   13.      use gyro_pointers
   14.    
   15.      !---------------------
   16.      implicit none
   17.      !---------------------
   18.    
   19.      integer, intent(in) :: io
   20.      character (len=*), intent(in) :: data_file
   21.    
   22.      select case (output_flag)
   23.    
   24.      case (1)
   25.    
   26.         if (i_proc == 0) then
   27.    
   28.            open(unit=io,file=data_file,status='replace')
   29.    
   30.            !---------------------------------------------
   31.            ! gyro_alloc_distrib
   32.            !---------------------------------------------
   33.    
   34.            write(io,*) 'gyro_alloc_distrib:'
   35.            write(io,*)
   36.    
   37.            call alloc_add(io,size(omega_d1),8,'omega_d1')
   38.            call alloc_add(io,size(omega_dr),8,'omega_dr')
   39.            call alloc_add(io,size(omega_star),8,'omega_star')
   40.    
   41.            call alloc_add(io,size(v_theta),8,'v_theta')
   42.            call alloc_add(io,size(v_theta),8,'v_theta')
   43.            call alloc_add(io,size(v_para),8,'v_para')
   44.    
   45.            call alloc_add(io,size(nek_n),4,'nek_n')
   46.            call alloc_add(io,size(nek_e),4,'nek_e')
   47.            call alloc_add(io,size(nek_k),4,'nek_k')
   48.            call alloc_add(io,size(ine_i),4,'ine_i')
   49.            call alloc_add(io,size(ine_n),4,'ine_n')
   50.            call alloc_add(io,size(ine_e),4,'ine_e')
   51.    
   52.            call alloc_add(io,size(cs_blend),16,'cs_blend')
   53.            call alloc_add(io,size(c_blend),16,'c_blend')
   54.            call alloc_add(io,size(cs_blend_prime),16,'cs_blend_prime')
   55.    
   56.            if (electron_method == 2) then
   57.               call alloc_add(io,size(o_f),16,'o_f')
   58.               call alloc_add(io,size(o_fv),16,'o_fv')
   59.               call alloc_add(io,size(o_advect),16,'o_advect')
   60.               call alloc_add(io,size(imp),16,'imp')
   61.            endif
   62.    
   63.            if (collision_flag == 1) then
   64.               if (linsolve_method == 3) then
   65.                  call alloc_add(io,size(d1_rbf),8,'d1_rbf')
   66.               else
   67.                  call alloc_add(io,size(d_rbf),8,'d_rbf')
   68.               endif
   69.            endif
   70.    
   71.            call alloc_add(io,size(z_gyro),16,'z_gyro')
   72.    
   73.            call alloc_add(io,size(w_gyro0),16,'w_gyro0')
   74.            call alloc_add(io,size(w_gyro2),16,'w_gyro2')
   75.            if (n_field == 3) then
   76.               call alloc_add(io,size(w_gyro1),16,'w_gyro1')
   77.               call alloc_add(io,size(w_gyro3),16,'w_gyro3')
   78.            endif
   79.    
   80.            !---------------------------------------------
   81.            ! gyro_alloc_big
   82.            !---------------------------------------------
   83.    
   84.            write(io,*)
   85.            write(io,*) 'gyro_alloc_big:'
   86.            write(io,*)
   87.    
   88.            call alloc_add(io,size(field_blend),16,'field_blend')
   89.            call alloc_add(io,size(field_blend_old),16,'field_blend_old')
   90.            call alloc_add(io,size(field_blend_dot),16,'field_blend_dot')
   91.            call alloc_add(io,size(phi_squared),8,'phi_squared')
   92.            call alloc_add(io,size(field_fluxave),8,'field_fluxave')
   93.            call alloc_add(io,size(h_err),16,'h_err')
   94.            call alloc_add(io,size(h),16,'h')
   95.            call alloc_add(io,size(h_old),16,'h_old')
   96.            call alloc_add(io,size(h_0),16,'h_0')
   97.            call alloc_add(io,size(rhs),16,'rhs')
   98.            call alloc_add(io,size(rhs_dr),16,'rhs_dr')
   99.            call alloc_add(io,size(rhs_dt),16,'rhs_dt')
  100.            call alloc_add(io,size(f_store),16,'f_store')
  101.            call alloc_add(io,size(p_store),16,'p_store')
  102.    
  103.            if (krook_flag == 1) then
  104.               call alloc_add(io,size(rhs_krook),16,'rhs_krook')
  105.            endif
  106.    
  107.            if (collision_flag == 1) then
  108.               call alloc_add(io,size(f_coll),16,'f_coll')
  109.               call alloc_add(io,size(fb_coll),16,'fb_coll')
  110.               call alloc_add(io,size(h_c),16,'h_c') 
  111.            endif
  112.    
  113.            call alloc_add(io,size(h_tran),16,'h_tran') 
  114.            call alloc_add(io,size(gyro_h),16,'gyro_h')
  115.            if (n_field == 3) then
  116.               call alloc_add(io,size(gyro_h_aperp),16,'gyro_h_aperp')
  117.            endif
  118.            call alloc_add(io,size(field_tau),16,'field_tau') 
  119.    
  120.            call alloc_add(io,size(gyro_uv),16,'gyro_uv')
  121.            call alloc_add(io,size(gyro_uv_old2),16,'gyro_uv_old2')
  122.            call alloc_add(io,size(gyro_uv_old),16,'gyro_uv_old')
  123.            call alloc_add(io,size(gyro_uv_dot),16,'gyro_uv_dot')
  124.            call alloc_add(io,size(gyro_u),16,'gyro_u')
  125.            call alloc_add(io,size(gyro_u_tran),16,'gyro_u_tran')
  126.            call alloc_add(io,size(phi),16,'phi')
  127.            call alloc_add(io,size(vel_sum_p),16,'vel_sum_p')
  128.            call alloc_add(io,size(vel_sum_a),16,'vel_sum_a')
  129.            call alloc_add(io,size(vel_sum_aperp),16,'vel_sum_aperp')
  130.            call alloc_add(io,size(phi_plot),16,'phi_plot')
  131.    
  132.            call alloc_add(io,size(moments_plot),16,'moments_plot')
  133.            call alloc_add(io,size(moments_zero_plot),8,'moments_zero_plot')
  134.    
  135.            call alloc_add(io,size(kxkyspec),8,'kxkyspec')
  136.            if (velocity_output_flag == 1) then
  137.               call alloc_add(io,size(nonlinear_flux_velocity),8,'nonlinear_flux_velocity')
  138.            endif
  139.    
  140.            call alloc_add(io,size(nonlinear_flux_passing),8,'nonlinear_flux_passing')
  141.            call alloc_add(io,size(nonlinear_flux_trapped),8,'nonlinear_flux_trapped')
  142.    
  143.            call alloc_add(io,size(gbflux_i),8,'gbflux_i')
  144.            call alloc_add(io,size(gbflux_i_trapped),8,'gbflux_i_trapped')
  145.            call alloc_add(io,size(gbflux),8,'gbflux')
  146.            call alloc_add(io,size(gbflux_trapped),8,'gbflux_trapped')
  147.            call alloc_add(io,size(gbflux_n),8,'gbflux_n')
  148.    
  149.            if (transport_method > 1) then
  150.               call alloc_add(io,size(gbflux_vec),8,'gbflux_vec')
  151.            endif
  152.    
  153.            call alloc_add(io,size(nl_transfer),8,'nl_transfer')
  154.    
  155.            call alloc_add(io,size(time_error),8,'time_error')
  156.            call alloc_add(io,size(entropy),8,'entropy')
  157.            call alloc_add(io,size(w_time),8,'w_time')
  158.    
  159.            call alloc_add(io,size(h0_eq),8,'h0_eq')
  160.            call alloc_add(io,size(h0_mod),8,'h0_mod')
  161.    
  162.            call alloc_add(io,size(h0_n),8,'h0_n')
  163.            call alloc_add(io,size(h0_e),8,'h0_e')
  164.            call alloc_add(io,size(source_n),8,'source_n')
  165.            call alloc_add(io,size(source_e),8,'source_e')
  166.    
  167.            !---------------------------------------------
  168.            ! gyro_alloc_orbit
  169.            !---------------------------------------------
  170.    
  171.            write(io,*)
  172.            write(io,*) 'gyro_alloc_orbit:'
  173.            write(io,*)
  174.    
  175.            call alloc_add(io,size(theta_t),8,'theta_t')
  176.            call alloc_add(io,size(tau),8,'tau')
  177.            call alloc_add(io,size(m_cyc),4,'m_cyc')
  178.            call alloc_add(io,size(p_cyc),16,'p_cyc')
  179.            call alloc_add(io,size(m_phys),4,'m_phys')
  180.            call alloc_add(io,size(p_phys),4,'p_phys')
  181.            call alloc_add(io,size(omega),8,'omega')
  182.            call alloc_add(io,size(m_map),4,'m_map')
  183.            call alloc_add(io,size(theta_int),8,'theta_int')
  184.            call alloc_add(io,size(theta_plot),8,'theta_plot')
  185.    
  186.            call alloc_add(io,size(b0_t),8,'b0_t')
  187.            call alloc_add(io,size(g_theta_t),8,'g_theta_t')
  188.            call alloc_add(io,size(grad_r_t),8,'grad_r_t')
  189.            call alloc_add(io,size(qrat_t),8,'qrat_t')
  190.            call alloc_add(io,size(cos_t),8,'cos_t')
  191.            call alloc_add(io,size(cos_p_t),8,'cos_p_t')  
  192.            call alloc_add(io,size(captheta_t),8,'captheta_t')  
  193.            call alloc_add(io,size(sin_t),8,'sin_t') 
  194.            call alloc_add(io,size(bt_t),8,'bt_t')
  195.            call alloc_add(io,size(bp_t),8,'bp_t')
  196.            call alloc_add(io,size(bigr_t),8,'bigr_t')
  197.            call alloc_add(io,size(b0_plot),8,'b0_plot')
  198.            call alloc_add(io,size(g_theta_plot),8,'g_theta_plot')  
  199.    
  200.            call alloc_add(io,size(c_fluxave),8,'c_fluxav')
  201.            call alloc_add(io,size(ff_mm),16,'ff_mm')
  202.            call alloc_add(io,size(ff_mm_piv),4,'ff_mm_piv')
  203.            call alloc_add(io,size(ff2_mm),16,'ff2_mm')
  204.            call alloc_add(io,size(ff2_mm_piv),4,'ff2_mm_piv')
  205.            call alloc_add(io,size(blend_plot),16,'blend_plo')
  206.            call alloc_add(io,size(blend_prime_plot),16,'blend_prime_plot')
  207.    
  208.            if (collision_flag == 1) then
  209.               call alloc_add(io,size(nu_total),8,'nu_total')
  210.               call alloc_add(io,size(xi),8,'xi')
  211.            endif
  212.    
  213.            if (n_field > 1) then
  214.               call alloc_add(io,size(coll_vel),16,'coll_vel')
  215.            endif
  216.            if (n_field > 2) then
  217.               call alloc_add(io,size(coll_vel_perp1),16,'coll_vel_perp1')
  218.               call alloc_add(io,size(coll_vel_perp2),16,'coll_vel_perp2')
  219.            endif
  220.    
  221.            !---------------------------------------------
  222.            ! Sparse field arrays (see gyro_cleanup)
  223.            !---------------------------------------------
  224.    
  225.            write(io,*)
  226.            write(io,*) 'Sparse field arrays (no alloc block):'
  227.            write(io,*)
  228.    
  229.            if (allocated(m_poisson)) call alloc_add(io,size(m_poisson),16,'m_poisson')
  230.            if (allocated(indx_poisson)) call alloc_add(io,size(indx_poisson),4,'indx_poisson')
  231.            if (allocated(m_ampere)) call alloc_add(io,size(m_ampere),16,'m_ampere')
  232.            if (allocated(indx_ampere)) call alloc_add(io,size(indx_ampere),4,'indx_ampere')
  233.            if (allocated(m_maxwell)) call alloc_add(io,size(m_maxwell),16,'m_maxwell')
  234.            if (allocated(indx_maxwell)) call alloc_add(io,size(indx_maxwell),4,'indx_maxwell')
  235.            if (allocated(m_poissonaperp)) call alloc_add(io,size(m_poissonaperp),16,'m_poissonaperp')
  236.            if (allocated(indx_poissonaperp)) call alloc_add(io,size(indx_poissonaperp),4,'indx_poissonaperp')
  237.    
  238.            write(io,*) '---------------------'
  239.            write(io,'(f9.3,a,3x,a)') total_memory/1e6,' MB'
  240.    
  241.            close(io)
  242.    
  243.         endif
  244.    
  245.      end select
  246.    
  247.      if (i_proc == 0 .and. debug_flag == 1) then
  248.         print *,'[gyro_memory_usage done]'
  249.      endif
  250.    
  251.    end subroutine gyro_memory_usage


%%%%%%%%%%%%%%%%%%%%%%%%%%%%%%%%%%%%%%%%%%%%%%%%%%%%%%%%%%%%%%%%%%%%%%%%%%%%%%%%
                          S o u r c e   L i s t i n g
%%%%%%%%%%%%%%%%%%%%%%%%%%%%%%%%%%%%%%%%%%%%%%%%%%%%%%%%%%%%%%%%%%%%%%%%%%%%%%%%

  252.    
  253.    !------------------------------------------------
  254.    ! alloc_add.f90
  255.    !
  256.    ! PURPOSE:
  257.    !  Primitive allocation addition routine.
  258.    !------------------------------------------------
  259.    
  260.    subroutine alloc_add(io,n_size,bytes,name)
  261.    
  262.      use gyro_globals
  263.    
  264.      implicit none
  265.      !
  266.      integer, intent(in) :: io
  267.      integer, intent(in) :: n_size
  268.      integer, intent(in) :: bytes
  269.      character (len=*), intent(in) :: name
  270.      !
  271.      real :: this_memory
  272.    
  273.      select case (output_flag)
  274.    
  275.      case (1)
  276.    
  277.         if (i_proc == 0) then
  278.    
  279.            this_memory  = 1.0*n_size*bytes
  280.            total_memory = total_memory+this_memory 
  281.    
  282.            write(io,10) this_memory/1e6,' MB',name
  283.    
  284.         endif
  285.    
  286.      end select
  287.    
  288.    10 format(f9.3,a,3x,a)
  289.    
  290.    end subroutine alloc_add


%%%%%%%%%%%%%%%%%%%%%%%%%%%%%%%%%%%%%%%%%%%%%%%%%%%%%%%%%%%%%%%%%%%%%%%%%%%%%%%%
                         E x t e r n a l   R e p o r t
%%%%%%%%%%%%%%%%%%%%%%%%%%%%%%%%%%%%%%%%%%%%%%%%%%%%%%%%%%%%%%%%%%%%%%%%%%%%%%%%

Name  Messages
----  --------
ALLOCATED(Intrinsic)
      Defined as:  No definitions.

      Interface:   None

      Called By:   GYRO_MEMORY_USAGE (Line 229, file gyro_memory_usage.f90)
                   GYRO_MEMORY_USAGE (Line 230, file gyro_memory_usage.f90)
                   GYRO_MEMORY_USAGE (Line 231, file gyro_memory_usage.f90)
                   GYRO_MEMORY_USAGE (Line 232, file gyro_memory_usage.f90)
                   GYRO_MEMORY_USAGE (Line 233, file gyro_memory_usage.f90)
                   GYRO_MEMORY_USAGE (Line 234, file gyro_memory_usage.f90)
                   GYRO_MEMORY_USAGE (Line 235, file gyro_memory_usage.f90)
                   GYRO_MEMORY_USAGE (Line 236, file gyro_memory_usage.f90)

Name  Messages
----  --------
ALLOC_ADD
      Defined as:  Subroutine (line 260, file gyro_memory_usage.f90)

      Interface:   None

      Called By:   GYRO_MEMORY_USAGE (Line 37, file gyro_memory_usage.f90)
                   GYRO_MEMORY_USAGE (Line 38, file gyro_memory_usage.f90)
                   GYRO_MEMORY_USAGE (Line 39, file gyro_memory_usage.f90)
                   GYRO_MEMORY_USAGE (Line 41, file gyro_memory_usage.f90)
                   GYRO_MEMORY_USAGE (Line 42, file gyro_memory_usage.f90)
                   GYRO_MEMORY_USAGE (Line 43, file gyro_memory_usage.f90)
                   GYRO_MEMORY_USAGE (Line 45, file gyro_memory_usage.f90)
                   GYRO_MEMORY_USAGE (Line 46, file gyro_memory_usage.f90)
                   GYRO_MEMORY_USAGE (Line 47, file gyro_memory_usage.f90)
                   GYRO_MEMORY_USAGE (Line 48, file gyro_memory_usage.f90)
                   GYRO_MEMORY_USAGE (Line 49, file gyro_memory_usage.f90)
                   GYRO_MEMORY_USAGE (Line 50, file gyro_memory_usage.f90)
                   GYRO_MEMORY_USAGE (Line 52, file gyro_memory_usage.f90)
                   GYRO_MEMORY_USAGE (Line 53, file gyro_memory_usage.f90)
                   GYRO_MEMORY_USAGE (Line 54, file gyro_memory_usage.f90)
                   GYRO_MEMORY_USAGE (Line 57, file gyro_memory_usage.f90)
                   GYRO_MEMORY_USAGE (Line 58, file gyro_memory_usage.f90)
                   GYRO_MEMORY_USAGE (Line 59, file gyro_memory_usage.f90)
                   GYRO_MEMORY_USAGE (Line 60, file gyro_memory_usage.f90)
                   GYRO_MEMORY_USAGE (Line 65, file gyro_memory_usage.f90)
                   GYRO_MEMORY_USAGE (Line 67, file gyro_memory_usage.f90)
                   GYRO_MEMORY_USAGE (Line 71, file gyro_memory_usage.f90)
                   GYRO_MEMORY_USAGE (Line 73, file gyro_memory_usage.f90)
                   GYRO_MEMORY_USAGE (Line 74, file gyro_memory_usage.f90)
                   GYRO_MEMORY_USAGE (Line 76, file gyro_memory_usage.f90)
                   GYRO_MEMORY_USAGE (Line 77, file gyro_memory_usage.f90)
                   GYRO_MEMORY_USAGE (Line 88, file gyro_memory_usage.f90)
                   GYRO_MEMORY_USAGE (Line 89, file gyro_memory_usage.f90)
                   GYRO_MEMORY_USAGE (Line 90, file gyro_memory_usage.f90)
                   GYRO_MEMORY_USAGE (Line 91, file gyro_memory_usage.f90)
                   GYRO_MEMORY_USAGE (Line 92, file gyro_memory_usage.f90)
                   GYRO_MEMORY_USAGE (Line 93, file gyro_memory_usage.f90)
                   GYRO_MEMORY_USAGE (Line 94, file gyro_memory_usage.f90)
                   GYRO_MEMORY_USAGE (Line 95, file gyro_memory_usage.f90)
                   GYRO_MEMORY_USAGE (Line 96, file gyro_memory_usage.f90)
                   GYRO_MEMORY_USAGE (Line 97, file gyro_memory_usage.f90)
                   GYRO_MEMORY_USAGE (Line 98, file gyro_memory_usage.f90)
                   GYRO_MEMORY_USAGE (Line 99, file gyro_memory_usage.f90)
                   GYRO_MEMORY_USAGE (Line 100, file gyro_memory_usage.f90)
                   GYRO_MEMORY_USAGE (Line 101, file gyro_memory_usage.f90)
                   GYRO_MEMORY_USAGE (Line 104, file gyro_memory_usage.f90)
                   GYRO_MEMORY_USAGE (Line 108, file gyro_memory_usage.f90)
                   GYRO_MEMORY_USAGE (Line 109, file gyro_memory_usage.f90)
                   GYRO_MEMORY_USAGE (Line 110, file gyro_memory_usage.f90)
                   GYRO_MEMORY_USAGE (Line 113, file gyro_memory_usage.f90)
                   GYRO_MEMORY_USAGE (Line 114, file gyro_memory_usage.f90)
                   GYRO_MEMORY_USAGE (Line 116, file gyro_memory_usage.f90)
                   GYRO_MEMORY_USAGE (Line 118, file gyro_memory_usage.f90)
                   GYRO_MEMORY_USAGE (Line 120, file gyro_memory_usage.f90)
                   GYRO_MEMORY_USAGE (Line 121, file gyro_memory_usage.f90)
                   GYRO_MEMORY_USAGE (Line 122, file gyro_memory_usage.f90)
                   GYRO_MEMORY_USAGE (Line 123, file gyro_memory_usage.f90)
                   GYRO_MEMORY_USAGE (Line 124, file gyro_memory_usage.f90)
                   GYRO_MEMORY_USAGE (Line 125, file gyro_memory_usage.f90)
                   GYRO_MEMORY_USAGE (Line 126, file gyro_memory_usage.f90)
                   GYRO_MEMORY_USAGE (Line 127, file gyro_memory_usage.f90)
                   GYRO_MEMORY_USAGE (Line 128, file gyro_memory_usage.f90)
                   GYRO_MEMORY_USAGE (Line 129, file gyro_memory_usage.f90)
                   GYRO_MEMORY_USAGE (Line 130, file gyro_memory_usage.f90)
                   GYRO_MEMORY_USAGE (Line 132, file gyro_memory_usage.f90)
                   GYRO_MEMORY_USAGE (Line 133, file gyro_memory_usage.f90)
                   GYRO_MEMORY_USAGE (Line 135, file gyro_memory_usage.f90)
                   GYRO_MEMORY_USAGE (Line 137, file gyro_memory_usage.f90)
                   GYRO_MEMORY_USAGE (Line 140, file gyro_memory_usage.f90)
                   GYRO_MEMORY_USAGE (Line 141, file gyro_memory_usage.f90)
                   GYRO_MEMORY_USAGE (Line 143, file gyro_memory_usage.f90)
                   GYRO_MEMORY_USAGE (Line 144, file gyro_memory_usage.f90)
                   GYRO_MEMORY_USAGE (Line 145, file gyro_memory_usage.f90)
                   GYRO_MEMORY_USAGE (Line 146, file gyro_memory_usage.f90)
                   GYRO_MEMORY_USAGE (Line 147, file gyro_memory_usage.f90)
                   GYRO_MEMORY_USAGE (Line 150, file gyro_memory_usage.f90)
                   GYRO_MEMORY_USAGE (Line 153, file gyro_memory_usage.f90)
                   GYRO_MEMORY_USAGE (Line 155, file gyro_memory_usage.f90)
                   GYRO_MEMORY_USAGE (Line 156, file gyro_memory_usage.f90)
                   GYRO_MEMORY_USAGE (Line 157, file gyro_memory_usage.f90)
                   GYRO_MEMORY_USAGE (Line 159, file gyro_memory_usage.f90)
                   GYRO_MEMORY_USAGE (Line 160, file gyro_memory_usage.f90)
                   GYRO_MEMORY_USAGE (Line 162, file gyro_memory_usage.f90)
                   GYRO_MEMORY_USAGE (Line 163, file gyro_memory_usage.f90)
                   GYRO_MEMORY_USAGE (Line 164, file gyro_memory_usage.f90)
                   GYRO_MEMORY_USAGE (Line 165, file gyro_memory_usage.f90)
                   GYRO_MEMORY_USAGE (Line 175, file gyro_memory_usage.f90)
                   GYRO_MEMORY_USAGE (Line 176, file gyro_memory_usage.f90)
                   GYRO_MEMORY_USAGE (Line 177, file gyro_memory_usage.f90)
                   GYRO_MEMORY_USAGE (Line 178, file gyro_memory_usage.f90)
                   GYRO_MEMORY_USAGE (Line 179, file gyro_memory_usage.f90)
                   GYRO_MEMORY_USAGE (Line 180, file gyro_memory_usage.f90)
                   GYRO_MEMORY_USAGE (Line 181, file gyro_memory_usage.f90)
                   GYRO_MEMORY_USAGE (Line 182, file gyro_memory_usage.f90)
                   GYRO_MEMORY_USAGE (Line 183, file gyro_memory_usage.f90)
                   GYRO_MEMORY_USAGE (Line 184, file gyro_memory_usage.f90)
                   GYRO_MEMORY_USAGE (Line 186, file gyro_memory_usage.f90)
                   GYRO_MEMORY_USAGE (Line 187, file gyro_memory_usage.f90)
                   GYRO_MEMORY_USAGE (Line 188, file gyro_memory_usage.f90)
                   GYRO_MEMORY_USAGE (Line 189, file gyro_memory_usage.f90)
                   GYRO_MEMORY_USAGE (Line 190, file gyro_memory_usage.f90)
                   GYRO_MEMORY_USAGE (Line 191, file gyro_memory_usage.f90)
                   GYRO_MEMORY_USAGE (Line 192, file gyro_memory_usage.f90)
                   GYRO_MEMORY_USAGE (Line 193, file gyro_memory_usage.f90)
                   GYRO_MEMORY_USAGE (Line 194, file gyro_memory_usage.f90)
                   GYRO_MEMORY_USAGE (Line 195, file gyro_memory_usage.f90)
                   GYRO_MEMORY_USAGE (Line 196, file gyro_memory_usage.f90)
                   GYRO_MEMORY_USAGE (Line 197, file gyro_memory_usage.f90)
                   GYRO_MEMORY_USAGE (Line 198, file gyro_memory_usage.f90)
                   GYRO_MEMORY_USAGE (Line 200, file gyro_memory_usage.f90)
                   GYRO_MEMORY_USAGE (Line 201, file gyro_memory_usage.f90)
                   GYRO_MEMORY_USAGE (Line 202, file gyro_memory_usage.f90)
                   GYRO_MEMORY_USAGE (Line 203, file gyro_memory_usage.f90)
                   GYRO_MEMORY_USAGE (Line 204, file gyro_memory_usage.f90)
                   GYRO_MEMORY_USAGE (Line 205, file gyro_memory_usage.f90)
                   GYRO_MEMORY_USAGE (Line 206, file gyro_memory_usage.f90)
                   GYRO_MEMORY_USAGE (Line 209, file gyro_memory_usage.f90)
                   GYRO_MEMORY_USAGE (Line 210, file gyro_memory_usage.f90)
                   GYRO_MEMORY_USAGE (Line 214, file gyro_memory_usage.f90)
                   GYRO_MEMORY_USAGE (Line 217, file gyro_memory_usage.f90)
                   GYRO_MEMORY_USAGE (Line 218, file gyro_memory_usage.f90)
                   GYRO_MEMORY_USAGE (Line 229, file gyro_memory_usage.f90)
                   GYRO_MEMORY_USAGE (Line 230, file gyro_memory_usage.f90)
                   GYRO_MEMORY_USAGE (Line 231, file gyro_memory_usage.f90)
                   GYRO_MEMORY_USAGE (Line 232, file gyro_memory_usage.f90)
                   GYRO_MEMORY_USAGE (Line 233, file gyro_memory_usage.f90)
                   GYRO_MEMORY_USAGE (Line 234, file gyro_memory_usage.f90)
                   GYRO_MEMORY_USAGE (Line 235, file gyro_memory_usage.f90)
                   GYRO_MEMORY_USAGE (Line 236, file gyro_memory_usage.f90)

        Uses:      GYRO_GLOBALS

Name  Messages
----  --------
CHAR(Intrinsic)
      Defined as:  No definitions.

                   No calls.  It is not called and does not use any procedure.

      Interface:   None

Name  Messages
----  --------
GYRO_COLLISION_PRIVATE
      Defined as:  No definitions.

      Used By:     GYRO_MEMORY_USAGE

Name  Messages
----  --------
GYRO_GLOBALS
      Defined as:  No definitions.

      Used By:     GYRO_MEMORY_USAGE
                   ALLOC_ADD

Name  Messages
----  --------
GYRO_MEMORY_USAGE
      Defined as:  Subroutine (line 9, file gyro_memory_usage.f90)

      Interface:   None

      Calls:       SIZE(Intrinsic) (Line 37, file gyro_memory_usage.f90)
                   SIZE(Intrinsic) (Line 38, file gyro_memory_usage.f90)
                   SIZE(Intrinsic) (Line 39, file gyro_memory_usage.f90)
                   SIZE(Intrinsic) (Line 41, file gyro_memory_usage.f90)
                   SIZE(Intrinsic) (Line 42, file gyro_memory_usage.f90)
                   SIZE(Intrinsic) (Line 43, file gyro_memory_usage.f90)
                   SIZE(Intrinsic) (Line 45, file gyro_memory_usage.f90)
                   SIZE(Intrinsic) (Line 46, file gyro_memory_usage.f90)
                   SIZE(Intrinsic) (Line 47, file gyro_memory_usage.f90)
                   SIZE(Intrinsic) (Line 48, file gyro_memory_usage.f90)
                   SIZE(Intrinsic) (Line 49, file gyro_memory_usage.f90)
                   SIZE(Intrinsic) (Line 50, file gyro_memory_usage.f90)
                   SIZE(Intrinsic) (Line 52, file gyro_memory_usage.f90)
                   SIZE(Intrinsic) (Line 53, file gyro_memory_usage.f90)
                   SIZE(Intrinsic) (Line 54, file gyro_memory_usage.f90)
                   SIZE(Intrinsic) (Line 57, file gyro_memory_usage.f90)
                   SIZE(Intrinsic) (Line 58, file gyro_memory_usage.f90)
                   SIZE(Intrinsic) (Line 59, file gyro_memory_usage.f90)
                   SIZE(Intrinsic) (Line 60, file gyro_memory_usage.f90)
                   SIZE(Intrinsic) (Line 65, file gyro_memory_usage.f90)
                   SIZE(Intrinsic) (Line 67, file gyro_memory_usage.f90)
                   SIZE(Intrinsic) (Line 71, file gyro_memory_usage.f90)
                   SIZE(Intrinsic) (Line 73, file gyro_memory_usage.f90)
                   SIZE(Intrinsic) (Line 74, file gyro_memory_usage.f90)
                   SIZE(Intrinsic) (Line 76, file gyro_memory_usage.f90)
                   SIZE(Intrinsic) (Line 77, file gyro_memory_usage.f90)
                   SIZE(Intrinsic) (Line 88, file gyro_memory_usage.f90)
                   SIZE(Intrinsic) (Line 89, file gyro_memory_usage.f90)
                   SIZE(Intrinsic) (Line 90, file gyro_memory_usage.f90)
                   SIZE(Intrinsic) (Line 91, file gyro_memory_usage.f90)
                   SIZE(Intrinsic) (Line 92, file gyro_memory_usage.f90)
                   SIZE(Intrinsic) (Line 93, file gyro_memory_usage.f90)
                   SIZE(Intrinsic) (Line 94, file gyro_memory_usage.f90)
                   SIZE(Intrinsic) (Line 95, file gyro_memory_usage.f90)
                   SIZE(Intrinsic) (Line 96, file gyro_memory_usage.f90)
                   SIZE(Intrinsic) (Line 97, file gyro_memory_usage.f90)
                   SIZE(Intrinsic) (Line 98, file gyro_memory_usage.f90)
                   SIZE(Intrinsic) (Line 99, file gyro_memory_usage.f90)
                   SIZE(Intrinsic) (Line 100, file gyro_memory_usage.f90)
                   SIZE(Intrinsic) (Line 101, file gyro_memory_usage.f90)
                   SIZE(Intrinsic) (Line 104, file gyro_memory_usage.f90)
                   SIZE(Intrinsic) (Line 108, file gyro_memory_usage.f90)
                   SIZE(Intrinsic) (Line 109, file gyro_memory_usage.f90)
                   SIZE(Intrinsic) (Line 110, file gyro_memory_usage.f90)
                   SIZE(Intrinsic) (Line 113, file gyro_memory_usage.f90)
                   SIZE(Intrinsic) (Line 114, file gyro_memory_usage.f90)
                   SIZE(Intrinsic) (Line 116, file gyro_memory_usage.f90)
                   SIZE(Intrinsic) (Line 118, file gyro_memory_usage.f90)
                   SIZE(Intrinsic) (Line 120, file gyro_memory_usage.f90)
                   SIZE(Intrinsic) (Line 121, file gyro_memory_usage.f90)
                   SIZE(Intrinsic) (Line 122, file gyro_memory_usage.f90)
                   SIZE(Intrinsic) (Line 123, file gyro_memory_usage.f90)
                   SIZE(Intrinsic) (Line 124, file gyro_memory_usage.f90)
                   SIZE(Intrinsic) (Line 125, file gyro_memory_usage.f90)
                   SIZE(Intrinsic) (Line 126, file gyro_memory_usage.f90)
                   SIZE(Intrinsic) (Line 127, file gyro_memory_usage.f90)
                   SIZE(Intrinsic) (Line 128, file gyro_memory_usage.f90)
                   SIZE(Intrinsic) (Line 129, file gyro_memory_usage.f90)
                   SIZE(Intrinsic) (Line 130, file gyro_memory_usage.f90)
                   SIZE(Intrinsic) (Line 132, file gyro_memory_usage.f90)
                   SIZE(Intrinsic) (Line 133, file gyro_memory_usage.f90)
                   SIZE(Intrinsic) (Line 135, file gyro_memory_usage.f90)
                   SIZE(Intrinsic) (Line 137, file gyro_memory_usage.f90)
                   SIZE(Intrinsic) (Line 140, file gyro_memory_usage.f90)
                   SIZE(Intrinsic) (Line 141, file gyro_memory_usage.f90)
                   SIZE(Intrinsic) (Line 143, file gyro_memory_usage.f90)
                   SIZE(Intrinsic) (Line 144, file gyro_memory_usage.f90)
                   SIZE(Intrinsic) (Line 145, file gyro_memory_usage.f90)
                   SIZE(Intrinsic) (Line 146, file gyro_memory_usage.f90)
                   SIZE(Intrinsic) (Line 147, file gyro_memory_usage.f90)
                   SIZE(Intrinsic) (Line 150, file gyro_memory_usage.f90)
                   SIZE(Intrinsic) (Line 153, file gyro_memory_usage.f90)
                   SIZE(Intrinsic) (Line 155, file gyro_memory_usage.f90)
                   SIZE(Intrinsic) (Line 156, file gyro_memory_usage.f90)
                   SIZE(Intrinsic) (Line 157, file gyro_memory_usage.f90)
                   SIZE(Intrinsic) (Line 159, file gyro_memory_usage.f90)
                   SIZE(Intrinsic) (Line 160, file gyro_memory_usage.f90)
                   SIZE(Intrinsic) (Line 162, file gyro_memory_usage.f90)
                   SIZE(Intrinsic) (Line 163, file gyro_memory_usage.f90)
                   SIZE(Intrinsic) (Line 164, file gyro_memory_usage.f90)
                   SIZE(Intrinsic) (Line 165, file gyro_memory_usage.f90)
                   SIZE(Intrinsic) (Line 175, file gyro_memory_usage.f90)
                   SIZE(Intrinsic) (Line 176, file gyro_memory_usage.f90)
                   SIZE(Intrinsic) (Line 177, file gyro_memory_usage.f90)
                   SIZE(Intrinsic) (Line 178, file gyro_memory_usage.f90)
                   SIZE(Intrinsic) (Line 179, file gyro_memory_usage.f90)
                   SIZE(Intrinsic) (Line 180, file gyro_memory_usage.f90)
                   SIZE(Intrinsic) (Line 181, file gyro_memory_usage.f90)
                   SIZE(Intrinsic) (Line 182, file gyro_memory_usage.f90)
                   SIZE(Intrinsic) (Line 183, file gyro_memory_usage.f90)
                   SIZE(Intrinsic) (Line 184, file gyro_memory_usage.f90)
                   SIZE(Intrinsic) (Line 186, file gyro_memory_usage.f90)
                   SIZE(Intrinsic) (Line 187, file gyro_memory_usage.f90)
                   SIZE(Intrinsic) (Line 188, file gyro_memory_usage.f90)
                   SIZE(Intrinsic) (Line 189, file gyro_memory_usage.f90)
                   SIZE(Intrinsic) (Line 190, file gyro_memory_usage.f90)
                   SIZE(Intrinsic) (Line 191, file gyro_memory_usage.f90)
                   SIZE(Intrinsic) (Line 192, file gyro_memory_usage.f90)
                   SIZE(Intrinsic) (Line 193, file gyro_memory_usage.f90)
                   SIZE(Intrinsic) (Line 194, file gyro_memory_usage.f90)
                   SIZE(Intrinsic) (Line 195, file gyro_memory_usage.f90)
                   SIZE(Intrinsic) (Line 196, file gyro_memory_usage.f90)
                   SIZE(Intrinsic) (Line 197, file gyro_memory_usage.f90)
                   SIZE(Intrinsic) (Line 198, file gyro_memory_usage.f90)
                   SIZE(Intrinsic) (Line 200, file gyro_memory_usage.f90)
                   SIZE(Intrinsic) (Line 201, file gyro_memory_usage.f90)
                   SIZE(Intrinsic) (Line 202, file gyro_memory_usage.f90)
                   SIZE(Intrinsic) (Line 203, file gyro_memory_usage.f90)
                   SIZE(Intrinsic) (Line 204, file gyro_memory_usage.f90)
                   SIZE(Intrinsic) (Line 205, file gyro_memory_usage.f90)
                   SIZE(Intrinsic) (Line 206, file gyro_memory_usage.f90)
                   SIZE(Intrinsic) (Line 209, file gyro_memory_usage.f90)
                   SIZE(Intrinsic) (Line 210, file gyro_memory_usage.f90)
                   SIZE(Intrinsic) (Line 214, file gyro_memory_usage.f90)
                   SIZE(Intrinsic) (Line 217, file gyro_memory_usage.f90)
                   SIZE(Intrinsic) (Line 218, file gyro_memory_usage.f90)
                   SIZE(Intrinsic) (Line 229, file gyro_memory_usage.f90)
                   SIZE(Intrinsic) (Line 230, file gyro_memory_usage.f90)
                   SIZE(Intrinsic) (Line 231, file gyro_memory_usage.f90)
                   SIZE(Intrinsic) (Line 232, file gyro_memory_usage.f90)
                   SIZE(Intrinsic) (Line 233, file gyro_memory_usage.f90)
                   SIZE(Intrinsic) (Line 234, file gyro_memory_usage.f90)
                   SIZE(Intrinsic) (Line 235, file gyro_memory_usage.f90)
                   SIZE(Intrinsic) (Line 236, file gyro_memory_usage.f90)
                   ALLOC_ADD (Line 37, file gyro_memory_usage.f90)
                   ALLOC_ADD (Line 38, file gyro_memory_usage.f90)
                   ALLOC_ADD (Line 39, file gyro_memory_usage.f90)
                   ALLOC_ADD (Line 41, file gyro_memory_usage.f90)
                   ALLOC_ADD (Line 42, file gyro_memory_usage.f90)
                   ALLOC_ADD (Line 43, file gyro_memory_usage.f90)
                   ALLOC_ADD (Line 45, file gyro_memory_usage.f90)
                   ALLOC_ADD (Line 46, file gyro_memory_usage.f90)
                   ALLOC_ADD (Line 47, file gyro_memory_usage.f90)
                   ALLOC_ADD (Line 48, file gyro_memory_usage.f90)
                   ALLOC_ADD (Line 49, file gyro_memory_usage.f90)
                   ALLOC_ADD (Line 50, file gyro_memory_usage.f90)
                   ALLOC_ADD (Line 52, file gyro_memory_usage.f90)
                   ALLOC_ADD (Line 53, file gyro_memory_usage.f90)
                   ALLOC_ADD (Line 54, file gyro_memory_usage.f90)
                   ALLOC_ADD (Line 57, file gyro_memory_usage.f90)
                   ALLOC_ADD (Line 58, file gyro_memory_usage.f90)
                   ALLOC_ADD (Line 59, file gyro_memory_usage.f90)
                   ALLOC_ADD (Line 60, file gyro_memory_usage.f90)
                   ALLOC_ADD (Line 65, file gyro_memory_usage.f90)
                   ALLOC_ADD (Line 67, file gyro_memory_usage.f90)
                   ALLOC_ADD (Line 71, file gyro_memory_usage.f90)
                   ALLOC_ADD (Line 73, file gyro_memory_usage.f90)
                   ALLOC_ADD (Line 74, file gyro_memory_usage.f90)
                   ALLOC_ADD (Line 76, file gyro_memory_usage.f90)
                   ALLOC_ADD (Line 77, file gyro_memory_usage.f90)
                   ALLOC_ADD (Line 88, file gyro_memory_usage.f90)
                   ALLOC_ADD (Line 89, file gyro_memory_usage.f90)
                   ALLOC_ADD (Line 90, file gyro_memory_usage.f90)
                   ALLOC_ADD (Line 91, file gyro_memory_usage.f90)
                   ALLOC_ADD (Line 92, file gyro_memory_usage.f90)
                   ALLOC_ADD (Line 93, file gyro_memory_usage.f90)
                   ALLOC_ADD (Line 94, file gyro_memory_usage.f90)
                   ALLOC_ADD (Line 95, file gyro_memory_usage.f90)
                   ALLOC_ADD (Line 96, file gyro_memory_usage.f90)
                   ALLOC_ADD (Line 97, file gyro_memory_usage.f90)
                   ALLOC_ADD (Line 98, file gyro_memory_usage.f90)
                   ALLOC_ADD (Line 99, file gyro_memory_usage.f90)
                   ALLOC_ADD (Line 100, file gyro_memory_usage.f90)
                   ALLOC_ADD (Line 101, file gyro_memory_usage.f90)
                   ALLOC_ADD (Line 104, file gyro_memory_usage.f90)
                   ALLOC_ADD (Line 108, file gyro_memory_usage.f90)
                   ALLOC_ADD (Line 109, file gyro_memory_usage.f90)
                   ALLOC_ADD (Line 110, file gyro_memory_usage.f90)
                   ALLOC_ADD (Line 113, file gyro_memory_usage.f90)
                   ALLOC_ADD (Line 114, file gyro_memory_usage.f90)
                   ALLOC_ADD (Line 116, file gyro_memory_usage.f90)
                   ALLOC_ADD (Line 118, file gyro_memory_usage.f90)
                   ALLOC_ADD (Line 120, file gyro_memory_usage.f90)
                   ALLOC_ADD (Line 121, file gyro_memory_usage.f90)
                   ALLOC_ADD (Line 122, file gyro_memory_usage.f90)
                   ALLOC_ADD (Line 123, file gyro_memory_usage.f90)
                   ALLOC_ADD (Line 124, file gyro_memory_usage.f90)
                   ALLOC_ADD (Line 125, file gyro_memory_usage.f90)
                   ALLOC_ADD (Line 126, file gyro_memory_usage.f90)
                   ALLOC_ADD (Line 127, file gyro_memory_usage.f90)
                   ALLOC_ADD (Line 128, file gyro_memory_usage.f90)
                   ALLOC_ADD (Line 129, file gyro_memory_usage.f90)
                   ALLOC_ADD (Line 130, file gyro_memory_usage.f90)
                   ALLOC_ADD (Line 132, file gyro_memory_usage.f90)
                   ALLOC_ADD (Line 133, file gyro_memory_usage.f90)
                   ALLOC_ADD (Line 135, file gyro_memory_usage.f90)
                   ALLOC_ADD (Line 137, file gyro_memory_usage.f90)
                   ALLOC_ADD (Line 140, file gyro_memory_usage.f90)
                   ALLOC_ADD (Line 141, file gyro_memory_usage.f90)
                   ALLOC_ADD (Line 143, file gyro_memory_usage.f90)
                   ALLOC_ADD (Line 144, file gyro_memory_usage.f90)
                   ALLOC_ADD (Line 145, file gyro_memory_usage.f90)
                   ALLOC_ADD (Line 146, file gyro_memory_usage.f90)
                   ALLOC_ADD (Line 147, file gyro_memory_usage.f90)
                   ALLOC_ADD (Line 150, file gyro_memory_usage.f90)
                   ALLOC_ADD (Line 153, file gyro_memory_usage.f90)
                   ALLOC_ADD (Line 155, file gyro_memory_usage.f90)
                   ALLOC_ADD (Line 156, file gyro_memory_usage.f90)
                   ALLOC_ADD (Line 157, file gyro_memory_usage.f90)
                   ALLOC_ADD (Line 159, file gyro_memory_usage.f90)
                   ALLOC_ADD (Line 160, file gyro_memory_usage.f90)
                   ALLOC_ADD (Line 162, file gyro_memory_usage.f90)
                   ALLOC_ADD (Line 163, file gyro_memory_usage.f90)
                   ALLOC_ADD (Line 164, file gyro_memory_usage.f90)
                   ALLOC_ADD (Line 165, file gyro_memory_usage.f90)
                   ALLOC_ADD (Line 175, file gyro_memory_usage.f90)
                   ALLOC_ADD (Line 176, file gyro_memory_usage.f90)
                   ALLOC_ADD (Line 177, file gyro_memory_usage.f90)
                   ALLOC_ADD (Line 178, file gyro_memory_usage.f90)
                   ALLOC_ADD (Line 179, file gyro_memory_usage.f90)
                   ALLOC_ADD (Line 180, file gyro_memory_usage.f90)
                   ALLOC_ADD (Line 181, file gyro_memory_usage.f90)
                   ALLOC_ADD (Line 182, file gyro_memory_usage.f90)
                   ALLOC_ADD (Line 183, file gyro_memory_usage.f90)
                   ALLOC_ADD (Line 184, file gyro_memory_usage.f90)
                   ALLOC_ADD (Line 186, file gyro_memory_usage.f90)
                   ALLOC_ADD (Line 187, file gyro_memory_usage.f90)
                   ALLOC_ADD (Line 188, file gyro_memory_usage.f90)
                   ALLOC_ADD (Line 189, file gyro_memory_usage.f90)
                   ALLOC_ADD (Line 190, file gyro_memory_usage.f90)
                   ALLOC_ADD (Line 191, file gyro_memory_usage.f90)
                   ALLOC_ADD (Line 192, file gyro_memory_usage.f90)
                   ALLOC_ADD (Line 193, file gyro_memory_usage.f90)
                   ALLOC_ADD (Line 194, file gyro_memory_usage.f90)
                   ALLOC_ADD (Line 195, file gyro_memory_usage.f90)
                   ALLOC_ADD (Line 196, file gyro_memory_usage.f90)
                   ALLOC_ADD (Line 197, file gyro_memory_usage.f90)
                   ALLOC_ADD (Line 198, file gyro_memory_usage.f90)
                   ALLOC_ADD (Line 200, file gyro_memory_usage.f90)
                   ALLOC_ADD (Line 201, file gyro_memory_usage.f90)
                   ALLOC_ADD (Line 202, file gyro_memory_usage.f90)
                   ALLOC_ADD (Line 203, file gyro_memory_usage.f90)
                   ALLOC_ADD (Line 204, file gyro_memory_usage.f90)
                   ALLOC_ADD (Line 205, file gyro_memory_usage.f90)
                   ALLOC_ADD (Line 206, file gyro_memory_usage.f90)
                   ALLOC_ADD (Line 209, file gyro_memory_usage.f90)
                   ALLOC_ADD (Line 210, file gyro_memory_usage.f90)
                   ALLOC_ADD (Line 214, file gyro_memory_usage.f90)
                   ALLOC_ADD (Line 217, file gyro_memory_usage.f90)
                   ALLOC_ADD (Line 218, file gyro_memory_usage.f90)
                   ALLOC_ADD (Line 229, file gyro_memory_usage.f90)
                   ALLOC_ADD (Line 230, file gyro_memory_usage.f90)
                   ALLOC_ADD (Line 231, file gyro_memory_usage.f90)
                   ALLOC_ADD (Line 232, file gyro_memory_usage.f90)
                   ALLOC_ADD (Line 233, file gyro_memory_usage.f90)
                   ALLOC_ADD (Line 234, file gyro_memory_usage.f90)
                   ALLOC_ADD (Line 235, file gyro_memory_usage.f90)
                   ALLOC_ADD (Line 236, file gyro_memory_usage.f90)
                   ALLOCATED(Intrinsic) (Line 229, file gyro_memory_usage.f90)
                   ALLOCATED(Intrinsic) (Line 230, file gyro_memory_usage.f90)
                   ALLOCATED(Intrinsic) (Line 231, file gyro_memory_usage.f90)
                   ALLOCATED(Intrinsic) (Line 232, file gyro_memory_usage.f90)
                   ALLOCATED(Intrinsic) (Line 233, file gyro_memory_usage.f90)
                   ALLOCATED(Intrinsic) (Line 234, file gyro_memory_usage.f90)
                   ALLOCATED(Intrinsic) (Line 235, file gyro_memory_usage.f90)
                   ALLOCATED(Intrinsic) (Line 236, file gyro_memory_usage.f90)

        Uses:      GYRO_GLOBALS
                   GYRO_COLLISION_PRIVATE
                   GYRO_POINTERS

Name  Messages
----  --------
GYRO_POINTERS
      Defined as:  No definitions.

      Used By:     GYRO_MEMORY_USAGE

Name  Messages
----  --------
SIZE(Intrinsic)
      Defined as:  No definitions.

      Interface:   None

      Called By:   GYRO_MEMORY_USAGE (Line 37, file gyro_memory_usage.f90)
                   GYRO_MEMORY_USAGE (Line 38, file gyro_memory_usage.f90)
                   GYRO_MEMORY_USAGE (Line 39, file gyro_memory_usage.f90)
                   GYRO_MEMORY_USAGE (Line 41, file gyro_memory_usage.f90)
                   GYRO_MEMORY_USAGE (Line 42, file gyro_memory_usage.f90)
                   GYRO_MEMORY_USAGE (Line 43, file gyro_memory_usage.f90)
                   GYRO_MEMORY_USAGE (Line 45, file gyro_memory_usage.f90)
                   GYRO_MEMORY_USAGE (Line 46, file gyro_memory_usage.f90)
                   GYRO_MEMORY_USAGE (Line 47, file gyro_memory_usage.f90)
                   GYRO_MEMORY_USAGE (Line 48, file gyro_memory_usage.f90)
                   GYRO_MEMORY_USAGE (Line 49, file gyro_memory_usage.f90)
                   GYRO_MEMORY_USAGE (Line 50, file gyro_memory_usage.f90)
                   GYRO_MEMORY_USAGE (Line 52, file gyro_memory_usage.f90)
                   GYRO_MEMORY_USAGE (Line 53, file gyro_memory_usage.f90)
                   GYRO_MEMORY_USAGE (Line 54, file gyro_memory_usage.f90)
                   GYRO_MEMORY_USAGE (Line 57, file gyro_memory_usage.f90)
                   GYRO_MEMORY_USAGE (Line 58, file gyro_memory_usage.f90)
                   GYRO_MEMORY_USAGE (Line 59, file gyro_memory_usage.f90)
                   GYRO_MEMORY_USAGE (Line 60, file gyro_memory_usage.f90)
                   GYRO_MEMORY_USAGE (Line 65, file gyro_memory_usage.f90)
                   GYRO_MEMORY_USAGE (Line 67, file gyro_memory_usage.f90)
                   GYRO_MEMORY_USAGE (Line 71, file gyro_memory_usage.f90)
                   GYRO_MEMORY_USAGE (Line 73, file gyro_memory_usage.f90)
                   GYRO_MEMORY_USAGE (Line 74, file gyro_memory_usage.f90)
                   GYRO_MEMORY_USAGE (Line 76, file gyro_memory_usage.f90)
                   GYRO_MEMORY_USAGE (Line 77, file gyro_memory_usage.f90)
                   GYRO_MEMORY_USAGE (Line 88, file gyro_memory_usage.f90)
                   GYRO_MEMORY_USAGE (Line 89, file gyro_memory_usage.f90)
                   GYRO_MEMORY_USAGE (Line 90, file gyro_memory_usage.f90)
                   GYRO_MEMORY_USAGE (Line 91, file gyro_memory_usage.f90)
                   GYRO_MEMORY_USAGE (Line 92, file gyro_memory_usage.f90)
                   GYRO_MEMORY_USAGE (Line 93, file gyro_memory_usage.f90)
                   GYRO_MEMORY_USAGE (Line 94, file gyro_memory_usage.f90)
                   GYRO_MEMORY_USAGE (Line 95, file gyro_memory_usage.f90)
                   GYRO_MEMORY_USAGE (Line 96, file gyro_memory_usage.f90)
                   GYRO_MEMORY_USAGE (Line 97, file gyro_memory_usage.f90)
                   GYRO_MEMORY_USAGE (Line 98, file gyro_memory_usage.f90)
                   GYRO_MEMORY_USAGE (Line 99, file gyro_memory_usage.f90)
                   GYRO_MEMORY_USAGE (Line 100, file gyro_memory_usage.f90)
                   GYRO_MEMORY_USAGE (Line 101, file gyro_memory_usage.f90)
                   GYRO_MEMORY_USAGE (Line 104, file gyro_memory_usage.f90)
                   GYRO_MEMORY_USAGE (Line 108, file gyro_memory_usage.f90)
                   GYRO_MEMORY_USAGE (Line 109, file gyro_memory_usage.f90)
                   GYRO_MEMORY_USAGE (Line 110, file gyro_memory_usage.f90)
                   GYRO_MEMORY_USAGE (Line 113, file gyro_memory_usage.f90)
                   GYRO_MEMORY_USAGE (Line 114, file gyro_memory_usage.f90)
                   GYRO_MEMORY_USAGE (Line 116, file gyro_memory_usage.f90)
                   GYRO_MEMORY_USAGE (Line 118, file gyro_memory_usage.f90)
                   GYRO_MEMORY_USAGE (Line 120, file gyro_memory_usage.f90)
                   GYRO_MEMORY_USAGE (Line 121, file gyro_memory_usage.f90)
                   GYRO_MEMORY_USAGE (Line 122, file gyro_memory_usage.f90)
                   GYRO_MEMORY_USAGE (Line 123, file gyro_memory_usage.f90)
                   GYRO_MEMORY_USAGE (Line 124, file gyro_memory_usage.f90)
                   GYRO_MEMORY_USAGE (Line 125, file gyro_memory_usage.f90)
                   GYRO_MEMORY_USAGE (Line 126, file gyro_memory_usage.f90)
                   GYRO_MEMORY_USAGE (Line 127, file gyro_memory_usage.f90)
                   GYRO_MEMORY_USAGE (Line 128, file gyro_memory_usage.f90)
                   GYRO_MEMORY_USAGE (Line 129, file gyro_memory_usage.f90)
                   GYRO_MEMORY_USAGE (Line 130, file gyro_memory_usage.f90)
                   GYRO_MEMORY_USAGE (Line 132, file gyro_memory_usage.f90)
                   GYRO_MEMORY_USAGE (Line 133, file gyro_memory_usage.f90)
                   GYRO_MEMORY_USAGE (Line 135, file gyro_memory_usage.f90)
                   GYRO_MEMORY_USAGE (Line 137, file gyro_memory_usage.f90)
                   GYRO_MEMORY_USAGE (Line 140, file gyro_memory_usage.f90)
                   GYRO_MEMORY_USAGE (Line 141, file gyro_memory_usage.f90)
                   GYRO_MEMORY_USAGE (Line 143, file gyro_memory_usage.f90)
                   GYRO_MEMORY_USAGE (Line 144, file gyro_memory_usage.f90)
                   GYRO_MEMORY_USAGE (Line 145, file gyro_memory_usage.f90)
                   GYRO_MEMORY_USAGE (Line 146, file gyro_memory_usage.f90)
                   GYRO_MEMORY_USAGE (Line 147, file gyro_memory_usage.f90)
                   GYRO_MEMORY_USAGE (Line 150, file gyro_memory_usage.f90)
                   GYRO_MEMORY_USAGE (Line 153, file gyro_memory_usage.f90)
                   GYRO_MEMORY_USAGE (Line 155, file gyro_memory_usage.f90)
                   GYRO_MEMORY_USAGE (Line 156, file gyro_memory_usage.f90)
                   GYRO_MEMORY_USAGE (Line 157, file gyro_memory_usage.f90)
                   GYRO_MEMORY_USAGE (Line 159, file gyro_memory_usage.f90)
                   GYRO_MEMORY_USAGE (Line 160, file gyro_memory_usage.f90)
                   GYRO_MEMORY_USAGE (Line 162, file gyro_memory_usage.f90)
                   GYRO_MEMORY_USAGE (Line 163, file gyro_memory_usage.f90)
                   GYRO_MEMORY_USAGE (Line 164, file gyro_memory_usage.f90)
                   GYRO_MEMORY_USAGE (Line 165, file gyro_memory_usage.f90)
                   GYRO_MEMORY_USAGE (Line 175, file gyro_memory_usage.f90)
                   GYRO_MEMORY_USAGE (Line 176, file gyro_memory_usage.f90)
                   GYRO_MEMORY_USAGE (Line 177, file gyro_memory_usage.f90)
                   GYRO_MEMORY_USAGE (Line 178, file gyro_memory_usage.f90)
                   GYRO_MEMORY_USAGE (Line 179, file gyro_memory_usage.f90)
                   GYRO_MEMORY_USAGE (Line 180, file gyro_memory_usage.f90)
                   GYRO_MEMORY_USAGE (Line 181, file gyro_memory_usage.f90)
                   GYRO_MEMORY_USAGE (Line 182, file gyro_memory_usage.f90)
                   GYRO_MEMORY_USAGE (Line 183, file gyro_memory_usage.f90)
                   GYRO_MEMORY_USAGE (Line 184, file gyro_memory_usage.f90)
                   GYRO_MEMORY_USAGE (Line 186, file gyro_memory_usage.f90)
                   GYRO_MEMORY_USAGE (Line 187, file gyro_memory_usage.f90)
                   GYRO_MEMORY_USAGE (Line 188, file gyro_memory_usage.f90)
                   GYRO_MEMORY_USAGE (Line 189, file gyro_memory_usage.f90)
                   GYRO_MEMORY_USAGE (Line 190, file gyro_memory_usage.f90)
                   GYRO_MEMORY_USAGE (Line 191, file gyro_memory_usage.f90)
                   GYRO_MEMORY_USAGE (Line 192, file gyro_memory_usage.f90)
                   GYRO_MEMORY_USAGE (Line 193, file gyro_memory_usage.f90)
                   GYRO_MEMORY_USAGE (Line 194, file gyro_memory_usage.f90)
                   GYRO_MEMORY_USAGE (Line 195, file gyro_memory_usage.f90)
                   GYRO_MEMORY_USAGE (Line 196, file gyro_memory_usage.f90)
                   GYRO_MEMORY_USAGE (Line 197, file gyro_memory_usage.f90)
                   GYRO_MEMORY_USAGE (Line 198, file gyro_memory_usage.f90)
                   GYRO_MEMORY_USAGE (Line 200, file gyro_memory_usage.f90)
                   GYRO_MEMORY_USAGE (Line 201, file gyro_memory_usage.f90)
                   GYRO_MEMORY_USAGE (Line 202, file gyro_memory_usage.f90)
                   GYRO_MEMORY_USAGE (Line 203, file gyro_memory_usage.f90)
                   GYRO_MEMORY_USAGE (Line 204, file gyro_memory_usage.f90)
                   GYRO_MEMORY_USAGE (Line 205, file gyro_memory_usage.f90)
                   GYRO_MEMORY_USAGE (Line 206, file gyro_memory_usage.f90)
                   GYRO_MEMORY_USAGE (Line 209, file gyro_memory_usage.f90)
                   GYRO_MEMORY_USAGE (Line 210, file gyro_memory_usage.f90)
                   GYRO_MEMORY_USAGE (Line 214, file gyro_memory_usage.f90)
                   GYRO_MEMORY_USAGE (Line 217, file gyro_memory_usage.f90)
                   GYRO_MEMORY_USAGE (Line 218, file gyro_memory_usage.f90)
                   GYRO_MEMORY_USAGE (Line 229, file gyro_memory_usage.f90)
                   GYRO_MEMORY_USAGE (Line 230, file gyro_memory_usage.f90)
                   GYRO_MEMORY_USAGE (Line 231, file gyro_memory_usage.f90)
                   GYRO_MEMORY_USAGE (Line 232, file gyro_memory_usage.f90)
                   GYRO_MEMORY_USAGE (Line 233, file gyro_memory_usage.f90)
                   GYRO_MEMORY_USAGE (Line 234, file gyro_memory_usage.f90)
                   GYRO_MEMORY_USAGE (Line 235, file gyro_memory_usage.f90)
                   GYRO_MEMORY_USAGE (Line 236, file gyro_memory_usage.f90)

Name  Messages
----  --------
_ALLOCATED(Intrinsic)
      Defined as:  No definitions.

                   No calls.  It is not called and does not use any procedure.

      Interface:   None

Name  Messages
----  --------
__SIZE(Intrinsic)
      Defined as:  No definitions.

                   No calls.  It is not called and does not use any procedure.

      Interface:   None


%%%%%%%%%%%%%%%%%%%%%%%%%%%%%%%%%%%%%%%%%%%%%%%%%%%%%%%%%%%%%%%%%%%%%%%%%%%%%%%%
%%%%%%%%%%%%%%%%%%%%%%%%%%%%%%%%%%%%%%%%%%%%%%%%%%%%%%%%%%%%%%%%%%%%%%%%%%%%%%%%
