%%%%%%%%%%%%%%%%%%%%%%%%%%%%%%%%%%%%%%%%%%%%%%%%%%%%%%%%%%%%%%%%%%%%%%%%%%%%%%%%
                          S u m m a r y   R e p o r t
%%%%%%%%%%%%%%%%%%%%%%%%%%%%%%%%%%%%%%%%%%%%%%%%%%%%%%%%%%%%%%%%%%%%%%%%%%%%%%%%

Compilation
-----------
File     : /global/u2/b/bassem/gyro-EP/src/gyro_get_delta_he.f90
Compiled : 01/19/21  15:35:39
Compiler : Version 9.1.0
Ftnlx    : Version 9.1.0 
Target   : x86-64
Command  : ftn_driver.exe -hcpu=haswell -hdynamic -D__CRAYXC -D__CRAY_HASWELL
           -D__CRAYXT_COMPUTE_LINUX_TARGET -hnetwork=aries -hnoomp -em
           -J/global/homes/b/bassem/gyro-EP/modules -sreal64 -eD -Ktrap=fp -m1
           -Rbcdps -G0 -I/opt/cray/pe/fftw/3.3.8.4/haswell/include
           -c gyro_get_delta_he.f90
           -I/opt/cray/pe/cce/9.1.0/cce-clang/x86_64/lib/clang/9.0.0/include
           -I/opt/cray/pe/cce/9.1.0/cce/x86_64/include/craylibs -I/usr/include
           -I/usr/include -I/opt/cray/pe/fftw/3.3.8.4/haswell/include
           -I/opt/cray/pe/libsci/19.06.1/CRAY/9.0/x86_64/include
           -I/opt/cray/pe/mpt/7.7.10/gni/mpich-cray/9.0/include
           -I/opt/cray/pe/hdf5/1.10.5.2/cray/9.0/include
           -I/opt/cray/pe/netcdf/4.6.3.2/cray/9.0/include
           -I/opt/cray/rca/2.2.20-7.0.1.1_4.53__g8e3fb5b.ari/include
           -I/opt/cray/alps/6.6.58-7.0.1.1_6.10__g437d88db.ari/include
           -I/opt/cray/xpmem/2.2.20-7.0.1.1_4.14__g0475745.ari/include
           -I/opt/cray/gni-headers/5.0.12.0-7.0.1.1_6.32__g3b1768f.ari/include
           -I/opt/cray/dmapp/7.1.1-7.0.1.1_4.54__g38cf134.ari/include
           -I/opt/cray/pe/pmi/5.0.14/include
           -I/opt/cray/ugni/6.0.14.0-7.0.1.1_7.40__ge78e5b0.ari/include
           -I/opt/cray/udreg/2.3.2-7.0.1.1_3.38__g8175d3d.ari/include
           -I/opt/cray/wlm_detect/1.3.3-7.0.1.1_4.16__g7109084.ari/include
           -I/opt/cray/krca/2.2.6-7.0.1.1_5.39__gb641b12.ari/include
           -I/opt/cray-hss-devel/9.0.0/include
Program
  Units  : GYRO_GET_DELTA_HE

ftnlx report
------------
Source   : /global/u2/b/bassem/gyro-EP/src/gyro_get_delta_he.f90
Date     : 01/19/2021  15:35:39


%%%%%%%%%%%%%%%%%%%%%%%%%%%%%%%%%%%%%%%%%%%%%%%%%%%%%%%%%%%%%%%%%%%%%%%%%%%%%%%%
                          S o u r c e   L i s t i n g
%%%%%%%%%%%%%%%%%%%%%%%%%%%%%%%%%%%%%%%%%%%%%%%%%%%%%%%%%%%%%%%%%%%%%%%%%%%%%%%%

    1.    !-----------------------------------------------------
    2.    ! get_delta_he.f90
    3.    !
    4.    ! PURPOSE:
    5.    !  Compute the "explicit" part of h_e.
    6.    !-----------------------------------------------------
    7.    
    8.    subroutine gyro_get_delta_he
    9.    
   10.      use gyro_globals
   11.      use gyro_pointers
   12.      use ompdata
   13.    
   14.      !------------------------------------------
   15.      implicit none
   16.      !
   17.      integer :: n_s2
   18.      integer :: mp
   19.      !
   20.      complex :: h_temp(n_stack,n_x,n_nek_loc_1)
   21.      !------------------------------------------
   22.    
   23.      n_s2 = n_stack/2
   24.    
   25.    !$omp parallel private(p_nek_loc,k,ck,p_nek,i,mp,m)
   26.      p_nek_loc = 0
   27.    
   28.      do p_nek=1+i_proc_1,n_nek_1,n_proc_1
   29.    
   30.         p_nek_loc = p_nek_loc+1
   31.    
   32.         k  = nek_k(p_nek)   
   33.    
   34.         ck = class(k)
   35.    
   36.         h_temp(:,ibeg:iend,p_nek_loc)   = h(:,ibeg:iend,p_nek_loc,n_spec)
ftn-6262 ftn: VECTOR GYRO_GET_DELTA_HE, File = gyro_get_delta_he.f90, Line = 36 
  A loop starting at line 36 was not vectorized because it contains a call to a subroutine or function on line 36.

   37.         h(:,ibeg:iend,p_nek_loc,n_spec) = (0.0,0.0)
ftn-6263 ftn: VECTOR GYRO_GET_DELTA_HE, File = gyro_get_delta_he.f90, Line = 37 
  A loop starting at line 37 was not vectorized because it contains a reference to a non-vector intrinsic on line 37.

   38.    
   39.         if (ck == 1) then
   40.    
   41.            do i = ibeg, iend
   42.               do mp=1,n_s2
   43.                  do m=1,n_s2
   44.                     h(m,i,p_nek_loc,n_spec) = h(m,i,p_nek_loc,n_spec)+&
   45.                          o_advect(m,mp,i,p_nek_loc)*h_temp(mp,i,p_nek_loc)
   46.                  enddo ! m
   47.               enddo ! mp
   48.               do mp=n_s2+1,n_stack
   49.                  do m=n_s2+1,n_stack
   50.                     h(m,i,p_nek_loc,n_spec) = h(m,i,p_nek_loc,n_spec)+&
   51.                          o_advect(m,mp,i,p_nek_loc)*h_temp(mp,i,p_nek_loc)
   52.                  enddo ! m
   53.               enddo ! mp
   54.            enddo ! i
   55.    
   56.         else
   57.    
   58.            do i = ibeg, iend
   59.               do mp=1,n_stack
   60.                  do m=1,n_stack
   61.                     h(m,i,p_nek_loc,n_spec) = h(m,i,p_nek_loc,n_spec)+&
   62.                          o_advect(m,mp,i,p_nek_loc)*h_temp(mp,i,p_nek_loc)
   63.                  enddo ! m
   64.               enddo ! mp
   65.            enddo ! i
   66.    
   67.         endif
   68.    
   69.      enddo ! p_nek_loc
   70.    !$omp end parallel
   71.    
   72.    
   73.      if (debug_flag == 1 .and. i_proc == 0) then
   74.         print *,'[gyro_get_delta_he done]'
   75.      endif
   76.    
   77.    end subroutine gyro_get_delta_he


%%%%%%%%%%%%%%%%%%%%%%%%%%%%%%%%%%%%%%%%%%%%%%%%%%%%%%%%%%%%%%%%%%%%%%%%%%%%%%%%
                         E x t e r n a l   R e p o r t
%%%%%%%%%%%%%%%%%%%%%%%%%%%%%%%%%%%%%%%%%%%%%%%%%%%%%%%%%%%%%%%%%%%%%%%%%%%%%%%%

Name  Messages
----  --------
CHAR(Intrinsic)
      Defined as:  No definitions.

                   No calls.  It is not called and does not use any procedure.

      Interface:   None

Name  Messages
----  --------
GYRO_GET_DELTA_HE
      Defined as:  Subroutine (line 8, file gyro_get_delta_he.f90)

      Interface:   None

        Uses:      GYRO_GLOBALS
                   GYRO_POINTERS
                   OMPDATA

Name  Messages
----  --------
GYRO_GLOBALS
      Defined as:  No definitions.

      Used By:     GYRO_GET_DELTA_HE

Name  Messages
----  --------
GYRO_POINTERS
      Defined as:  No definitions.

      Used By:     GYRO_GET_DELTA_HE

Name  Messages
----  --------
OMPDATA
      Defined as:  No definitions.

      Used By:     GYRO_GET_DELTA_HE


%%%%%%%%%%%%%%%%%%%%%%%%%%%%%%%%%%%%%%%%%%%%%%%%%%%%%%%%%%%%%%%%%%%%%%%%%%%%%%%%
%%%%%%%%%%%%%%%%%%%%%%%%%%%%%%%%%%%%%%%%%%%%%%%%%%%%%%%%%%%%%%%%%%%%%%%%%%%%%%%%
