%%%%%%%%%%%%%%%%%%%%%%%%%%%%%%%%%%%%%%%%%%%%%%%%%%%%%%%%%%%%%%%%%%%%%%%%%%%%%%%%
                          S u m m a r y   R e p o r t
%%%%%%%%%%%%%%%%%%%%%%%%%%%%%%%%%%%%%%%%%%%%%%%%%%%%%%%%%%%%%%%%%%%%%%%%%%%%%%%%

Compilation
-----------
File     : /global/u2/b/bassem/gyro-EP/src/gyro_blend_poisson.f90
Compiled : 01/19/21  15:35:31
Compiler : Version 9.1.0
Ftnlx    : Version 9.1.0 
Target   : x86-64
Command  : ftn_driver.exe -hcpu=haswell -hdynamic -D__CRAYXC -D__CRAY_HASWELL
           -D__CRAYXT_COMPUTE_LINUX_TARGET -hnetwork=aries -hnoomp -em
           -J/global/homes/b/bassem/gyro-EP/modules -sreal64 -eD -Ktrap=fp -m1
           -Rbcdps -G0 -I/opt/cray/pe/fftw/3.3.8.4/haswell/include
           -c gyro_blend_poisson.f90
           -I/opt/cray/pe/cce/9.1.0/cce-clang/x86_64/lib/clang/9.0.0/include
           -I/opt/cray/pe/cce/9.1.0/cce/x86_64/include/craylibs -I/usr/include
           -I/usr/include -I/opt/cray/pe/fftw/3.3.8.4/haswell/include
           -I/opt/cray/pe/libsci/19.06.1/CRAY/9.0/x86_64/include
           -I/opt/cray/pe/mpt/7.7.10/gni/mpich-cray/9.0/include
           -I/opt/cray/pe/hdf5/1.10.5.2/cray/9.0/include
           -I/opt/cray/pe/netcdf/4.6.3.2/cray/9.0/include
           -I/opt/cray/rca/2.2.20-7.0.1.1_4.53__g8e3fb5b.ari/include
           -I/opt/cray/alps/6.6.58-7.0.1.1_6.10__g437d88db.ari/include
           -I/opt/cray/xpmem/2.2.20-7.0.1.1_4.14__g0475745.ari/include
           -I/opt/cray/gni-headers/5.0.12.0-7.0.1.1_6.32__g3b1768f.ari/include
           -I/opt/cray/dmapp/7.1.1-7.0.1.1_4.54__g38cf134.ari/include
           -I/opt/cray/pe/pmi/5.0.14/include
           -I/opt/cray/ugni/6.0.14.0-7.0.1.1_7.40__ge78e5b0.ari/include
           -I/opt/cray/udreg/2.3.2-7.0.1.1_3.38__g8175d3d.ari/include
           -I/opt/cray/wlm_detect/1.3.3-7.0.1.1_4.16__g7109084.ari/include
           -I/opt/cray/krca/2.2.6-7.0.1.1_5.39__gb641b12.ari/include
           -I/opt/cray-hss-devel/9.0.0/include
Program
  Units  : GYRO_BLEND_POISSON

ftnlx report
------------
Source   : /global/u2/b/bassem/gyro-EP/src/gyro_blend_poisson.f90
Date     : 01/19/2021  15:35:31


%%%%%%%%%%%%%%%%%%%%%%%%%%%%%%%%%%%%%%%%%%%%%%%%%%%%%%%%%%%%%%%%%%%%%%%%%%%%%%%%
                          S o u r c e   L i s t i n g
%%%%%%%%%%%%%%%%%%%%%%%%%%%%%%%%%%%%%%%%%%%%%%%%%%%%%%%%%%%%%%%%%%%%%%%%%%%%%%%%

    1.    !----------------------------------------------------------
    2.    ! gyro_blend_poisson.f90
    3.    !
    4.    ! PURPOSE:
    5.    !  Generate matrix L_P of paper.
    6.    !
    7.    !  i_elec = 0: 
    8.    !         = 1:
    9.    !----------------------------------------------------------
   10.    
   11.    subroutine gyro_blend_poisson(i_elec)
   12.    
   13.      use mpi
   14.      use gyro_globals
   15.      use gyro_pointers
   16.      use math_constants
   17.    
   18.      !---------------------------------------------------
   19.      implicit none
   20.      !
   21.      integer, intent(in) :: i_elec
   22.      !
   23.      real :: omega_c
   24.      real :: rho_gyro
   25.      real :: a_gyro
   26.      real :: u_gyro
   27.      real :: v_gyro
   28.      !
   29.      complex :: inqr
   30.      ! 
   31.      complex, dimension(-m_gyro:m_gyro-i_gyro,n_blend,n_blend) :: vel_sum_loc
   32.      complex, dimension(-m_gyro:m_gyro-i_gyro,n_blend,n_blend) :: vel_sum_glob
   33.      complex, dimension(n_gk,-m_gyro:m_gyro-i_gyro) :: f_x
   34.      complex, dimension(-m_dx:m_dx-i_dx) :: grad_perp_phi
   35.      complex, dimension(n_gk,-m_gyro:m_gyro-i_gyro,n_stack,n_nek_loc_1) :: f_save
   36.      !
   37.      real, dimension(-m_gyro:m_gyro-i_gyro) :: trace_1
   38.      real, dimension(n_gk,-m_gyro:m_gyro-i_gyro) :: trace_2
   39.      real, dimension(-m_gyro:m_gyro-i_gyro) :: trace_1_glob
   40.      real, dimension(n_gk,-m_gyro:m_gyro-i_gyro) :: trace_2_glob
   41.      !
   42.      complex :: cprod 
   43.      !---------------------------------------------------
   44.    
   45.      !------------------------------------------------------------------
   46.      ! Now, compute matrix of blending projections:
   47.      !
   48.      do i=1,n_x
   49.    
   50.         vel_sum_loc = (0.0,0.0)
ftn-6332 ftn: VECTOR GYRO_BLEND_POISSON, File = gyro_blend_poisson.f90, Line = 50 
  A loop starting at line 50 was not vectorized because it does not map well onto the target architecture.

   51.    
   52.         p_nek_loc = 0
   53.    
   54.         inqr = i_c*n_1(in_1)*q_s(i)/r_s(i) 
   55.    
   56.         do p_nek=1+i_proc_1,n_nek_1,n_proc_1
   57.    
   58.            p_nek_loc = p_nek_loc+1
   59.    
   60.            ie = nek_e(p_nek)
   61.            k  = nek_k(p_nek)
   62.    
   63.            ck = class(k)
   64.    
   65.            ! Now, compute m-projections of the RHS:
   66.    
   67.            do m=1,n_stack
   68.    
   69.               m0 = m_phys(ck,m)
   70.    
   71.               grad_perp_phi(:) =-lambda_debye**2*( &
ftn-6262 ftn: VECTOR GYRO_BLEND_POISSON, File = gyro_blend_poisson.f90, Line = 71 
  A loop starting at line 71 was not vectorized because it contains a call to a subroutine or function on line 71.

   72.                    inqr**2*qrat_t(i,k,m)**2* &
   73.                    (1.0+captheta_t(i,k,m)**2)*w_d0(:)+ &
   74.                    2.0*inqr*qrat_t(i,k,m)*captheta_t(i,k,m)* &
   75.                    grad_r_t(i,k,m)*dr_eodr(i)*w_d1(:)+ &
   76.                    (grad_r_t(i,k,m)*dr_eodr(i))**2*w_d2(:))
   77.    
   78.               ! Fast option for flat profiles
   79.    
   80.               if (i == 1 .or. flat_profile_flag == 0) then
   81.    
   82.                  do is=1,n_gk
   83.    
   84.                     if (gyro_method == 1) then
   85.    
   86.                        !---------------------------------------------------------------
   87.                        ! Prepare argument of Bessel function
   88.                        !  
   89.                        omega_c = abs(z(is))*b_unit_s(i)*mu(is)**2
   90.    
   91.                        if (kill_gyro_b_flag == 0) then
   92.                           omega_c = omega_c*b0_t(i,k,m)
   93.                        endif
   94.    
   95.                        rho_gyro = rhos_norm*mu(is)*sqrt(tem_s(is,i))/omega_c
   96.                        !
   97.                        a_gyro = grad_r_t(i,k,m)/x_length*dr_eodr(i)
   98.                        v_gyro = qrat_t(i,k,m)*n_1(in_1)*q_s(i)/r_s(i)
   99.                        u_gyro = v_gyro*captheta_t(i,k,m)
  100.                        !---------------------------------------------------------------
  101.    
  102.                        f_x(is,:) = (0.0,0.0) 
ftn-6263 ftn: VECTOR GYRO_BLEND_POISSON, File = gyro_blend_poisson.f90, Line = 102 
  A loop starting at line 102 was not vectorized because it contains a reference to a non-vector intrinsic on line 102.

  103.    
  104.                        ! I_0
  105.                        call gyro_bessel_operator(rho_gyro,&
  106.                             a_gyro,&
  107.                             u_gyro,&
  108.                             v_gyro,&
  109.                             f_x(is,:),&
                                      ^        
ftn-1438 ftn: CAUTION GYRO_BLEND_POISSON, File = gyro_blend_poisson.f90, Line = 109, Column = 29 
  This argument produces a copy in and copy out to a temporary variable.

  110.                             7)
  111.    
  112.                     else 
  113.    
  114.                        !---------------------------------------------------------------
  115.                        ! Prepare argument of Bessel function
  116.                        !  
  117.                        omega_c = abs(z(is))*b_unit_s(i)*mu(is)**2
  118.    
  119.                        if (kill_gyro_b_flag == 0) then
  120.                           omega_c = omega_c*b0_t(i,k,m)
  121.                        endif
  122.    
  123.                        rho_gyro = rhos_norm*v_perp(m,i,p_nek_loc,is)/omega_c
  124.                        !
  125.                        a_gyro = grad_r_t(i,k,m)/x_length*dr_eodr(i)
  126.                        v_gyro = qrat_t(i,k,m)*n_1(in_1)*q_s(i)/r_s(i)
  127.                        u_gyro = v_gyro*captheta_t(i,k,m)
  128.                        !---------------------------------------------------------------
  129.    
  130.                        f_x(is,:) = (0.0,0.0) 
ftn-6263 ftn: VECTOR GYRO_BLEND_POISSON, File = gyro_blend_poisson.f90, Line = 130 
  A loop starting at line 130 was not vectorized because it contains a reference to a non-vector intrinsic on line 130.

  131.    
  132.                        ! J_0^2
  133.                        call gyro_bessel_operator(rho_gyro,&
  134.                             a_gyro,&
  135.                             u_gyro,&
  136.                             v_gyro,&
  137.                             f_x(is,:),&
                                      ^        
ftn-1438 ftn: CAUTION GYRO_BLEND_POISSON, File = gyro_blend_poisson.f90, Line = 137, Column = 29 
  This argument produces a copy in and copy out to a temporary variable.

  138.                             2)
  139.    
  140.                     endif
  141.    
  142.                  enddo ! is
  143.                  f_save(:,:,m,p_nek_loc) = f_x(:,:)
ftn-6263 ftn: VECTOR GYRO_BLEND_POISSON, File = gyro_blend_poisson.f90, Line = 143 
  A loop starting at line 143 was not vectorized because it contains a reference to a non-vector intrinsic on line 143.

  144.               else
  145.                  f_x(:,:) = f_save(:,:,m,p_nek_loc)
ftn-6263 ftn: VECTOR GYRO_BLEND_POISSON, File = gyro_blend_poisson.f90, Line = 145 
  A loop starting at line 145 was not vectorized because it contains a reference to a non-vector intrinsic on line 145.

  146.               endif
  147.    
  148.               do j=1,n_blend
  149.                  do jp=1,n_blend
  150.    
  151.                     do i_diff=-m_dx,m_dx-i_dx
  152.    
  153.                        !-----------------------------------------------
  154.                        ! This will stagnate at i=n_x for i+i_diff > n_x
  155.                        ! if boundary_method=2:
  156.                        ip = i_cyc(i+i_diff)
  157.                        !-----------------------------------------------
  158.    
  159.                        vel_sum_loc(i_diff,j,jp) = vel_sum_loc(i_diff,j,jp)+&
  160.                             grad_perp_phi(i_diff)* &
  161.                             cs_blend(j,m0,i,p_nek_loc)* &
  162.                             c_blend(jp,m0,ip,p_nek_loc)
  163.    
  164.                     enddo ! i_diff
  165.    
  166.                     do i_diff=-m_gyro,m_gyro-i_gyro
  167.    
  168.                        !-----------------------------------------------
  169.                        ! This will stagnate at i=n_x for i+i_diff > n_x
  170.                        ! if boundary_method=2:
  171.                        ip = i_cyc(i+i_diff)
  172.                        !-----------------------------------------------
  173.    
  174.                        cprod = cs_blend(j,m0,i,p_nek_loc)*c_blend(jp,m0,ip,p_nek_loc)
  175.    
  176.                        ! FV[ (F*_j) (alpha_i (1-R) + alpha_e) (F_jp) ]
  177.    
  178.                        select case (electron_method) 
  179.                        case (1,2)
  180.                           vel_sum_loc(i_diff,j,jp) = vel_sum_loc(i_diff,j,jp)+&
ftn-6263 ftn: VECTOR GYRO_BLEND_POISSON, File = gyro_blend_poisson.f90, Line = 180 
  A loop starting at line 180 was not vectorized because it contains a reference to a non-vector intrinsic on line 180.

  181.                                (sum(alpha_s(1:n_gk,i)*z(1:n_gk)**2* &
  182.                                (w_g0(i_diff)-fakefield_flag*f_x(1:n_gk,i_diff))) + &
  183.                                i_elec*alpha_s(indx_e,i)*w_g0(i_diff))*cprod
  184.                        case (3)
  185.                           ! is=1 are electrons, is>1 are ions.
  186.                           vel_sum_loc(i_diff,j,jp) = vel_sum_loc(i_diff,j,jp)+&
ftn-6263 ftn: VECTOR GYRO_BLEND_POISSON, File = gyro_blend_poisson.f90, Line = 186 
  A loop starting at line 186 was not vectorized because it contains a reference to a non-vector intrinsic on line 186.

  187.                                (alpha_s(1,i)*z(1)**2* &
  188.                                (w_g0(i_diff)-fakefield_flag*f_x(1,i_diff)) + &
  189.                                sum(alpha_s(2:n_spec,i)*z(2:n_spec)**2)*w_g0(i_diff))*cprod
  190.                        case (4)
  191.                           vel_sum_loc(i_diff,j,jp) = vel_sum_loc(i_diff,j,jp)+&
ftn-6263 ftn: VECTOR GYRO_BLEND_POISSON, File = gyro_blend_poisson.f90, Line = 191 
  A loop starting at line 191 was not vectorized because it contains a reference to a non-vector intrinsic on line 191.

  192.                                sum(alpha_s(1:n_gk,i)*z(1:n_gk)**2* &
  193.                                (w_g0(i_diff)-fakefield_flag*f_x(1:n_gk,i_diff)))*cprod
  194.                        end select
  195.    
  196.                     enddo ! i_diff
  197.    
  198.                  enddo ! jp
  199.               enddo ! j
  200.    
  201.            enddo ! m 
  202.    
  203.         enddo ! p_nek_loc 
  204.         !-------------------------------------------------------------------
  205.    
  206.         call MPI_ALLREDUCE(vel_sum_loc,&
  207.              vel_sum_glob,&
  208.              size(vel_sum_glob),&
  209.              MPI_DOUBLE_COMPLEX,&
  210.              MPI_SUM,&
  211.              NEW_COMM_1,&
  212.              i_err)
  213.    
  214.         ap_mm(i,:,:,:) = vel_sum_glob(:,:,:)
ftn-6262 ftn: VECTOR GYRO_BLEND_POISSON, File = gyro_blend_poisson.f90, Line = 214 
  A loop starting at line 214 was not vectorized because it contains a call to a subroutine or function on line 214.

  215.    
  216.         if (electron_method == 1 .and. n_1(in_1) == 0) then
  217.    
  218.            !---------------------
  219.            ! ADIABATIC ELECTRONS:
  220.            !---------------------
  221.    
  222.            do j=1,n_blend
  223.               do jp=1,n_blend
  224.    
  225.                  ap_mm(i,0,j,jp) = ap_mm(i,0,j,jp)-&
  226.                       alpha_s(indx_e,i)*c_fluxave(j,i)*c_fluxave(jp,i)
  227.    
  228.               enddo ! jp
  229.            enddo ! j
  230.    
  231.         endif
  232.    
  233.      enddo ! i 
  234.    
  235.      !---------------------------------------------------------------------------
  236.      ! Compute measure of quality of double-gyroaverage truncation:
  237.      !
  238.      i = ir_norm
  239.    
  240.      trace_1(:) = 0.0
ftn-6263 ftn: VECTOR GYRO_BLEND_POISSON, File = gyro_blend_poisson.f90, Line = 240 
  A loop starting at line 240 was not vectorized because it contains a reference to a non-vector intrinsic on line 240.

  241.      trace_2(:,:) = 0.0
ftn-6263 ftn: VECTOR GYRO_BLEND_POISSON, File = gyro_blend_poisson.f90, Line = 241 
  A loop starting at line 241 was not vectorized because it contains a reference to a non-vector intrinsic on line 241.

  242.    
  243.      p_nek_loc = 0
  244.    
  245.      do p_nek=1+i_proc_1,n_nek_1,n_proc_1
  246.    
  247.         p_nek_loc = p_nek_loc+1
  248.    
  249.         ie = nek_e(p_nek)
  250.         k  = nek_k(p_nek)
  251.    
  252.         ck = class(k)
  253.    
  254.         ! Now, compute m-projections of the RHS:
  255.    
  256.         do m=1,n_stack
  257.    
  258.            m0 = m_phys(ck,m)
  259.    
  260.            do is=1,n_gk
  261.    
  262.               !---------------------------------------------------------------
  263.               ! Prepare argument of Bessel function
  264.               !  
  265.               omega_c = abs(z(is))*b_unit_s(i)*mu(is)**2
  266.    
  267.               if (kill_gyro_b_flag == 0) then
  268.                  omega_c = omega_c*b0_t(i,k,m0)
  269.               endif
  270.    
  271.               rho_gyro = rhos_norm*mu(is)*sqrt(tem_s(is,i))/omega_c
  272.               !
  273.               a_gyro = grad_r_t(i,k,m)/x_length*dr_eodr(i)
  274.               v_gyro = qrat_t(i,k,m)*n_1(in_1)*q_s(i)/r_s(i)
  275.               u_gyro = v_gyro*captheta_t(i,k,m)
  276.               !---------------------------------------------------------------
  277.    
  278.               ! I_0
  279.               call gyro_bessel_operator(rho_gyro,&
  280.                    a_gyro,&
  281.                    u_gyro,&
  282.                    v_gyro,&
  283.                    f_x(is,:),&
                             ^        
ftn-1438 ftn: CAUTION GYRO_BLEND_POISSON, File = gyro_blend_poisson.f90, Line = 283, Column = 20 
  This argument produces a copy in and copy out to a temporary variable.

  284.                    7)
  285.    
  286.            enddo ! is
  287.    
  288.            do i_diff=-m_gyro,m_gyro-i_gyro
  289.    
  290.               !-----------------------------------------------
  291.               ! This will stagnate at i=n_x for i+i_diff > n_x
  292.               ! if boundary_method=2:
  293.               ip = i_cyc(i+i_diff)
  294.               !-----------------------------------------------
  295.    
  296.               do j=1,n_blend
  297.    
  298.                  trace_1(i_diff) = trace_1(i_diff)+&
  299.                       real(w_g0(i_diff)* &
  300.                       cs_blend(j,m0,i,p_nek_loc)*c_blend(j,m0,i,p_nek_loc))
  301.    
  302.                  trace_2(:,i_diff) = trace_2(:,i_diff)+&
ftn-6262 ftn: VECTOR GYRO_BLEND_POISSON, File = gyro_blend_poisson.f90, Line = 302 
  A loop starting at line 302 was not vectorized because it contains a call to a subroutine or function on line 302.

  303.                       real(f_x(:,i_diff)* &
  304.                       cs_blend(j,m0,i,p_nek_loc)*c_blend(j,m0,i,p_nek_loc))
  305.    
  306.               enddo ! j
  307.    
  308.            enddo ! i_diff
  309.    
  310.         enddo ! m 
  311.    
  312.      enddo ! p_nek_loc 
  313.      !-------------------------------------------------------------------
  314.    
  315.      ! We only want the n=0 trace.  
  316.    
  317.      if (n_1(in_1) /= 0) then
  318.         trace_1(:) = 0.0
ftn-6263 ftn: VECTOR GYRO_BLEND_POISSON, File = gyro_blend_poisson.f90, Line = 318 
  A loop starting at line 318 was not vectorized because it contains a reference to a non-vector intrinsic on line 318.

  319.         trace_2(:,:) = 0.0
ftn-6263 ftn: VECTOR GYRO_BLEND_POISSON, File = gyro_blend_poisson.f90, Line = 319 
  A loop starting at line 319 was not vectorized because it contains a reference to a non-vector intrinsic on line 319.

  320.      endif
  321.    
  322.      call MPI_ALLREDUCE(trace_1,&
  323.           trace_1_glob,&
  324.           size(trace_1_glob),&
  325.           MPI_DOUBLE_PRECISION,&
  326.           MPI_SUM,&
  327.           NEW_COMM_1,&
  328.           i_err)
  329.    
  330.      call MPI_ALLREDUCE(trace_2,&
  331.           trace_2_glob,&
  332.           size(trace_2_glob),&
  333.           MPI_DOUBLE_PRECISION,&
  334.           MPI_SUM,&
  335.           NEW_COMM_1,&
  336.           i_err)
  337.    
  338.      if (n_1(in_1) == 0) then
  339.         gyro_trace(:,:) = trace_2_glob(:,:)/trace_1_glob(0)
ftn-6262 ftn: VECTOR GYRO_BLEND_POISSON, File = gyro_blend_poisson.f90, Line = 339 
  A loop starting at line 339 was not vectorized because it contains a call to a subroutine or function on line 339.

  340.      else
  341.         gyro_trace(:,:) = 0.0
ftn-6263 ftn: VECTOR GYRO_BLEND_POISSON, File = gyro_blend_poisson.f90, Line = 341 
  A loop starting at line 341 was not vectorized because it contains a reference to a non-vector intrinsic on line 341.

  342.      endif
  343.    
  344.      if (debug_flag == 1 .and. i_proc == 0) then
  345.         print *,'[make_poisson_blend done]'
  346.      endif
  347.    
  348.    end subroutine gyro_blend_poisson


%%%%%%%%%%%%%%%%%%%%%%%%%%%%%%%%%%%%%%%%%%%%%%%%%%%%%%%%%%%%%%%%%%%%%%%%%%%%%%%%
                     C o m m o n   B l o c k   R e p o r t
%%%%%%%%%%%%%%%%%%%%%%%%%%%%%%%%%%%%%%%%%%%%%%%%%%%%%%%%%%%%%%%%%%%%%%%%%%%%%%%%

Blk  Program Unit                     Messages
---  ------------                     --------
/MPIFCMB5/                            Length: 4 bytes

     GYRO_BLEND_POISSON               Block is used from MPI_CONSTANTS

Blk  Program Unit                     Messages
---  ------------                     --------
/MPIFCMB9/                            Length: 4 bytes

     GYRO_BLEND_POISSON               Block is used from MPI_CONSTANTS

Blk  Program Unit                     Messages
---  ------------                     --------
/MPIPRIV1/                            Length: 28 bytes

     GYRO_BLEND_POISSON               Block is used from MPI_CONSTANTS

Blk  Program Unit                     Messages
---  ------------                     --------
/MPIPRIV2/                            Length: 24 bytes

     GYRO_BLEND_POISSON               Block is used from MPI_CONSTANTS

Blk  Program Unit                     Messages
---  ------------                     --------
/MPIPRIVC/                            Length: 2 bytes

     GYRO_BLEND_POISSON               Block is used from MPI_CONSTANTS


%%%%%%%%%%%%%%%%%%%%%%%%%%%%%%%%%%%%%%%%%%%%%%%%%%%%%%%%%%%%%%%%%%%%%%%%%%%%%%%%
                         E x t e r n a l   R e p o r t
%%%%%%%%%%%%%%%%%%%%%%%%%%%%%%%%%%%%%%%%%%%%%%%%%%%%%%%%%%%%%%%%%%%%%%%%%%%%%%%%

Name  Messages
----  --------
ABS(Intrinsic)
      Defined as:  No definitions.

      Interface:   None

      Called By:   GYRO_BLEND_POISSON (Line 89, file gyro_blend_poisson.f90)
                   GYRO_BLEND_POISSON (Line 117, file gyro_blend_poisson.f90)
                   GYRO_BLEND_POISSON (Line 265, file gyro_blend_poisson.f90)

Name  Messages
----  --------
CHAR(Intrinsic)
      Defined as:  No definitions.

                   No calls.  It is not called and does not use any procedure.

      Interface:   None

Name  Messages
----  --------
COMMEQ in MPI_CONSTANTS
      Defined as:  No definitions.

                   No calls.  It is not called and does not use any procedure.

      Interface:   None

Name  Messages
----  --------
COMMNEQ in MPI_CONSTANTS
      Defined as:  No definitions.

                   No calls.  It is not called and does not use any procedure.

      Interface:   None

Name  Messages
----  --------
DATATYPEEQ in MPI_CONSTANTS
      Defined as:  No definitions.

                   No calls.  It is not called and does not use any procedure.

      Interface:   None

Name  Messages
----  --------
DATATYPENEQ in MPI_CONSTANTS
      Defined as:  No definitions.

                   No calls.  It is not called and does not use any procedure.

      Interface:   None

Name  Messages
----  --------
ERRHANDLEREQ in MPI_CONSTANTS
      Defined as:  No definitions.

                   No calls.  It is not called and does not use any procedure.

      Interface:   None

Name  Messages
----  --------
ERRHANDLERNEQ in MPI_CONSTANTS
      Defined as:  No definitions.

                   No calls.  It is not called and does not use any procedure.

      Interface:   None

Name  Messages
----  --------
FILEEQ in MPI_CONSTANTS
      Defined as:  No definitions.

                   No calls.  It is not called and does not use any procedure.

      Interface:   None

Name  Messages
----  --------
FILENEQ in MPI_CONSTANTS
      Defined as:  No definitions.

                   No calls.  It is not called and does not use any procedure.

      Interface:   None

Name  Messages
----  --------
GROUPEQ in MPI_CONSTANTS
      Defined as:  No definitions.

                   No calls.  It is not called and does not use any procedure.

      Interface:   None

Name  Messages
----  --------
GROUPNEQ in MPI_CONSTANTS
      Defined as:  No definitions.

                   No calls.  It is not called and does not use any procedure.

      Interface:   None

Name  Messages
----  --------
GYRO_BESSEL_OPERATOR
      Defined as:  No definitions.

      Interface:   None

      Called By:   GYRO_BLEND_POISSON (Line 105, file gyro_blend_poisson.f90)
                   GYRO_BLEND_POISSON (Line 133, file gyro_blend_poisson.f90)
                   GYRO_BLEND_POISSON (Line 279, file gyro_blend_poisson.f90)

Name  Messages
----  --------
GYRO_BLEND_POISSON
      Defined as:  Subroutine (line 11, file gyro_blend_poisson.f90)

      Interface:   None

      Calls:       ABS(Intrinsic) (Line 89, file gyro_blend_poisson.f90)
                   ABS(Intrinsic) (Line 117, file gyro_blend_poisson.f90)
                   ABS(Intrinsic) (Line 265, file gyro_blend_poisson.f90)
                   SQRT(Intrinsic) (Line 95, file gyro_blend_poisson.f90)
                   SQRT(Intrinsic) (Line 271, file gyro_blend_poisson.f90)
                   GYRO_BESSEL_OPERATOR (Line 105, file gyro_blend_poisson.f90)
                   GYRO_BESSEL_OPERATOR (Line 133, file gyro_blend_poisson.f90)
                   GYRO_BESSEL_OPERATOR (Line 279, file gyro_blend_poisson.f90)
                   SUM(Intrinsic) (Line 181, file gyro_blend_poisson.f90)
                   SUM(Intrinsic) (Line 189, file gyro_blend_poisson.f90)
                   SUM(Intrinsic) (Line 192, file gyro_blend_poisson.f90)
                   REAL(Intrinsic) (Line 299, file gyro_blend_poisson.f90)
                   REAL(Intrinsic) (Line 303, file gyro_blend_poisson.f90)
                   SIZE(Intrinsic) (Line 324, file gyro_blend_poisson.f90)
                   SIZE(Intrinsic) (Line 332, file gyro_blend_poisson.f90)
                   MPI_ALLREDUCE (Line 322, file gyro_blend_poisson.f90)
                   MPI_ALLREDUCE (Line 330, file gyro_blend_poisson.f90)

        Uses:      MPI
                   MPI_BASE  (indirectly)
                   MPI_SIZEOFS  (indirectly)
                   MPI_CONSTANTS  (indirectly)
                   GYRO_GLOBALS
                   GYRO_POINTERS
                   MATH_CONSTANTS

Name  Messages
----  --------
GYRO_GLOBALS
      Defined as:  No definitions.

      Used By:     GYRO_BLEND_POISSON

Name  Messages
----  --------
GYRO_POINTERS
      Defined as:  No definitions.

      Used By:     GYRO_BLEND_POISSON

Name  Messages
----  --------
INFOEQ in MPI_CONSTANTS
      Defined as:  No definitions.

                   No calls.  It is not called and does not use any procedure.

      Interface:   None

Name  Messages
----  --------
INFONEQ in MPI_CONSTANTS
      Defined as:  No definitions.

                   No calls.  It is not called and does not use any procedure.

      Interface:   None

Name  Messages
----  --------
MATH_CONSTANTS
      Defined as:  No definitions.

      Used By:     GYRO_BLEND_POISSON

Name  Messages
----  --------
MESSAGEEQ in MPI_CONSTANTS
      Defined as:  No definitions.

                   No calls.  It is not called and does not use any procedure.

      Interface:   None

Name  Messages
----  --------
MESSAGENEQ in MPI_CONSTANTS
      Defined as:  No definitions.

                   No calls.  It is not called and does not use any procedure.

      Interface:   None

Name  Messages
----  --------
MPI
      Defined as:  No definitions.

      Used By:     GYRO_BLEND_POISSON

Name  Messages
----  --------
MPI_ALLREDUCE
      Defined as:  No definitions.

      Interface:   None

      Called By:   GYRO_BLEND_POISSON (Line 322, file gyro_blend_poisson.f90)
                   GYRO_BLEND_POISSON (Line 330, file gyro_blend_poisson.f90)

Name  Messages
----  --------
MPI_BASE
      Defined as:  No definitions.

      Used By:     GYRO_BLEND_POISSON  (indirectly)

Name  Messages
----  --------
MPI_CONSTANTS
      Defined as:  No definitions.

      Used By:     GYRO_BLEND_POISSON  (indirectly)

Name  Messages
----  --------
MPI_SIZEOFS
      Defined as:  No definitions.

      Used By:     GYRO_BLEND_POISSON  (indirectly)

Name  Messages
----  --------
MPI_SIZEOF_CH in MPI_SIZEOFS
      Defined as:  No definitions.

                   No calls.  It is not called and does not use any procedure.

      Interface:   None

Name  Messages
----  --------
MPI_SIZEOF_CHV in MPI_SIZEOFS
      Defined as:  No definitions.

                   No calls.  It is not called and does not use any procedure.

      Interface:   None

Name  Messages
----  --------
MPI_SIZEOF_CX in MPI_SIZEOFS
      Defined as:  No definitions.

                   No calls.  It is not called and does not use any procedure.

      Interface:   None

Name  Messages
----  --------
MPI_SIZEOF_CXV in MPI_SIZEOFS
      Defined as:  No definitions.

                   No calls.  It is not called and does not use any procedure.

      Interface:   None

Name  Messages
----  --------
MPI_SIZEOF_D in MPI_SIZEOFS
      Defined as:  No definitions.

                   No calls.  It is not called and does not use any procedure.

      Interface:   None

Name  Messages
----  --------
MPI_SIZEOF_DV in MPI_SIZEOFS
      Defined as:  No definitions.

                   No calls.  It is not called and does not use any procedure.

      Interface:   None

Name  Messages
----  --------
MPI_SIZEOF_I in MPI_SIZEOFS
      Defined as:  No definitions.

                   No calls.  It is not called and does not use any procedure.

      Interface:   None

Name  Messages
----  --------
MPI_SIZEOF_I1 in MPI_SIZEOFS
      Defined as:  No definitions.

                   No calls.  It is not called and does not use any procedure.

      Interface:   None

Name  Messages
----  --------
MPI_SIZEOF_I1V in MPI_SIZEOFS
      Defined as:  No definitions.

                   No calls.  It is not called and does not use any procedure.

      Interface:   None

Name  Messages
----  --------
MPI_SIZEOF_I2 in MPI_SIZEOFS
      Defined as:  No definitions.

                   No calls.  It is not called and does not use any procedure.

      Interface:   None

Name  Messages
----  --------
MPI_SIZEOF_I2V in MPI_SIZEOFS
      Defined as:  No definitions.

                   No calls.  It is not called and does not use any procedure.

      Interface:   None

Name  Messages
----  --------
MPI_SIZEOF_I8 in MPI_SIZEOFS
      Defined as:  No definitions.

                   No calls.  It is not called and does not use any procedure.

      Interface:   None

Name  Messages
----  --------
MPI_SIZEOF_I8V in MPI_SIZEOFS
      Defined as:  No definitions.

                   No calls.  It is not called and does not use any procedure.

      Interface:   None

Name  Messages
----  --------
MPI_SIZEOF_IV in MPI_SIZEOFS
      Defined as:  No definitions.

                   No calls.  It is not called and does not use any procedure.

      Interface:   None

Name  Messages
----  --------
MPI_SIZEOF_L in MPI_SIZEOFS
      Defined as:  No definitions.

                   No calls.  It is not called and does not use any procedure.

      Interface:   None

Name  Messages
----  --------
MPI_SIZEOF_LV in MPI_SIZEOFS
      Defined as:  No definitions.

                   No calls.  It is not called and does not use any procedure.

      Interface:   None

Name  Messages
----  --------
MPI_SIZEOF_R in MPI_SIZEOFS
      Defined as:  No definitions.

                   No calls.  It is not called and does not use any procedure.

      Interface:   None

Name  Messages
----  --------
MPI_SIZEOF_RV in MPI_SIZEOFS
      Defined as:  No definitions.

                   No calls.  It is not called and does not use any procedure.

      Interface:   None

Name  Messages
----  --------
OPEQ in MPI_CONSTANTS
      Defined as:  No definitions.

                   No calls.  It is not called and does not use any procedure.

      Interface:   None

Name  Messages
----  --------
OPNEQ in MPI_CONSTANTS
      Defined as:  No definitions.

                   No calls.  It is not called and does not use any procedure.

      Interface:   None

Name  Messages
----  --------
REAL(Intrinsic)
      Defined as:  No definitions.

      Interface:   None

      Called By:   GYRO_BLEND_POISSON (Line 299, file gyro_blend_poisson.f90)
                   GYRO_BLEND_POISSON (Line 303, file gyro_blend_poisson.f90)

Name  Messages
----  --------
REQUESTEQ in MPI_CONSTANTS
      Defined as:  No definitions.

                   No calls.  It is not called and does not use any procedure.

      Interface:   None

Name  Messages
----  --------
REQUESTNEQ in MPI_CONSTANTS
      Defined as:  No definitions.

                   No calls.  It is not called and does not use any procedure.

      Interface:   None

Name  Messages
----  --------
SIZE(Intrinsic)
      Defined as:  No definitions.

      Interface:   None

      Called By:   GYRO_BLEND_POISSON (Line 324, file gyro_blend_poisson.f90)
                   GYRO_BLEND_POISSON (Line 332, file gyro_blend_poisson.f90)

Name  Messages
----  --------
SQRT(Intrinsic)
      Defined as:  No definitions.

      Interface:   None

      Called By:   GYRO_BLEND_POISSON (Line 95, file gyro_blend_poisson.f90)
                   GYRO_BLEND_POISSON (Line 271, file gyro_blend_poisson.f90)

Name  Messages
----  --------
SUM(Intrinsic)
      Defined as:  No definitions.

      Interface:   None

      Called By:   GYRO_BLEND_POISSON (Line 181, file gyro_blend_poisson.f90)
                   GYRO_BLEND_POISSON (Line 189, file gyro_blend_poisson.f90)
                   GYRO_BLEND_POISSON (Line 192, file gyro_blend_poisson.f90)

Name  Messages
----  --------
WINEQ in MPI_CONSTANTS
      Defined as:  No definitions.

                   No calls.  It is not called and does not use any procedure.

      Interface:   None

Name  Messages
----  --------
WINNEQ in MPI_CONSTANTS
      Defined as:  No definitions.

                   No calls.  It is not called and does not use any procedure.

      Interface:   None

Name  Messages
----  --------
__SIZE(Intrinsic)
      Defined as:  No definitions.

                   No calls.  It is not called and does not use any procedure.

      Interface:   None

Name  Messages
----  --------
__SUM(Intrinsic)
      Defined as:  No definitions.

                   No calls.  It is not called and does not use any procedure.

      Interface:   None


%%%%%%%%%%%%%%%%%%%%%%%%%%%%%%%%%%%%%%%%%%%%%%%%%%%%%%%%%%%%%%%%%%%%%%%%%%%%%%%%
%%%%%%%%%%%%%%%%%%%%%%%%%%%%%%%%%%%%%%%%%%%%%%%%%%%%%%%%%%%%%%%%%%%%%%%%%%%%%%%%
