%%%%%%%%%%%%%%%%%%%%%%%%%%%%%%%%%%%%%%%%%%%%%%%%%%%%%%%%%%%%%%%%%%%%%%%%%%%%%%%%
                          S u m m a r y   R e p o r t
%%%%%%%%%%%%%%%%%%%%%%%%%%%%%%%%%%%%%%%%%%%%%%%%%%%%%%%%%%%%%%%%%%%%%%%%%%%%%%%%

Compilation
-----------
File     : /global/u2/b/bassem/gyro-EP/src/gyro_read_restart.f90
Compiled : 01/19/21  15:35:50
Compiler : Version 9.1.0
Ftnlx    : Version 9.1.0 
Target   : x86-64
Command  : ftn_driver.exe -hcpu=haswell -hdynamic -D__CRAYXC -D__CRAY_HASWELL
           -D__CRAYXT_COMPUTE_LINUX_TARGET -hnetwork=aries -hnoomp -em
           -J/global/homes/b/bassem/gyro-EP/modules -sreal64 -eD -Ktrap=fp -m1
           -Rbcdps -G0 -I/opt/cray/pe/fftw/3.3.8.4/haswell/include
           -c gyro_read_restart.f90
           -I/opt/cray/pe/cce/9.1.0/cce-clang/x86_64/lib/clang/9.0.0/include
           -I/opt/cray/pe/cce/9.1.0/cce/x86_64/include/craylibs -I/usr/include
           -I/usr/include -I/opt/cray/pe/fftw/3.3.8.4/haswell/include
           -I/opt/cray/pe/libsci/19.06.1/CRAY/9.0/x86_64/include
           -I/opt/cray/pe/mpt/7.7.10/gni/mpich-cray/9.0/include
           -I/opt/cray/pe/hdf5/1.10.5.2/cray/9.0/include
           -I/opt/cray/pe/netcdf/4.6.3.2/cray/9.0/include
           -I/opt/cray/rca/2.2.20-7.0.1.1_4.53__g8e3fb5b.ari/include
           -I/opt/cray/alps/6.6.58-7.0.1.1_6.10__g437d88db.ari/include
           -I/opt/cray/xpmem/2.2.20-7.0.1.1_4.14__g0475745.ari/include
           -I/opt/cray/gni-headers/5.0.12.0-7.0.1.1_6.32__g3b1768f.ari/include
           -I/opt/cray/dmapp/7.1.1-7.0.1.1_4.54__g38cf134.ari/include
           -I/opt/cray/pe/pmi/5.0.14/include
           -I/opt/cray/ugni/6.0.14.0-7.0.1.1_7.40__ge78e5b0.ari/include
           -I/opt/cray/udreg/2.3.2-7.0.1.1_3.38__g8175d3d.ari/include
           -I/opt/cray/wlm_detect/1.3.3-7.0.1.1_4.16__g7109084.ari/include
           -I/opt/cray/krca/2.2.6-7.0.1.1_5.39__gb641b12.ari/include
           -I/opt/cray-hss-devel/9.0.0/include
Program
  Units  : GYRO_READ_RESTART

ftnlx report
------------
Source   : /global/u2/b/bassem/gyro-EP/src/gyro_read_restart.f90
Date     : 01/19/2021  15:35:50


%%%%%%%%%%%%%%%%%%%%%%%%%%%%%%%%%%%%%%%%%%%%%%%%%%%%%%%%%%%%%%%%%%%%%%%%%%%%%%%%
                          S o u r c e   L i s t i n g
%%%%%%%%%%%%%%%%%%%%%%%%%%%%%%%%%%%%%%%%%%%%%%%%%%%%%%%%%%%%%%%%%%%%%%%%%%%%%%%%

    1.    !------------------------------------------------------
    2.    ! gyro_read_restart.mpiio.f90
    3.    !
    4.    ! PURPOSE:
    5.    !  This is the master file controlling the restart
    6.    !  for systems with MPI-IO.
    7.    !------------------------------------------------------
    8.    
    9.    subroutine gyro_read_restart
   10.    
   11.      use mpi
   12.      use gyro_globals
   13.      use gyro_pointers
   14.    
   15.      !---------------------------------------------------
   16.      ! Local variables:
   17.      !
   18.      implicit none
   19.      !
   20.      integer :: n_proc_old
   21.      integer :: io
   22.      character (len=1) :: i_tag
   23.      !
   24.      ! Required for MPI-IO: 
   25.      !
   26.      integer :: filemode
   27.      integer :: finfo
   28.      integer :: fhv
   29.      integer :: fstatus(MPI_STATUS_SIZE)
   30.      integer(kind=MPI_OFFSET_KIND) :: disp
   31.      integer(kind=MPI_OFFSET_KIND) :: offset1
   32.      !---------------------------------------------------
   33.    
   34.      io = io_restart
   35.    
   36.      !---------------------------------------------------------------------
   37.      ! Set the step number to zero for gyro_write_timedata, even if 
   38.      ! this is a restart:
   39.      !
   40.      step = 0
   41.      !---------------------------------------------------------------------
   42.    
   43.      !---------------------------------------------------------------------
   44.      ! Check to see if we are asking for a restart when there is no 
   45.      ! restart data available:
   46.      !
   47.      if (i_proc == 0) then
   48.    
   49.         open(unit=io,&
   50.              file=trim(path)//file_tag_restart(restart_new_flag),&
   51.              status='old',iostat=i_err)
   52.         close(io)
   53.    
   54.         if (i_err /= 0 .and. restart_method > 0) then
   55.            call send_message(&
   56.                 'INFO: Restart data not available.  Reseting restart_method.')
   57.            restart_method = 0
   58.         endif
   59.    
   60.      endif
   61.      !---------------------------------------------------------------------
   62.    
   63.      ! Ensure sync.
   64.      call MPI_BCAST(restart_method,1,MPI_DOUBLE_PRECISION,0,GYRO_COMM_WORLD,i_err)
   65.    
   66.      select case(restart_method)
   67.    
   68.      case (-1)
   69.    
   70.         !------------------------
   71.         ! Ignore restart facility
   72.         !------------------------
   73.    
   74.         call gyro_initial_condition
   75.    
   76.         t_current = 0.0
   77.         i_restart = 0
   78.         data_step = 0
   79.    
   80.      case (0)
   81.    
   82.         !---------------------
   83.         ! New simulation block
   84.         !---------------------
   85.    
   86.         call gyro_initial_condition
   87.    
   88.         t_current = 0.0
   89.         i_restart = 0
   90.         data_step = 0
   91.    
   92.         ! i_restart is always tagged to most recent output 
   93.         ! files.  If late_restart = 0, then we want 1-i_restart
   94.    
   95.      case (1,2,3)
   96.    
   97.         !-------------------------------------------
   98.         ! Restart block
   99.         !
  100.         ! 1=restart, continue writing restart files
  101.         ! 2=restart, but do not write restart files
  102.         ! 3=restart, set t=0
  103.         !-------------------------------------------
  104.    
  105.         ! Get restart values from last run
  106.    
  107.         if (i_proc == 0) then
  108.    
  109.            open(unit=io,&
  110.                 file=trim(path)//file_tag_restart(restart_new_flag),&
  111.                 status='old')
  112.    
  113.            read(io,*) data_step
  114.            read(io,fmtstr) t_current
  115.            read(io,*) n_proc_old
  116.            read(io,*) i_restart
  117.            close(io)
  118.    
  119.         endif
  120.    
  121.         call MPI_BCAST(data_step,&
  122.              1,MPI_INTEGER,0,GYRO_COMM_WORLD,i_err)
  123.    
  124.         call MPI_BCAST(t_current,&
  125.              1,MPI_DOUBLE_PRECISION,0,GYRO_COMM_WORLD,i_err)
  126.    
  127.         call MPI_BCAST(n_proc_old,&
  128.              1,MPI_INTEGER,0,GYRO_COMM_WORLD,i_err)
  129.    
  130.         call MPI_BCAST(i_restart,&
  131.              1,MPI_INTEGER,0,GYRO_COMM_WORLD,i_err)
  132.    
  133.         ! Reset time if running TGYRO local method or using "gyro -start init"
  134.         if (transport_method == 2 .or. restart_method == 3) then
  135.            t_current = 0.0
  136.            data_step = 0
  137.         endif
  138.    
  139.         ! Trap error for incorrect number of processors
  140.         if (n_proc_old /= n_proc) then 
  141.            call catch_error('ERROR: (GYRO) Processor number changed.')
  142.         endif
  143.    
  144.         ! Determine which file to read
  145.    
  146.         filemode = IOR(MPI_MODE_RDWR,MPI_MODE_CREATE)
  147.         disp     = 0
  148.    
  149.         if (huge_restart == 0) then
  150.    
  151.            call MPI_INFO_CREATE(finfo,i_err)
  152.    
  153.            call MPI_FILE_OPEN(GYRO_COMM_WORLD,&
  154.                 trim(path)//file_restart(i_restart),&
  155.                 filemode,&
  156.                 finfo,&
  157.                 fhv,&
  158.                 i_err)
  159.    
  160.            call MPI_FILE_SET_VIEW(fhv,&
  161.                 disp,&
  162.                 MPI_COMPLEX16,&
  163.                 MPI_COMPLEX16,&
  164.                 'native',&
  165.                 finfo,&
  166.                 i_err)
  167.    
  168.            offset1 = size(h)*i_proc
  169.    
  170.            call MPI_FILE_READ_AT(fhv,&
  171.                 offset1,&
  172.                 h,&
  173.                 size(h),&
  174.                 MPI_COMPLEX16,&
  175.                 fstatus,&
  176.                 i_err)
  177.    
  178.            call MPI_FILE_CLOSE(fhv,i_err)
  179.    
  180.         else
  181.    
  182.            do is=1,n_kinetic
  183.               i_tag = achar(is-1+iachar("0"))
  184.    
  185.               call MPI_INFO_CREATE(finfo,i_err)
  186.    
  187.               call MPI_FILE_OPEN(GYRO_COMM_WORLD,&
  188.                    trim(path)//file_restart(i_restart)//i_tag,&
  189.                    filemode,&
  190.                    finfo,&
  191.                    fhv,&
  192.                    i_err)
  193.    
  194.               call MPI_FILE_SET_VIEW(fhv,&
  195.                    disp,&
  196.                    MPI_COMPLEX16,&
  197.                    MPI_COMPLEX16,&
  198.                    'native',&
  199.                    finfo,&
  200.                    i_err)
  201.    
  202.               offset1 = size(h(:,:,:,is))*i_proc
  203.    
  204.               call MPI_FILE_READ_AT(fhv,&
  205.                    offset1,&
  206.                    h(:,:,:,is),&
  207.                    size(h(:,:,:,is)),&
  208.                    MPI_COMPLEX16,&
  209.                    fstatus,&
  210.                    i_err)
  211.    
  212.               call MPI_FILE_CLOSE(fhv,i_err)
  213.            enddo
  214.         endif
  215.    
  216.      case default
  217.    
  218.         call catch_error('ERROR: (GYRO) Bad value for restart_method.')
  219.    
  220.      end select
  221.    
  222.      ! ** Regenerate fields:
  223.    
  224.      call gyro_field_solve_explicit
  225.    
  226.      if (debug_flag == 1 .and. i_proc == 0) then
  227.         print *,'[gyro_read_restart (MPI-IO) done]'
  228.      endif
  229.    
  230.    end subroutine gyro_read_restart


%%%%%%%%%%%%%%%%%%%%%%%%%%%%%%%%%%%%%%%%%%%%%%%%%%%%%%%%%%%%%%%%%%%%%%%%%%%%%%%%
                     C o m m o n   B l o c k   R e p o r t
%%%%%%%%%%%%%%%%%%%%%%%%%%%%%%%%%%%%%%%%%%%%%%%%%%%%%%%%%%%%%%%%%%%%%%%%%%%%%%%%

Blk  Program Unit                     Messages
---  ------------                     --------
/MPIFCMB5/                            Length: 4 bytes

     GYRO_READ_RESTART                Block is used from MPI_CONSTANTS

Blk  Program Unit                     Messages
---  ------------                     --------
/MPIFCMB9/                            Length: 4 bytes

     GYRO_READ_RESTART                Block is used from MPI_CONSTANTS

Blk  Program Unit                     Messages
---  ------------                     --------
/MPIPRIV1/                            Length: 28 bytes

     GYRO_READ_RESTART                Block is used from MPI_CONSTANTS

Blk  Program Unit                     Messages
---  ------------                     --------
/MPIPRIV2/                            Length: 24 bytes

     GYRO_READ_RESTART                Block is used from MPI_CONSTANTS

Blk  Program Unit                     Messages
---  ------------                     --------
/MPIPRIVC/                            Length: 2 bytes

     GYRO_READ_RESTART                Block is used from MPI_CONSTANTS


%%%%%%%%%%%%%%%%%%%%%%%%%%%%%%%%%%%%%%%%%%%%%%%%%%%%%%%%%%%%%%%%%%%%%%%%%%%%%%%%
                         E x t e r n a l   R e p o r t
%%%%%%%%%%%%%%%%%%%%%%%%%%%%%%%%%%%%%%%%%%%%%%%%%%%%%%%%%%%%%%%%%%%%%%%%%%%%%%%%

Name  Messages
----  --------
ACHAR(Intrinsic)
      Defined as:  No definitions.

      Interface:   None

      Called By:   GYRO_READ_RESTART (Line 183, file gyro_read_restart.f90)

Name  Messages
----  --------
CATCH_ERROR
      Defined as:  No definitions.

      Interface:   None

      Called By:   GYRO_READ_RESTART (Line 141, file gyro_read_restart.f90)

Name  Messages
----  --------
CHAR(Intrinsic)
      Defined as:  No definitions.

                   No calls.  It is not called and does not use any procedure.

      Interface:   None

Name  Messages
----  --------
COMMEQ in MPI_CONSTANTS
      Defined as:  No definitions.

                   No calls.  It is not called and does not use any procedure.

      Interface:   None

Name  Messages
----  --------
COMMNEQ in MPI_CONSTANTS
      Defined as:  No definitions.

                   No calls.  It is not called and does not use any procedure.

      Interface:   None

Name  Messages
----  --------
DATATYPEEQ in MPI_CONSTANTS
      Defined as:  No definitions.

                   No calls.  It is not called and does not use any procedure.

      Interface:   None

Name  Messages
----  --------
DATATYPENEQ in MPI_CONSTANTS
      Defined as:  No definitions.

                   No calls.  It is not called and does not use any procedure.

      Interface:   None

Name  Messages
----  --------
ERRHANDLEREQ in MPI_CONSTANTS
      Defined as:  No definitions.

                   No calls.  It is not called and does not use any procedure.

      Interface:   None

Name  Messages
----  --------
ERRHANDLERNEQ in MPI_CONSTANTS
      Defined as:  No definitions.

                   No calls.  It is not called and does not use any procedure.

      Interface:   None

Name  Messages
----  --------
FILEEQ in MPI_CONSTANTS
      Defined as:  No definitions.

                   No calls.  It is not called and does not use any procedure.

      Interface:   None

Name  Messages
----  --------
FILENEQ in MPI_CONSTANTS
      Defined as:  No definitions.

                   No calls.  It is not called and does not use any procedure.

      Interface:   None

Name  Messages
----  --------
GROUPEQ in MPI_CONSTANTS
      Defined as:  No definitions.

                   No calls.  It is not called and does not use any procedure.

      Interface:   None

Name  Messages
----  --------
GROUPNEQ in MPI_CONSTANTS
      Defined as:  No definitions.

                   No calls.  It is not called and does not use any procedure.

      Interface:   None

Name  Messages
----  --------
GYRO_FIELD_SOLVE_EXPLICIT
      Defined as:  No definitions.

                   No calls.  It is not called and does not use any procedure.

      Interface:   None

Name  Messages
----  --------
GYRO_GLOBALS
      Defined as:  No definitions.

      Used By:     GYRO_READ_RESTART

Name  Messages
----  --------
GYRO_INITIAL_CONDITION
      Defined as:  No definitions.

      Interface:   None

      Called By:   GYRO_READ_RESTART (Line 74, file gyro_read_restart.f90)
                   GYRO_READ_RESTART (Line 86, file gyro_read_restart.f90)

Name  Messages
----  --------
GYRO_POINTERS
      Defined as:  No definitions.

      Used By:     GYRO_READ_RESTART

Name  Messages
----  --------
GYRO_READ_RESTART
      Defined as:  Subroutine (line 9, file gyro_read_restart.f90)

      Interface:   None

      Calls:       TRIM(Intrinsic) (Line 50, file gyro_read_restart.f90)
                   TRIM(Intrinsic) (Line 110, file gyro_read_restart.f90)
                   TRIM(Intrinsic) (Line 154, file gyro_read_restart.f90)
                   TRIM(Intrinsic) (Line 188, file gyro_read_restart.f90)
                   SEND_MESSAGE (Line 55, file gyro_read_restart.f90)
                   MPI_BCAST (Line 64, file gyro_read_restart.f90)
                   MPI_BCAST (Line 121, file gyro_read_restart.f90)
                   MPI_BCAST (Line 124, file gyro_read_restart.f90)
                   MPI_BCAST (Line 127, file gyro_read_restart.f90)
                   MPI_BCAST (Line 130, file gyro_read_restart.f90)
                   GYRO_INITIAL_CONDITION (Line 74, file gyro_read_restart.f90)
                   GYRO_INITIAL_CONDITION (Line 86, file gyro_read_restart.f90)
                   CATCH_ERROR (Line 141, file gyro_read_restart.f90)
                   IOR(Intrinsic) (Line 146, file gyro_read_restart.f90)
                   MPI_INFO_CREATE (Line 151, file gyro_read_restart.f90)
                   MPI_INFO_CREATE (Line 185, file gyro_read_restart.f90)
                   MPI_FILE_OPEN (Line 153, file gyro_read_restart.f90)
                   MPI_FILE_OPEN (Line 187, file gyro_read_restart.f90)
                   MPI_FILE_SET_VIEW (Line 160, file gyro_read_restart.f90)
                   MPI_FILE_SET_VIEW (Line 194, file gyro_read_restart.f90)
                   SIZE(Intrinsic) (Line 168, file gyro_read_restart.f90)
                   SIZE(Intrinsic) (Line 173, file gyro_read_restart.f90)
                   SIZE(Intrinsic) (Line 202, file gyro_read_restart.f90)
                   SIZE(Intrinsic) (Line 207, file gyro_read_restart.f90)
                   MPI_FILE_READ_AT (Line 170, file gyro_read_restart.f90)
                   MPI_FILE_READ_AT (Line 204, file gyro_read_restart.f90)
                   MPI_FILE_CLOSE (Line 178, file gyro_read_restart.f90)
                   MPI_FILE_CLOSE (Line 212, file gyro_read_restart.f90)
                   IACHAR(Intrinsic) (Line 183, file gyro_read_restart.f90)
                   ACHAR(Intrinsic) (Line 183, file gyro_read_restart.f90)

        Uses:      MPI
                   MPI_BASE  (indirectly)
                   MPI_SIZEOFS  (indirectly)
                   MPI_CONSTANTS  (indirectly)
                   GYRO_GLOBALS
                   GYRO_POINTERS

Name  Messages
----  --------
IACHAR(Intrinsic)
      Defined as:  No definitions.

      Interface:   None

      Called By:   GYRO_READ_RESTART (Line 183, file gyro_read_restart.f90)

Name  Messages
----  --------
INFOEQ in MPI_CONSTANTS
      Defined as:  No definitions.

                   No calls.  It is not called and does not use any procedure.

      Interface:   None

Name  Messages
----  --------
INFONEQ in MPI_CONSTANTS
      Defined as:  No definitions.

                   No calls.  It is not called and does not use any procedure.

      Interface:   None

Name  Messages
----  --------
IOR(Intrinsic)
      Defined as:  No definitions.

      Interface:   None

      Called By:   GYRO_READ_RESTART (Line 146, file gyro_read_restart.f90)

Name  Messages
----  --------
MESSAGEEQ in MPI_CONSTANTS
      Defined as:  No definitions.

                   No calls.  It is not called and does not use any procedure.

      Interface:   None

Name  Messages
----  --------
MESSAGENEQ in MPI_CONSTANTS
      Defined as:  No definitions.

                   No calls.  It is not called and does not use any procedure.

      Interface:   None

Name  Messages
----  --------
MPI
      Defined as:  No definitions.

      Used By:     GYRO_READ_RESTART

Name  Messages
----  --------
MPI_BASE
      Defined as:  No definitions.

      Used By:     GYRO_READ_RESTART  (indirectly)

Name  Messages
----  --------
MPI_BCAST
      Defined as:  No definitions.

      Interface:   None

      Called By:   GYRO_READ_RESTART (Line 64, file gyro_read_restart.f90)
                   GYRO_READ_RESTART (Line 121, file gyro_read_restart.f90)
                   GYRO_READ_RESTART (Line 124, file gyro_read_restart.f90)
                   GYRO_READ_RESTART (Line 127, file gyro_read_restart.f90)
                   GYRO_READ_RESTART (Line 130, file gyro_read_restart.f90)

Name  Messages
----  --------
MPI_CONSTANTS
      Defined as:  No definitions.

      Used By:     GYRO_READ_RESTART  (indirectly)

Name  Messages
----  --------
MPI_FILE_CLOSE
      Defined as:  No definitions.

      Interface:   None

      Called By:   GYRO_READ_RESTART (Line 178, file gyro_read_restart.f90)
                   GYRO_READ_RESTART (Line 212, file gyro_read_restart.f90)

Name  Messages
----  --------
MPI_FILE_OPEN
      Defined as:  No definitions.

      Interface:   None

      Called By:   GYRO_READ_RESTART (Line 153, file gyro_read_restart.f90)
                   GYRO_READ_RESTART (Line 187, file gyro_read_restart.f90)

Name  Messages
----  --------
MPI_FILE_READ_AT
      Defined as:  No definitions.

      Interface:   None

      Called By:   GYRO_READ_RESTART (Line 170, file gyro_read_restart.f90)
                   GYRO_READ_RESTART (Line 204, file gyro_read_restart.f90)

Name  Messages
----  --------
MPI_FILE_SET_VIEW
      Defined as:  No definitions.

      Interface:   None

      Called By:   GYRO_READ_RESTART (Line 160, file gyro_read_restart.f90)
                   GYRO_READ_RESTART (Line 194, file gyro_read_restart.f90)

Name  Messages
----  --------
MPI_INFO_CREATE
      Defined as:  No definitions.

      Interface:   None

      Called By:   GYRO_READ_RESTART (Line 151, file gyro_read_restart.f90)
                   GYRO_READ_RESTART (Line 185, file gyro_read_restart.f90)

Name  Messages
----  --------
MPI_SIZEOFS
      Defined as:  No definitions.

      Used By:     GYRO_READ_RESTART  (indirectly)

Name  Messages
----  --------
MPI_SIZEOF_CH in MPI_SIZEOFS
      Defined as:  No definitions.

                   No calls.  It is not called and does not use any procedure.

      Interface:   None

Name  Messages
----  --------
MPI_SIZEOF_CHV in MPI_SIZEOFS
      Defined as:  No definitions.

                   No calls.  It is not called and does not use any procedure.

      Interface:   None

Name  Messages
----  --------
MPI_SIZEOF_CX in MPI_SIZEOFS
      Defined as:  No definitions.

                   No calls.  It is not called and does not use any procedure.

      Interface:   None

Name  Messages
----  --------
MPI_SIZEOF_CXV in MPI_SIZEOFS
      Defined as:  No definitions.

                   No calls.  It is not called and does not use any procedure.

      Interface:   None

Name  Messages
----  --------
MPI_SIZEOF_D in MPI_SIZEOFS
      Defined as:  No definitions.

                   No calls.  It is not called and does not use any procedure.

      Interface:   None

Name  Messages
----  --------
MPI_SIZEOF_DV in MPI_SIZEOFS
      Defined as:  No definitions.

                   No calls.  It is not called and does not use any procedure.

      Interface:   None

Name  Messages
----  --------
MPI_SIZEOF_I in MPI_SIZEOFS
      Defined as:  No definitions.

                   No calls.  It is not called and does not use any procedure.

      Interface:   None

Name  Messages
----  --------
MPI_SIZEOF_I1 in MPI_SIZEOFS
      Defined as:  No definitions.

                   No calls.  It is not called and does not use any procedure.

      Interface:   None

Name  Messages
----  --------
MPI_SIZEOF_I1V in MPI_SIZEOFS
      Defined as:  No definitions.

                   No calls.  It is not called and does not use any procedure.

      Interface:   None

Name  Messages
----  --------
MPI_SIZEOF_I2 in MPI_SIZEOFS
      Defined as:  No definitions.

                   No calls.  It is not called and does not use any procedure.

      Interface:   None

Name  Messages
----  --------
MPI_SIZEOF_I2V in MPI_SIZEOFS
      Defined as:  No definitions.

                   No calls.  It is not called and does not use any procedure.

      Interface:   None

Name  Messages
----  --------
MPI_SIZEOF_I8 in MPI_SIZEOFS
      Defined as:  No definitions.

                   No calls.  It is not called and does not use any procedure.

      Interface:   None

Name  Messages
----  --------
MPI_SIZEOF_I8V in MPI_SIZEOFS
      Defined as:  No definitions.

                   No calls.  It is not called and does not use any procedure.

      Interface:   None

Name  Messages
----  --------
MPI_SIZEOF_IV in MPI_SIZEOFS
      Defined as:  No definitions.

                   No calls.  It is not called and does not use any procedure.

      Interface:   None

Name  Messages
----  --------
MPI_SIZEOF_L in MPI_SIZEOFS
      Defined as:  No definitions.

                   No calls.  It is not called and does not use any procedure.

      Interface:   None

Name  Messages
----  --------
MPI_SIZEOF_LV in MPI_SIZEOFS
      Defined as:  No definitions.

                   No calls.  It is not called and does not use any procedure.

      Interface:   None

Name  Messages
----  --------
MPI_SIZEOF_R in MPI_SIZEOFS
      Defined as:  No definitions.

                   No calls.  It is not called and does not use any procedure.

      Interface:   None

Name  Messages
----  --------
MPI_SIZEOF_RV in MPI_SIZEOFS
      Defined as:  No definitions.

                   No calls.  It is not called and does not use any procedure.

      Interface:   None

Name  Messages
----  --------
OPEQ in MPI_CONSTANTS
      Defined as:  No definitions.

                   No calls.  It is not called and does not use any procedure.

      Interface:   None

Name  Messages
----  --------
OPNEQ in MPI_CONSTANTS
      Defined as:  No definitions.

                   No calls.  It is not called and does not use any procedure.

      Interface:   None

Name  Messages
----  --------
REQUESTEQ in MPI_CONSTANTS
      Defined as:  No definitions.

                   No calls.  It is not called and does not use any procedure.

      Interface:   None

Name  Messages
----  --------
REQUESTNEQ in MPI_CONSTANTS
      Defined as:  No definitions.

                   No calls.  It is not called and does not use any procedure.

      Interface:   None

Name  Messages
----  --------
SEND_MESSAGE
      Defined as:  No definitions.

      Interface:   None

      Called By:   GYRO_READ_RESTART (Line 55, file gyro_read_restart.f90)

Name  Messages
----  --------
SIZE(Intrinsic)
      Defined as:  No definitions.

      Interface:   None

      Called By:   GYRO_READ_RESTART (Line 168, file gyro_read_restart.f90)
                   GYRO_READ_RESTART (Line 173, file gyro_read_restart.f90)
                   GYRO_READ_RESTART (Line 202, file gyro_read_restart.f90)
                   GYRO_READ_RESTART (Line 207, file gyro_read_restart.f90)

Name  Messages
----  --------
TRIM(Intrinsic)
      Defined as:  No definitions.

      Interface:   None

      Called By:   GYRO_READ_RESTART (Line 50, file gyro_read_restart.f90)
                   GYRO_READ_RESTART (Line 110, file gyro_read_restart.f90)
                   GYRO_READ_RESTART (Line 154, file gyro_read_restart.f90)
                   GYRO_READ_RESTART (Line 188, file gyro_read_restart.f90)

Name  Messages
----  --------
WINEQ in MPI_CONSTANTS
      Defined as:  No definitions.

                   No calls.  It is not called and does not use any procedure.

      Interface:   None

Name  Messages
----  --------
WINNEQ in MPI_CONSTANTS
      Defined as:  No definitions.

                   No calls.  It is not called and does not use any procedure.

      Interface:   None

Name  Messages
----  --------
_F90_TRIM(Intrinsic)
      Defined as:  No definitions.

                   No calls.  It is not called and does not use any procedure.

      Interface:   None

Name  Messages
----  --------
__SIZE(Intrinsic)
      Defined as:  No definitions.

                   No calls.  It is not called and does not use any procedure.

      Interface:   None


%%%%%%%%%%%%%%%%%%%%%%%%%%%%%%%%%%%%%%%%%%%%%%%%%%%%%%%%%%%%%%%%%%%%%%%%%%%%%%%%
%%%%%%%%%%%%%%%%%%%%%%%%%%%%%%%%%%%%%%%%%%%%%%%%%%%%%%%%%%%%%%%%%%%%%%%%%%%%%%%%
