%%%%%%%%%%%%%%%%%%%%%%%%%%%%%%%%%%%%%%%%%%%%%%%%%%%%%%%%%%%%%%%%%%%%%%%%%%%%%%%%
                          S u m m a r y   R e p o r t
%%%%%%%%%%%%%%%%%%%%%%%%%%%%%%%%%%%%%%%%%%%%%%%%%%%%%%%%%%%%%%%%%%%%%%%%%%%%%%%%

Compilation
-----------
File     : /global/u2/b/bassem/gyro-EP/src/gyro_set_pointers.f90
Compiled : 01/19/21  15:35:52
Compiler : Version 9.1.0
Ftnlx    : Version 9.1.0 
Target   : x86-64
Command  : ftn_driver.exe -hcpu=haswell -hdynamic -D__CRAYXC -D__CRAY_HASWELL
           -D__CRAYXT_COMPUTE_LINUX_TARGET -hnetwork=aries -hnoomp -em
           -J/global/homes/b/bassem/gyro-EP/modules -sreal64 -eD -Ktrap=fp -m1
           -Rbcdps -G0 -I/opt/cray/pe/fftw/3.3.8.4/haswell/include
           -c gyro_set_pointers.f90
           -I/opt/cray/pe/cce/9.1.0/cce-clang/x86_64/lib/clang/9.0.0/include
           -I/opt/cray/pe/cce/9.1.0/cce/x86_64/include/craylibs -I/usr/include
           -I/usr/include -I/opt/cray/pe/fftw/3.3.8.4/haswell/include
           -I/opt/cray/pe/libsci/19.06.1/CRAY/9.0/x86_64/include
           -I/opt/cray/pe/mpt/7.7.10/gni/mpich-cray/9.0/include
           -I/opt/cray/pe/hdf5/1.10.5.2/cray/9.0/include
           -I/opt/cray/pe/netcdf/4.6.3.2/cray/9.0/include
           -I/opt/cray/rca/2.2.20-7.0.1.1_4.53__g8e3fb5b.ari/include
           -I/opt/cray/alps/6.6.58-7.0.1.1_6.10__g437d88db.ari/include
           -I/opt/cray/xpmem/2.2.20-7.0.1.1_4.14__g0475745.ari/include
           -I/opt/cray/gni-headers/5.0.12.0-7.0.1.1_6.32__g3b1768f.ari/include
           -I/opt/cray/dmapp/7.1.1-7.0.1.1_4.54__g38cf134.ari/include
           -I/opt/cray/pe/pmi/5.0.14/include
           -I/opt/cray/ugni/6.0.14.0-7.0.1.1_7.40__ge78e5b0.ari/include
           -I/opt/cray/udreg/2.3.2-7.0.1.1_3.38__g8175d3d.ari/include
           -I/opt/cray/wlm_detect/1.3.3-7.0.1.1_4.16__g7109084.ari/include
           -I/opt/cray/krca/2.2.6-7.0.1.1_5.39__gb641b12.ari/include
           -I/opt/cray-hss-devel/9.0.0/include
Program
  Units  : GYRO_SET_POINTERS

ftnlx report
------------
Source   : /global/u2/b/bassem/gyro-EP/src/gyro_set_pointers.f90
Date     : 01/19/2021  15:35:52


%%%%%%%%%%%%%%%%%%%%%%%%%%%%%%%%%%%%%%%%%%%%%%%%%%%%%%%%%%%%%%%%%%%%%%%%%%%%%%%%
                          S o u r c e   L i s t i n g
%%%%%%%%%%%%%%%%%%%%%%%%%%%%%%%%%%%%%%%%%%%%%%%%%%%%%%%%%%%%%%%%%%%%%%%%%%%%%%%%

    1.    !---------------------------------------------------
    2.    ! gyro_set_pointers.f90
    3.    !
    4.    ! PURPOSE:
    5.    !  Make pointers for domain decomposition.
    6.    !---------------------------------------------------
    7.    
    8.    subroutine gyro_set_pointers
    9.    
   10.      use gyro_globals
   11.      use gyro_pointers
   12.    
   13.      implicit none
   14.    
   15.      integer :: p
   16.    
   17.    
   18.      if (linsolve_method == 3) then
   19.    
   20.         ! Keep all k (pitch-angle) on a processor
   21.    
   22.         k  = 0
   23.         ie = 1
   24.         i  = 0
   25.         p  = 1
   26.         do 
   27.            k = k+1
   28.            if (k > n_lambda) then
   29.               k  = 1
   30.               ie = ie+1
   31.            endif
   32.            if (ie > n_energy) exit
   33.            nek_n(p) = in_1
   34.            nek_e(p) = ie
   35.            nek_k(p) = k
   36.            p = p+n_proc
   37.            if (p > n_nek_1) then
   38.               i = i+1
   39.               p = 1+i
   40.            endif
   41.         enddo
   42.    
   43.      else
   44.    
   45.         p = 0
   46.         do ie=1,n_energy
   47.            do k=1,n_lambda
   48.    
   49.               p = p+1
   50.    
   51.               nek_n(p) = in_1
   52.               nek_e(p) = ie
   53.               nek_k(p) = k
   54.    
   55.            enddo
   56.         enddo
   57.    
   58.      endif
   59.    
   60.    
   61.      p = 0
   62.      do i=1,n_x
   63.         do ie=1,n_energy
   64.    
   65.            p = p+1
   66.    
   67.            ine_i(p) = i
   68.            ine_n(p) = in_1
   69.            ine_e(p) = ie
   70.    
   71.         enddo
   72.      enddo
   73.    
   74.      p = 0
   75.      do k=1,n_lambda
   76.         do i=1,n_x
   77.    
   78.            p = p+1
   79.    
   80.            ki_k(p) = k
   81.            ki_i(p) = i
   82.    
   83.         enddo
   84.      enddo
   85.    
   86.    
   87.      if (debug_flag == 1 .and. i_proc == 0) then
   88.         print *,'[make_pointers done]'
   89.      endif
   90.    
   91.    end subroutine gyro_set_pointers


%%%%%%%%%%%%%%%%%%%%%%%%%%%%%%%%%%%%%%%%%%%%%%%%%%%%%%%%%%%%%%%%%%%%%%%%%%%%%%%%
                         E x t e r n a l   R e p o r t
%%%%%%%%%%%%%%%%%%%%%%%%%%%%%%%%%%%%%%%%%%%%%%%%%%%%%%%%%%%%%%%%%%%%%%%%%%%%%%%%

Name  Messages
----  --------
CHAR(Intrinsic)
      Defined as:  No definitions.

                   No calls.  It is not called and does not use any procedure.

      Interface:   None

Name  Messages
----  --------
GYRO_GLOBALS
      Defined as:  No definitions.

      Used By:     GYRO_SET_POINTERS

Name  Messages
----  --------
GYRO_POINTERS
      Defined as:  No definitions.

      Used By:     GYRO_SET_POINTERS

Name  Messages
----  --------
GYRO_SET_POINTERS
      Defined as:  Subroutine (line 8, file gyro_set_pointers.f90)

      Interface:   None

        Uses:      GYRO_GLOBALS
                   GYRO_POINTERS


%%%%%%%%%%%%%%%%%%%%%%%%%%%%%%%%%%%%%%%%%%%%%%%%%%%%%%%%%%%%%%%%%%%%%%%%%%%%%%%%
%%%%%%%%%%%%%%%%%%%%%%%%%%%%%%%%%%%%%%%%%%%%%%%%%%%%%%%%%%%%%%%%%%%%%%%%%%%%%%%%
