%%%%%%%%%%%%%%%%%%%%%%%%%%%%%%%%%%%%%%%%%%%%%%%%%%%%%%%%%%%%%%%%%%%%%%%%%%%%%%%%
                          S u m m a r y   R e p o r t
%%%%%%%%%%%%%%%%%%%%%%%%%%%%%%%%%%%%%%%%%%%%%%%%%%%%%%%%%%%%%%%%%%%%%%%%%%%%%%%%

Compilation
-----------
File     : /global/u2/b/bassem/gyro-EP/src/gyro_blend_ampere.f90
Compiled : 01/19/21  15:35:30
Compiler : Version 9.1.0
Ftnlx    : Version 9.1.0 
Target   : x86-64
Command  : ftn_driver.exe -hcpu=haswell -hdynamic -D__CRAYXC -D__CRAY_HASWELL
           -D__CRAYXT_COMPUTE_LINUX_TARGET -hnetwork=aries -hnoomp -em
           -J/global/homes/b/bassem/gyro-EP/modules -sreal64 -eD -Ktrap=fp -m1
           -Rbcdps -G0 -I/opt/cray/pe/fftw/3.3.8.4/haswell/include
           -c gyro_blend_ampere.f90
           -I/opt/cray/pe/cce/9.1.0/cce-clang/x86_64/lib/clang/9.0.0/include
           -I/opt/cray/pe/cce/9.1.0/cce/x86_64/include/craylibs -I/usr/include
           -I/usr/include -I/opt/cray/pe/fftw/3.3.8.4/haswell/include
           -I/opt/cray/pe/libsci/19.06.1/CRAY/9.0/x86_64/include
           -I/opt/cray/pe/mpt/7.7.10/gni/mpich-cray/9.0/include
           -I/opt/cray/pe/hdf5/1.10.5.2/cray/9.0/include
           -I/opt/cray/pe/netcdf/4.6.3.2/cray/9.0/include
           -I/opt/cray/rca/2.2.20-7.0.1.1_4.53__g8e3fb5b.ari/include
           -I/opt/cray/alps/6.6.58-7.0.1.1_6.10__g437d88db.ari/include
           -I/opt/cray/xpmem/2.2.20-7.0.1.1_4.14__g0475745.ari/include
           -I/opt/cray/gni-headers/5.0.12.0-7.0.1.1_6.32__g3b1768f.ari/include
           -I/opt/cray/dmapp/7.1.1-7.0.1.1_4.54__g38cf134.ari/include
           -I/opt/cray/pe/pmi/5.0.14/include
           -I/opt/cray/ugni/6.0.14.0-7.0.1.1_7.40__ge78e5b0.ari/include
           -I/opt/cray/udreg/2.3.2-7.0.1.1_3.38__g8175d3d.ari/include
           -I/opt/cray/wlm_detect/1.3.3-7.0.1.1_4.16__g7109084.ari/include
           -I/opt/cray/krca/2.2.6-7.0.1.1_5.39__gb641b12.ari/include
           -I/opt/cray-hss-devel/9.0.0/include
Program
  Units  : GYRO_BLEND_AMPERE

ftnlx report
------------
Source   : /global/u2/b/bassem/gyro-EP/src/gyro_blend_ampere.f90
Date     : 01/19/2021  15:35:30


%%%%%%%%%%%%%%%%%%%%%%%%%%%%%%%%%%%%%%%%%%%%%%%%%%%%%%%%%%%%%%%%%%%%%%%%%%%%%%%%
                          S o u r c e   L i s t i n g
%%%%%%%%%%%%%%%%%%%%%%%%%%%%%%%%%%%%%%%%%%%%%%%%%%%%%%%%%%%%%%%%%%%%%%%%%%%%%%%%

    1.    !------------------------------------------------------------
    2.    ! gyro_blend_ampere.f90
    3.    !
    4.    ! PURPOSE:
    5.    !  Generate matrix L_A of paper by pushing the factor 
    6.    !  [-nabla_perp A] into a velocity integral. 
    7.    !------------------------------------------------------------
    8.    
    9.    subroutine gyro_blend_ampere
   10.    
   11.      use mpi
   12.      use gyro_globals
   13.      use gyro_pointers
   14.      use math_constants
   15.    
   16.      !---------------------------------------------------
   17.      implicit none
   18.      !
   19.      real :: betae_eff
   20.      !
   21.      real :: omega_c
   22.      real :: rho_gyro
   23.      real :: a_gyro
   24.      real :: u_gyro
   25.      real :: v_gyro
   26.      !
   27.      complex :: inqr
   28.      !
   29.      complex, dimension(-mg_dx:mg_dx-ig_dx,n_blend,n_blend) :: vel_sum_loc
   30.      complex, dimension(-mg_dx:mg_dx-ig_dx,n_blend,n_blend) :: vel_sum_glob
   31.      complex, dimension(n_gk,-mg_dx:mg_dx-ig_dx) :: f_x
   32.      complex, dimension(-m_dx:m_dx-i_dx) :: grad_perp_ap
   33.      complex, dimension(n_gk,-mg_dx:mg_dx-ig_dx) :: ion_current
   34.      complex, dimension(n_gk,-mg_dx:mg_dx-ig_dx,n_stack,n_nek_loc_1) :: f_save
   35.      !---------------------------------------------------
   36.    
   37.      betae_eff = betae_unit_norm*ampere_scale
   38.    
   39.      do i=1,n_x
   40.    
   41.         vel_sum_loc = (0.0,0.0)
ftn-6332 ftn: VECTOR GYRO_BLEND_AMPERE, File = gyro_blend_ampere.f90, Line = 41 
  A loop starting at line 41 was not vectorized because it does not map well onto the target architecture.

   42.    
   43.         p_nek_loc = 0
   44.    
   45.         inqr = i_c*n_1(in_1)*q_s(i)/r_s(i) 
   46.    
   47.         do p_nek=1+i_proc_1,n_nek_1,n_proc_1
   48.    
   49.            p_nek_loc = p_nek_loc+1
   50.    
   51.            ie = nek_e(p_nek)
   52.            k  = nek_k(p_nek)
   53.    
   54.            ck = class(k)
   55.    
   56.            ! Now, compute m-projections of the RHS:
   57.    
   58.            do m=1,n_stack
   59.    
   60.               m0 = m_phys(ck,m)
   61.    
   62.               grad_perp_ap(:) =-2.0*rhos_norm**2/betae_eff*( &
ftn-6262 ftn: VECTOR GYRO_BLEND_AMPERE, File = gyro_blend_ampere.f90, Line = 62 
  A loop starting at line 62 was not vectorized because it contains a call to a subroutine or function on line 62.

   63.                    inqr**2*qrat_t(i,k,m)**2* &
   64.                    (1.0+captheta_t(i,k,m)**2)*w_d0(:)+ &
   65.                    2.0*inqr*qrat_t(i,k,m)*captheta_t(i,k,m)* &
   66.                    grad_r_t(i,k,m)*dr_eodr(i)*w_d1(:)+ &
   67.                    (grad_r_t(i,k,m)*dr_eodr(i))**2*w_d2(:))
   68.    
   69.               ! Fast option for flat profiles
   70.    
   71.               if (i == 1 .or. flat_profile_flag == 0) then
   72.    
   73.                  do is=1,n_gk       
   74.    
   75.                     if (gyro_method == 1) then 
   76.    
   77.                        ion_current(is,:) = &
ftn-6262 ftn: VECTOR GYRO_BLEND_AMPERE, File = gyro_blend_ampere.f90, Line = 77 
  A loop starting at line 77 was not vectorized because it contains a call to a subroutine or function on line 77.

   78.                             v_para(m,i,p_nek_loc,is)**2* &
   79.                             alpha_s(is,i)*z(is)**2*w_gd0(:)
   80.    
   81.                     else
   82.    
   83.                        !--------------------------------------------
   84.                        ! Prepare argument of Bessel function
   85.                        !
   86.                        omega_c = abs(z(is))*b_unit_s(i)*mu(is)**2
   87.                        !
   88.                        if (kill_gyro_b_flag == 0) then
   89.                           omega_c = omega_c*b0_t(i,k,m)
   90.                        endif
   91.                        !
   92.                        rho_gyro = rhos_norm*v_perp(m,i,p_nek_loc,is)/omega_c
   93.                        !
   94.                        a_gyro = grad_r_t(i,k,m)/x_length*dr_eodr(i)
   95.                        v_gyro = qrat_t(i,k,m)*n_1(in_1)*q_s(i)/r_s(i)
   96.                        u_gyro = v_gyro*captheta_t(i,k,m)
   97.                        !--------------------------------------------
   98.    
   99.                        f_x(is,:) = (0.0,0.0) 
ftn-6263 ftn: VECTOR GYRO_BLEND_AMPERE, File = gyro_blend_ampere.f90, Line = 99 
  A loop starting at line 99 was not vectorized because it contains a reference to a non-vector intrinsic on line 99.

  100.    
  101.                        ! J_0^2
  102.                        call gyro_bessel_operator(rho_gyro,&
  103.                             a_gyro,&
  104.                             u_gyro,&
  105.                             v_gyro,&
  106.                             f_x(is,:),&
                                      ^        
ftn-1438 ftn: CAUTION GYRO_BLEND_AMPERE, File = gyro_blend_ampere.f90, Line = 106, Column = 29 
  This argument produces a copy in and copy out to a temporary variable.

  107.                             2)
  108.    
  109.                        ion_current(is,:) = &
ftn-6263 ftn: VECTOR GYRO_BLEND_AMPERE, File = gyro_blend_ampere.f90, Line = 109 
  A loop starting at line 109 was not vectorized because it contains a reference to a non-vector intrinsic on line 109.

  110.                             v_para(m,i,p_nek_loc,is)**2* &
  111.                             alpha_s(is,i)*z(is)**2*f_x(is,:)
  112.    
  113.                     endif
  114.    
  115.                  enddo ! is
  116.                  f_save(:,:,m,p_nek_loc) = ion_current(:,:)
ftn-6263 ftn: VECTOR GYRO_BLEND_AMPERE, File = gyro_blend_ampere.f90, Line = 116 
  A loop starting at line 116 was not vectorized because it contains a reference to a non-vector intrinsic on line 116.

  117.               else
  118.                  ion_current(:,:) = f_save(:,:,m,p_nek_loc)
ftn-6263 ftn: VECTOR GYRO_BLEND_AMPERE, File = gyro_blend_ampere.f90, Line = 118 
  A loop starting at line 118 was not vectorized because it contains a reference to a non-vector intrinsic on line 118.

  119.               endif
  120.    
  121.               do j=1,n_blend 
  122.                  do jp=1,n_blend
  123.    
  124.                     do i_diff=-m_dx,m_dx-i_dx
  125.    
  126.                        !-----------------------------------------------
  127.                        ! This will stagnate at i=n_x for i+i_diff > n_x
  128.                        ! if boundary_method=2:
  129.                        ip = i_cyc(i+i_diff)
  130.                        !-----------------------------------------------
  131.    
  132.                        vel_sum_loc(i_diff,j,jp) = vel_sum_loc(i_diff,j,jp)+&
  133.                             grad_perp_ap(i_diff)* &
  134.                             cs_blend(j,m0,i,p_nek_loc)* &
  135.                             c_blend(jp,m0,ip,p_nek_loc)
  136.    
  137.                     enddo ! i_diff
  138.    
  139.                     do i_diff=-mg_dx,mg_dx-ig_dx
  140.    
  141.                        !-----------------------------------------------
  142.                        ! This will stagnate at i=n_x for i+i_diff > n_x
  143.                        ! if boundary_method=2:
  144.                        ip = i_cyc(i+i_diff)
  145.                        !------------------------------------------------
  146.    
  147.                        vel_sum_loc(i_diff,j,jp) = vel_sum_loc(i_diff,j,jp)+&
ftn-6263 ftn: VECTOR GYRO_BLEND_AMPERE, File = gyro_blend_ampere.f90, Line = 147 
  A loop starting at line 147 was not vectorized because it contains a reference to a non-vector intrinsic on line 147.

  148.                             fakefield_flag*sum(ion_current(:,i_diff))* &
  149.                             cs_blend(j,m0,i,p_nek_loc)* &
  150.                             c_blend(jp,m0,ip,p_nek_loc)
  151.    
  152.                     enddo ! i_diff
  153.    
  154.                  enddo ! jp
  155.               enddo ! j
  156.    
  157.            enddo ! m
  158.    
  159.         enddo ! p_nek_loc
  160.    
  161.         call MPI_ALLREDUCE(vel_sum_loc,&
  162.              vel_sum_glob,&
  163.              n_blend*n_blend*(2*mg_dx-ig_dx+1),&
  164.              MPI_DOUBLE_COMPLEX,&
  165.              MPI_SUM,&
  166.              NEW_COMM_1,&
  167.              i_err)
  168.    
  169.         aa_mm(i,:,:,:) = vel_sum_glob(:,:,:)
ftn-6262 ftn: VECTOR GYRO_BLEND_AMPERE, File = gyro_blend_ampere.f90, Line = 169 
  A loop starting at line 169 was not vectorized because it contains a call to a subroutine or function on line 169.

  170.    
  171.      enddo ! i
  172.    
  173.      if (debug_flag == 1 .and. i_proc == 0) then
  174.         print *,'[make_ampere_blend done]'
  175.      endif
  176.    
  177.    end subroutine gyro_blend_ampere


%%%%%%%%%%%%%%%%%%%%%%%%%%%%%%%%%%%%%%%%%%%%%%%%%%%%%%%%%%%%%%%%%%%%%%%%%%%%%%%%
                     C o m m o n   B l o c k   R e p o r t
%%%%%%%%%%%%%%%%%%%%%%%%%%%%%%%%%%%%%%%%%%%%%%%%%%%%%%%%%%%%%%%%%%%%%%%%%%%%%%%%

Blk  Program Unit                     Messages
---  ------------                     --------
/MPIFCMB5/                            Length: 4 bytes

     GYRO_BLEND_AMPERE                Block is used from MPI_CONSTANTS

Blk  Program Unit                     Messages
---  ------------                     --------
/MPIFCMB9/                            Length: 4 bytes

     GYRO_BLEND_AMPERE                Block is used from MPI_CONSTANTS

Blk  Program Unit                     Messages
---  ------------                     --------
/MPIPRIV1/                            Length: 28 bytes

     GYRO_BLEND_AMPERE                Block is used from MPI_CONSTANTS

Blk  Program Unit                     Messages
---  ------------                     --------
/MPIPRIV2/                            Length: 24 bytes

     GYRO_BLEND_AMPERE                Block is used from MPI_CONSTANTS

Blk  Program Unit                     Messages
---  ------------                     --------
/MPIPRIVC/                            Length: 2 bytes

     GYRO_BLEND_AMPERE                Block is used from MPI_CONSTANTS


%%%%%%%%%%%%%%%%%%%%%%%%%%%%%%%%%%%%%%%%%%%%%%%%%%%%%%%%%%%%%%%%%%%%%%%%%%%%%%%%
                         E x t e r n a l   R e p o r t
%%%%%%%%%%%%%%%%%%%%%%%%%%%%%%%%%%%%%%%%%%%%%%%%%%%%%%%%%%%%%%%%%%%%%%%%%%%%%%%%

Name  Messages
----  --------
ABS(Intrinsic)
      Defined as:  No definitions.

      Interface:   None

      Called By:   GYRO_BLEND_AMPERE (Line 86, file gyro_blend_ampere.f90)

Name  Messages
----  --------
CHAR(Intrinsic)
      Defined as:  No definitions.

                   No calls.  It is not called and does not use any procedure.

      Interface:   None

Name  Messages
----  --------
COMMEQ in MPI_CONSTANTS
      Defined as:  No definitions.

                   No calls.  It is not called and does not use any procedure.

      Interface:   None

Name  Messages
----  --------
COMMNEQ in MPI_CONSTANTS
      Defined as:  No definitions.

                   No calls.  It is not called and does not use any procedure.

      Interface:   None

Name  Messages
----  --------
DATATYPEEQ in MPI_CONSTANTS
      Defined as:  No definitions.

                   No calls.  It is not called and does not use any procedure.

      Interface:   None

Name  Messages
----  --------
DATATYPENEQ in MPI_CONSTANTS
      Defined as:  No definitions.

                   No calls.  It is not called and does not use any procedure.

      Interface:   None

Name  Messages
----  --------
ERRHANDLEREQ in MPI_CONSTANTS
      Defined as:  No definitions.

                   No calls.  It is not called and does not use any procedure.

      Interface:   None

Name  Messages
----  --------
ERRHANDLERNEQ in MPI_CONSTANTS
      Defined as:  No definitions.

                   No calls.  It is not called and does not use any procedure.

      Interface:   None

Name  Messages
----  --------
FILEEQ in MPI_CONSTANTS
      Defined as:  No definitions.

                   No calls.  It is not called and does not use any procedure.

      Interface:   None

Name  Messages
----  --------
FILENEQ in MPI_CONSTANTS
      Defined as:  No definitions.

                   No calls.  It is not called and does not use any procedure.

      Interface:   None

Name  Messages
----  --------
GROUPEQ in MPI_CONSTANTS
      Defined as:  No definitions.

                   No calls.  It is not called and does not use any procedure.

      Interface:   None

Name  Messages
----  --------
GROUPNEQ in MPI_CONSTANTS
      Defined as:  No definitions.

                   No calls.  It is not called and does not use any procedure.

      Interface:   None

Name  Messages
----  --------
GYRO_BESSEL_OPERATOR
      Defined as:  No definitions.

      Interface:   None

      Called By:   GYRO_BLEND_AMPERE (Line 102, file gyro_blend_ampere.f90)

Name  Messages
----  --------
GYRO_BLEND_AMPERE
      Defined as:  Subroutine (line 9, file gyro_blend_ampere.f90)

      Interface:   None

      Calls:       ABS(Intrinsic) (Line 86, file gyro_blend_ampere.f90)
                   GYRO_BESSEL_OPERATOR (Line 102, file gyro_blend_ampere.f90)
                   SUM(Intrinsic) (Line 148, file gyro_blend_ampere.f90)

        Uses:      MPI
                   MPI_BASE  (indirectly)
                   MPI_SIZEOFS  (indirectly)
                   MPI_CONSTANTS  (indirectly)
                   GYRO_GLOBALS
                   GYRO_POINTERS
                   MATH_CONSTANTS

Name  Messages
----  --------
GYRO_GLOBALS
      Defined as:  No definitions.

      Used By:     GYRO_BLEND_AMPERE

Name  Messages
----  --------
GYRO_POINTERS
      Defined as:  No definitions.

      Used By:     GYRO_BLEND_AMPERE

Name  Messages
----  --------
INFOEQ in MPI_CONSTANTS
      Defined as:  No definitions.

                   No calls.  It is not called and does not use any procedure.

      Interface:   None

Name  Messages
----  --------
INFONEQ in MPI_CONSTANTS
      Defined as:  No definitions.

                   No calls.  It is not called and does not use any procedure.

      Interface:   None

Name  Messages
----  --------
MATH_CONSTANTS
      Defined as:  No definitions.

      Used By:     GYRO_BLEND_AMPERE

Name  Messages
----  --------
MESSAGEEQ in MPI_CONSTANTS
      Defined as:  No definitions.

                   No calls.  It is not called and does not use any procedure.

      Interface:   None

Name  Messages
----  --------
MESSAGENEQ in MPI_CONSTANTS
      Defined as:  No definitions.

                   No calls.  It is not called and does not use any procedure.

      Interface:   None

Name  Messages
----  --------
MPI
      Defined as:  No definitions.

      Used By:     GYRO_BLEND_AMPERE

Name  Messages
----  --------
MPI_ALLREDUCE
      Defined as:  No definitions.

                   No calls.  It is not called and does not use any procedure.

      Interface:   None

Name  Messages
----  --------
MPI_BASE
      Defined as:  No definitions.

      Used By:     GYRO_BLEND_AMPERE  (indirectly)

Name  Messages
----  --------
MPI_CONSTANTS
      Defined as:  No definitions.

      Used By:     GYRO_BLEND_AMPERE  (indirectly)

Name  Messages
----  --------
MPI_SIZEOFS
      Defined as:  No definitions.

      Used By:     GYRO_BLEND_AMPERE  (indirectly)

Name  Messages
----  --------
MPI_SIZEOF_CH in MPI_SIZEOFS
      Defined as:  No definitions.

                   No calls.  It is not called and does not use any procedure.

      Interface:   None

Name  Messages
----  --------
MPI_SIZEOF_CHV in MPI_SIZEOFS
      Defined as:  No definitions.

                   No calls.  It is not called and does not use any procedure.

      Interface:   None

Name  Messages
----  --------
MPI_SIZEOF_CX in MPI_SIZEOFS
      Defined as:  No definitions.

                   No calls.  It is not called and does not use any procedure.

      Interface:   None

Name  Messages
----  --------
MPI_SIZEOF_CXV in MPI_SIZEOFS
      Defined as:  No definitions.

                   No calls.  It is not called and does not use any procedure.

      Interface:   None

Name  Messages
----  --------
MPI_SIZEOF_D in MPI_SIZEOFS
      Defined as:  No definitions.

                   No calls.  It is not called and does not use any procedure.

      Interface:   None

Name  Messages
----  --------
MPI_SIZEOF_DV in MPI_SIZEOFS
      Defined as:  No definitions.

                   No calls.  It is not called and does not use any procedure.

      Interface:   None

Name  Messages
----  --------
MPI_SIZEOF_I in MPI_SIZEOFS
      Defined as:  No definitions.

                   No calls.  It is not called and does not use any procedure.

      Interface:   None

Name  Messages
----  --------
MPI_SIZEOF_I1 in MPI_SIZEOFS
      Defined as:  No definitions.

                   No calls.  It is not called and does not use any procedure.

      Interface:   None

Name  Messages
----  --------
MPI_SIZEOF_I1V in MPI_SIZEOFS
      Defined as:  No definitions.

                   No calls.  It is not called and does not use any procedure.

      Interface:   None

Name  Messages
----  --------
MPI_SIZEOF_I2 in MPI_SIZEOFS
      Defined as:  No definitions.

                   No calls.  It is not called and does not use any procedure.

      Interface:   None

Name  Messages
----  --------
MPI_SIZEOF_I2V in MPI_SIZEOFS
      Defined as:  No definitions.

                   No calls.  It is not called and does not use any procedure.

      Interface:   None

Name  Messages
----  --------
MPI_SIZEOF_I8 in MPI_SIZEOFS
      Defined as:  No definitions.

                   No calls.  It is not called and does not use any procedure.

      Interface:   None

Name  Messages
----  --------
MPI_SIZEOF_I8V in MPI_SIZEOFS
      Defined as:  No definitions.

                   No calls.  It is not called and does not use any procedure.

      Interface:   None

Name  Messages
----  --------
MPI_SIZEOF_IV in MPI_SIZEOFS
      Defined as:  No definitions.

                   No calls.  It is not called and does not use any procedure.

      Interface:   None

Name  Messages
----  --------
MPI_SIZEOF_L in MPI_SIZEOFS
      Defined as:  No definitions.

                   No calls.  It is not called and does not use any procedure.

      Interface:   None

Name  Messages
----  --------
MPI_SIZEOF_LV in MPI_SIZEOFS
      Defined as:  No definitions.

                   No calls.  It is not called and does not use any procedure.

      Interface:   None

Name  Messages
----  --------
MPI_SIZEOF_R in MPI_SIZEOFS
      Defined as:  No definitions.

                   No calls.  It is not called and does not use any procedure.

      Interface:   None

Name  Messages
----  --------
MPI_SIZEOF_RV in MPI_SIZEOFS
      Defined as:  No definitions.

                   No calls.  It is not called and does not use any procedure.

      Interface:   None

Name  Messages
----  --------
OPEQ in MPI_CONSTANTS
      Defined as:  No definitions.

                   No calls.  It is not called and does not use any procedure.

      Interface:   None

Name  Messages
----  --------
OPNEQ in MPI_CONSTANTS
      Defined as:  No definitions.

                   No calls.  It is not called and does not use any procedure.

      Interface:   None

Name  Messages
----  --------
REQUESTEQ in MPI_CONSTANTS
      Defined as:  No definitions.

                   No calls.  It is not called and does not use any procedure.

      Interface:   None

Name  Messages
----  --------
REQUESTNEQ in MPI_CONSTANTS
      Defined as:  No definitions.

                   No calls.  It is not called and does not use any procedure.

      Interface:   None

Name  Messages
----  --------
SUM(Intrinsic)
      Defined as:  No definitions.

      Interface:   None

      Called By:   GYRO_BLEND_AMPERE (Line 148, file gyro_blend_ampere.f90)

Name  Messages
----  --------
WINEQ in MPI_CONSTANTS
      Defined as:  No definitions.

                   No calls.  It is not called and does not use any procedure.

      Interface:   None

Name  Messages
----  --------
WINNEQ in MPI_CONSTANTS
      Defined as:  No definitions.

                   No calls.  It is not called and does not use any procedure.

      Interface:   None

Name  Messages
----  --------
__SUM(Intrinsic)
      Defined as:  No definitions.

                   No calls.  It is not called and does not use any procedure.

      Interface:   None


%%%%%%%%%%%%%%%%%%%%%%%%%%%%%%%%%%%%%%%%%%%%%%%%%%%%%%%%%%%%%%%%%%%%%%%%%%%%%%%%
%%%%%%%%%%%%%%%%%%%%%%%%%%%%%%%%%%%%%%%%%%%%%%%%%%%%%%%%%%%%%%%%%%%%%%%%%%%%%%%%
