%%%%%%%%%%%%%%%%%%%%%%%%%%%%%%%%%%%%%%%%%%%%%%%%%%%%%%%%%%%%%%%%%%%%%%%%%%%%%%%%
                          S u m m a r y   R e p o r t
%%%%%%%%%%%%%%%%%%%%%%%%%%%%%%%%%%%%%%%%%%%%%%%%%%%%%%%%%%%%%%%%%%%%%%%%%%%%%%%%

Compilation
-----------
File     : /global/u2/b/bassem/gyro-EP/src/gyro_alloc_nl.f90
Compiled : 01/19/21  15:35:28
Compiler : Version 9.1.0
Ftnlx    : Version 9.1.0 
Target   : x86-64
Command  : ftn_driver.exe -hcpu=haswell -hdynamic -D__CRAYXC -D__CRAY_HASWELL
           -D__CRAYXT_COMPUTE_LINUX_TARGET -hnetwork=aries -hnoomp -em
           -J/global/homes/b/bassem/gyro-EP/modules -sreal64 -eD -Ktrap=fp -m1
           -Rbcdps -G0 -I/opt/cray/pe/fftw/3.3.8.4/haswell/include
           -c gyro_alloc_nl.f90
           -I/opt/cray/pe/cce/9.1.0/cce-clang/x86_64/lib/clang/9.0.0/include
           -I/opt/cray/pe/cce/9.1.0/cce/x86_64/include/craylibs -I/usr/include
           -I/usr/include -I/opt/cray/pe/fftw/3.3.8.4/haswell/include
           -I/opt/cray/pe/libsci/19.06.1/CRAY/9.0/x86_64/include
           -I/opt/cray/pe/mpt/7.7.10/gni/mpich-cray/9.0/include
           -I/opt/cray/pe/hdf5/1.10.5.2/cray/9.0/include
           -I/opt/cray/pe/netcdf/4.6.3.2/cray/9.0/include
           -I/opt/cray/rca/2.2.20-7.0.1.1_4.53__g8e3fb5b.ari/include
           -I/opt/cray/alps/6.6.58-7.0.1.1_6.10__g437d88db.ari/include
           -I/opt/cray/xpmem/2.2.20-7.0.1.1_4.14__g0475745.ari/include
           -I/opt/cray/gni-headers/5.0.12.0-7.0.1.1_6.32__g3b1768f.ari/include
           -I/opt/cray/dmapp/7.1.1-7.0.1.1_4.54__g38cf134.ari/include
           -I/opt/cray/pe/pmi/5.0.14/include
           -I/opt/cray/ugni/6.0.14.0-7.0.1.1_7.40__ge78e5b0.ari/include
           -I/opt/cray/udreg/2.3.2-7.0.1.1_3.38__g8175d3d.ari/include
           -I/opt/cray/wlm_detect/1.3.3-7.0.1.1_4.16__g7109084.ari/include
           -I/opt/cray/krca/2.2.6-7.0.1.1_5.39__gb641b12.ari/include
           -I/opt/cray-hss-devel/9.0.0/include
Program
  Units  : GYRO_ALLOC_NL

ftnlx report
------------
Source   : /global/u2/b/bassem/gyro-EP/src/gyro_alloc_nl.f90
Date     : 01/19/2021  15:35:28


%%%%%%%%%%%%%%%%%%%%%%%%%%%%%%%%%%%%%%%%%%%%%%%%%%%%%%%%%%%%%%%%%%%%%%%%%%%%%%%%
                          S o u r c e   L i s t i n g
%%%%%%%%%%%%%%%%%%%%%%%%%%%%%%%%%%%%%%%%%%%%%%%%%%%%%%%%%%%%%%%%%%%%%%%%%%%%%%%%

    1.    !----------------------------------------------------------
    2.    ! gyro_alloc_nl
    3.    !
    4.    ! PURPOSE:
    5.    !  Create and destroy nonlinear work arrays.
    6.    !
    7.    ! NOTES:
    8.    !  flag=0: deallocate
    9.    !  flag=1: allocate
   10.    !----------------------------------------------------------
   11.    
   12.    subroutine gyro_alloc_nl(flag)
   13.    
   14.      use gyro_globals 
   15.      use gyro_nl_private
   16.    
   17.      integer, intent(in) :: flag
   18.    
   19.      if (flag == 1 .and. allocated(n_p)) then
   20.         if (i_proc == 0) then
   21.            print *,'WARNING: already allocated arrays in gyro_alloc_nl'
   22.         endif
   23.         return
   24.      endif
   25.      if (flag == 0 .and. .not.allocated(n_p)) then
   26.         if (i_proc == 0) then
   27.            print *,'WARNING: cannot deallocate arrays in gyro_alloc_nl'
   28.         endif
   29.         return
   30.      endif
   31.    
   32.      if (flag == 1) then
   33.    
   34.         if (nonlinear_flag == 1) then
   35.            ! Shared allocations
   36.            allocate(n_p(-n_max:n_max))
   37.            allocate(i_p(-n_max:n_max))
   38.            allocate(c_nl_i(n_x))
   39.         endif
   40.    
   41.      else 
   42.    
   43.         ! Shared deallocations
   44.         if (allocated(n_p)) deallocate(n_p)
   45.         if (allocated(i_p)) deallocate(i_p)
   46.         if (allocated(c_nl_i)) deallocate(c_nl_i)
   47.    
   48.         ! Special FFTW2 deallocations
   49.         if (allocated(v_fft)) deallocate(v_fft)
   50.         if (allocated(vt_fft)) deallocate(vt_fft)
   51.    
   52.         ! Special FFTW3 deallocations
   53.         if (allocated(v_fft3)) deallocate(v_fft3)
   54.         if (allocated(vt_fft3)) deallocate(vt_fft3)
   55.    
   56.         ! Special ESSL deallocations
   57.         if (allocated(aux1_dcrft)) deallocate(aux1_dcrft)
   58.         if (allocated(aux2_dcrft)) deallocate(aux2_dcrft)
   59.         if (allocated(aux1_drcft)) deallocate(aux1_drcft)
   60.         if (allocated(aux2_drcft)) deallocate(aux2_drcft)
   61.    
   62.      endif
   63.    
   64.    end subroutine gyro_alloc_nl


%%%%%%%%%%%%%%%%%%%%%%%%%%%%%%%%%%%%%%%%%%%%%%%%%%%%%%%%%%%%%%%%%%%%%%%%%%%%%%%%
                         E x t e r n a l   R e p o r t
%%%%%%%%%%%%%%%%%%%%%%%%%%%%%%%%%%%%%%%%%%%%%%%%%%%%%%%%%%%%%%%%%%%%%%%%%%%%%%%%

Name  Messages
----  --------
ALLOCATED(Intrinsic)
      Defined as:  No definitions.

      Interface:   None

      Called By:   GYRO_ALLOC_NL (Line 19, file gyro_alloc_nl.f90)
                   GYRO_ALLOC_NL (Line 25, file gyro_alloc_nl.f90)
                   GYRO_ALLOC_NL (Line 44, file gyro_alloc_nl.f90)
                   GYRO_ALLOC_NL (Line 45, file gyro_alloc_nl.f90)
                   GYRO_ALLOC_NL (Line 46, file gyro_alloc_nl.f90)
                   GYRO_ALLOC_NL (Line 49, file gyro_alloc_nl.f90)
                   GYRO_ALLOC_NL (Line 50, file gyro_alloc_nl.f90)
                   GYRO_ALLOC_NL (Line 53, file gyro_alloc_nl.f90)
                   GYRO_ALLOC_NL (Line 54, file gyro_alloc_nl.f90)
                   GYRO_ALLOC_NL (Line 57, file gyro_alloc_nl.f90)
                   GYRO_ALLOC_NL (Line 58, file gyro_alloc_nl.f90)
                   GYRO_ALLOC_NL (Line 59, file gyro_alloc_nl.f90)
                   GYRO_ALLOC_NL (Line 60, file gyro_alloc_nl.f90)

Name  Messages
----  --------
CHAR(Intrinsic)
      Defined as:  No definitions.

                   No calls.  It is not called and does not use any procedure.

      Interface:   None

Name  Messages
----  --------
GYRO_ALLOC_NL
      Defined as:  Subroutine (line 12, file gyro_alloc_nl.f90)

      Interface:   None

      Calls:       ALLOCATED(Intrinsic) (Line 19, file gyro_alloc_nl.f90)
                   ALLOCATED(Intrinsic) (Line 25, file gyro_alloc_nl.f90)
                   ALLOCATED(Intrinsic) (Line 44, file gyro_alloc_nl.f90)
                   ALLOCATED(Intrinsic) (Line 45, file gyro_alloc_nl.f90)
                   ALLOCATED(Intrinsic) (Line 46, file gyro_alloc_nl.f90)
                   ALLOCATED(Intrinsic) (Line 49, file gyro_alloc_nl.f90)
                   ALLOCATED(Intrinsic) (Line 50, file gyro_alloc_nl.f90)
                   ALLOCATED(Intrinsic) (Line 53, file gyro_alloc_nl.f90)
                   ALLOCATED(Intrinsic) (Line 54, file gyro_alloc_nl.f90)
                   ALLOCATED(Intrinsic) (Line 57, file gyro_alloc_nl.f90)
                   ALLOCATED(Intrinsic) (Line 58, file gyro_alloc_nl.f90)
                   ALLOCATED(Intrinsic) (Line 59, file gyro_alloc_nl.f90)
                   ALLOCATED(Intrinsic) (Line 60, file gyro_alloc_nl.f90)

        Uses:      GYRO_GLOBALS
                   GYRO_NL_PRIVATE

Name  Messages
----  --------
GYRO_GLOBALS
      Defined as:  No definitions.

      Used By:     GYRO_ALLOC_NL

Name  Messages
----  --------
GYRO_NL_PRIVATE
      Defined as:  No definitions.

      Used By:     GYRO_ALLOC_NL

Name  Messages
----  --------
_ALLOCATED(Intrinsic)
      Defined as:  No definitions.

                   No calls.  It is not called and does not use any procedure.

      Interface:   None


%%%%%%%%%%%%%%%%%%%%%%%%%%%%%%%%%%%%%%%%%%%%%%%%%%%%%%%%%%%%%%%%%%%%%%%%%%%%%%%%
%%%%%%%%%%%%%%%%%%%%%%%%%%%%%%%%%%%%%%%%%%%%%%%%%%%%%%%%%%%%%%%%%%%%%%%%%%%%%%%%
