%%%%%%%%%%%%%%%%%%%%%%%%%%%%%%%%%%%%%%%%%%%%%%%%%%%%%%%%%%%%%%%%%%%%%%%%%%%%%%%%
                          S u m m a r y   R e p o r t
%%%%%%%%%%%%%%%%%%%%%%%%%%%%%%%%%%%%%%%%%%%%%%%%%%%%%%%%%%%%%%%%%%%%%%%%%%%%%%%%

Compilation
-----------
File     : /global/u2/b/bassem/gyro-EP/src/gyro_set_blend_arrays.f90
Compiled : 01/19/21  15:35:51
Compiler : Version 9.1.0
Ftnlx    : Version 9.1.0 
Target   : x86-64
Command  : ftn_driver.exe -hcpu=haswell -hdynamic -D__CRAYXC -D__CRAY_HASWELL
           -D__CRAYXT_COMPUTE_LINUX_TARGET -hnetwork=aries -hnoomp -em
           -J/global/homes/b/bassem/gyro-EP/modules -sreal64 -eD -Ktrap=fp -m1
           -Rbcdps -G0 -I/opt/cray/pe/fftw/3.3.8.4/haswell/include
           -c gyro_set_blend_arrays.f90
           -I/opt/cray/pe/cce/9.1.0/cce-clang/x86_64/lib/clang/9.0.0/include
           -I/opt/cray/pe/cce/9.1.0/cce/x86_64/include/craylibs -I/usr/include
           -I/usr/include -I/opt/cray/pe/fftw/3.3.8.4/haswell/include
           -I/opt/cray/pe/libsci/19.06.1/CRAY/9.0/x86_64/include
           -I/opt/cray/pe/mpt/7.7.10/gni/mpich-cray/9.0/include
           -I/opt/cray/pe/hdf5/1.10.5.2/cray/9.0/include
           -I/opt/cray/pe/netcdf/4.6.3.2/cray/9.0/include
           -I/opt/cray/rca/2.2.20-7.0.1.1_4.53__g8e3fb5b.ari/include
           -I/opt/cray/alps/6.6.58-7.0.1.1_6.10__g437d88db.ari/include
           -I/opt/cray/xpmem/2.2.20-7.0.1.1_4.14__g0475745.ari/include
           -I/opt/cray/gni-headers/5.0.12.0-7.0.1.1_6.32__g3b1768f.ari/include
           -I/opt/cray/dmapp/7.1.1-7.0.1.1_4.54__g38cf134.ari/include
           -I/opt/cray/pe/pmi/5.0.14/include
           -I/opt/cray/ugni/6.0.14.0-7.0.1.1_7.40__ge78e5b0.ari/include
           -I/opt/cray/udreg/2.3.2-7.0.1.1_3.38__g8175d3d.ari/include
           -I/opt/cray/wlm_detect/1.3.3-7.0.1.1_4.16__g7109084.ari/include
           -I/opt/cray/krca/2.2.6-7.0.1.1_5.39__gb641b12.ari/include
           -I/opt/cray-hss-devel/9.0.0/include
Program
  Units  : GYRO_SET_BLEND_ARRAYS

ftnlx report
------------
Source   : /global/u2/b/bassem/gyro-EP/src/gyro_set_blend_arrays.f90
Date     : 01/19/2021  15:35:52


%%%%%%%%%%%%%%%%%%%%%%%%%%%%%%%%%%%%%%%%%%%%%%%%%%%%%%%%%%%%%%%%%%%%%%%%%%%%%%%%
                          S o u r c e   L i s t i n g
%%%%%%%%%%%%%%%%%%%%%%%%%%%%%%%%%%%%%%%%%%%%%%%%%%%%%%%%%%%%%%%%%%%%%%%%%%%%%%%%

    1.    !-----------------------------------------------------
    2.    ! gyro_set_blend_arrays.f90 [caller BigScience]
    3.    !
    4.    ! PURPOSE:
    5.    !  Precomputed arrays required for field-solve.
    6.    !-----------------------------------------------------
    7.    
    8.    subroutine gyro_set_blend_arrays
    9.    
   10.      use mpi
   11.      use gyro_globals
   12.      use gyro_pointers
   13.      use math_constants
   14.    
   15.      !---------------------------------------------------
   16.      implicit none
   17.      !
   18.      integer :: j_plot
   19.      !
   20.      real :: x
   21.      real, dimension(n_blend,n_x) :: c_fluxave_loc
   22.      !
   23.      complex, dimension(n_blend,n_blend,2) :: ff_sum_loc
   24.      complex, dimension(n_blend,n_blend,2) :: ff_sum_glob
   25.      complex, dimension(2*n_blend,2*n_blend) :: ff2_sum_loc
   26.      complex, dimension(2*n_blend,2*n_blend) :: ff2_sum_glob
   27.      !
   28.      complex :: f_b
   29.      complex :: f_bp
   30.      complex :: fmm
   31.      !
   32.      complex, external :: BLEND_F
   33.      complex, external :: BLEND_Fp
   34.      !---------------------------------------------------
   35.    
   36.    
   37.      call BLEND_init(blend_fit_order,n_blend)
   38.    
   39.      !--------------------------------------------------
   40.      ! Initialize n=0 flux-surface-average coefficients:
   41.      !
   42.      c_fluxave(:,:) = 0.0
ftn-6263 ftn: VECTOR GYRO_SET_BLEND_ARRAYS, File = gyro_set_blend_arrays.f90, Line = 42 
  A loop starting at line 42 was not vectorized because it contains a reference to a non-vector intrinsic on line 42.

   43.      c_fluxave_loc(:,:) = 0.0
ftn-6263 ftn: VECTOR GYRO_SET_BLEND_ARRAYS, File = gyro_set_blend_arrays.f90, Line = 43 
  A loop starting at line 43 was not vectorized because it contains a reference to a non-vector intrinsic on line 43.

   44.      !--------------------------------------------------
   45.    
   46.      !--------------------------------------------------
   47.      ! Do the ubiquitous sum over velocity space:
   48.      !
   49.      p_nek_loc = 0
   50.    
   51.      do p_nek=1+i_proc_1,n_nek_1,n_proc_1
   52.    
   53.         p_nek_loc = p_nek_loc+1
   54.    
   55.         ie = nek_e(p_nek)  
   56.         k  = nek_k(p_nek)   
   57.    
   58.         ck = class(k)
   59.    
   60.         do i=1,n_x
   61.    
   62.            do m=1,n_stack
   63.    
   64.               m0 = m_phys(ck,m)
   65.    
   66.               ! Get the j-th theta value on orbit 
   67.               ! with lambda=lambda(k)
   68.    
   69.               x = theta_t(i,k,m)/pi
   70.    
   71.               do j=1,n_blend
   72.    
   73.                  f_b = BLEND_F(j,x,phase(in_1,i))
   74.    
   75.                  c_blend(j,m,i,p_nek_loc)  = f_b
   76.                  cs_blend(j,m0,i,p_nek_loc) = conjg(f_b)*w_p(ie,i,k)
   77.    
   78.                  f_bp = BLEND_Fp(j,x,phase(in_1,i))/pi
   79.    
   80.                  cs_blend_prime(j,m0,i,p_nek_loc) = &
   81.                       conjg(f_bp)*w_p(ie,i,k)            
   82.    
   83.                  ! This is meant only for n=0, so take real part:
   84.    
   85.                  if (n_1(in_1) == 0) then
   86.                     c_fluxave_loc(j,i) = &
   87.                          c_fluxave_loc(j,i)+real(f_b*w_p(ie,i,k))
   88.                  endif
   89.    
   90.               enddo ! j
   91.    
   92.            enddo ! m0
   93.    
   94.         enddo ! i
   95.    
   96.      enddo ! p_nek
   97.      !--------------------------------------------------
   98.    
   99.      !--------------------------------------------------
  100.      ! Need to reduce this sum on our subgroup:
  101.      !
  102.      call MPI_ALLREDUCE(c_fluxave_loc,&
  103.           c_fluxave,&
  104.           n_blend*n_x,&
  105.           MPI_DOUBLE_PRECISION,&
  106.           MPI_SUM,&
  107.           NEW_COMM_1,&
  108.           i_err)
  109.      !--------------------------------------------------
  110.    
  111.      !------------------------------------------------------------------
  112.      ! Compute blending matrices:
  113.      !
  114.      !    ff_mm(j,jp,1) = FV[ F*_j F_jp ]
  115.      !    ff_mm(j,jp,2) = FV[ F*_j v_para^2 F_jp ]
  116.      !
  117.      !    ff2_mm(j,jp) = FV[ F*_j {1,e,e,e^2} F_jp ]
  118.      !
  119.      is = 1
  120.      !
  121.      do i=1,n_x
  122.    
  123.         ff_sum_loc  = (0.0,0.0)
ftn-6332 ftn: VECTOR GYRO_SET_BLEND_ARRAYS, File = gyro_set_blend_arrays.f90, Line = 123 
  A loop starting at line 123 was not vectorized because it does not map well onto the target architecture.

  124.         ff2_sum_loc = (0.0,0.0)
ftn-6332 ftn: VECTOR GYRO_SET_BLEND_ARRAYS, File = gyro_set_blend_arrays.f90, Line = 124 
  A loop starting at line 124 was not vectorized because it does not map well onto the target architecture.

  125.    
  126.         p_nek_loc = 0
  127.    
  128.         do p_nek=1+i_proc_1,n_nek_1,n_proc_1
  129.    
  130.            p_nek_loc = p_nek_loc+1
  131.    
  132.            ie = nek_e(p_nek)
  133.            k  = nek_k(p_nek)
  134.    
  135.            ck = class(k)
  136.    
  137.            ! Now, compute m-projections of the RHS:
  138.    
  139.            do m=1,n_stack
  140.    
  141.               m0 = m_phys(ck,m)
  142.    
  143.               do j=1,n_blend
  144.                  do jp=1,n_blend
  145.    
  146.                     !
  147.                     ! fmm = (F*_j) (F_jp) dv
  148.                     !
  149.    
  150.                     fmm = cs_blend(j,m0,i,p_nek_loc)* &
  151.                          c_blend(jp,m0,i,p_nek_loc)
  152.    
  153.                     ff_sum_loc(j,jp,1) = ff_sum_loc(j,jp,1)+fmm
  154.    
  155.                     ff_sum_loc(j,jp,2) = ff_sum_loc(j,jp,2)+fmm*&
  156.                          v_para(m,i,p_nek_loc,is)**2
  157.    
  158.                     ff2_sum_loc(j,jp) = &
  159.                          ff2_sum_loc(j,jp)+&
  160.                          fmm
  161.    
  162.                     ff2_sum_loc(j,jp+n_blend) = &
  163.                          ff2_sum_loc(j,jp+n_blend)+&
  164.                          fmm*energy(ie)
  165.    
  166.                     ff2_sum_loc(j+n_blend,jp) = &
  167.                          ff2_sum_loc(j+n_blend,jp)+&
  168.                          fmm*energy(ie)
  169.    
  170.                     ff2_sum_loc(j+n_blend,jp+n_blend) = &
  171.                          ff2_sum_loc(j+n_blend,jp+n_blend)+&
  172.                          fmm*energy(ie)**2
  173.    
  174.    
  175.                  enddo ! jp
  176.               enddo ! j
  177.    
  178.            enddo ! m 
  179.    
  180.         enddo ! p_nek_loc 
  181.    
  182.         call MPI_ALLREDUCE(ff_sum_loc,&
  183.              ff_sum_glob,&
  184.              size(ff_sum_glob),&
  185.              MPI_DOUBLE_COMPLEX,&
  186.              MPI_SUM,&
  187.              NEW_COMM_1,&
  188.              i_err)
  189.    
  190.         call MPI_ALLREDUCE(ff2_sum_loc,&
  191.              ff2_sum_glob,&
  192.              size(ff2_sum_glob),&
  193.              MPI_DOUBLE_COMPLEX,&
  194.              MPI_SUM,&
  195.              NEW_COMM_1,&
  196.              i_err)
  197.    
  198.         ! LU-decomposition of ff's
  199.    
  200.         call ZGETRF(n_blend,&
  201.              n_blend,&
  202.              ff_sum_glob(:,:,1),&
  203.              n_blend,&
  204.              ff_mm_piv(:,i,1),&
  205.              info)
  206.    
  207.         ff_mm(:,:,i,1) = ff_sum_glob(:,:,1)
ftn-6262 ftn: VECTOR GYRO_SET_BLEND_ARRAYS, File = gyro_set_blend_arrays.f90, Line = 207 
  A loop starting at line 207 was not vectorized because it contains a call to a subroutine or function on line 207.

  208.    
  209.         call ZGETRF(n_blend,&
  210.              n_blend,&
  211.              ff_sum_glob(:,:,2),&
  212.              n_blend,&
  213.              ff_mm_piv(:,i,2),&
  214.              info)
  215.    
  216.         ff_mm(:,:,i,2) = ff_sum_glob(:,:,2)
ftn-6262 ftn: VECTOR GYRO_SET_BLEND_ARRAYS, File = gyro_set_blend_arrays.f90, Line = 216 
  A loop starting at line 216 was not vectorized because it contains a call to a subroutine or function on line 216.

  217.    
  218.         ! LU-decomposition of ff2
  219.    
  220.         call ZGETRF(2*n_blend,&
  221.              2*n_blend,&
  222.              ff2_sum_glob(:,:),&
  223.              2*n_blend,&
  224.              ff2_mm_piv(:,i),&
  225.              info)
  226.    
  227.         ff2_mm(:,:,i) = ff2_sum_glob(:,:)
ftn-6262 ftn: VECTOR GYRO_SET_BLEND_ARRAYS, File = gyro_set_blend_arrays.f90, Line = 227 
  A loop starting at line 227 was not vectorized because it contains a call to a subroutine or function on line 227.

  228.    
  229.      enddo ! i 
  230.      !---------------------------------------------------------------
  231.    
  232.      !---------------------------------------------------------------
  233.      ! Store blending plot coefficients
  234.      ! 
  235.      do i=1,n_x
  236.         do j_plot=1,n_theta_plot
  237.    
  238.            x = theta_plot(j_plot)/pi
  239.    
  240.            do j=1,n_blend
  241.               blend_plot(j,j_plot,i) = BLEND_F(j,x,phase(in_1,i))
  242.               blend_prime_plot(j,j_plot,i) = BLEND_Fp(j,x,phase(in_1,i))/pi
  243.            enddo ! j
  244.    
  245.         enddo ! j_plot
  246.      enddo ! i
  247.      !---------------------------------------------------------------  
  248.    
  249.      if (debug_flag == 1 .and. i_proc == 0) then
  250.         print *,'[gyro_set_blend_arrays done]'
  251.      endif
  252.    
  253.    end subroutine gyro_set_blend_arrays


%%%%%%%%%%%%%%%%%%%%%%%%%%%%%%%%%%%%%%%%%%%%%%%%%%%%%%%%%%%%%%%%%%%%%%%%%%%%%%%%
                     C o m m o n   B l o c k   R e p o r t
%%%%%%%%%%%%%%%%%%%%%%%%%%%%%%%%%%%%%%%%%%%%%%%%%%%%%%%%%%%%%%%%%%%%%%%%%%%%%%%%

Blk  Program Unit                     Messages
---  ------------                     --------
/MPIFCMB5/                            Length: 4 bytes

     GYRO_SET_BLEND_ARRAYS            Block is used from MPI_CONSTANTS

Blk  Program Unit                     Messages
---  ------------                     --------
/MPIFCMB9/                            Length: 4 bytes

     GYRO_SET_BLEND_ARRAYS            Block is used from MPI_CONSTANTS

Blk  Program Unit                     Messages
---  ------------                     --------
/MPIPRIV1/                            Length: 28 bytes

     GYRO_SET_BLEND_ARRAYS            Block is used from MPI_CONSTANTS

Blk  Program Unit                     Messages
---  ------------                     --------
/MPIPRIV2/                            Length: 24 bytes

     GYRO_SET_BLEND_ARRAYS            Block is used from MPI_CONSTANTS

Blk  Program Unit                     Messages
---  ------------                     --------
/MPIPRIVC/                            Length: 2 bytes

     GYRO_SET_BLEND_ARRAYS            Block is used from MPI_CONSTANTS


%%%%%%%%%%%%%%%%%%%%%%%%%%%%%%%%%%%%%%%%%%%%%%%%%%%%%%%%%%%%%%%%%%%%%%%%%%%%%%%%
                         E x t e r n a l   R e p o r t
%%%%%%%%%%%%%%%%%%%%%%%%%%%%%%%%%%%%%%%%%%%%%%%%%%%%%%%%%%%%%%%%%%%%%%%%%%%%%%%%

Name  Messages
----  --------
BLEND_F
      Defined as:  No definitions.

      Interface:   None

      Called By:   GYRO_SET_BLEND_ARRAYS (Line 73, file gyro_set_blend_arrays.f90)
                   GYRO_SET_BLEND_ARRAYS (Line 241, file gyro_set_blend_arrays.f90)

Name  Messages
----  --------
BLEND_FP
      Defined as:  No definitions.

      Interface:   None

      Called By:   GYRO_SET_BLEND_ARRAYS (Line 78, file gyro_set_blend_arrays.f90)
                   GYRO_SET_BLEND_ARRAYS (Line 242, file gyro_set_blend_arrays.f90)

Name  Messages
----  --------
BLEND_INIT
      Defined as:  No definitions.

      Interface:   None

      Called By:   GYRO_SET_BLEND_ARRAYS (Line 37, file gyro_set_blend_arrays.f90)

Name  Messages
----  --------
CHAR(Intrinsic)
      Defined as:  No definitions.

                   No calls.  It is not called and does not use any procedure.

      Interface:   None

Name  Messages
----  --------
COMMEQ in MPI_CONSTANTS
      Defined as:  No definitions.

                   No calls.  It is not called and does not use any procedure.

      Interface:   None

Name  Messages
----  --------
COMMNEQ in MPI_CONSTANTS
      Defined as:  No definitions.

                   No calls.  It is not called and does not use any procedure.

      Interface:   None

Name  Messages
----  --------
CONJG(Intrinsic)
      Defined as:  No definitions.

      Interface:   None

      Called By:   GYRO_SET_BLEND_ARRAYS (Line 76, file gyro_set_blend_arrays.f90)
                   GYRO_SET_BLEND_ARRAYS (Line 81, file gyro_set_blend_arrays.f90)

Name  Messages
----  --------
DATATYPEEQ in MPI_CONSTANTS
      Defined as:  No definitions.

                   No calls.  It is not called and does not use any procedure.

      Interface:   None

Name  Messages
----  --------
DATATYPENEQ in MPI_CONSTANTS
      Defined as:  No definitions.

                   No calls.  It is not called and does not use any procedure.

      Interface:   None

Name  Messages
----  --------
ERRHANDLEREQ in MPI_CONSTANTS
      Defined as:  No definitions.

                   No calls.  It is not called and does not use any procedure.

      Interface:   None

Name  Messages
----  --------
ERRHANDLERNEQ in MPI_CONSTANTS
      Defined as:  No definitions.

                   No calls.  It is not called and does not use any procedure.

      Interface:   None

Name  Messages
----  --------
FILEEQ in MPI_CONSTANTS
      Defined as:  No definitions.

                   No calls.  It is not called and does not use any procedure.

      Interface:   None

Name  Messages
----  --------
FILENEQ in MPI_CONSTANTS
      Defined as:  No definitions.

                   No calls.  It is not called and does not use any procedure.

      Interface:   None

Name  Messages
----  --------
GROUPEQ in MPI_CONSTANTS
      Defined as:  No definitions.

                   No calls.  It is not called and does not use any procedure.

      Interface:   None

Name  Messages
----  --------
GROUPNEQ in MPI_CONSTANTS
      Defined as:  No definitions.

                   No calls.  It is not called and does not use any procedure.

      Interface:   None

Name  Messages
----  --------
GYRO_GLOBALS
      Defined as:  No definitions.

      Used By:     GYRO_SET_BLEND_ARRAYS

Name  Messages
----  --------
GYRO_POINTERS
      Defined as:  No definitions.

      Used By:     GYRO_SET_BLEND_ARRAYS

Name  Messages
----  --------
GYRO_SET_BLEND_ARRAYS
      Defined as:  Subroutine (line 8, file gyro_set_blend_arrays.f90)

      Interface:   None

      Calls:       BLEND_F (Line 73, file gyro_set_blend_arrays.f90)
                   BLEND_F (Line 241, file gyro_set_blend_arrays.f90)
                   BLEND_FP (Line 78, file gyro_set_blend_arrays.f90)
                   BLEND_FP (Line 242, file gyro_set_blend_arrays.f90)
                   BLEND_INIT (Line 37, file gyro_set_blend_arrays.f90)
                   CONJG(Intrinsic) (Line 76, file gyro_set_blend_arrays.f90)
                   CONJG(Intrinsic) (Line 81, file gyro_set_blend_arrays.f90)
                   REAL(Intrinsic) (Line 87, file gyro_set_blend_arrays.f90)
                   ZGETRF (Line 209, file gyro_set_blend_arrays.f90)
                   ZGETRF (Line 220, file gyro_set_blend_arrays.f90)

        Uses:      MPI
                   MPI_BASE  (indirectly)
                   MPI_SIZEOFS  (indirectly)
                   MPI_CONSTANTS  (indirectly)
                   GYRO_GLOBALS
                   GYRO_POINTERS
                   MATH_CONSTANTS

Name  Messages
----  --------
INFOEQ in MPI_CONSTANTS
      Defined as:  No definitions.

                   No calls.  It is not called and does not use any procedure.

      Interface:   None

Name  Messages
----  --------
INFONEQ in MPI_CONSTANTS
      Defined as:  No definitions.

                   No calls.  It is not called and does not use any procedure.

      Interface:   None

Name  Messages
----  --------
MATH_CONSTANTS
      Defined as:  No definitions.

      Used By:     GYRO_SET_BLEND_ARRAYS

Name  Messages
----  --------
MESSAGEEQ in MPI_CONSTANTS
      Defined as:  No definitions.

                   No calls.  It is not called and does not use any procedure.

      Interface:   None

Name  Messages
----  --------
MESSAGENEQ in MPI_CONSTANTS
      Defined as:  No definitions.

                   No calls.  It is not called and does not use any procedure.

      Interface:   None

Name  Messages
----  --------
MPI
      Defined as:  No definitions.

      Used By:     GYRO_SET_BLEND_ARRAYS

Name  Messages
----  --------
MPI_ALLREDUCE
      Defined as:  No definitions.

                   No calls.  It is not called and does not use any procedure.

      Interface:   None

Name  Messages
----  --------
MPI_BASE
      Defined as:  No definitions.

      Used By:     GYRO_SET_BLEND_ARRAYS  (indirectly)

Name  Messages
----  --------
MPI_CONSTANTS
      Defined as:  No definitions.

      Used By:     GYRO_SET_BLEND_ARRAYS  (indirectly)

Name  Messages
----  --------
MPI_SIZEOFS
      Defined as:  No definitions.

      Used By:     GYRO_SET_BLEND_ARRAYS  (indirectly)

Name  Messages
----  --------
MPI_SIZEOF_CH in MPI_SIZEOFS
      Defined as:  No definitions.

                   No calls.  It is not called and does not use any procedure.

      Interface:   None

Name  Messages
----  --------
MPI_SIZEOF_CHV in MPI_SIZEOFS
      Defined as:  No definitions.

                   No calls.  It is not called and does not use any procedure.

      Interface:   None

Name  Messages
----  --------
MPI_SIZEOF_CX in MPI_SIZEOFS
      Defined as:  No definitions.

                   No calls.  It is not called and does not use any procedure.

      Interface:   None

Name  Messages
----  --------
MPI_SIZEOF_CXV in MPI_SIZEOFS
      Defined as:  No definitions.

                   No calls.  It is not called and does not use any procedure.

      Interface:   None

Name  Messages
----  --------
MPI_SIZEOF_D in MPI_SIZEOFS
      Defined as:  No definitions.

                   No calls.  It is not called and does not use any procedure.

      Interface:   None

Name  Messages
----  --------
MPI_SIZEOF_DV in MPI_SIZEOFS
      Defined as:  No definitions.

                   No calls.  It is not called and does not use any procedure.

      Interface:   None

Name  Messages
----  --------
MPI_SIZEOF_I in MPI_SIZEOFS
      Defined as:  No definitions.

                   No calls.  It is not called and does not use any procedure.

      Interface:   None

Name  Messages
----  --------
MPI_SIZEOF_I1 in MPI_SIZEOFS
      Defined as:  No definitions.

                   No calls.  It is not called and does not use any procedure.

      Interface:   None

Name  Messages
----  --------
MPI_SIZEOF_I1V in MPI_SIZEOFS
      Defined as:  No definitions.

                   No calls.  It is not called and does not use any procedure.

      Interface:   None

Name  Messages
----  --------
MPI_SIZEOF_I2 in MPI_SIZEOFS
      Defined as:  No definitions.

                   No calls.  It is not called and does not use any procedure.

      Interface:   None

Name  Messages
----  --------
MPI_SIZEOF_I2V in MPI_SIZEOFS
      Defined as:  No definitions.

                   No calls.  It is not called and does not use any procedure.

      Interface:   None

Name  Messages
----  --------
MPI_SIZEOF_I8 in MPI_SIZEOFS
      Defined as:  No definitions.

                   No calls.  It is not called and does not use any procedure.

      Interface:   None

Name  Messages
----  --------
MPI_SIZEOF_I8V in MPI_SIZEOFS
      Defined as:  No definitions.

                   No calls.  It is not called and does not use any procedure.

      Interface:   None

Name  Messages
----  --------
MPI_SIZEOF_IV in MPI_SIZEOFS
      Defined as:  No definitions.

                   No calls.  It is not called and does not use any procedure.

      Interface:   None

Name  Messages
----  --------
MPI_SIZEOF_L in MPI_SIZEOFS
      Defined as:  No definitions.

                   No calls.  It is not called and does not use any procedure.

      Interface:   None

Name  Messages
----  --------
MPI_SIZEOF_LV in MPI_SIZEOFS
      Defined as:  No definitions.

                   No calls.  It is not called and does not use any procedure.

      Interface:   None

Name  Messages
----  --------
MPI_SIZEOF_R in MPI_SIZEOFS
      Defined as:  No definitions.

                   No calls.  It is not called and does not use any procedure.

      Interface:   None

Name  Messages
----  --------
MPI_SIZEOF_RV in MPI_SIZEOFS
      Defined as:  No definitions.

                   No calls.  It is not called and does not use any procedure.

      Interface:   None

Name  Messages
----  --------
OPEQ in MPI_CONSTANTS
      Defined as:  No definitions.

                   No calls.  It is not called and does not use any procedure.

      Interface:   None

Name  Messages
----  --------
OPNEQ in MPI_CONSTANTS
      Defined as:  No definitions.

                   No calls.  It is not called and does not use any procedure.

      Interface:   None

Name  Messages
----  --------
REAL(Intrinsic)
      Defined as:  No definitions.

      Interface:   None

      Called By:   GYRO_SET_BLEND_ARRAYS (Line 87, file gyro_set_blend_arrays.f90)

Name  Messages
----  --------
REQUESTEQ in MPI_CONSTANTS
      Defined as:  No definitions.

                   No calls.  It is not called and does not use any procedure.

      Interface:   None

Name  Messages
----  --------
REQUESTNEQ in MPI_CONSTANTS
      Defined as:  No definitions.

                   No calls.  It is not called and does not use any procedure.

      Interface:   None

Name  Messages
----  --------
SIZE(Intrinsic)
      Defined as:  No definitions.

                   No calls.  It is not called and does not use any procedure.

      Interface:   None

Name  Messages
----  --------
WINEQ in MPI_CONSTANTS
      Defined as:  No definitions.

                   No calls.  It is not called and does not use any procedure.

      Interface:   None

Name  Messages
----  --------
WINNEQ in MPI_CONSTANTS
      Defined as:  No definitions.

                   No calls.  It is not called and does not use any procedure.

      Interface:   None

Name  Messages
----  --------
ZGETRF
      Defined as:  No definitions.

      Interface:   None

      Called By:   GYRO_SET_BLEND_ARRAYS (Line 209, file gyro_set_blend_arrays.f90)
                   GYRO_SET_BLEND_ARRAYS (Line 220, file gyro_set_blend_arrays.f90)


%%%%%%%%%%%%%%%%%%%%%%%%%%%%%%%%%%%%%%%%%%%%%%%%%%%%%%%%%%%%%%%%%%%%%%%%%%%%%%%%
%%%%%%%%%%%%%%%%%%%%%%%%%%%%%%%%%%%%%%%%%%%%%%%%%%%%%%%%%%%%%%%%%%%%%%%%%%%%%%%%
