%%%%%%%%%%%%%%%%%%%%%%%%%%%%%%%%%%%%%%%%%%%%%%%%%%%%%%%%%%%%%%%%%%%%%%%%%%%%%%%%
                          S u m m a r y   R e p o r t
%%%%%%%%%%%%%%%%%%%%%%%%%%%%%%%%%%%%%%%%%%%%%%%%%%%%%%%%%%%%%%%%%%%%%%%%%%%%%%%%

Compilation
-----------
File     : /global/u2/b/bassem/gyro-EP/src/gyro_write_freq.f90
Compiled : 01/19/21  15:35:55
Compiler : Version 9.1.0
Ftnlx    : Version 9.1.0 
Target   : x86-64
Command  : ftn_driver.exe -hcpu=haswell -hdynamic -D__CRAYXC -D__CRAY_HASWELL
           -D__CRAYXT_COMPUTE_LINUX_TARGET -hnetwork=aries -hnoomp -em
           -J/global/homes/b/bassem/gyro-EP/modules -sreal64 -eD -Ktrap=fp -m1
           -Rbcdps -G0 -I/opt/cray/pe/fftw/3.3.8.4/haswell/include
           -c gyro_write_freq.f90
           -I/opt/cray/pe/cce/9.1.0/cce-clang/x86_64/lib/clang/9.0.0/include
           -I/opt/cray/pe/cce/9.1.0/cce/x86_64/include/craylibs -I/usr/include
           -I/usr/include -I/opt/cray/pe/fftw/3.3.8.4/haswell/include
           -I/opt/cray/pe/libsci/19.06.1/CRAY/9.0/x86_64/include
           -I/opt/cray/pe/mpt/7.7.10/gni/mpich-cray/9.0/include
           -I/opt/cray/pe/hdf5/1.10.5.2/cray/9.0/include
           -I/opt/cray/pe/netcdf/4.6.3.2/cray/9.0/include
           -I/opt/cray/rca/2.2.20-7.0.1.1_4.53__g8e3fb5b.ari/include
           -I/opt/cray/alps/6.6.58-7.0.1.1_6.10__g437d88db.ari/include
           -I/opt/cray/xpmem/2.2.20-7.0.1.1_4.14__g0475745.ari/include
           -I/opt/cray/gni-headers/5.0.12.0-7.0.1.1_6.32__g3b1768f.ari/include
           -I/opt/cray/dmapp/7.1.1-7.0.1.1_4.54__g38cf134.ari/include
           -I/opt/cray/pe/pmi/5.0.14/include
           -I/opt/cray/ugni/6.0.14.0-7.0.1.1_7.40__ge78e5b0.ari/include
           -I/opt/cray/udreg/2.3.2-7.0.1.1_3.38__g8175d3d.ari/include
           -I/opt/cray/wlm_detect/1.3.3-7.0.1.1_4.16__g7109084.ari/include
           -I/opt/cray/krca/2.2.6-7.0.1.1_5.39__gb641b12.ari/include
           -I/opt/cray-hss-devel/9.0.0/include
Program
  Units  : GYRO_WRITE_FREQ

ftnlx report
------------
Source   : /global/u2/b/bassem/gyro-EP/src/gyro_write_freq.f90
Date     : 01/19/2021  15:35:55


%%%%%%%%%%%%%%%%%%%%%%%%%%%%%%%%%%%%%%%%%%%%%%%%%%%%%%%%%%%%%%%%%%%%%%%%%%%%%%%%
                          S o u r c e   L i s t i n g
%%%%%%%%%%%%%%%%%%%%%%%%%%%%%%%%%%%%%%%%%%%%%%%%%%%%%%%%%%%%%%%%%%%%%%%%%%%%%%%%

    1.    !------------------------------------------------------
    2.    ! gyro_write_freq.f90 [caller gyro_write_timedata]
    3.    !
    4.    ! PURPOSE:
    5.    !  This subroutine computes and prints the instantaeous 
    6.    !  eigenfrequency.
    7.    !
    8.    ! NOTES:
    9.    !
   10.    !  Sign convention: exp(-i w t) = exp(-i w_r t) exp(w_i t)
   11.    !
   12.    !  - ITG modes have w_r < 0
   13.    !  - Trapped-electron modes have w_r > 0
   14.    !  - Unstable modes have w_i > 0
   15.    !------------------------------------------------------
   16.    
   17.    subroutine gyro_write_freq(datafile,io)
   18.    
   19.      use mpi
   20.      use gyro_globals
   21.      use math_constants
   22.    
   23.      !--------------------------------------------------
   24.      implicit none 
   25.      !
   26.      complex, dimension(n_x,n_blend) :: freq_loc
   27.      real,    dimension(n_x,n_blend) :: mode_weight
   28.      !
   29.      complex, dimension(2) :: freq 
   30.      complex, dimension(n_n,2) :: dummy
   31.      !
   32.      real :: df_r
   33.      real :: df_i
   34.      real :: total_weight
   35.      !
   36.      integer :: data_loop
   37.      !  
   38.      integer, intent(in) :: io  
   39.      character (len=*), intent(in) :: datafile
   40.      !--------------------------------------------------
   41.    
   42.      select case (io_control)
   43.    
   44.      case(0)
   45.    
   46.         return
   47.    
   48.      case(1)
   49.    
   50.         ! Open
   51.    
   52.         if (i_proc == 0) then
   53.            open(unit=io,file=datafile,status='replace')
   54.            close(io)
   55.         endif
   56.    
   57.      case(2)
   58.    
   59.         !-------------------------------------------------------
   60.         ! First, calculate freq(1) (frequencies) and freq(2) 
   61.         ! (deviations).
   62.         !
   63.         freq = (0.0,0.0)
ftn-6332 ftn: VECTOR GYRO_WRITE_FREQ, File = gyro_write_freq.f90, Line = 63 
  A loop starting at line 63 was not vectorized because it does not map well onto the target architecture.

   64.         !
   65.         if (abs(n_1(in_1)) > 99999) then
   66.            call catch_error('|n| too large.')
   67.         endif
   68.    
   69.         if (n_1(in_1) /= 0) then
   70.    
   71.            total_weight = 0.0
   72.    
   73.            if (minval(abs(field_blend_old)) == 0.0) then
ftn-6297 ftn: VECTOR GYRO_WRITE_FREQ, File = gyro_write_freq.f90, Line = 73 
  A loop starting at line 73 was not vectorized because a recurrence was found at line 73.

   74.    
   75.               freq(1) = 0.0
   76.               freq(2) = 1.0
   77.    
   78.            else
   79.    
   80.               do i=1,n_x
   81.                  do j=1,n_blend
   82.                     mode_weight(i,j) = abs(field_blend(j,i,1)) 
   83.                     total_weight = total_weight+mode_weight(i,j)
   84.                     freq_loc(i,j) = &
   85.                          (i_c/dt)*log(field_blend(j,i,1)/field_blend_old(j,i,1))
   86.                     freq(1) = freq(1)+freq_loc(i,j)*mode_weight(i,j)
   87.                  enddo
   88.               enddo
   89.    
   90.               freq(1) = freq(1)/total_weight
   91.    
   92.               df_r = 0.0
   93.               df_i = 0.0
   94.    
   95.               do i=1,n_x
   96.                  do j=1,n_blend
   97.                     df_r = df_r+ &
   98.                          abs(real(freq_loc(i,j)-freq(1)))*mode_weight(i,j)
   99.                     df_i = df_i+ &
  100.                          abs(aimag(freq_loc(i,j)-freq(1)))*mode_weight(i,j)
  101.                  enddo
  102.               enddo
  103.    
  104.               ! Want a fractional, not absolute, error
  105.               freq(2) = (df_r+i_c*df_i)/total_weight/abs(freq(1)) 
  106.    
  107.            endif
  108.    
  109.         else
  110.    
  111.            freq(:) = 0.0
ftn-6332 ftn: VECTOR GYRO_WRITE_FREQ, File = gyro_write_freq.f90, Line = 111 
  A loop starting at line 111 was not vectorized because it does not map well onto the target architecture.

  112.    
  113.         endif
  114.         !
  115.         !---------------------------------------------------------------
  116.    
  117.         call collect_complex(freq,omega_linear,2)
  118.    
  119.         ! I/O output
  120.         if (i_proc == 0) then
  121.            open(unit=io,file=datafile,status='old',position='append')
  122.            if (output_flag == 1) then
  123.               ! Output to file
  124.               do in=1,n_n
  125.                  write(io,20) omega_linear(in,:)
  126.               enddo ! in
  127.               close(io)
  128.            endif !output_flag
  129.         endif !i_proc
  130.    
  131.         ! Convergence check for single-n simulation:
  132.         ! Halt will occur in gyro_fulladvance
  133.    
  134.         if (n_n == 1 .and. n_1(in_1) /= 0) then
  135.    
  136.            freq_err = abs(omega_linear(1,2))
  137.    
  138.            call MPI_BCAST(freq_err, &
  139.                 1,&
  140.                 MPI_DOUBLE_PRECISION,&
  141.                 0,&
  142.                 GYRO_COMM_WORLD,&
  143.                 i_err)
  144.    
  145.         endif
  146.    
  147.      case(3)
  148.    
  149.         ! Reposition after restart
  150.    
  151.         if (i_proc == 0) then
  152.    
  153.            open(unit=io,file=datafile,status='old')
  154.    
  155.            do data_loop=0,data_step
  156.               read(io,20) dummy
  157.            enddo
  158.    
  159.            endfile(io)
  160.            close(io)
  161.    
  162.         endif
  163.    
  164.      end select
  165.    
  166.      if (debug_flag == 1 .and. i_proc == 0) print *,'[gyro_write_freq called]'
  167.    
  168.    20 format(4(es11.4,1x))
  169.    
  170.    end subroutine gyro_write_freq


%%%%%%%%%%%%%%%%%%%%%%%%%%%%%%%%%%%%%%%%%%%%%%%%%%%%%%%%%%%%%%%%%%%%%%%%%%%%%%%%
                     C o m m o n   B l o c k   R e p o r t
%%%%%%%%%%%%%%%%%%%%%%%%%%%%%%%%%%%%%%%%%%%%%%%%%%%%%%%%%%%%%%%%%%%%%%%%%%%%%%%%

Blk  Program Unit                     Messages
---  ------------                     --------
/MPIFCMB5/                            Length: 4 bytes

     GYRO_WRITE_FREQ                  Block is used from MPI_CONSTANTS

Blk  Program Unit                     Messages
---  ------------                     --------
/MPIFCMB9/                            Length: 4 bytes

     GYRO_WRITE_FREQ                  Block is used from MPI_CONSTANTS

Blk  Program Unit                     Messages
---  ------------                     --------
/MPIPRIV1/                            Length: 28 bytes

     GYRO_WRITE_FREQ                  Block is used from MPI_CONSTANTS

Blk  Program Unit                     Messages
---  ------------                     --------
/MPIPRIV2/                            Length: 24 bytes

     GYRO_WRITE_FREQ                  Block is used from MPI_CONSTANTS

Blk  Program Unit                     Messages
---  ------------                     --------
/MPIPRIVC/                            Length: 2 bytes

     GYRO_WRITE_FREQ                  Block is used from MPI_CONSTANTS


%%%%%%%%%%%%%%%%%%%%%%%%%%%%%%%%%%%%%%%%%%%%%%%%%%%%%%%%%%%%%%%%%%%%%%%%%%%%%%%%
                         E x t e r n a l   R e p o r t
%%%%%%%%%%%%%%%%%%%%%%%%%%%%%%%%%%%%%%%%%%%%%%%%%%%%%%%%%%%%%%%%%%%%%%%%%%%%%%%%

Name  Messages
----  --------
ABS(Intrinsic)
      Defined as:  No definitions.

      Interface:   None

      Called By:   GYRO_WRITE_FREQ (Line 65, file gyro_write_freq.f90)
                   GYRO_WRITE_FREQ (Line 73, file gyro_write_freq.f90)
                   GYRO_WRITE_FREQ (Line 82, file gyro_write_freq.f90)
                   GYRO_WRITE_FREQ (Line 98, file gyro_write_freq.f90)
                   GYRO_WRITE_FREQ (Line 100, file gyro_write_freq.f90)
                   GYRO_WRITE_FREQ (Line 105, file gyro_write_freq.f90)
                   GYRO_WRITE_FREQ (Line 136, file gyro_write_freq.f90)

Name  Messages
----  --------
AIMAG(Intrinsic)
      Defined as:  No definitions.

      Interface:   None

      Called By:   GYRO_WRITE_FREQ (Line 100, file gyro_write_freq.f90)

Name  Messages
----  --------
CATCH_ERROR
      Defined as:  No definitions.

      Interface:   None

      Called By:   GYRO_WRITE_FREQ (Line 66, file gyro_write_freq.f90)

Name  Messages
----  --------
CHAR(Intrinsic)
      Defined as:  No definitions.

                   No calls.  It is not called and does not use any procedure.

      Interface:   None

Name  Messages
----  --------
COLLECT_COMPLEX
      Defined as:  No definitions.

      Interface:   None

      Called By:   GYRO_WRITE_FREQ (Line 117, file gyro_write_freq.f90)

Name  Messages
----  --------
COMMEQ in MPI_CONSTANTS
      Defined as:  No definitions.

                   No calls.  It is not called and does not use any procedure.

      Interface:   None

Name  Messages
----  --------
COMMNEQ in MPI_CONSTANTS
      Defined as:  No definitions.

                   No calls.  It is not called and does not use any procedure.

      Interface:   None

Name  Messages
----  --------
DATATYPEEQ in MPI_CONSTANTS
      Defined as:  No definitions.

                   No calls.  It is not called and does not use any procedure.

      Interface:   None

Name  Messages
----  --------
DATATYPENEQ in MPI_CONSTANTS
      Defined as:  No definitions.

                   No calls.  It is not called and does not use any procedure.

      Interface:   None

Name  Messages
----  --------
ERRHANDLEREQ in MPI_CONSTANTS
      Defined as:  No definitions.

                   No calls.  It is not called and does not use any procedure.

      Interface:   None

Name  Messages
----  --------
ERRHANDLERNEQ in MPI_CONSTANTS
      Defined as:  No definitions.

                   No calls.  It is not called and does not use any procedure.

      Interface:   None

Name  Messages
----  --------
FILEEQ in MPI_CONSTANTS
      Defined as:  No definitions.

                   No calls.  It is not called and does not use any procedure.

      Interface:   None

Name  Messages
----  --------
FILENEQ in MPI_CONSTANTS
      Defined as:  No definitions.

                   No calls.  It is not called and does not use any procedure.

      Interface:   None

Name  Messages
----  --------
GROUPEQ in MPI_CONSTANTS
      Defined as:  No definitions.

                   No calls.  It is not called and does not use any procedure.

      Interface:   None

Name  Messages
----  --------
GROUPNEQ in MPI_CONSTANTS
      Defined as:  No definitions.

                   No calls.  It is not called and does not use any procedure.

      Interface:   None

Name  Messages
----  --------
GYRO_GLOBALS
      Defined as:  No definitions.

      Used By:     GYRO_WRITE_FREQ

Name  Messages
----  --------
GYRO_WRITE_FREQ
      Defined as:  Subroutine (line 17, file gyro_write_freq.f90)

      Interface:   None

      Calls:       ABS(Intrinsic) (Line 65, file gyro_write_freq.f90)
                   ABS(Intrinsic) (Line 73, file gyro_write_freq.f90)
                   ABS(Intrinsic) (Line 82, file gyro_write_freq.f90)
                   ABS(Intrinsic) (Line 98, file gyro_write_freq.f90)
                   ABS(Intrinsic) (Line 100, file gyro_write_freq.f90)
                   ABS(Intrinsic) (Line 105, file gyro_write_freq.f90)
                   ABS(Intrinsic) (Line 136, file gyro_write_freq.f90)
                   CATCH_ERROR (Line 66, file gyro_write_freq.f90)
                   MINVAL(Intrinsic) (Line 73, file gyro_write_freq.f90)
                   LOG(Intrinsic) (Line 85, file gyro_write_freq.f90)
                   REAL(Intrinsic) (Line 98, file gyro_write_freq.f90)
                   AIMAG(Intrinsic) (Line 100, file gyro_write_freq.f90)
                   COLLECT_COMPLEX (Line 117, file gyro_write_freq.f90)
                   MPI_BCAST (Line 138, file gyro_write_freq.f90)

        Uses:      MPI
                   MPI_BASE  (indirectly)
                   MPI_SIZEOFS  (indirectly)
                   MPI_CONSTANTS  (indirectly)
                   GYRO_GLOBALS
                   MATH_CONSTANTS

Name  Messages
----  --------
INFOEQ in MPI_CONSTANTS
      Defined as:  No definitions.

                   No calls.  It is not called and does not use any procedure.

      Interface:   None

Name  Messages
----  --------
INFONEQ in MPI_CONSTANTS
      Defined as:  No definitions.

                   No calls.  It is not called and does not use any procedure.

      Interface:   None

Name  Messages
----  --------
LOG(Intrinsic)
      Defined as:  No definitions.

      Interface:   None

      Called By:   GYRO_WRITE_FREQ (Line 85, file gyro_write_freq.f90)

Name  Messages
----  --------
MATH_CONSTANTS
      Defined as:  No definitions.

      Used By:     GYRO_WRITE_FREQ

Name  Messages
----  --------
MESSAGEEQ in MPI_CONSTANTS
      Defined as:  No definitions.

                   No calls.  It is not called and does not use any procedure.

      Interface:   None

Name  Messages
----  --------
MESSAGENEQ in MPI_CONSTANTS
      Defined as:  No definitions.

                   No calls.  It is not called and does not use any procedure.

      Interface:   None

Name  Messages
----  --------
MINVAL(Intrinsic)
      Defined as:  No definitions.

      Interface:   None

      Called By:   GYRO_WRITE_FREQ (Line 73, file gyro_write_freq.f90)

Name  Messages
----  --------
MPI
      Defined as:  No definitions.

      Used By:     GYRO_WRITE_FREQ

Name  Messages
----  --------
MPI_BASE
      Defined as:  No definitions.

      Used By:     GYRO_WRITE_FREQ  (indirectly)

Name  Messages
----  --------
MPI_BCAST
      Defined as:  No definitions.

      Interface:   None

      Called By:   GYRO_WRITE_FREQ (Line 138, file gyro_write_freq.f90)

Name  Messages
----  --------
MPI_CONSTANTS
      Defined as:  No definitions.

      Used By:     GYRO_WRITE_FREQ  (indirectly)

Name  Messages
----  --------
MPI_SIZEOFS
      Defined as:  No definitions.

      Used By:     GYRO_WRITE_FREQ  (indirectly)

Name  Messages
----  --------
MPI_SIZEOF_CH in MPI_SIZEOFS
      Defined as:  No definitions.

                   No calls.  It is not called and does not use any procedure.

      Interface:   None

Name  Messages
----  --------
MPI_SIZEOF_CHV in MPI_SIZEOFS
      Defined as:  No definitions.

                   No calls.  It is not called and does not use any procedure.

      Interface:   None

Name  Messages
----  --------
MPI_SIZEOF_CX in MPI_SIZEOFS
      Defined as:  No definitions.

                   No calls.  It is not called and does not use any procedure.

      Interface:   None

Name  Messages
----  --------
MPI_SIZEOF_CXV in MPI_SIZEOFS
      Defined as:  No definitions.

                   No calls.  It is not called and does not use any procedure.

      Interface:   None

Name  Messages
----  --------
MPI_SIZEOF_D in MPI_SIZEOFS
      Defined as:  No definitions.

                   No calls.  It is not called and does not use any procedure.

      Interface:   None

Name  Messages
----  --------
MPI_SIZEOF_DV in MPI_SIZEOFS
      Defined as:  No definitions.

                   No calls.  It is not called and does not use any procedure.

      Interface:   None

Name  Messages
----  --------
MPI_SIZEOF_I in MPI_SIZEOFS
      Defined as:  No definitions.

                   No calls.  It is not called and does not use any procedure.

      Interface:   None

Name  Messages
----  --------
MPI_SIZEOF_I1 in MPI_SIZEOFS
      Defined as:  No definitions.

                   No calls.  It is not called and does not use any procedure.

      Interface:   None

Name  Messages
----  --------
MPI_SIZEOF_I1V in MPI_SIZEOFS
      Defined as:  No definitions.

                   No calls.  It is not called and does not use any procedure.

      Interface:   None

Name  Messages
----  --------
MPI_SIZEOF_I2 in MPI_SIZEOFS
      Defined as:  No definitions.

                   No calls.  It is not called and does not use any procedure.

      Interface:   None

Name  Messages
----  --------
MPI_SIZEOF_I2V in MPI_SIZEOFS
      Defined as:  No definitions.

                   No calls.  It is not called and does not use any procedure.

      Interface:   None

Name  Messages
----  --------
MPI_SIZEOF_I8 in MPI_SIZEOFS
      Defined as:  No definitions.

                   No calls.  It is not called and does not use any procedure.

      Interface:   None

Name  Messages
----  --------
MPI_SIZEOF_I8V in MPI_SIZEOFS
      Defined as:  No definitions.

                   No calls.  It is not called and does not use any procedure.

      Interface:   None

Name  Messages
----  --------
MPI_SIZEOF_IV in MPI_SIZEOFS
      Defined as:  No definitions.

                   No calls.  It is not called and does not use any procedure.

      Interface:   None

Name  Messages
----  --------
MPI_SIZEOF_L in MPI_SIZEOFS
      Defined as:  No definitions.

                   No calls.  It is not called and does not use any procedure.

      Interface:   None

Name  Messages
----  --------
MPI_SIZEOF_LV in MPI_SIZEOFS
      Defined as:  No definitions.

                   No calls.  It is not called and does not use any procedure.

      Interface:   None

Name  Messages
----  --------
MPI_SIZEOF_R in MPI_SIZEOFS
      Defined as:  No definitions.

                   No calls.  It is not called and does not use any procedure.

      Interface:   None

Name  Messages
----  --------
MPI_SIZEOF_RV in MPI_SIZEOFS
      Defined as:  No definitions.

                   No calls.  It is not called and does not use any procedure.

      Interface:   None

Name  Messages
----  --------
OPEQ in MPI_CONSTANTS
      Defined as:  No definitions.

                   No calls.  It is not called and does not use any procedure.

      Interface:   None

Name  Messages
----  --------
OPNEQ in MPI_CONSTANTS
      Defined as:  No definitions.

                   No calls.  It is not called and does not use any procedure.

      Interface:   None

Name  Messages
----  --------
REAL(Intrinsic)
      Defined as:  No definitions.

      Interface:   None

      Called By:   GYRO_WRITE_FREQ (Line 98, file gyro_write_freq.f90)

Name  Messages
----  --------
REQUESTEQ in MPI_CONSTANTS
      Defined as:  No definitions.

                   No calls.  It is not called and does not use any procedure.

      Interface:   None

Name  Messages
----  --------
REQUESTNEQ in MPI_CONSTANTS
      Defined as:  No definitions.

                   No calls.  It is not called and does not use any procedure.

      Interface:   None

Name  Messages
----  --------
WINEQ in MPI_CONSTANTS
      Defined as:  No definitions.

                   No calls.  It is not called and does not use any procedure.

      Interface:   None

Name  Messages
----  --------
WINNEQ in MPI_CONSTANTS
      Defined as:  No definitions.

                   No calls.  It is not called and does not use any procedure.

      Interface:   None

Name  Messages
----  --------
__MINVAL(Intrinsic)
      Defined as:  No definitions.

                   No calls.  It is not called and does not use any procedure.

      Interface:   None


%%%%%%%%%%%%%%%%%%%%%%%%%%%%%%%%%%%%%%%%%%%%%%%%%%%%%%%%%%%%%%%%%%%%%%%%%%%%%%%%
%%%%%%%%%%%%%%%%%%%%%%%%%%%%%%%%%%%%%%%%%%%%%%%%%%%%%%%%%%%%%%%%%%%%%%%%%%%%%%%%
