%%%%%%%%%%%%%%%%%%%%%%%%%%%%%%%%%%%%%%%%%%%%%%%%%%%%%%%%%%%%%%%%%%%%%%%%%%%%%%%%
                          S u m m a r y   R e p o r t
%%%%%%%%%%%%%%%%%%%%%%%%%%%%%%%%%%%%%%%%%%%%%%%%%%%%%%%%%%%%%%%%%%%%%%%%%%%%%%%%

Compilation
-----------
File     : /global/u2/b/bassem/gyro-EP/src/gyro_phi_kp_squared.f90
Compiled : 01/19/21  15:35:47
Compiler : Version 9.1.0
Ftnlx    : Version 9.1.0 
Target   : x86-64
Command  : ftn_driver.exe -hcpu=haswell -hdynamic -D__CRAYXC -D__CRAY_HASWELL
           -D__CRAYXT_COMPUTE_LINUX_TARGET -hnetwork=aries -hnoomp -em
           -J/global/homes/b/bassem/gyro-EP/modules -sreal64 -eD -Ktrap=fp -m1
           -Rbcdps -G0 -I/opt/cray/pe/fftw/3.3.8.4/haswell/include
           -c gyro_phi_kp_squared.f90
           -I/opt/cray/pe/cce/9.1.0/cce-clang/x86_64/lib/clang/9.0.0/include
           -I/opt/cray/pe/cce/9.1.0/cce/x86_64/include/craylibs -I/usr/include
           -I/usr/include -I/opt/cray/pe/fftw/3.3.8.4/haswell/include
           -I/opt/cray/pe/libsci/19.06.1/CRAY/9.0/x86_64/include
           -I/opt/cray/pe/mpt/7.7.10/gni/mpich-cray/9.0/include
           -I/opt/cray/pe/hdf5/1.10.5.2/cray/9.0/include
           -I/opt/cray/pe/netcdf/4.6.3.2/cray/9.0/include
           -I/opt/cray/rca/2.2.20-7.0.1.1_4.53__g8e3fb5b.ari/include
           -I/opt/cray/alps/6.6.58-7.0.1.1_6.10__g437d88db.ari/include
           -I/opt/cray/xpmem/2.2.20-7.0.1.1_4.14__g0475745.ari/include
           -I/opt/cray/gni-headers/5.0.12.0-7.0.1.1_6.32__g3b1768f.ari/include
           -I/opt/cray/dmapp/7.1.1-7.0.1.1_4.54__g38cf134.ari/include
           -I/opt/cray/pe/pmi/5.0.14/include
           -I/opt/cray/ugni/6.0.14.0-7.0.1.1_7.40__ge78e5b0.ari/include
           -I/opt/cray/udreg/2.3.2-7.0.1.1_3.38__g8175d3d.ari/include
           -I/opt/cray/wlm_detect/1.3.3-7.0.1.1_4.16__g7109084.ari/include
           -I/opt/cray/krca/2.2.6-7.0.1.1_5.39__gb641b12.ari/include
           -I/opt/cray-hss-devel/9.0.0/include
Program
  Units  : GYRO_PHI_KP_SQUARED

ftnlx report
------------
Source   : /global/u2/b/bassem/gyro-EP/src/gyro_phi_kp_squared.f90
Date     : 01/19/2021  15:35:47


%%%%%%%%%%%%%%%%%%%%%%%%%%%%%%%%%%%%%%%%%%%%%%%%%%%%%%%%%%%%%%%%%%%%%%%%%%%%%%%%
                          S o u r c e   L i s t i n g
%%%%%%%%%%%%%%%%%%%%%%%%%%%%%%%%%%%%%%%%%%%%%%%%%%%%%%%%%%%%%%%%%%%%%%%%%%%%%%%%

    1.    !-------------------------------------------------------------------------
    2.    ! gyro_phi_kp_squared.f90
    3.    !
    4.    ! PURPOSE:
    5.    !  Calculate
    6.    !
    7.    !  (1) phi_squared   : (nq/r) F |phi|^2 
    8.    !  (2) k_perp_squared: F < k_perp^2 rhos_norm**2 |phi|^2 > / F < |phi|^2 >
    9.    !
   10.    ! Here, F is a flux-surface average and <> is a radial average.
   11.    !-------------------------------------------------------------------------
   12.    
   13.    subroutine gyro_phi_kp_squared
   14.    
   15.      use mpi
   16.      use gyro_globals
   17.      use gyro_pointers
   18.      use math_constants
   19.      use ompdata
   20.    
   21.      !---------------------------------------------------
   22.      implicit none
   23.      !
   24.      complex, dimension(n_x,2) :: moment
   25.      complex, dimension(n_x,2) :: moment_glob
   26.      !
   27.      complex :: inqr
   28.      real :: k_perp_squared_loc(1)
   29.      !
   30.      complex, dimension(i1_buffer:i2_buffer,n_stack) :: k0phi
   31.      complex k2phi
   32.      !
   33.      real, dimension(n_field) :: ave_phi_0_loc
   34.      real, dimension(n_field) :: ave_phi_n_loc
   35.      real, dimension(n_field) :: ave_phi_0
   36.      real, dimension(n_field) :: ave_phi_n
   37.      !--------------------------------------------------  
   38.    
   39.    !$omp parallel private(p_nek_loc,ie,k,k2phi,inqr,ip,p_nek,m,i,i_diff)
   40.      moment(ibeg:iend,:) = 0.0
ftn-6263 ftn: VECTOR GYRO_PHI_KP_SQUARED, File = gyro_phi_kp_squared.f90, Line = 40 
  A loop starting at line 40 was not vectorized because it contains a reference to a non-vector intrinsic on line 40.

   41.    
   42.      !-----------------------------------------------------------
   43.      p_nek_loc = 0
   44.      do p_nek=1+i_proc_1,n_nek_1,n_proc_1
   45.    
   46.         p_nek_loc = p_nek_loc+1
   47.    
   48.         ie = nek_e(p_nek) 
   49.         k  = nek_k(p_nek)
   50.    
   51.    !$omp barrier
   52.    !$omp single
   53.         do m=1,n_stack
   54.            k0phi(i1_buffer:0,m)     = 0.0
ftn-6263 ftn: VECTOR GYRO_PHI_KP_SQUARED, File = gyro_phi_kp_squared.f90, Line = 54 
  A loop starting at line 54 was not vectorized because it contains a reference to a non-vector intrinsic on line 54.

   55.            k0phi(1:n_x,m)           = field_tau(m,:,p_nek_loc,1)
ftn-6262 ftn: VECTOR GYRO_PHI_KP_SQUARED, File = gyro_phi_kp_squared.f90, Line = 55 
  A loop starting at line 55 was not vectorized because it contains a call to a subroutine or function on line 55.

   56.            k0phi(n_x+1:i2_buffer,m) = 0.0
ftn-6263 ftn: VECTOR GYRO_PHI_KP_SQUARED, File = gyro_phi_kp_squared.f90, Line = 56 
  A loop starting at line 56 was not vectorized because it contains a reference to a non-vector intrinsic on line 56.

   57.         end do
   58.    !$omp end single
   59.    !$omp barrier  ! ensure all k0phi values are available
   60.    
   61.            ! k_perp^2 phi
   62.    
   63.         do i = ibeg, iend
   64.            do m=1,n_stack
   65.               k2phi = 0.0
   66.               inqr = i_c*n_1(in_1)*q_s(i)/r_s(i) 
   67.               do i_diff=-m_dx,m_dx-i_dx
   68.                  ip = i+i_diff
   69.                  k2phi = k2phi-(inqr**2*qrat_t(i,k,m)**2* &
   70.                       (1.0+captheta_t(i,k,m)**2)*w_d0(i_diff)+ &
   71.                       2.0*inqr*qrat_t(i,k,m)*captheta_t(i,k,m)* &
   72.                       grad_r_t(i,k,m)*dr_eodr(i)*w_d1(i_diff)+ &
   73.                       (grad_r_t(i,k,m)*dr_eodr(i))**2*w_d2(i_diff))*&
   74.                       k0phi(i_loop(ip),m)
   75.               enddo
   76.    
   77.               moment(i,1) = moment(i,1)+w_p(ie,i,k)*k0phi(i,m)*conjg(k0phi(i,m))
   78.               moment(i,2) = moment(i,2)+w_p(ie,i,k)*k2phi*conjg(k0phi(i,m))
   79.            enddo
   80.         enddo
   81.    
   82.      enddo ! p_nek
   83.    !$omp end parallel
   84.      !
   85.      !------------------------------------------------------------
   86.    
   87.      !------------------------------------------------------------
   88.      ! ALLREDUCE to obtain full velocity-space sums.  The nonlinear
   89.      ! fluxes will be correct on all processors.
   90.      !
   91.      call MPI_ALLREDUCE(moment, &
   92.           moment_glob, &
   93.           size(moment_glob), &
   94.           MPI_DOUBLE_COMPLEX, &
   95.           MPI_SUM, &
   96.           NEW_COMM_1, &
   97.           i_err)
   98.      !------------------------------------------------------------
   99.    
  100.      phi_squared(:) = real(krho_i(in_1,:)*moment_glob(:,1))
ftn-6262 ftn: VECTOR GYRO_PHI_KP_SQUARED, File = gyro_phi_kp_squared.f90, Line = 100 
  A loop starting at line 100 was not vectorized because it contains a call to a subroutine or function on line 100.

  101.    
  102.      if (abs(sum(moment_glob(:,1))) > 0.0) then
ftn-6263 ftn: VECTOR GYRO_PHI_KP_SQUARED, File = gyro_phi_kp_squared.f90, Line = 102 
  A loop starting at line 102 was not vectorized because it contains a reference to a non-vector intrinsic on line 102.

  103.         k_perp_squared_loc(1) = abs(sum(moment_glob(:,2))/sum(moment_glob(:,1))*rhos_norm**2) 
ftn-6263 ftn: VECTOR GYRO_PHI_KP_SQUARED, File = gyro_phi_kp_squared.f90, Line = 103 
  A loop starting at line 103 was not vectorized because it contains a reference to a non-vector intrinsic on line 103.

  104.      else
  105.         k_perp_squared_loc(1) = 0.0
  106.      endif
  107.    
  108.      call collect_real(k_perp_squared_loc(1),k_perp_squared(:))
  109.    
  110.      ! Now, get RMS field averages
  111.    
  112.      ave_phi_0_loc(:) = 0.0
ftn-6263 ftn: VECTOR GYRO_PHI_KP_SQUARED, File = gyro_phi_kp_squared.f90, Line = 112 
  A loop starting at line 112 was not vectorized because it contains a reference to a non-vector intrinsic on line 112.

  113.      ave_phi_n_loc(:) = 0.0
ftn-6263 ftn: VECTOR GYRO_PHI_KP_SQUARED, File = gyro_phi_kp_squared.f90, Line = 113 
  A loop starting at line 113 was not vectorized because it contains a reference to a non-vector intrinsic on line 113.

  114.    
  115.      if (n_1(in_1) /= 0) then
  116.    
  117.         ! nonzero modes
  118.    
  119.         do i=1,n_x
  120.            do j=1,n_theta_int
  121.               ave_phi_n_loc(:) = ave_phi_n_loc(:)+&
ftn-6262 ftn: VECTOR GYRO_PHI_KP_SQUARED, File = gyro_phi_kp_squared.f90, Line = 121 
  A loop starting at line 121 was not vectorized because it contains a call to a subroutine or function on line 121.

  122.                    2.0*real(phi(j,i,:)*conjg(phi(j,i,:)))
  123.            enddo
  124.         enddo
  125.    
  126.      else
  127.    
  128.         ! zero modes
  129.    
  130.         do i=1,n_x
  131.            do j=1,n_theta_int
  132.               ave_phi_0_loc(:) = ave_phi_0_loc(:)+&
ftn-6262 ftn: VECTOR GYRO_PHI_KP_SQUARED, File = gyro_phi_kp_squared.f90, Line = 132 
  A loop starting at line 132 was not vectorized because it contains a call to a subroutine or function on line 132.

  133.                    real(phi(j,i,:)*conjg(phi(j,i,:)))
  134.            enddo
  135.         enddo
  136.    
  137.      endif
  138.    
  139.      call MPI_ALLREDUCE(ave_phi_0_loc,&
  140.           ave_phi_0,&
  141.           n_field,&
  142.           MPI_DOUBLE_PRECISION,&
  143.           MPI_SUM,&
  144.           NEW_COMM_2,&
  145.           i_err)
  146.    
  147.      call MPI_ALLREDUCE(ave_phi_n_loc,&
  148.           ave_phi_n,&
  149.           n_field,&
  150.           MPI_DOUBLE_PRECISION,&
  151.           MPI_SUM,&
  152.           NEW_COMM_2,&
  153.           i_err)
  154.    
  155.      ave_phi(1,:) = sqrt(ave_phi_0(:)/(n_theta_int*n_x))
ftn-6262 ftn: VECTOR GYRO_PHI_KP_SQUARED, File = gyro_phi_kp_squared.f90, Line = 155 
  A loop starting at line 155 was not vectorized because it contains a call to a subroutine or function on line 155.

  156.      ave_phi(2,:) = sqrt(ave_phi_n(:)/(n_theta_int*n_x))
ftn-6262 ftn: VECTOR GYRO_PHI_KP_SQUARED, File = gyro_phi_kp_squared.f90, Line = 156 
  A loop starting at line 156 was not vectorized because it contains a call to a subroutine or function on line 156.

  157.    
  158.      if (i_proc == 0 .and. debug_flag == 1) then
  159.         print *,'[gyro_phi_kp_squared called]'
  160.      endif
  161.    
  162.    end subroutine gyro_phi_kp_squared


%%%%%%%%%%%%%%%%%%%%%%%%%%%%%%%%%%%%%%%%%%%%%%%%%%%%%%%%%%%%%%%%%%%%%%%%%%%%%%%%
                     C o m m o n   B l o c k   R e p o r t
%%%%%%%%%%%%%%%%%%%%%%%%%%%%%%%%%%%%%%%%%%%%%%%%%%%%%%%%%%%%%%%%%%%%%%%%%%%%%%%%

Blk  Program Unit                     Messages
---  ------------                     --------
/MPIFCMB5/                            Length: 4 bytes

     GYRO_PHI_KP_SQUARED              Block is used from MPI_CONSTANTS

Blk  Program Unit                     Messages
---  ------------                     --------
/MPIFCMB9/                            Length: 4 bytes

     GYRO_PHI_KP_SQUARED              Block is used from MPI_CONSTANTS

Blk  Program Unit                     Messages
---  ------------                     --------
/MPIPRIV1/                            Length: 28 bytes

     GYRO_PHI_KP_SQUARED              Block is used from MPI_CONSTANTS

Blk  Program Unit                     Messages
---  ------------                     --------
/MPIPRIV2/                            Length: 24 bytes

     GYRO_PHI_KP_SQUARED              Block is used from MPI_CONSTANTS

Blk  Program Unit                     Messages
---  ------------                     --------
/MPIPRIVC/                            Length: 2 bytes

     GYRO_PHI_KP_SQUARED              Block is used from MPI_CONSTANTS


%%%%%%%%%%%%%%%%%%%%%%%%%%%%%%%%%%%%%%%%%%%%%%%%%%%%%%%%%%%%%%%%%%%%%%%%%%%%%%%%
                         E x t e r n a l   R e p o r t
%%%%%%%%%%%%%%%%%%%%%%%%%%%%%%%%%%%%%%%%%%%%%%%%%%%%%%%%%%%%%%%%%%%%%%%%%%%%%%%%

Name  Messages
----  --------
ABS(Intrinsic)
      Defined as:  No definitions.

      Interface:   None

      Called By:   GYRO_PHI_KP_SQUARED (Line 102, file gyro_phi_kp_squared.f90)
                   GYRO_PHI_KP_SQUARED (Line 103, file gyro_phi_kp_squared.f90)

Name  Messages
----  --------
CHAR(Intrinsic)
      Defined as:  No definitions.

                   No calls.  It is not called and does not use any procedure.

      Interface:   None

Name  Messages
----  --------
COLLECT_REAL
      Defined as:  No definitions.

      Interface:   None

      Called By:   GYRO_PHI_KP_SQUARED (Line 108, file gyro_phi_kp_squared.f90)

Name  Messages
----  --------
COMMEQ in MPI_CONSTANTS
      Defined as:  No definitions.

                   No calls.  It is not called and does not use any procedure.

      Interface:   None

Name  Messages
----  --------
COMMNEQ in MPI_CONSTANTS
      Defined as:  No definitions.

                   No calls.  It is not called and does not use any procedure.

      Interface:   None

Name  Messages
----  --------
CONJG(Intrinsic)
      Defined as:  No definitions.

      Interface:   None

      Called By:   GYRO_PHI_KP_SQUARED (Line 77, file gyro_phi_kp_squared.f90)
                   GYRO_PHI_KP_SQUARED (Line 78, file gyro_phi_kp_squared.f90)
                   GYRO_PHI_KP_SQUARED (Line 122, file gyro_phi_kp_squared.f90)
                   GYRO_PHI_KP_SQUARED (Line 133, file gyro_phi_kp_squared.f90)

Name  Messages
----  --------
DATATYPEEQ in MPI_CONSTANTS
      Defined as:  No definitions.

                   No calls.  It is not called and does not use any procedure.

      Interface:   None

Name  Messages
----  --------
DATATYPENEQ in MPI_CONSTANTS
      Defined as:  No definitions.

                   No calls.  It is not called and does not use any procedure.

      Interface:   None

Name  Messages
----  --------
ERRHANDLEREQ in MPI_CONSTANTS
      Defined as:  No definitions.

                   No calls.  It is not called and does not use any procedure.

      Interface:   None

Name  Messages
----  --------
ERRHANDLERNEQ in MPI_CONSTANTS
      Defined as:  No definitions.

                   No calls.  It is not called and does not use any procedure.

      Interface:   None

Name  Messages
----  --------
FILEEQ in MPI_CONSTANTS
      Defined as:  No definitions.

                   No calls.  It is not called and does not use any procedure.

      Interface:   None

Name  Messages
----  --------
FILENEQ in MPI_CONSTANTS
      Defined as:  No definitions.

                   No calls.  It is not called and does not use any procedure.

      Interface:   None

Name  Messages
----  --------
GROUPEQ in MPI_CONSTANTS
      Defined as:  No definitions.

                   No calls.  It is not called and does not use any procedure.

      Interface:   None

Name  Messages
----  --------
GROUPNEQ in MPI_CONSTANTS
      Defined as:  No definitions.

                   No calls.  It is not called and does not use any procedure.

      Interface:   None

Name  Messages
----  --------
GYRO_GLOBALS
      Defined as:  No definitions.

      Used By:     GYRO_PHI_KP_SQUARED

Name  Messages
----  --------
GYRO_PHI_KP_SQUARED
      Defined as:  Subroutine (line 13, file gyro_phi_kp_squared.f90)

      Interface:   None

      Calls:       CONJG(Intrinsic) (Line 77, file gyro_phi_kp_squared.f90)
                   CONJG(Intrinsic) (Line 78, file gyro_phi_kp_squared.f90)
                   CONJG(Intrinsic) (Line 122, file gyro_phi_kp_squared.f90)
                   CONJG(Intrinsic) (Line 133, file gyro_phi_kp_squared.f90)
                   REAL(Intrinsic) (Line 100, file gyro_phi_kp_squared.f90)
                   REAL(Intrinsic) (Line 122, file gyro_phi_kp_squared.f90)
                   REAL(Intrinsic) (Line 133, file gyro_phi_kp_squared.f90)
                   SUM(Intrinsic) (Line 102, file gyro_phi_kp_squared.f90)
                   SUM(Intrinsic) (Line 103, file gyro_phi_kp_squared.f90)
                   SUM(Intrinsic) (Line 103, file gyro_phi_kp_squared.f90)
                   ABS(Intrinsic) (Line 102, file gyro_phi_kp_squared.f90)
                   ABS(Intrinsic) (Line 103, file gyro_phi_kp_squared.f90)
                   COLLECT_REAL (Line 108, file gyro_phi_kp_squared.f90)
                   SQRT(Intrinsic) (Line 155, file gyro_phi_kp_squared.f90)
                   SQRT(Intrinsic) (Line 156, file gyro_phi_kp_squared.f90)

        Uses:      MPI
                   MPI_BASE  (indirectly)
                   MPI_SIZEOFS  (indirectly)
                   MPI_CONSTANTS  (indirectly)
                   GYRO_GLOBALS
                   GYRO_POINTERS
                   MATH_CONSTANTS
                   OMPDATA

Name  Messages
----  --------
GYRO_POINTERS
      Defined as:  No definitions.

      Used By:     GYRO_PHI_KP_SQUARED

Name  Messages
----  --------
INFOEQ in MPI_CONSTANTS
      Defined as:  No definitions.

                   No calls.  It is not called and does not use any procedure.

      Interface:   None

Name  Messages
----  --------
INFONEQ in MPI_CONSTANTS
      Defined as:  No definitions.

                   No calls.  It is not called and does not use any procedure.

      Interface:   None

Name  Messages
----  --------
MATH_CONSTANTS
      Defined as:  No definitions.

      Used By:     GYRO_PHI_KP_SQUARED

Name  Messages
----  --------
MESSAGEEQ in MPI_CONSTANTS
      Defined as:  No definitions.

                   No calls.  It is not called and does not use any procedure.

      Interface:   None

Name  Messages
----  --------
MESSAGENEQ in MPI_CONSTANTS
      Defined as:  No definitions.

                   No calls.  It is not called and does not use any procedure.

      Interface:   None

Name  Messages
----  --------
MPI
      Defined as:  No definitions.

      Used By:     GYRO_PHI_KP_SQUARED

Name  Messages
----  --------
MPI_ALLREDUCE
      Defined as:  No definitions.

                   No calls.  It is not called and does not use any procedure.

      Interface:   None

Name  Messages
----  --------
MPI_BASE
      Defined as:  No definitions.

      Used By:     GYRO_PHI_KP_SQUARED  (indirectly)

Name  Messages
----  --------
MPI_CONSTANTS
      Defined as:  No definitions.

      Used By:     GYRO_PHI_KP_SQUARED  (indirectly)

Name  Messages
----  --------
MPI_SIZEOFS
      Defined as:  No definitions.

      Used By:     GYRO_PHI_KP_SQUARED  (indirectly)

Name  Messages
----  --------
MPI_SIZEOF_CH in MPI_SIZEOFS
      Defined as:  No definitions.

                   No calls.  It is not called and does not use any procedure.

      Interface:   None

Name  Messages
----  --------
MPI_SIZEOF_CHV in MPI_SIZEOFS
      Defined as:  No definitions.

                   No calls.  It is not called and does not use any procedure.

      Interface:   None

Name  Messages
----  --------
MPI_SIZEOF_CX in MPI_SIZEOFS
      Defined as:  No definitions.

                   No calls.  It is not called and does not use any procedure.

      Interface:   None

Name  Messages
----  --------
MPI_SIZEOF_CXV in MPI_SIZEOFS
      Defined as:  No definitions.

                   No calls.  It is not called and does not use any procedure.

      Interface:   None

Name  Messages
----  --------
MPI_SIZEOF_D in MPI_SIZEOFS
      Defined as:  No definitions.

                   No calls.  It is not called and does not use any procedure.

      Interface:   None

Name  Messages
----  --------
MPI_SIZEOF_DV in MPI_SIZEOFS
      Defined as:  No definitions.

                   No calls.  It is not called and does not use any procedure.

      Interface:   None

Name  Messages
----  --------
MPI_SIZEOF_I in MPI_SIZEOFS
      Defined as:  No definitions.

                   No calls.  It is not called and does not use any procedure.

      Interface:   None

Name  Messages
----  --------
MPI_SIZEOF_I1 in MPI_SIZEOFS
      Defined as:  No definitions.

                   No calls.  It is not called and does not use any procedure.

      Interface:   None

Name  Messages
----  --------
MPI_SIZEOF_I1V in MPI_SIZEOFS
      Defined as:  No definitions.

                   No calls.  It is not called and does not use any procedure.

      Interface:   None

Name  Messages
----  --------
MPI_SIZEOF_I2 in MPI_SIZEOFS
      Defined as:  No definitions.

                   No calls.  It is not called and does not use any procedure.

      Interface:   None

Name  Messages
----  --------
MPI_SIZEOF_I2V in MPI_SIZEOFS
      Defined as:  No definitions.

                   No calls.  It is not called and does not use any procedure.

      Interface:   None

Name  Messages
----  --------
MPI_SIZEOF_I8 in MPI_SIZEOFS
      Defined as:  No definitions.

                   No calls.  It is not called and does not use any procedure.

      Interface:   None

Name  Messages
----  --------
MPI_SIZEOF_I8V in MPI_SIZEOFS
      Defined as:  No definitions.

                   No calls.  It is not called and does not use any procedure.

      Interface:   None

Name  Messages
----  --------
MPI_SIZEOF_IV in MPI_SIZEOFS
      Defined as:  No definitions.

                   No calls.  It is not called and does not use any procedure.

      Interface:   None

Name  Messages
----  --------
MPI_SIZEOF_L in MPI_SIZEOFS
      Defined as:  No definitions.

                   No calls.  It is not called and does not use any procedure.

      Interface:   None

Name  Messages
----  --------
MPI_SIZEOF_LV in MPI_SIZEOFS
      Defined as:  No definitions.

                   No calls.  It is not called and does not use any procedure.

      Interface:   None

Name  Messages
----  --------
MPI_SIZEOF_R in MPI_SIZEOFS
      Defined as:  No definitions.

                   No calls.  It is not called and does not use any procedure.

      Interface:   None

Name  Messages
----  --------
MPI_SIZEOF_RV in MPI_SIZEOFS
      Defined as:  No definitions.

                   No calls.  It is not called and does not use any procedure.

      Interface:   None

Name  Messages
----  --------
OMPDATA
      Defined as:  No definitions.

      Used By:     GYRO_PHI_KP_SQUARED

Name  Messages
----  --------
OPEQ in MPI_CONSTANTS
      Defined as:  No definitions.

                   No calls.  It is not called and does not use any procedure.

      Interface:   None

Name  Messages
----  --------
OPNEQ in MPI_CONSTANTS
      Defined as:  No definitions.

                   No calls.  It is not called and does not use any procedure.

      Interface:   None

Name  Messages
----  --------
REAL(Intrinsic)
      Defined as:  No definitions.

      Interface:   None

      Called By:   GYRO_PHI_KP_SQUARED (Line 100, file gyro_phi_kp_squared.f90)
                   GYRO_PHI_KP_SQUARED (Line 122, file gyro_phi_kp_squared.f90)
                   GYRO_PHI_KP_SQUARED (Line 133, file gyro_phi_kp_squared.f90)

Name  Messages
----  --------
REQUESTEQ in MPI_CONSTANTS
      Defined as:  No definitions.

                   No calls.  It is not called and does not use any procedure.

      Interface:   None

Name  Messages
----  --------
REQUESTNEQ in MPI_CONSTANTS
      Defined as:  No definitions.

                   No calls.  It is not called and does not use any procedure.

      Interface:   None

Name  Messages
----  --------
SIZE(Intrinsic)
      Defined as:  No definitions.

                   No calls.  It is not called and does not use any procedure.

      Interface:   None

Name  Messages
----  --------
SQRT(Intrinsic)
      Defined as:  No definitions.

      Interface:   None

      Called By:   GYRO_PHI_KP_SQUARED (Line 155, file gyro_phi_kp_squared.f90)
                   GYRO_PHI_KP_SQUARED (Line 156, file gyro_phi_kp_squared.f90)

Name  Messages
----  --------
SUM(Intrinsic)
      Defined as:  No definitions.

      Interface:   None

      Called By:   GYRO_PHI_KP_SQUARED (Line 102, file gyro_phi_kp_squared.f90)
                   GYRO_PHI_KP_SQUARED (Line 103, file gyro_phi_kp_squared.f90)
                   GYRO_PHI_KP_SQUARED (Line 103, file gyro_phi_kp_squared.f90)

Name  Messages
----  --------
WINEQ in MPI_CONSTANTS
      Defined as:  No definitions.

                   No calls.  It is not called and does not use any procedure.

      Interface:   None

Name  Messages
----  --------
WINNEQ in MPI_CONSTANTS
      Defined as:  No definitions.

                   No calls.  It is not called and does not use any procedure.

      Interface:   None

Name  Messages
----  --------
__SUM(Intrinsic)
      Defined as:  No definitions.

                   No calls.  It is not called and does not use any procedure.

      Interface:   None


%%%%%%%%%%%%%%%%%%%%%%%%%%%%%%%%%%%%%%%%%%%%%%%%%%%%%%%%%%%%%%%%%%%%%%%%%%%%%%%%
%%%%%%%%%%%%%%%%%%%%%%%%%%%%%%%%%%%%%%%%%%%%%%%%%%%%%%%%%%%%%%%%%%%%%%%%%%%%%%%%
