%%%%%%%%%%%%%%%%%%%%%%%%%%%%%%%%%%%%%%%%%%%%%%%%%%%%%%%%%%%%%%%%%%%%%%%%%%%%%%%%
                          S u m m a r y   R e p o r t
%%%%%%%%%%%%%%%%%%%%%%%%%%%%%%%%%%%%%%%%%%%%%%%%%%%%%%%%%%%%%%%%%%%%%%%%%%%%%%%%

Compilation
-----------
File     : /global/u2/b/bassem/gyro-EP/src/gyro_entropy.f90
Compiled : 01/19/21  15:35:35
Compiler : Version 9.1.0
Ftnlx    : Version 9.1.0 
Target   : x86-64
Command  : ftn_driver.exe -hcpu=haswell -hdynamic -D__CRAYXC -D__CRAY_HASWELL
           -D__CRAYXT_COMPUTE_LINUX_TARGET -hnetwork=aries -hnoomp -em
           -J/global/homes/b/bassem/gyro-EP/modules -sreal64 -eD -Ktrap=fp -m1
           -Rbcdps -G0 -I/opt/cray/pe/fftw/3.3.8.4/haswell/include
           -c gyro_entropy.f90
           -I/opt/cray/pe/cce/9.1.0/cce-clang/x86_64/lib/clang/9.0.0/include
           -I/opt/cray/pe/cce/9.1.0/cce/x86_64/include/craylibs -I/usr/include
           -I/usr/include -I/opt/cray/pe/fftw/3.3.8.4/haswell/include
           -I/opt/cray/pe/libsci/19.06.1/CRAY/9.0/x86_64/include
           -I/opt/cray/pe/mpt/7.7.10/gni/mpich-cray/9.0/include
           -I/opt/cray/pe/hdf5/1.10.5.2/cray/9.0/include
           -I/opt/cray/pe/netcdf/4.6.3.2/cray/9.0/include
           -I/opt/cray/rca/2.2.20-7.0.1.1_4.53__g8e3fb5b.ari/include
           -I/opt/cray/alps/6.6.58-7.0.1.1_6.10__g437d88db.ari/include
           -I/opt/cray/xpmem/2.2.20-7.0.1.1_4.14__g0475745.ari/include
           -I/opt/cray/gni-headers/5.0.12.0-7.0.1.1_6.32__g3b1768f.ari/include
           -I/opt/cray/dmapp/7.1.1-7.0.1.1_4.54__g38cf134.ari/include
           -I/opt/cray/pe/pmi/5.0.14/include
           -I/opt/cray/ugni/6.0.14.0-7.0.1.1_7.40__ge78e5b0.ari/include
           -I/opt/cray/udreg/2.3.2-7.0.1.1_3.38__g8175d3d.ari/include
           -I/opt/cray/wlm_detect/1.3.3-7.0.1.1_4.16__g7109084.ari/include
           -I/opt/cray/krca/2.2.6-7.0.1.1_5.39__gb641b12.ari/include
           -I/opt/cray-hss-devel/9.0.0/include
Program
  Units  : GYRO_ENTROPY

ftnlx report
------------
Source   : /global/u2/b/bassem/gyro-EP/src/gyro_entropy.f90
Date     : 01/19/2021  15:35:35


%%%%%%%%%%%%%%%%%%%%%%%%%%%%%%%%%%%%%%%%%%%%%%%%%%%%%%%%%%%%%%%%%%%%%%%%%%%%%%%%
                          S o u r c e   L i s t i n g
%%%%%%%%%%%%%%%%%%%%%%%%%%%%%%%%%%%%%%%%%%%%%%%%%%%%%%%%%%%%%%%%%%%%%%%%%%%%%%%%

    1.    !------------------------------------------------------------------
    2.    ! gyro_entropy.f90
    3.    !
    4.    ! PURPOSE:
    5.    !  Calculate individual terms from entropy balance equation for 
    6.    !  each species:
    7.    !
    8.    !   sigma - H* dH/dt + H* C(H) + H* Diss_tau + H* Diss_r = 0 
    9.    !
   10.    ! NOTES:
   11.    !  entropy(1) : sigma
   12.    !  entropy(2) : - H* dH/dt
   13.    !  entropy(3) : H* C(H)
   14.    !  entropy(4) : H* Diss_tau
   15.    !  entropy(5) : H* Diss_r
   16.    !
   17.    !  See GYRO Technical manual for more details.
   18.    !------------------------------------------------------------------
   19.    
   20.    subroutine gyro_entropy
   21.    
   22.      use mpi
   23.      use gyro_globals
   24.      use gyro_pointers
   25.      use math_constants
   26.    
   27.      !-------------------------------------------------------------
   28.      implicit none
   29.      !
   30.      integer :: ii
   31.      !
   32.      real, dimension(n_kinetic,n_entro) :: entropy_loc
   33.      complex :: h_cap_dot_0
   34.      !-------------------------------------------------------------
   35.    
   36.    
   37.      entropy_loc(:,:) = 0.0
ftn-6263 ftn: VECTOR GYRO_ENTROPY, File = gyro_entropy.f90, Line = 37 
  A loop starting at line 37 was not vectorized because it contains a reference to a non-vector intrinsic on line 37.

   38.    
   39.      !------------------------------------------------------------
   40.      ! The first element is Sugama's sigma function (the surface-
   41.      ! averaged anomalous entropy production rate):
   42.      !
   43.      do is=1,n_kinetic
   44.    
   45.         ! Sum entropy (sigma) over fields
   46.    
   47.         entropy(is,1) = 0.0
   48.         do ix=1,n_field
   49.            entropy(is,1) = entropy(is,1)+& 
   50.                 (dlnndr_s(is,ir_norm)-1.5*dlntdr_s(is,ir_norm))*gbflux(is,ix,1) &
   51.                 +dlntdr_s(is,ir_norm)/tem_s(is,ir_norm)*gbflux(is,ix,2) &
   52.                 +q_s(ir_norm)/r_s(ir_norm)*gamma_e_s(ir_norm)*gbflux(is,ix,3) &
   53.                 +1.0/tem_s(is,ir_norm)*gbflux(is,ix,4)
   54.         enddo ! ix
   55.    
   56.      enddo ! is
   57.      !------------------------------------------------------------
   58.    
   59.      !------------------------------------------------------------
   60.      p_nek_loc = 0
   61.      do p_nek=1+i_proc_1,n_nek_1,n_proc_1
   62.    
   63.         p_nek_loc = p_nek_loc+1
   64.    
   65.         ie = nek_e(p_nek) 
   66.         k  = nek_k(p_nek)
   67.    
   68.         ck = class(k)
   69.    
   70.         do is=1,n_kinetic
   71.    
   72.            do i=1,n_x
   73.               do m=1,n_stack
   74.    
   75.                  ! 2: - H* dH/dt
   76.    
   77.                  ! Remove advective part from time derivative
   78.                  h_cap_dot_0 = h_cap_dot(m,i,p_nek_loc,is) &
   79.                       -i_c*omega_eb_s(i)*h_cap(m,i,p_nek_loc,is)
   80.    
   81.                  entropy_loc(is,2) = entropy_loc(is,2)-w_p(ie,i,k) &
   82.                       *real(conjg(h_cap(m,i,p_nek_loc,is))*h_cap_dot_0)
   83.    
   84.                  ! 3: collisional dissipation
   85.    
   86.                  if (collision_flag == 1 .and. is == indx_e) then
   87.                     entropy_loc(is,3) = entropy_loc(is,3)+w_p(ie,i,k) &
   88.                          *real(conjg(h_cap(m,i,p_nek_loc,is))* &
   89.                          (fb_coll(m,i,p_nek_loc)-f_coll(m,i,p_nek_loc))/dt)
   90.                  endif
   91.    
   92.                  ! 4: orbit dissipation
   93.    
   94.                  entropy_loc(is,4) = entropy_loc(is,4)+&
   95.                       w_p(ie,i,k)*rhs_dt(m,i,p_nek_loc,is) 
   96.    
   97.                  ! 5: radial dissipation
   98.    
   99.                  entropy_loc(is,5) = entropy_loc(is,5)+&
  100.                       w_p(ie,i,k)*rhs_dr(m,i,p_nek_loc,is) 
  101.    
  102.               enddo ! m
  103.            enddo ! i
  104.         enddo ! is
  105.    
  106.      enddo ! p_nek
  107.      !------------------------------------------------------------
  108.    
  109.      !------------------------------------------------------------
  110.      ! Normalize local results: 
  111.      !
  112.      do ii=2,n_entro
  113.    
  114.         if (n_1(in_1) /= 0) then
  115.            entropy_loc(:,ii) = 2.0*entropy_loc(:,ii)
ftn-6263 ftn: VECTOR GYRO_ENTROPY, File = gyro_entropy.f90, Line = 115 
  A loop starting at line 115 was not vectorized because it contains a reference to a non-vector intrinsic on line 115.

  116.         endif
  117.    
  118.         entropy_loc(:,ii) = entropy_loc(:,ii)/n_x
ftn-6263 ftn: VECTOR GYRO_ENTROPY, File = gyro_entropy.f90, Line = 118 
  A loop starting at line 118 was not vectorized because it contains a reference to a non-vector intrinsic on line 118.

  119.         entropy_loc(:,ii) = entropy_loc(:,ii)/rhos_norm**2
ftn-6263 ftn: VECTOR GYRO_ENTROPY, File = gyro_entropy.f90, Line = 119 
  A loop starting at line 119 was not vectorized because it contains a reference to a non-vector intrinsic on line 119.

  120.    
  121.      enddo ! ii 
  122.      !------------------------------------------------------------
  123.    
  124.      !------------------------------------------------------------
  125.      ! Sum over all processors: 
  126.      !
  127.      call MPI_REDUCE(entropy_loc(:,2:n_entro), &
  128.           entropy(:,2:n_entro), &
  129.           (n_entro-1)*n_kinetic, &
  130.           MPI_DOUBLE_PRECISION, &
  131.           MPI_SUM, &
  132.           0,&
  133.           GYRO_COMM_WORLD, &
  134.           i_err)
  135.      !------------------------------------------------------------
  136.    
  137.      if (step == 0) entropy = 0.0
ftn-6209 ftn: VECTOR GYRO_ENTROPY, File = gyro_entropy.f90, Line = 137 
  A loop starting at line 137 was partially vectorized.

  138.    
  139.      if (i_proc == 0) then
  140.         if (debug_flag == 1) print *,'[get_entropy called]'
  141.      endif
  142.    
  143.    end subroutine gyro_entropy


%%%%%%%%%%%%%%%%%%%%%%%%%%%%%%%%%%%%%%%%%%%%%%%%%%%%%%%%%%%%%%%%%%%%%%%%%%%%%%%%
                     C o m m o n   B l o c k   R e p o r t
%%%%%%%%%%%%%%%%%%%%%%%%%%%%%%%%%%%%%%%%%%%%%%%%%%%%%%%%%%%%%%%%%%%%%%%%%%%%%%%%

Blk  Program Unit                     Messages
---  ------------                     --------
/MPIFCMB5/                            Length: 4 bytes

     GYRO_ENTROPY                     Block is used from MPI_CONSTANTS

Blk  Program Unit                     Messages
---  ------------                     --------
/MPIFCMB9/                            Length: 4 bytes

     GYRO_ENTROPY                     Block is used from MPI_CONSTANTS

Blk  Program Unit                     Messages
---  ------------                     --------
/MPIPRIV1/                            Length: 28 bytes

     GYRO_ENTROPY                     Block is used from MPI_CONSTANTS

Blk  Program Unit                     Messages
---  ------------                     --------
/MPIPRIV2/                            Length: 24 bytes

     GYRO_ENTROPY                     Block is used from MPI_CONSTANTS

Blk  Program Unit                     Messages
---  ------------                     --------
/MPIPRIVC/                            Length: 2 bytes

     GYRO_ENTROPY                     Block is used from MPI_CONSTANTS


%%%%%%%%%%%%%%%%%%%%%%%%%%%%%%%%%%%%%%%%%%%%%%%%%%%%%%%%%%%%%%%%%%%%%%%%%%%%%%%%
                         E x t e r n a l   R e p o r t
%%%%%%%%%%%%%%%%%%%%%%%%%%%%%%%%%%%%%%%%%%%%%%%%%%%%%%%%%%%%%%%%%%%%%%%%%%%%%%%%

Name  Messages
----  --------
CHAR(Intrinsic)
      Defined as:  No definitions.

                   No calls.  It is not called and does not use any procedure.

      Interface:   None

Name  Messages
----  --------
COMMEQ in MPI_CONSTANTS
      Defined as:  No definitions.

                   No calls.  It is not called and does not use any procedure.

      Interface:   None

Name  Messages
----  --------
COMMNEQ in MPI_CONSTANTS
      Defined as:  No definitions.

                   No calls.  It is not called and does not use any procedure.

      Interface:   None

Name  Messages
----  --------
CONJG(Intrinsic)
      Defined as:  No definitions.

      Interface:   None

      Called By:   GYRO_ENTROPY (Line 82, file gyro_entropy.f90)
                   GYRO_ENTROPY (Line 88, file gyro_entropy.f90)

Name  Messages
----  --------
DATATYPEEQ in MPI_CONSTANTS
      Defined as:  No definitions.

                   No calls.  It is not called and does not use any procedure.

      Interface:   None

Name  Messages
----  --------
DATATYPENEQ in MPI_CONSTANTS
      Defined as:  No definitions.

                   No calls.  It is not called and does not use any procedure.

      Interface:   None

Name  Messages
----  --------
ERRHANDLEREQ in MPI_CONSTANTS
      Defined as:  No definitions.

                   No calls.  It is not called and does not use any procedure.

      Interface:   None

Name  Messages
----  --------
ERRHANDLERNEQ in MPI_CONSTANTS
      Defined as:  No definitions.

                   No calls.  It is not called and does not use any procedure.

      Interface:   None

Name  Messages
----  --------
FILEEQ in MPI_CONSTANTS
      Defined as:  No definitions.

                   No calls.  It is not called and does not use any procedure.

      Interface:   None

Name  Messages
----  --------
FILENEQ in MPI_CONSTANTS
      Defined as:  No definitions.

                   No calls.  It is not called and does not use any procedure.

      Interface:   None

Name  Messages
----  --------
GROUPEQ in MPI_CONSTANTS
      Defined as:  No definitions.

                   No calls.  It is not called and does not use any procedure.

      Interface:   None

Name  Messages
----  --------
GROUPNEQ in MPI_CONSTANTS
      Defined as:  No definitions.

                   No calls.  It is not called and does not use any procedure.

      Interface:   None

Name  Messages
----  --------
GYRO_ENTROPY
      Defined as:  Subroutine (line 20, file gyro_entropy.f90)

      Interface:   None

      Calls:       CONJG(Intrinsic) (Line 82, file gyro_entropy.f90)
                   CONJG(Intrinsic) (Line 88, file gyro_entropy.f90)
                   REAL(Intrinsic) (Line 82, file gyro_entropy.f90)
                   REAL(Intrinsic) (Line 88, file gyro_entropy.f90)

        Uses:      MPI
                   MPI_BASE  (indirectly)
                   MPI_SIZEOFS  (indirectly)
                   MPI_CONSTANTS  (indirectly)
                   GYRO_GLOBALS
                   GYRO_POINTERS
                   MATH_CONSTANTS

Name  Messages
----  --------
GYRO_GLOBALS
      Defined as:  No definitions.

      Used By:     GYRO_ENTROPY

Name  Messages
----  --------
GYRO_POINTERS
      Defined as:  No definitions.

      Used By:     GYRO_ENTROPY

Name  Messages
----  --------
INFOEQ in MPI_CONSTANTS
      Defined as:  No definitions.

                   No calls.  It is not called and does not use any procedure.

      Interface:   None

Name  Messages
----  --------
INFONEQ in MPI_CONSTANTS
      Defined as:  No definitions.

                   No calls.  It is not called and does not use any procedure.

      Interface:   None

Name  Messages
----  --------
MATH_CONSTANTS
      Defined as:  No definitions.

      Used By:     GYRO_ENTROPY

Name  Messages
----  --------
MESSAGEEQ in MPI_CONSTANTS
      Defined as:  No definitions.

                   No calls.  It is not called and does not use any procedure.

      Interface:   None

Name  Messages
----  --------
MESSAGENEQ in MPI_CONSTANTS
      Defined as:  No definitions.

                   No calls.  It is not called and does not use any procedure.

      Interface:   None

Name  Messages
----  --------
MPI
      Defined as:  No definitions.

      Used By:     GYRO_ENTROPY

Name  Messages
----  --------
MPI_BASE
      Defined as:  No definitions.

      Used By:     GYRO_ENTROPY  (indirectly)

Name  Messages
----  --------
MPI_CONSTANTS
      Defined as:  No definitions.

      Used By:     GYRO_ENTROPY  (indirectly)

Name  Messages
----  --------
MPI_REDUCE
      Defined as:  No definitions.

                   No calls.  It is not called and does not use any procedure.

      Interface:   None

Name  Messages
----  --------
MPI_SIZEOFS
      Defined as:  No definitions.

      Used By:     GYRO_ENTROPY  (indirectly)

Name  Messages
----  --------
MPI_SIZEOF_CH in MPI_SIZEOFS
      Defined as:  No definitions.

                   No calls.  It is not called and does not use any procedure.

      Interface:   None

Name  Messages
----  --------
MPI_SIZEOF_CHV in MPI_SIZEOFS
      Defined as:  No definitions.

                   No calls.  It is not called and does not use any procedure.

      Interface:   None

Name  Messages
----  --------
MPI_SIZEOF_CX in MPI_SIZEOFS
      Defined as:  No definitions.

                   No calls.  It is not called and does not use any procedure.

      Interface:   None

Name  Messages
----  --------
MPI_SIZEOF_CXV in MPI_SIZEOFS
      Defined as:  No definitions.

                   No calls.  It is not called and does not use any procedure.

      Interface:   None

Name  Messages
----  --------
MPI_SIZEOF_D in MPI_SIZEOFS
      Defined as:  No definitions.

                   No calls.  It is not called and does not use any procedure.

      Interface:   None

Name  Messages
----  --------
MPI_SIZEOF_DV in MPI_SIZEOFS
      Defined as:  No definitions.

                   No calls.  It is not called and does not use any procedure.

      Interface:   None

Name  Messages
----  --------
MPI_SIZEOF_I in MPI_SIZEOFS
      Defined as:  No definitions.

                   No calls.  It is not called and does not use any procedure.

      Interface:   None

Name  Messages
----  --------
MPI_SIZEOF_I1 in MPI_SIZEOFS
      Defined as:  No definitions.

                   No calls.  It is not called and does not use any procedure.

      Interface:   None

Name  Messages
----  --------
MPI_SIZEOF_I1V in MPI_SIZEOFS
      Defined as:  No definitions.

                   No calls.  It is not called and does not use any procedure.

      Interface:   None

Name  Messages
----  --------
MPI_SIZEOF_I2 in MPI_SIZEOFS
      Defined as:  No definitions.

                   No calls.  It is not called and does not use any procedure.

      Interface:   None

Name  Messages
----  --------
MPI_SIZEOF_I2V in MPI_SIZEOFS
      Defined as:  No definitions.

                   No calls.  It is not called and does not use any procedure.

      Interface:   None

Name  Messages
----  --------
MPI_SIZEOF_I8 in MPI_SIZEOFS
      Defined as:  No definitions.

                   No calls.  It is not called and does not use any procedure.

      Interface:   None

Name  Messages
----  --------
MPI_SIZEOF_I8V in MPI_SIZEOFS
      Defined as:  No definitions.

                   No calls.  It is not called and does not use any procedure.

      Interface:   None

Name  Messages
----  --------
MPI_SIZEOF_IV in MPI_SIZEOFS
      Defined as:  No definitions.

                   No calls.  It is not called and does not use any procedure.

      Interface:   None

Name  Messages
----  --------
MPI_SIZEOF_L in MPI_SIZEOFS
      Defined as:  No definitions.

                   No calls.  It is not called and does not use any procedure.

      Interface:   None

Name  Messages
----  --------
MPI_SIZEOF_LV in MPI_SIZEOFS
      Defined as:  No definitions.

                   No calls.  It is not called and does not use any procedure.

      Interface:   None

Name  Messages
----  --------
MPI_SIZEOF_R in MPI_SIZEOFS
      Defined as:  No definitions.

                   No calls.  It is not called and does not use any procedure.

      Interface:   None

Name  Messages
----  --------
MPI_SIZEOF_RV in MPI_SIZEOFS
      Defined as:  No definitions.

                   No calls.  It is not called and does not use any procedure.

      Interface:   None

Name  Messages
----  --------
OPEQ in MPI_CONSTANTS
      Defined as:  No definitions.

                   No calls.  It is not called and does not use any procedure.

      Interface:   None

Name  Messages
----  --------
OPNEQ in MPI_CONSTANTS
      Defined as:  No definitions.

                   No calls.  It is not called and does not use any procedure.

      Interface:   None

Name  Messages
----  --------
REAL(Intrinsic)
      Defined as:  No definitions.

      Interface:   None

      Called By:   GYRO_ENTROPY (Line 82, file gyro_entropy.f90)
                   GYRO_ENTROPY (Line 88, file gyro_entropy.f90)

Name  Messages
----  --------
REQUESTEQ in MPI_CONSTANTS
      Defined as:  No definitions.

                   No calls.  It is not called and does not use any procedure.

      Interface:   None

Name  Messages
----  --------
REQUESTNEQ in MPI_CONSTANTS
      Defined as:  No definitions.

                   No calls.  It is not called and does not use any procedure.

      Interface:   None

Name  Messages
----  --------
WINEQ in MPI_CONSTANTS
      Defined as:  No definitions.

                   No calls.  It is not called and does not use any procedure.

      Interface:   None

Name  Messages
----  --------
WINNEQ in MPI_CONSTANTS
      Defined as:  No definitions.

                   No calls.  It is not called and does not use any procedure.

      Interface:   None


%%%%%%%%%%%%%%%%%%%%%%%%%%%%%%%%%%%%%%%%%%%%%%%%%%%%%%%%%%%%%%%%%%%%%%%%%%%%%%%%
%%%%%%%%%%%%%%%%%%%%%%%%%%%%%%%%%%%%%%%%%%%%%%%%%%%%%%%%%%%%%%%%%%%%%%%%%%%%%%%%
