%%%%%%%%%%%%%%%%%%%%%%%%%%%%%%%%%%%%%%%%%%%%%%%%%%%%%%%%%%%%%%%%%%%%%%%%%%%%%%%%
                          S u m m a r y   R e p o r t
%%%%%%%%%%%%%%%%%%%%%%%%%%%%%%%%%%%%%%%%%%%%%%%%%%%%%%%%%%%%%%%%%%%%%%%%%%%%%%%%

Compilation
-----------
File     : /global/u2/b/bassem/gyro-EP/src/gyro_write_h.f90
Compiled : 01/19/21  15:35:55
Compiler : Version 9.1.0
Ftnlx    : Version 9.1.0 
Target   : x86-64
Command  : ftn_driver.exe -hcpu=haswell -hdynamic -D__CRAYXC -D__CRAY_HASWELL
           -D__CRAYXT_COMPUTE_LINUX_TARGET -hnetwork=aries -hnoomp -em
           -J/global/homes/b/bassem/gyro-EP/modules -sreal64 -eD -Ktrap=fp -m1
           -Rbcdps -G0 -I/opt/cray/pe/fftw/3.3.8.4/haswell/include
           -c gyro_write_h.f90
           -I/opt/cray/pe/cce/9.1.0/cce-clang/x86_64/lib/clang/9.0.0/include
           -I/opt/cray/pe/cce/9.1.0/cce/x86_64/include/craylibs -I/usr/include
           -I/usr/include -I/opt/cray/pe/fftw/3.3.8.4/haswell/include
           -I/opt/cray/pe/libsci/19.06.1/CRAY/9.0/x86_64/include
           -I/opt/cray/pe/mpt/7.7.10/gni/mpich-cray/9.0/include
           -I/opt/cray/pe/hdf5/1.10.5.2/cray/9.0/include
           -I/opt/cray/pe/netcdf/4.6.3.2/cray/9.0/include
           -I/opt/cray/rca/2.2.20-7.0.1.1_4.53__g8e3fb5b.ari/include
           -I/opt/cray/alps/6.6.58-7.0.1.1_6.10__g437d88db.ari/include
           -I/opt/cray/xpmem/2.2.20-7.0.1.1_4.14__g0475745.ari/include
           -I/opt/cray/gni-headers/5.0.12.0-7.0.1.1_6.32__g3b1768f.ari/include
           -I/opt/cray/dmapp/7.1.1-7.0.1.1_4.54__g38cf134.ari/include
           -I/opt/cray/pe/pmi/5.0.14/include
           -I/opt/cray/ugni/6.0.14.0-7.0.1.1_7.40__ge78e5b0.ari/include
           -I/opt/cray/udreg/2.3.2-7.0.1.1_3.38__g8175d3d.ari/include
           -I/opt/cray/wlm_detect/1.3.3-7.0.1.1_4.16__g7109084.ari/include
           -I/opt/cray/krca/2.2.6-7.0.1.1_5.39__gb641b12.ari/include
           -I/opt/cray-hss-devel/9.0.0/include
Program
  Units  : GYRO_WRITE_H

ftnlx report
------------
Source   : /global/u2/b/bassem/gyro-EP/src/gyro_write_h.f90
Date     : 01/19/2021  15:35:55


%%%%%%%%%%%%%%%%%%%%%%%%%%%%%%%%%%%%%%%%%%%%%%%%%%%%%%%%%%%%%%%%%%%%%%%%%%%%%%%%
                          S o u r c e   L i s t i n g
%%%%%%%%%%%%%%%%%%%%%%%%%%%%%%%%%%%%%%%%%%%%%%%%%%%%%%%%%%%%%%%%%%%%%%%%%%%%%%%%

    1.    !------------------------------------------------------
    2.    ! gyro_write_h.f90 [caller gyro_write_master]
    3.    !
    4.    ! PURPOSE:
    5.    !  Distribution function output for all kinetic species.
    6.    !-----------------------------------------------------
    7.    
    8.      subroutine gyro_write_h(datafile1,datafile2,io1,io2)
    9.    
   10.      use gyro_globals
   11.      use gyro_pointers
   12.    
   13.      !---------------------------------------------------
   14.      implicit none
   15.      !
   16.      integer, intent(in) :: io1
   17.      character (len=*), intent(in) :: datafile1
   18.      integer, intent(in) :: io2
   19.      character (len=*), intent(in) :: datafile2
   20.    
   21.    
   22.    
   23.      !---------------------------------------------------
   24.    
   25.      select case (io_control)
   26.    
   27.      case(0)
   28.    
   29.         return
   30.    
   31.      case(1)
   32.    
   33.         open(unit=io1,file=trim(path)//'theta_m.out',status='replace')
   34.         print *,'Writing to theta_m.out'
   35.         do k=1,n_lambda
   36.            ck = class(k) 
   37.            do j=1,n_theta(ck)
   38.               write(io1,*) theta_t(1,k,j)
   39.            enddo
   40.         enddo
   41.         do k=1,n_lambda
   42.            ck = class(k) 
   43.            do j=1,n_theta(ck)
   44.               write(io1,*) sqrt(abs(1.0-lambda(ir_norm,k)*b0_t(ir_norm,k,j)))
   45.            enddo
   46.         enddo
   47.         close(io1)
   48.    
   49.         open(unit=io1,file=datafile1,status='replace')
   50.         print *,'Opened ',datafile1
   51.         close(io1)
   52.    
   53.         open(unit=io2,file=datafile2,status='replace')
   54.         print *,'Opened ',datafile2
   55.         close(io2)
   56.    
   57.      case(2)
   58.    
   59.         open(unit=io1,file=datafile1,status='old',position='append')
   60.         open(unit=io2,file=datafile2,status='old',position='append')
   61.    
   62.         do is=1,n_kinetic
   63.    
   64.            p_nek_loc = 0
   65.    
   66.            do p_nek=1+i_proc_1,n_nek_1,n_proc_1
   67.    
   68.               p_nek_loc = p_nek_loc+1
   69.    
   70.               ie = nek_e(p_nek)  
   71.               k  = nek_k(p_nek)   
   72.    
   73.               ck = class(k)
   74.    
   75.               if (ie == n_energy/2) then
   76.    
   77.                  if (k <= n_pass) then
   78.    
   79.                     do j=1,n_theta(ck)
   80.                        write(io1,fmtstr) real(h(m_map(ck,j,:),ir_norm,p_nek_loc,is))
   81.                     enddo
   82.    
   83.                  else
   84.    
   85.                     do j=1,n_theta(ck)
   86.                        write(io2,fmtstr) real(h(m_map(ck,j,:),ir_norm,p_nek_loc,is))
   87.                     enddo
   88.    
   89.                  endif
   90.    
   91.               endif
   92.    
   93.            enddo
   94.    
   95.         enddo ! is
   96.    
   97.         close(io1)
   98.         close(io2)
   99.    
  100.      case(3)
  101.    
  102.         call catch_error('ERROR: Restart not supported in write_h')
  103.    
  104.      end select
  105.    
  106.      if (debug_flag == 1) print *,'[write_h called]'
  107.    
  108.    end subroutine gyro_write_h


%%%%%%%%%%%%%%%%%%%%%%%%%%%%%%%%%%%%%%%%%%%%%%%%%%%%%%%%%%%%%%%%%%%%%%%%%%%%%%%%
                         E x t e r n a l   R e p o r t
%%%%%%%%%%%%%%%%%%%%%%%%%%%%%%%%%%%%%%%%%%%%%%%%%%%%%%%%%%%%%%%%%%%%%%%%%%%%%%%%

Name  Messages
----  --------
ABS(Intrinsic)
      Defined as:  No definitions.

      Interface:   None

      Called By:   GYRO_WRITE_H (Line 44, file gyro_write_h.f90)

Name  Messages
----  --------
CATCH_ERROR
      Defined as:  No definitions.

      Interface:   None

      Called By:   GYRO_WRITE_H (Line 102, file gyro_write_h.f90)

Name  Messages
----  --------
CHAR(Intrinsic)
      Defined as:  No definitions.

                   No calls.  It is not called and does not use any procedure.

      Interface:   None

Name  Messages
----  --------
GYRO_GLOBALS
      Defined as:  No definitions.

      Used By:     GYRO_WRITE_H

Name  Messages
----  --------
GYRO_POINTERS
      Defined as:  No definitions.

      Used By:     GYRO_WRITE_H

Name  Messages
----  --------
GYRO_WRITE_H
      Defined as:  Subroutine (line 8, file gyro_write_h.f90)

      Interface:   None

      Calls:       TRIM(Intrinsic) (Line 33, file gyro_write_h.f90)
                   ABS(Intrinsic) (Line 44, file gyro_write_h.f90)
                   SQRT(Intrinsic) (Line 44, file gyro_write_h.f90)
                   REAL(Intrinsic) (Line 80, file gyro_write_h.f90)
                   REAL(Intrinsic) (Line 86, file gyro_write_h.f90)
                   CATCH_ERROR (Line 102, file gyro_write_h.f90)

        Uses:      GYRO_GLOBALS
                   GYRO_POINTERS

Name  Messages
----  --------
REAL(Intrinsic)
      Defined as:  No definitions.

      Interface:   None

      Called By:   GYRO_WRITE_H (Line 80, file gyro_write_h.f90)
                   GYRO_WRITE_H (Line 86, file gyro_write_h.f90)

Name  Messages
----  --------
SQRT(Intrinsic)
      Defined as:  No definitions.

      Interface:   None

      Called By:   GYRO_WRITE_H (Line 44, file gyro_write_h.f90)

Name  Messages
----  --------
TRIM(Intrinsic)
      Defined as:  No definitions.

      Interface:   None

      Called By:   GYRO_WRITE_H (Line 33, file gyro_write_h.f90)

Name  Messages
----  --------
_F90_TRIM(Intrinsic)
      Defined as:  No definitions.

                   No calls.  It is not called and does not use any procedure.

      Interface:   None


%%%%%%%%%%%%%%%%%%%%%%%%%%%%%%%%%%%%%%%%%%%%%%%%%%%%%%%%%%%%%%%%%%%%%%%%%%%%%%%%
%%%%%%%%%%%%%%%%%%%%%%%%%%%%%%%%%%%%%%%%%%%%%%%%%%%%%%%%%%%%%%%%%%%%%%%%%%%%%%%%
