%%%%%%%%%%%%%%%%%%%%%%%%%%%%%%%%%%%%%%%%%%%%%%%%%%%%%%%%%%%%%%%%%%%%%%%%%%%%%%%%
                          S u m m a r y   R e p o r t
%%%%%%%%%%%%%%%%%%%%%%%%%%%%%%%%%%%%%%%%%%%%%%%%%%%%%%%%%%%%%%%%%%%%%%%%%%%%%%%%

Compilation
-----------
File     : /global/u2/b/bassem/gyro-EP/src/gyro_field_fluxave.f90
Compiled : 01/19/21  15:35:35
Compiler : Version 9.1.0
Ftnlx    : Version 9.1.0 
Target   : x86-64
Command  : ftn_driver.exe -hcpu=haswell -hdynamic -D__CRAYXC -D__CRAY_HASWELL
           -D__CRAYXT_COMPUTE_LINUX_TARGET -hnetwork=aries -hnoomp -em
           -J/global/homes/b/bassem/gyro-EP/modules -sreal64 -eD -Ktrap=fp -m1
           -Rbcdps -G0 -I/opt/cray/pe/fftw/3.3.8.4/haswell/include
           -c gyro_field_fluxave.f90
           -I/opt/cray/pe/cce/9.1.0/cce-clang/x86_64/lib/clang/9.0.0/include
           -I/opt/cray/pe/cce/9.1.0/cce/x86_64/include/craylibs -I/usr/include
           -I/usr/include -I/opt/cray/pe/fftw/3.3.8.4/haswell/include
           -I/opt/cray/pe/libsci/19.06.1/CRAY/9.0/x86_64/include
           -I/opt/cray/pe/mpt/7.7.10/gni/mpich-cray/9.0/include
           -I/opt/cray/pe/hdf5/1.10.5.2/cray/9.0/include
           -I/opt/cray/pe/netcdf/4.6.3.2/cray/9.0/include
           -I/opt/cray/rca/2.2.20-7.0.1.1_4.53__g8e3fb5b.ari/include
           -I/opt/cray/alps/6.6.58-7.0.1.1_6.10__g437d88db.ari/include
           -I/opt/cray/xpmem/2.2.20-7.0.1.1_4.14__g0475745.ari/include
           -I/opt/cray/gni-headers/5.0.12.0-7.0.1.1_6.32__g3b1768f.ari/include
           -I/opt/cray/dmapp/7.1.1-7.0.1.1_4.54__g38cf134.ari/include
           -I/opt/cray/pe/pmi/5.0.14/include
           -I/opt/cray/ugni/6.0.14.0-7.0.1.1_7.40__ge78e5b0.ari/include
           -I/opt/cray/udreg/2.3.2-7.0.1.1_3.38__g8175d3d.ari/include
           -I/opt/cray/wlm_detect/1.3.3-7.0.1.1_4.16__g7109084.ari/include
           -I/opt/cray/krca/2.2.6-7.0.1.1_5.39__gb641b12.ari/include
           -I/opt/cray-hss-devel/9.0.0/include
Program
  Units  : GYRO_FIELD_FLUXAVE

ftnlx report
------------
Source   : /global/u2/b/bassem/gyro-EP/src/gyro_field_fluxave.f90
Date     : 01/19/2021  15:35:35


%%%%%%%%%%%%%%%%%%%%%%%%%%%%%%%%%%%%%%%%%%%%%%%%%%%%%%%%%%%%%%%%%%%%%%%%%%%%%%%%
                          S o u r c e   L i s t i n g
%%%%%%%%%%%%%%%%%%%%%%%%%%%%%%%%%%%%%%%%%%%%%%%%%%%%%%%%%%%%%%%%%%%%%%%%%%%%%%%%

    1.    !------------------------------------------------------
    2.    ! gyro_field_fluxave.f90
    3.    !
    4.    ! PURPOSE:
    5.    !  Compute fast flux-surface average of fields.
    6.    !   
    7.    ! NOTES:
    8.    !  Because c_fluxave is zero for n > 0, the 
    9.    !  value of field_fluxave will also be zero 
   10.    !  for n > 0.
   11.    !------------------------------------------------------
   12.    
   13.    subroutine gyro_field_fluxave
   14.    
   15.      use gyro_globals
   16.      use gyro_pointers
   17.    
   18.      !------------------------------------
   19.      implicit none
   20.      !------------------------------------
   21.    
   22.      field_fluxave(:,:) = 0.0
ftn-6263 ftn: VECTOR GYRO_FIELD_FLUXAVE, File = gyro_field_fluxave.f90, Line = 22 
  A loop starting at line 22 was not vectorized because it contains a reference to a non-vector intrinsic on line 22.

   23.    
   24.      do ix=1,n_field
   25.         do i=1,n_x
   26.            do j=1,n_blend
   27.               field_fluxave(i,ix) = field_fluxave(i,ix) &
   28.                    + c_fluxave(j,i)*real(field_blend(j,i,ix))
   29.            enddo ! j
   30.         enddo ! i
   31.      enddo ! ix
   32.    
   33.      if (i_proc == 0 .and. debug_flag == 1) then
   34.         print *,'[gyro_field_fluxave called]'
   35.      endif
   36.    
   37.    end subroutine gyro_field_fluxave


%%%%%%%%%%%%%%%%%%%%%%%%%%%%%%%%%%%%%%%%%%%%%%%%%%%%%%%%%%%%%%%%%%%%%%%%%%%%%%%%
                         E x t e r n a l   R e p o r t
%%%%%%%%%%%%%%%%%%%%%%%%%%%%%%%%%%%%%%%%%%%%%%%%%%%%%%%%%%%%%%%%%%%%%%%%%%%%%%%%

Name  Messages
----  --------
CHAR(Intrinsic)
      Defined as:  No definitions.

                   No calls.  It is not called and does not use any procedure.

      Interface:   None

Name  Messages
----  --------
GYRO_FIELD_FLUXAVE
      Defined as:  Subroutine (line 13, file gyro_field_fluxave.f90)

      Interface:   None

      Calls:       REAL(Intrinsic) (Line 28, file gyro_field_fluxave.f90)

        Uses:      GYRO_GLOBALS
                   GYRO_POINTERS

Name  Messages
----  --------
GYRO_GLOBALS
      Defined as:  No definitions.

      Used By:     GYRO_FIELD_FLUXAVE

Name  Messages
----  --------
GYRO_POINTERS
      Defined as:  No definitions.

      Used By:     GYRO_FIELD_FLUXAVE

Name  Messages
----  --------
REAL(Intrinsic)
      Defined as:  No definitions.

      Interface:   None

      Called By:   GYRO_FIELD_FLUXAVE (Line 28, file gyro_field_fluxave.f90)


%%%%%%%%%%%%%%%%%%%%%%%%%%%%%%%%%%%%%%%%%%%%%%%%%%%%%%%%%%%%%%%%%%%%%%%%%%%%%%%%
%%%%%%%%%%%%%%%%%%%%%%%%%%%%%%%%%%%%%%%%%%%%%%%%%%%%%%%%%%%%%%%%%%%%%%%%%%%%%%%%
