%%%%%%%%%%%%%%%%%%%%%%%%%%%%%%%%%%%%%%%%%%%%%%%%%%%%%%%%%%%%%%%%%%%%%%%%%%%%%%%%
                          S u m m a r y   R e p o r t
%%%%%%%%%%%%%%%%%%%%%%%%%%%%%%%%%%%%%%%%%%%%%%%%%%%%%%%%%%%%%%%%%%%%%%%%%%%%%%%%

Compilation
-----------
File     : /global/u2/b/bassem/gyro-EP/src/gyro_make_jpar_elec.f90
Compiled : 01/19/21  15:35:42
Compiler : Version 9.1.0
Ftnlx    : Version 9.1.0 
Target   : x86-64
Command  : ftn_driver.exe -hcpu=haswell -hdynamic -D__CRAYXC -D__CRAY_HASWELL
           -D__CRAYXT_COMPUTE_LINUX_TARGET -hnetwork=aries -hnoomp -em
           -J/global/homes/b/bassem/gyro-EP/modules -sreal64 -eD -Ktrap=fp -m1
           -Rbcdps -G0 -I/opt/cray/pe/fftw/3.3.8.4/haswell/include
           -c gyro_make_jpar_elec.f90
           -I/opt/cray/pe/cce/9.1.0/cce-clang/x86_64/lib/clang/9.0.0/include
           -I/opt/cray/pe/cce/9.1.0/cce/x86_64/include/craylibs -I/usr/include
           -I/usr/include -I/opt/cray/pe/fftw/3.3.8.4/haswell/include
           -I/opt/cray/pe/libsci/19.06.1/CRAY/9.0/x86_64/include
           -I/opt/cray/pe/mpt/7.7.10/gni/mpich-cray/9.0/include
           -I/opt/cray/pe/hdf5/1.10.5.2/cray/9.0/include
           -I/opt/cray/pe/netcdf/4.6.3.2/cray/9.0/include
           -I/opt/cray/rca/2.2.20-7.0.1.1_4.53__g8e3fb5b.ari/include
           -I/opt/cray/alps/6.6.58-7.0.1.1_6.10__g437d88db.ari/include
           -I/opt/cray/xpmem/2.2.20-7.0.1.1_4.14__g0475745.ari/include
           -I/opt/cray/gni-headers/5.0.12.0-7.0.1.1_6.32__g3b1768f.ari/include
           -I/opt/cray/dmapp/7.1.1-7.0.1.1_4.54__g38cf134.ari/include
           -I/opt/cray/pe/pmi/5.0.14/include
           -I/opt/cray/ugni/6.0.14.0-7.0.1.1_7.40__ge78e5b0.ari/include
           -I/opt/cray/udreg/2.3.2-7.0.1.1_3.38__g8175d3d.ari/include
           -I/opt/cray/wlm_detect/1.3.3-7.0.1.1_4.16__g7109084.ari/include
           -I/opt/cray/krca/2.2.6-7.0.1.1_5.39__gb641b12.ari/include
           -I/opt/cray-hss-devel/9.0.0/include
Program
  Units  : GYRO_MAKE_JPAR_ELEC

ftnlx report
------------
Source   : /global/u2/b/bassem/gyro-EP/src/gyro_make_jpar_elec.f90
Date     : 01/19/2021  15:35:43


%%%%%%%%%%%%%%%%%%%%%%%%%%%%%%%%%%%%%%%%%%%%%%%%%%%%%%%%%%%%%%%%%%%%%%%%%%%%%%%%
                          S o u r c e   L i s t i n g
%%%%%%%%%%%%%%%%%%%%%%%%%%%%%%%%%%%%%%%%%%%%%%%%%%%%%%%%%%%%%%%%%%%%%%%%%%%%%%%%

    1.    !-----------------------------------------------------
    2.    ! gyro_make_jpar_elec.f90
    3.    !
    4.    ! PURPOSE:
    5.    !  Generate matrix of velocity-space averaged 
    6.    !  blending projection integrals.
    7.    !---------------------------------------------
    8.    
    9.    subroutine gyro_make_jpar_elec(i_print)
   10.    
   11.      use mpi
   12.      use gyro_globals
   13.      use gyro_pointers
   14.      use math_constants
   15.    
   16.      !---------------------------------------------------
   17.      implicit none
   18.      !
   19.      integer, intent(in) :: i_print
   20.      !
   21.      complex, dimension(n_blend,n_x) :: vel_sum_loc
   22.      complex, dimension(n_blend,n_x) :: vel_sum_glob
   23.      !---------------------------------------------------
   24.    
   25.    
   26.      if (electron_method > 2) then     
   27.         ! Separate treatment of GK electrons not required
   28.         coll_vel(:,:,:) = (0.0,0.0)
ftn-6263 ftn: VECTOR GYRO_MAKE_JPAR_ELEC, File = gyro_make_jpar_elec.f90, Line = 28 
  A loop starting at line 28 was not vectorized because it contains a reference to a non-vector intrinsic on line 28.

   29.         return
   30.      endif
   31.    
   32.      !----------------------------------------------------
   33.      ! Now, compute matrix of blending projections:
   34.      !
   35.      do jp=1,n_blend
   36.    
   37.         vel_sum_loc = (0.0,0.0)
ftn-6332 ftn: VECTOR GYRO_MAKE_JPAR_ELEC, File = gyro_make_jpar_elec.f90, Line = 37 
  A loop starting at line 37 was not vectorized because it does not map well onto the target architecture.

   38.    
   39.         p_nek_loc = 0
   40.    
   41.         do p_nek=1+i_proc_1,n_nek_1,n_proc_1
   42.    
   43.            p_nek_loc = p_nek_loc+1
   44.    
   45.            ie = nek_e(p_nek)
   46.            k  = nek_k(p_nek)
   47.    
   48.            ck = class(k)
   49.    
   50.            do i=1,n_x
   51.    
   52.               do m=1,n_stack
   53.    
   54.                  m0 = m_phys(ck,m)
   55.    
   56.                  ! ** Includes electron current only: 
   57.                  !
   58.                  !  alpha_e FV[(F*_j) ve^2 (F_jp)]
   59.                  ! 
   60.                  ! because coll_vel is always added to aa_mm,
   61.                  ! which already includes the ion current. 
   62.    
   63.                  vel_sum_loc(:,i) = vel_sum_loc(:,i)+ &
ftn-6262 ftn: VECTOR GYRO_MAKE_JPAR_ELEC, File = gyro_make_jpar_elec.f90, Line = 63 
  A loop starting at line 63 was not vectorized because it contains a call to a subroutine or function on line 63.

   64.                       v_para(m,i,p_nek_loc,n_spec)**2*alpha_s(n_spec,i)* &
   65.                       c_blend(jp,m0,i,p_nek_loc)* &
   66.                       cs_blend(:,m0,i,p_nek_loc)
   67.    
   68.               enddo ! m
   69.    
   70.            enddo ! i
   71.    
   72.         enddo ! p_nek_loc
   73.         !----------------------------------------------------
   74.    
   75.         call MPI_ALLREDUCE(vel_sum_loc,&
   76.              vel_sum_glob,&
   77.              n_x*n_blend,&
   78.              MPI_DOUBLE_COMPLEX,&
   79.              MPI_SUM,&
   80.              NEW_COMM_1,&
   81.              i_err)
   82.    
   83.         do i=1,n_x
   84.            coll_vel(i,:,jp) = vel_sum_glob(:,i)
ftn-6262 ftn: VECTOR GYRO_MAKE_JPAR_ELEC, File = gyro_make_jpar_elec.f90, Line = 84 
  A loop starting at line 84 was not vectorized because it contains a call to a subroutine or function on line 84.

   85.         enddo
   86.    
   87.      enddo ! jp
   88.    
   89.      if (i_print == 1) then
   90.    
   91.         d_theta = pi_2/n_blend
   92.    
   93.         do i=1,n_x
   94.            print *,i
   95.            do j=1,n_blend
   96.               print '(32(f10.6,1x))',real(coll_vel(i,j,:)) &
   97.                    /(mu(2)**2+1.0)/d_theta
   98.            enddo
   99.            do j=1,n_blend
  100.               print '(32(f10.6,1x))',aimag(coll_vel(i,j,:)) &
  101.                    /(mu(2)**2+1.0)/d_theta
  102.            enddo
  103.         enddo
  104.      endif
  105.    
  106.      if (debug_flag == 1 .and. i_proc == 0) then
  107.         print *,'[gyro_make_jpar_elec done]'
  108.      endif
  109.    
  110.    end subroutine gyro_make_jpar_elec


%%%%%%%%%%%%%%%%%%%%%%%%%%%%%%%%%%%%%%%%%%%%%%%%%%%%%%%%%%%%%%%%%%%%%%%%%%%%%%%%
                     C o m m o n   B l o c k   R e p o r t
%%%%%%%%%%%%%%%%%%%%%%%%%%%%%%%%%%%%%%%%%%%%%%%%%%%%%%%%%%%%%%%%%%%%%%%%%%%%%%%%

Blk  Program Unit                     Messages
---  ------------                     --------
/MPIFCMB5/                            Length: 4 bytes

     GYRO_MAKE_JPAR_ELEC              Block is used from MPI_CONSTANTS

Blk  Program Unit                     Messages
---  ------------                     --------
/MPIFCMB9/                            Length: 4 bytes

     GYRO_MAKE_JPAR_ELEC              Block is used from MPI_CONSTANTS

Blk  Program Unit                     Messages
---  ------------                     --------
/MPIPRIV1/                            Length: 28 bytes

     GYRO_MAKE_JPAR_ELEC              Block is used from MPI_CONSTANTS

Blk  Program Unit                     Messages
---  ------------                     --------
/MPIPRIV2/                            Length: 24 bytes

     GYRO_MAKE_JPAR_ELEC              Block is used from MPI_CONSTANTS

Blk  Program Unit                     Messages
---  ------------                     --------
/MPIPRIVC/                            Length: 2 bytes

     GYRO_MAKE_JPAR_ELEC              Block is used from MPI_CONSTANTS


%%%%%%%%%%%%%%%%%%%%%%%%%%%%%%%%%%%%%%%%%%%%%%%%%%%%%%%%%%%%%%%%%%%%%%%%%%%%%%%%
                         E x t e r n a l   R e p o r t
%%%%%%%%%%%%%%%%%%%%%%%%%%%%%%%%%%%%%%%%%%%%%%%%%%%%%%%%%%%%%%%%%%%%%%%%%%%%%%%%

Name  Messages
----  --------
AIMAG(Intrinsic)
      Defined as:  No definitions.

      Interface:   None

      Called By:   GYRO_MAKE_JPAR_ELEC (Line 100, file gyro_make_jpar_elec.f90)

Name  Messages
----  --------
CHAR(Intrinsic)
      Defined as:  No definitions.

                   No calls.  It is not called and does not use any procedure.

      Interface:   None

Name  Messages
----  --------
COMMEQ in MPI_CONSTANTS
      Defined as:  No definitions.

                   No calls.  It is not called and does not use any procedure.

      Interface:   None

Name  Messages
----  --------
COMMNEQ in MPI_CONSTANTS
      Defined as:  No definitions.

                   No calls.  It is not called and does not use any procedure.

      Interface:   None

Name  Messages
----  --------
DATATYPEEQ in MPI_CONSTANTS
      Defined as:  No definitions.

                   No calls.  It is not called and does not use any procedure.

      Interface:   None

Name  Messages
----  --------
DATATYPENEQ in MPI_CONSTANTS
      Defined as:  No definitions.

                   No calls.  It is not called and does not use any procedure.

      Interface:   None

Name  Messages
----  --------
ERRHANDLEREQ in MPI_CONSTANTS
      Defined as:  No definitions.

                   No calls.  It is not called and does not use any procedure.

      Interface:   None

Name  Messages
----  --------
ERRHANDLERNEQ in MPI_CONSTANTS
      Defined as:  No definitions.

                   No calls.  It is not called and does not use any procedure.

      Interface:   None

Name  Messages
----  --------
FILEEQ in MPI_CONSTANTS
      Defined as:  No definitions.

                   No calls.  It is not called and does not use any procedure.

      Interface:   None

Name  Messages
----  --------
FILENEQ in MPI_CONSTANTS
      Defined as:  No definitions.

                   No calls.  It is not called and does not use any procedure.

      Interface:   None

Name  Messages
----  --------
GROUPEQ in MPI_CONSTANTS
      Defined as:  No definitions.

                   No calls.  It is not called and does not use any procedure.

      Interface:   None

Name  Messages
----  --------
GROUPNEQ in MPI_CONSTANTS
      Defined as:  No definitions.

                   No calls.  It is not called and does not use any procedure.

      Interface:   None

Name  Messages
----  --------
GYRO_GLOBALS
      Defined as:  No definitions.

      Used By:     GYRO_MAKE_JPAR_ELEC

Name  Messages
----  --------
GYRO_MAKE_JPAR_ELEC
      Defined as:  Subroutine (line 9, file gyro_make_jpar_elec.f90)

      Interface:   None

      Calls:       REAL(Intrinsic) (Line 96, file gyro_make_jpar_elec.f90)
                   AIMAG(Intrinsic) (Line 100, file gyro_make_jpar_elec.f90)

        Uses:      MPI
                   MPI_BASE  (indirectly)
                   MPI_SIZEOFS  (indirectly)
                   MPI_CONSTANTS  (indirectly)
                   GYRO_GLOBALS
                   GYRO_POINTERS
                   MATH_CONSTANTS

Name  Messages
----  --------
GYRO_POINTERS
      Defined as:  No definitions.

      Used By:     GYRO_MAKE_JPAR_ELEC

Name  Messages
----  --------
INFOEQ in MPI_CONSTANTS
      Defined as:  No definitions.

                   No calls.  It is not called and does not use any procedure.

      Interface:   None

Name  Messages
----  --------
INFONEQ in MPI_CONSTANTS
      Defined as:  No definitions.

                   No calls.  It is not called and does not use any procedure.

      Interface:   None

Name  Messages
----  --------
MATH_CONSTANTS
      Defined as:  No definitions.

      Used By:     GYRO_MAKE_JPAR_ELEC

Name  Messages
----  --------
MESSAGEEQ in MPI_CONSTANTS
      Defined as:  No definitions.

                   No calls.  It is not called and does not use any procedure.

      Interface:   None

Name  Messages
----  --------
MESSAGENEQ in MPI_CONSTANTS
      Defined as:  No definitions.

                   No calls.  It is not called and does not use any procedure.

      Interface:   None

Name  Messages
----  --------
MPI
      Defined as:  No definitions.

      Used By:     GYRO_MAKE_JPAR_ELEC

Name  Messages
----  --------
MPI_ALLREDUCE
      Defined as:  No definitions.

                   No calls.  It is not called and does not use any procedure.

      Interface:   None

Name  Messages
----  --------
MPI_BASE
      Defined as:  No definitions.

      Used By:     GYRO_MAKE_JPAR_ELEC  (indirectly)

Name  Messages
----  --------
MPI_CONSTANTS
      Defined as:  No definitions.

      Used By:     GYRO_MAKE_JPAR_ELEC  (indirectly)

Name  Messages
----  --------
MPI_SIZEOFS
      Defined as:  No definitions.

      Used By:     GYRO_MAKE_JPAR_ELEC  (indirectly)

Name  Messages
----  --------
MPI_SIZEOF_CH in MPI_SIZEOFS
      Defined as:  No definitions.

                   No calls.  It is not called and does not use any procedure.

      Interface:   None

Name  Messages
----  --------
MPI_SIZEOF_CHV in MPI_SIZEOFS
      Defined as:  No definitions.

                   No calls.  It is not called and does not use any procedure.

      Interface:   None

Name  Messages
----  --------
MPI_SIZEOF_CX in MPI_SIZEOFS
      Defined as:  No definitions.

                   No calls.  It is not called and does not use any procedure.

      Interface:   None

Name  Messages
----  --------
MPI_SIZEOF_CXV in MPI_SIZEOFS
      Defined as:  No definitions.

                   No calls.  It is not called and does not use any procedure.

      Interface:   None

Name  Messages
----  --------
MPI_SIZEOF_D in MPI_SIZEOFS
      Defined as:  No definitions.

                   No calls.  It is not called and does not use any procedure.

      Interface:   None

Name  Messages
----  --------
MPI_SIZEOF_DV in MPI_SIZEOFS
      Defined as:  No definitions.

                   No calls.  It is not called and does not use any procedure.

      Interface:   None

Name  Messages
----  --------
MPI_SIZEOF_I in MPI_SIZEOFS
      Defined as:  No definitions.

                   No calls.  It is not called and does not use any procedure.

      Interface:   None

Name  Messages
----  --------
MPI_SIZEOF_I1 in MPI_SIZEOFS
      Defined as:  No definitions.

                   No calls.  It is not called and does not use any procedure.

      Interface:   None

Name  Messages
----  --------
MPI_SIZEOF_I1V in MPI_SIZEOFS
      Defined as:  No definitions.

                   No calls.  It is not called and does not use any procedure.

      Interface:   None

Name  Messages
----  --------
MPI_SIZEOF_I2 in MPI_SIZEOFS
      Defined as:  No definitions.

                   No calls.  It is not called and does not use any procedure.

      Interface:   None

Name  Messages
----  --------
MPI_SIZEOF_I2V in MPI_SIZEOFS
      Defined as:  No definitions.

                   No calls.  It is not called and does not use any procedure.

      Interface:   None

Name  Messages
----  --------
MPI_SIZEOF_I8 in MPI_SIZEOFS
      Defined as:  No definitions.

                   No calls.  It is not called and does not use any procedure.

      Interface:   None

Name  Messages
----  --------
MPI_SIZEOF_I8V in MPI_SIZEOFS
      Defined as:  No definitions.

                   No calls.  It is not called and does not use any procedure.

      Interface:   None

Name  Messages
----  --------
MPI_SIZEOF_IV in MPI_SIZEOFS
      Defined as:  No definitions.

                   No calls.  It is not called and does not use any procedure.

      Interface:   None

Name  Messages
----  --------
MPI_SIZEOF_L in MPI_SIZEOFS
      Defined as:  No definitions.

                   No calls.  It is not called and does not use any procedure.

      Interface:   None

Name  Messages
----  --------
MPI_SIZEOF_LV in MPI_SIZEOFS
      Defined as:  No definitions.

                   No calls.  It is not called and does not use any procedure.

      Interface:   None

Name  Messages
----  --------
MPI_SIZEOF_R in MPI_SIZEOFS
      Defined as:  No definitions.

                   No calls.  It is not called and does not use any procedure.

      Interface:   None

Name  Messages
----  --------
MPI_SIZEOF_RV in MPI_SIZEOFS
      Defined as:  No definitions.

                   No calls.  It is not called and does not use any procedure.

      Interface:   None

Name  Messages
----  --------
OPEQ in MPI_CONSTANTS
      Defined as:  No definitions.

                   No calls.  It is not called and does not use any procedure.

      Interface:   None

Name  Messages
----  --------
OPNEQ in MPI_CONSTANTS
      Defined as:  No definitions.

                   No calls.  It is not called and does not use any procedure.

      Interface:   None

Name  Messages
----  --------
REAL(Intrinsic)
      Defined as:  No definitions.

      Interface:   None

      Called By:   GYRO_MAKE_JPAR_ELEC (Line 96, file gyro_make_jpar_elec.f90)

Name  Messages
----  --------
REQUESTEQ in MPI_CONSTANTS
      Defined as:  No definitions.

                   No calls.  It is not called and does not use any procedure.

      Interface:   None

Name  Messages
----  --------
REQUESTNEQ in MPI_CONSTANTS
      Defined as:  No definitions.

                   No calls.  It is not called and does not use any procedure.

      Interface:   None

Name  Messages
----  --------
WINEQ in MPI_CONSTANTS
      Defined as:  No definitions.

                   No calls.  It is not called and does not use any procedure.

      Interface:   None

Name  Messages
----  --------
WINNEQ in MPI_CONSTANTS
      Defined as:  No definitions.

                   No calls.  It is not called and does not use any procedure.

      Interface:   None


%%%%%%%%%%%%%%%%%%%%%%%%%%%%%%%%%%%%%%%%%%%%%%%%%%%%%%%%%%%%%%%%%%%%%%%%%%%%%%%%
%%%%%%%%%%%%%%%%%%%%%%%%%%%%%%%%%%%%%%%%%%%%%%%%%%%%%%%%%%%%%%%%%%%%%%%%%%%%%%%%
