%%%%%%%%%%%%%%%%%%%%%%%%%%%%%%%%%%%%%%%%%%%%%%%%%%%%%%%%%%%%%%%%%%%%%%%%%%%%%%%%
                          S u m m a r y   R e p o r t
%%%%%%%%%%%%%%%%%%%%%%%%%%%%%%%%%%%%%%%%%%%%%%%%%%%%%%%%%%%%%%%%%%%%%%%%%%%%%%%%

Compilation
-----------
File     : /global/u2/b/bassem/gyro-EP/src/gyro_read_input_extra.f90
Compiled : 01/19/21  15:35:49
Compiler : Version 9.1.0
Ftnlx    : Version 9.1.0 
Target   : x86-64
Command  : ftn_driver.exe -hcpu=haswell -hdynamic -D__CRAYXC -D__CRAY_HASWELL
           -D__CRAYXT_COMPUTE_LINUX_TARGET -hnetwork=aries -hnoomp -em
           -J/global/homes/b/bassem/gyro-EP/modules -sreal64 -eD -Ktrap=fp -m1
           -Rbcdps -G0 -I/opt/cray/pe/fftw/3.3.8.4/haswell/include
           -c gyro_read_input_extra.f90
           -I/opt/cray/pe/cce/9.1.0/cce-clang/x86_64/lib/clang/9.0.0/include
           -I/opt/cray/pe/cce/9.1.0/cce/x86_64/include/craylibs -I/usr/include
           -I/usr/include -I/opt/cray/pe/fftw/3.3.8.4/haswell/include
           -I/opt/cray/pe/libsci/19.06.1/CRAY/9.0/x86_64/include
           -I/opt/cray/pe/mpt/7.7.10/gni/mpich-cray/9.0/include
           -I/opt/cray/pe/hdf5/1.10.5.2/cray/9.0/include
           -I/opt/cray/pe/netcdf/4.6.3.2/cray/9.0/include
           -I/opt/cray/rca/2.2.20-7.0.1.1_4.53__g8e3fb5b.ari/include
           -I/opt/cray/alps/6.6.58-7.0.1.1_6.10__g437d88db.ari/include
           -I/opt/cray/xpmem/2.2.20-7.0.1.1_4.14__g0475745.ari/include
           -I/opt/cray/gni-headers/5.0.12.0-7.0.1.1_6.32__g3b1768f.ari/include
           -I/opt/cray/dmapp/7.1.1-7.0.1.1_4.54__g38cf134.ari/include
           -I/opt/cray/pe/pmi/5.0.14/include
           -I/opt/cray/ugni/6.0.14.0-7.0.1.1_7.40__ge78e5b0.ari/include
           -I/opt/cray/udreg/2.3.2-7.0.1.1_3.38__g8175d3d.ari/include
           -I/opt/cray/wlm_detect/1.3.3-7.0.1.1_4.16__g7109084.ari/include
           -I/opt/cray/krca/2.2.6-7.0.1.1_5.39__gb641b12.ari/include
           -I/opt/cray-hss-devel/9.0.0/include
Program
  Units  : GYRO_READ_INPUT_EXTRA

ftnlx report
------------
Source   : /global/u2/b/bassem/gyro-EP/src/gyro_read_input_extra.f90
Date     : 01/19/2021  15:35:49


%%%%%%%%%%%%%%%%%%%%%%%%%%%%%%%%%%%%%%%%%%%%%%%%%%%%%%%%%%%%%%%%%%%%%%%%%%%%%%%%
                          S o u r c e   L i s t i n g
%%%%%%%%%%%%%%%%%%%%%%%%%%%%%%%%%%%%%%%%%%%%%%%%%%%%%%%%%%%%%%%%%%%%%%%%%%%%%%%%

    1.    !---------------------------------------------------------------
    2.    ! gyro_read_input_extra.f90
    3.    !
    4.    ! PURPOSE:
    5.    !  Complete read of extra (restart and test) parameters.
    6.    !---------------------------------------------------------------
    7.    
    8.    subroutine gyro_read_input_extra
    9.    
   10.      use mpi
   11.      use gyro_globals
   12.    
   13.      !-------------------------
   14.      implicit none
   15.      !
   16.      logical :: lfe
   17.      !-------------------------
   18.    
   19.      !-------------------------------------------------------------------
   20.      ! Parse restart.dat.
   21.      ! 
   22.      ! -1=no save/restart
   23.      !  0=begin new simulation
   24.      !  1=restart, continue writing restart files
   25.      !  2=restart, but do not write restart files
   26.      !  3=restart, set t=0
   27.      !
   28.      if (i_proc == 0) then
   29.         inquire(file=trim(path)//'restart.dat',exist=lfe)
   30.         if (lfe .eqv. .true.) then
   31.            open(unit=1,file=trim(path)//'restart.dat',status='old')
   32.            read(1,*) restart_method
   33.         else
   34.            restart_method = 0
   35.         endif
   36.      endif
   37.      call MPI_BCAST(restart_method,1,MPI_INTEGER,0,GYRO_COMM_WORLD,i_err)
   38.      if (i_proc == 0 .and. lfe .eqv. .true.) close(1)
   39.      !------------------------------------------------------------------
   40.    
   41.      !-------------------------------------------------------------------
   42.      ! Check for gyrotest flag by reading a single integer.
   43.      !
   44.      ! 0: not a test
   45.      ! 1: run in single-processor test mode
   46.      !
   47.      if (i_proc == 0) then
   48.         inquire(file=trim(path)//'gyrotest_flag',exist=lfe)
   49.         if (lfe .eqv. .true.) then
   50.            open(unit=1,file=trim(path)//'gyrotest_flag',status='old')
   51.            read(1,*) gyrotest_flag
   52.         else
   53.            gyrotest_flag = 0
   54.         endif
   55.      endif
   56.      call MPI_BCAST(gyrotest_flag,1,MPI_INTEGER,0,GYRO_COMM_WORLD,i_err)
   57.      if (i_proc == 0 .and. lfe .eqv. .true.) close(1)
   58.      !------------------------------------------------------------------
   59.    
   60.      !-------------------------------------------------------- 
   61.      ! Read geometry Fourier coefficients if they exist.
   62.      ! 
   63.      if (i_proc == 0) then
   64.         inquire(file=trim(path)//'input.geo',exist=lfe)
   65.         if (lfe .eqv. .true.) then
   66.            open(unit=1,file=trim(path)//'input.geo',status='old')
   67.            call EXPRO_skip_header(1)
   68.            read(1,*) n_fourier_geo
   69.            read(1,*) a_fourier_geo(:,0:n_fourier_geo)
   70.            close(1)
   71.         endif
   72.      endif
   73.      call MPI_BCAST(lfe,1,MPI_LOGICAL,0,GYRO_COMM_WORLD,i_err)
   74.      if (lfe .eqv. .true.) then
   75.         call MPI_BCAST(n_fourier_geo,1,MPI_INTEGER,0,GYRO_COMM_WORLD,i_err)
   76.         call MPI_BCAST(a_fourier_geo,size(a_fourier_geo),MPI_DOUBLE_PRECISION,0,GYRO_COMM_WORLD,i_err)
   77.      else
   78.         n_fourier_geo = 0
   79.         a_fourier_geo(:,:) = 0.0
ftn-6332 ftn: VECTOR GYRO_READ_INPUT_EXTRA, File = gyro_read_input_extra.f90, Line = 79 
  A loop starting at line 79 was not vectorized because it does not map well onto the target architecture.

   80.      endif
   81.      !--------------------------------------------------------
   82.    
   83.      if (debug_flag == 1 .and. i_proc == 0) then
   84.         print *,'[read_input_extra done]'
   85.      endif
   86.    
   87.     
   88.    end subroutine gyro_read_input_extra


%%%%%%%%%%%%%%%%%%%%%%%%%%%%%%%%%%%%%%%%%%%%%%%%%%%%%%%%%%%%%%%%%%%%%%%%%%%%%%%%
                     C o m m o n   B l o c k   R e p o r t
%%%%%%%%%%%%%%%%%%%%%%%%%%%%%%%%%%%%%%%%%%%%%%%%%%%%%%%%%%%%%%%%%%%%%%%%%%%%%%%%

Blk  Program Unit                     Messages
---  ------------                     --------
/MPIFCMB5/                            Length: 4 bytes

     GYRO_READ_INPUT_EXTRA            Block is used from MPI_CONSTANTS

Blk  Program Unit                     Messages
---  ------------                     --------
/MPIFCMB9/                            Length: 4 bytes

     GYRO_READ_INPUT_EXTRA            Block is used from MPI_CONSTANTS

Blk  Program Unit                     Messages
---  ------------                     --------
/MPIPRIV1/                            Length: 28 bytes

     GYRO_READ_INPUT_EXTRA            Block is used from MPI_CONSTANTS

Blk  Program Unit                     Messages
---  ------------                     --------
/MPIPRIV2/                            Length: 24 bytes

     GYRO_READ_INPUT_EXTRA            Block is used from MPI_CONSTANTS

Blk  Program Unit                     Messages
---  ------------                     --------
/MPIPRIVC/                            Length: 2 bytes

     GYRO_READ_INPUT_EXTRA            Block is used from MPI_CONSTANTS


%%%%%%%%%%%%%%%%%%%%%%%%%%%%%%%%%%%%%%%%%%%%%%%%%%%%%%%%%%%%%%%%%%%%%%%%%%%%%%%%
                         E x t e r n a l   R e p o r t
%%%%%%%%%%%%%%%%%%%%%%%%%%%%%%%%%%%%%%%%%%%%%%%%%%%%%%%%%%%%%%%%%%%%%%%%%%%%%%%%

Name  Messages
----  --------
CHAR(Intrinsic)
      Defined as:  No definitions.

                   No calls.  It is not called and does not use any procedure.

      Interface:   None

Name  Messages
----  --------
COMMEQ in MPI_CONSTANTS
      Defined as:  No definitions.

                   No calls.  It is not called and does not use any procedure.

      Interface:   None

Name  Messages
----  --------
COMMNEQ in MPI_CONSTANTS
      Defined as:  No definitions.

                   No calls.  It is not called and does not use any procedure.

      Interface:   None

Name  Messages
----  --------
DATATYPEEQ in MPI_CONSTANTS
      Defined as:  No definitions.

                   No calls.  It is not called and does not use any procedure.

      Interface:   None

Name  Messages
----  --------
DATATYPENEQ in MPI_CONSTANTS
      Defined as:  No definitions.

                   No calls.  It is not called and does not use any procedure.

      Interface:   None

Name  Messages
----  --------
ERRHANDLEREQ in MPI_CONSTANTS
      Defined as:  No definitions.

                   No calls.  It is not called and does not use any procedure.

      Interface:   None

Name  Messages
----  --------
ERRHANDLERNEQ in MPI_CONSTANTS
      Defined as:  No definitions.

                   No calls.  It is not called and does not use any procedure.

      Interface:   None

Name  Messages
----  --------
EXPRO_SKIP_HEADER
      Defined as:  No definitions.

      Interface:   None

      Called By:   GYRO_READ_INPUT_EXTRA (Line 67, file gyro_read_input_extra.f90)

Name  Messages
----  --------
FILEEQ in MPI_CONSTANTS
      Defined as:  No definitions.

                   No calls.  It is not called and does not use any procedure.

      Interface:   None

Name  Messages
----  --------
FILENEQ in MPI_CONSTANTS
      Defined as:  No definitions.

                   No calls.  It is not called and does not use any procedure.

      Interface:   None

Name  Messages
----  --------
GROUPEQ in MPI_CONSTANTS
      Defined as:  No definitions.

                   No calls.  It is not called and does not use any procedure.

      Interface:   None

Name  Messages
----  --------
GROUPNEQ in MPI_CONSTANTS
      Defined as:  No definitions.

                   No calls.  It is not called and does not use any procedure.

      Interface:   None

Name  Messages
----  --------
GYRO_GLOBALS
      Defined as:  No definitions.

      Used By:     GYRO_READ_INPUT_EXTRA

Name  Messages
----  --------
GYRO_READ_INPUT_EXTRA
      Defined as:  Subroutine (line 8, file gyro_read_input_extra.f90)

      Interface:   None

      Calls:       TRIM(Intrinsic) (Line 29, file gyro_read_input_extra.f90)
                   TRIM(Intrinsic) (Line 31, file gyro_read_input_extra.f90)
                   TRIM(Intrinsic) (Line 48, file gyro_read_input_extra.f90)
                   TRIM(Intrinsic) (Line 50, file gyro_read_input_extra.f90)
                   TRIM(Intrinsic) (Line 64, file gyro_read_input_extra.f90)
                   TRIM(Intrinsic) (Line 66, file gyro_read_input_extra.f90)
                   MPI_BCAST (Line 37, file gyro_read_input_extra.f90)
                   MPI_BCAST (Line 56, file gyro_read_input_extra.f90)
                   MPI_BCAST (Line 73, file gyro_read_input_extra.f90)
                   MPI_BCAST (Line 75, file gyro_read_input_extra.f90)
                   MPI_BCAST (Line 76, file gyro_read_input_extra.f90)
                   EXPRO_SKIP_HEADER (Line 67, file gyro_read_input_extra.f90)
                   SIZE(Intrinsic) (Line 76, file gyro_read_input_extra.f90)

        Uses:      MPI
                   MPI_BASE  (indirectly)
                   MPI_SIZEOFS  (indirectly)
                   MPI_CONSTANTS  (indirectly)
                   GYRO_GLOBALS

Name  Messages
----  --------
INFOEQ in MPI_CONSTANTS
      Defined as:  No definitions.

                   No calls.  It is not called and does not use any procedure.

      Interface:   None

Name  Messages
----  --------
INFONEQ in MPI_CONSTANTS
      Defined as:  No definitions.

                   No calls.  It is not called and does not use any procedure.

      Interface:   None

Name  Messages
----  --------
MESSAGEEQ in MPI_CONSTANTS
      Defined as:  No definitions.

                   No calls.  It is not called and does not use any procedure.

      Interface:   None

Name  Messages
----  --------
MESSAGENEQ in MPI_CONSTANTS
      Defined as:  No definitions.

                   No calls.  It is not called and does not use any procedure.

      Interface:   None

Name  Messages
----  --------
MPI
      Defined as:  No definitions.

      Used By:     GYRO_READ_INPUT_EXTRA

Name  Messages
----  --------
MPI_BASE
      Defined as:  No definitions.

      Used By:     GYRO_READ_INPUT_EXTRA  (indirectly)

Name  Messages
----  --------
MPI_BCAST
      Defined as:  No definitions.

      Interface:   None

      Called By:   GYRO_READ_INPUT_EXTRA (Line 37, file gyro_read_input_extra.f90)
                   GYRO_READ_INPUT_EXTRA (Line 56, file gyro_read_input_extra.f90)
                   GYRO_READ_INPUT_EXTRA (Line 73, file gyro_read_input_extra.f90)
                   GYRO_READ_INPUT_EXTRA (Line 75, file gyro_read_input_extra.f90)
                   GYRO_READ_INPUT_EXTRA (Line 76, file gyro_read_input_extra.f90)

Name  Messages
----  --------
MPI_CONSTANTS
      Defined as:  No definitions.

      Used By:     GYRO_READ_INPUT_EXTRA  (indirectly)

Name  Messages
----  --------
MPI_SIZEOFS
      Defined as:  No definitions.

      Used By:     GYRO_READ_INPUT_EXTRA  (indirectly)

Name  Messages
----  --------
MPI_SIZEOF_CH in MPI_SIZEOFS
      Defined as:  No definitions.

                   No calls.  It is not called and does not use any procedure.

      Interface:   None

Name  Messages
----  --------
MPI_SIZEOF_CHV in MPI_SIZEOFS
      Defined as:  No definitions.

                   No calls.  It is not called and does not use any procedure.

      Interface:   None

Name  Messages
----  --------
MPI_SIZEOF_CX in MPI_SIZEOFS
      Defined as:  No definitions.

                   No calls.  It is not called and does not use any procedure.

      Interface:   None

Name  Messages
----  --------
MPI_SIZEOF_CXV in MPI_SIZEOFS
      Defined as:  No definitions.

                   No calls.  It is not called and does not use any procedure.

      Interface:   None

Name  Messages
----  --------
MPI_SIZEOF_D in MPI_SIZEOFS
      Defined as:  No definitions.

                   No calls.  It is not called and does not use any procedure.

      Interface:   None

Name  Messages
----  --------
MPI_SIZEOF_DV in MPI_SIZEOFS
      Defined as:  No definitions.

                   No calls.  It is not called and does not use any procedure.

      Interface:   None

Name  Messages
----  --------
MPI_SIZEOF_I in MPI_SIZEOFS
      Defined as:  No definitions.

                   No calls.  It is not called and does not use any procedure.

      Interface:   None

Name  Messages
----  --------
MPI_SIZEOF_I1 in MPI_SIZEOFS
      Defined as:  No definitions.

                   No calls.  It is not called and does not use any procedure.

      Interface:   None

Name  Messages
----  --------
MPI_SIZEOF_I1V in MPI_SIZEOFS
      Defined as:  No definitions.

                   No calls.  It is not called and does not use any procedure.

      Interface:   None

Name  Messages
----  --------
MPI_SIZEOF_I2 in MPI_SIZEOFS
      Defined as:  No definitions.

                   No calls.  It is not called and does not use any procedure.

      Interface:   None

Name  Messages
----  --------
MPI_SIZEOF_I2V in MPI_SIZEOFS
      Defined as:  No definitions.

                   No calls.  It is not called and does not use any procedure.

      Interface:   None

Name  Messages
----  --------
MPI_SIZEOF_I8 in MPI_SIZEOFS
      Defined as:  No definitions.

                   No calls.  It is not called and does not use any procedure.

      Interface:   None

Name  Messages
----  --------
MPI_SIZEOF_I8V in MPI_SIZEOFS
      Defined as:  No definitions.

                   No calls.  It is not called and does not use any procedure.

      Interface:   None

Name  Messages
----  --------
MPI_SIZEOF_IV in MPI_SIZEOFS
      Defined as:  No definitions.

                   No calls.  It is not called and does not use any procedure.

      Interface:   None

Name  Messages
----  --------
MPI_SIZEOF_L in MPI_SIZEOFS
      Defined as:  No definitions.

                   No calls.  It is not called and does not use any procedure.

      Interface:   None

Name  Messages
----  --------
MPI_SIZEOF_LV in MPI_SIZEOFS
      Defined as:  No definitions.

                   No calls.  It is not called and does not use any procedure.

      Interface:   None

Name  Messages
----  --------
MPI_SIZEOF_R in MPI_SIZEOFS
      Defined as:  No definitions.

                   No calls.  It is not called and does not use any procedure.

      Interface:   None

Name  Messages
----  --------
MPI_SIZEOF_RV in MPI_SIZEOFS
      Defined as:  No definitions.

                   No calls.  It is not called and does not use any procedure.

      Interface:   None

Name  Messages
----  --------
OPEQ in MPI_CONSTANTS
      Defined as:  No definitions.

                   No calls.  It is not called and does not use any procedure.

      Interface:   None

Name  Messages
----  --------
OPNEQ in MPI_CONSTANTS
      Defined as:  No definitions.

                   No calls.  It is not called and does not use any procedure.

      Interface:   None

Name  Messages
----  --------
REQUESTEQ in MPI_CONSTANTS
      Defined as:  No definitions.

                   No calls.  It is not called and does not use any procedure.

      Interface:   None

Name  Messages
----  --------
REQUESTNEQ in MPI_CONSTANTS
      Defined as:  No definitions.

                   No calls.  It is not called and does not use any procedure.

      Interface:   None

Name  Messages
----  --------
SIZE(Intrinsic)
      Defined as:  No definitions.

      Interface:   None

      Called By:   GYRO_READ_INPUT_EXTRA (Line 76, file gyro_read_input_extra.f90)

Name  Messages
----  --------
TRIM(Intrinsic)
      Defined as:  No definitions.

      Interface:   None

      Called By:   GYRO_READ_INPUT_EXTRA (Line 29, file gyro_read_input_extra.f90)
                   GYRO_READ_INPUT_EXTRA (Line 31, file gyro_read_input_extra.f90)
                   GYRO_READ_INPUT_EXTRA (Line 48, file gyro_read_input_extra.f90)
                   GYRO_READ_INPUT_EXTRA (Line 50, file gyro_read_input_extra.f90)
                   GYRO_READ_INPUT_EXTRA (Line 64, file gyro_read_input_extra.f90)
                   GYRO_READ_INPUT_EXTRA (Line 66, file gyro_read_input_extra.f90)

Name  Messages
----  --------
WINEQ in MPI_CONSTANTS
      Defined as:  No definitions.

                   No calls.  It is not called and does not use any procedure.

      Interface:   None

Name  Messages
----  --------
WINNEQ in MPI_CONSTANTS
      Defined as:  No definitions.

                   No calls.  It is not called and does not use any procedure.

      Interface:   None

Name  Messages
----  --------
_F90_TRIM(Intrinsic)
      Defined as:  No definitions.

                   No calls.  It is not called and does not use any procedure.

      Interface:   None

Name  Messages
----  --------
__SIZE(Intrinsic)
      Defined as:  No definitions.

                   No calls.  It is not called and does not use any procedure.

      Interface:   None


%%%%%%%%%%%%%%%%%%%%%%%%%%%%%%%%%%%%%%%%%%%%%%%%%%%%%%%%%%%%%%%%%%%%%%%%%%%%%%%%
%%%%%%%%%%%%%%%%%%%%%%%%%%%%%%%%%%%%%%%%%%%%%%%%%%%%%%%%%%%%%%%%%%%%%%%%%%%%%%%%
