%%%%%%%%%%%%%%%%%%%%%%%%%%%%%%%%%%%%%%%%%%%%%%%%%%%%%%%%%%%%%%%%%%%%%%%%%%%%%%%%
                          S u m m a r y   R e p o r t
%%%%%%%%%%%%%%%%%%%%%%%%%%%%%%%%%%%%%%%%%%%%%%%%%%%%%%%%%%%%%%%%%%%%%%%%%%%%%%%%

Compilation
-----------
File     : /global/u2/b/bassem/gyro-EP/src/gyro_write_restart.f90
Compiled : 01/19/21  15:35:50
Compiler : Version 9.1.0
Ftnlx    : Version 9.1.0 
Target   : x86-64
Command  : ftn_driver.exe -hcpu=haswell -hdynamic -D__CRAYXC -D__CRAY_HASWELL
           -D__CRAYXT_COMPUTE_LINUX_TARGET -hnetwork=aries -hnoomp -em
           -J/global/homes/b/bassem/gyro-EP/modules -sreal64 -eD -Ktrap=fp -m1
           -Rbcdps -G0 -I/opt/cray/pe/fftw/3.3.8.4/haswell/include
           -c gyro_write_restart.f90
           -I/opt/cray/pe/cce/9.1.0/cce-clang/x86_64/lib/clang/9.0.0/include
           -I/opt/cray/pe/cce/9.1.0/cce/x86_64/include/craylibs -I/usr/include
           -I/usr/include -I/opt/cray/pe/fftw/3.3.8.4/haswell/include
           -I/opt/cray/pe/libsci/19.06.1/CRAY/9.0/x86_64/include
           -I/opt/cray/pe/mpt/7.7.10/gni/mpich-cray/9.0/include
           -I/opt/cray/pe/hdf5/1.10.5.2/cray/9.0/include
           -I/opt/cray/pe/netcdf/4.6.3.2/cray/9.0/include
           -I/opt/cray/rca/2.2.20-7.0.1.1_4.53__g8e3fb5b.ari/include
           -I/opt/cray/alps/6.6.58-7.0.1.1_6.10__g437d88db.ari/include
           -I/opt/cray/xpmem/2.2.20-7.0.1.1_4.14__g0475745.ari/include
           -I/opt/cray/gni-headers/5.0.12.0-7.0.1.1_6.32__g3b1768f.ari/include
           -I/opt/cray/dmapp/7.1.1-7.0.1.1_4.54__g38cf134.ari/include
           -I/opt/cray/pe/pmi/5.0.14/include
           -I/opt/cray/ugni/6.0.14.0-7.0.1.1_7.40__ge78e5b0.ari/include
           -I/opt/cray/udreg/2.3.2-7.0.1.1_3.38__g8175d3d.ari/include
           -I/opt/cray/wlm_detect/1.3.3-7.0.1.1_4.16__g7109084.ari/include
           -I/opt/cray/krca/2.2.6-7.0.1.1_5.39__gb641b12.ari/include
           -I/opt/cray-hss-devel/9.0.0/include
Program
  Units  : GYRO_WRITE_RESTART

ftnlx report
------------
Source   : /global/u2/b/bassem/gyro-EP/src/gyro_write_restart.f90
Date     : 01/19/2021  15:35:51


%%%%%%%%%%%%%%%%%%%%%%%%%%%%%%%%%%%%%%%%%%%%%%%%%%%%%%%%%%%%%%%%%%%%%%%%%%%%%%%%
                          S o u r c e   L i s t i n g
%%%%%%%%%%%%%%%%%%%%%%%%%%%%%%%%%%%%%%%%%%%%%%%%%%%%%%%%%%%%%%%%%%%%%%%%%%%%%%%%

    1.    !------------------------------------------------
    2.    ! gyro_write_restart.mpiio.f90
    3.    !
    4.    ! PURPOSE:
    5.    !  This is the master file controlling output of
    6.    !  restart data.
    7.    !------------------------------------------------
    8.    
    9.    subroutine gyro_write_restart
   10.    
   11.      use mpi
   12.      use gyro_globals
   13.      use gyro_pointers
   14.    
   15.      !----------------------------------------------
   16.      implicit none
   17.      !
   18.      real :: t_current_old
   19.      !
   20.      integer :: io
   21.      integer :: data_step_old
   22.      integer :: n_proc_old
   23.      integer :: i_restart_old
   24.      character (len=1) :: i_tag
   25.      !
   26.      ! Required for MPI-IO: 
   27.      !
   28.      integer :: filemode
   29.      integer :: finfo
   30.      integer :: fhv
   31.      integer :: fstatus(MPI_STATUS_SIZE)
   32.      integer(kind=MPI_OFFSET_KIND) :: disp
   33.      integer(kind=MPI_OFFSET_KIND) :: offset1
   34.      !----------------------------------------------
   35.    
   36.      !---------------------------------------------
   37.      ! Restarting without writing new restart files
   38.      !
   39.      if (restart_method == 2) return
   40.      !---------------------------------------------
   41.    
   42.      io = io_restart
   43.    
   44.      !------------------------------
   45.      ! Determine which file to use:
   46.      !
   47.      i_restart = 1-i_restart 
   48.      !------------------------------
   49.    
   50.      if (i_proc == 0 .and. debug_flag == 1) then
   51.         print *,'[Saving to ',trim(path)//file_restart(i_restart),']'
   52.      endif
   53.    
   54.      !-----------------------------------------------
   55.      ! Dump h and blending coefficients:
   56.      !
   57.      filemode = IOR(MPI_MODE_RDWR,MPI_MODE_CREATE)
   58.      disp     = 0
   59.    
   60.      if (huge_restart == 0) then
   61.    
   62.         call MPI_INFO_CREATE(finfo,i_err)
   63.    
   64.         call MPI_FILE_OPEN(GYRO_COMM_WORLD,&
   65.              trim(path)//file_restart(i_restart),&
   66.              filemode,&
   67.              finfo,&
   68.              fhv,&
   69.              i_err)
   70.    
   71.         call MPI_FILE_SET_VIEW(fhv,&
   72.              disp,&
   73.              MPI_COMPLEX16,&
   74.              MPI_COMPLEX16,&
   75.              'native',&
   76.              finfo,&
   77.              i_err)
   78.    
   79.         offset1 = size(h)*i_proc
   80.    
   81.         call MPI_FILE_WRITE_AT(fhv,&
   82.              offset1,&
   83.              h,&
   84.              size(h),&
   85.              MPI_COMPLEX16,&
   86.              fstatus,&
   87.              i_err)
   88.    
   89.         call MPI_FILE_SYNC(fhv,i_err)
   90.         call MPI_FILE_CLOSE(fhv,i_err)
   91.    
   92.      else
   93.    
   94.         do is=1,n_kinetic
   95.            i_tag = achar(is-1+iachar("0"))
   96.    
   97.            call MPI_INFO_CREATE(finfo,i_err)
   98.    
   99.            call MPI_FILE_OPEN(GYRO_COMM_WORLD,&
  100.                 trim(path)//file_restart(i_restart)//i_tag,&
  101.                 filemode,&
  102.                 finfo,&
  103.                 fhv,&
  104.                 i_err)
  105.    
  106.            call MPI_FILE_SET_VIEW(fhv,&
  107.                 disp,&
  108.                 MPI_COMPLEX16,&
  109.                 MPI_COMPLEX16,&
  110.                 'native',&
  111.                 finfo,&
  112.                 i_err)
  113.    
  114.            offset1 = size(h(:,:,:,is))*i_proc
  115.    
  116.            call MPI_FILE_WRITE_AT(fhv,&
  117.                 offset1,&
  118.                 h(:,:,:,is),&
  119.                 size(h(:,:,:,is)),&
  120.                 MPI_COMPLEX16,&
  121.                 fstatus,&
  122.                 i_err)
  123.    
  124.            call MPI_FILE_SYNC(fhv,i_err)
  125.            call MPI_FILE_CLOSE(fhv,i_err)
  126.    
  127.         enddo
  128.    
  129.      endif
  130.    
  131.      !---------------------------------------------------------
  132.      ! Dump restart parameters
  133.      !
  134.      if (i_proc == 0) then
  135.    
  136.         if (t_current > restart_data_skip*time_skip*dt*1.1) then
  137.    
  138.            open(unit=io,file=trim(path)//file_tag_restart(1),status='old')
  139.            read(io,*) data_step_old
  140.            read(io,fmtstr) t_current_old
  141.            read(io,*) n_proc_old
  142.            read(io,*) i_restart_old
  143.            close(io)
  144.    
  145.            open(unit=io,file=trim(path)//file_tag_restart(0),status='replace')
  146.            write(io,*) data_step_old
  147.            write(io,fmtstr) t_current_old
  148.            write(io,*) n_proc_old
  149.            write(io,*) i_restart_old
  150.            close(io)
  151.    
  152.         endif
  153.    
  154.         open(unit=io,file=trim(path)//file_tag_restart(1),status='replace')
  155.         write(io,*) data_step
  156.         write(io,fmtstr) t_current
  157.         write(io,*) n_proc
  158.         write(io,*) i_restart
  159.         close(io)
  160.    
  161.      endif
  162.    
  163.    
  164.    end subroutine gyro_write_restart


%%%%%%%%%%%%%%%%%%%%%%%%%%%%%%%%%%%%%%%%%%%%%%%%%%%%%%%%%%%%%%%%%%%%%%%%%%%%%%%%
                     C o m m o n   B l o c k   R e p o r t
%%%%%%%%%%%%%%%%%%%%%%%%%%%%%%%%%%%%%%%%%%%%%%%%%%%%%%%%%%%%%%%%%%%%%%%%%%%%%%%%

Blk  Program Unit                     Messages
---  ------------                     --------
/MPIFCMB5/                            Length: 4 bytes

     GYRO_WRITE_RESTART               Block is used from MPI_CONSTANTS

Blk  Program Unit                     Messages
---  ------------                     --------
/MPIFCMB9/                            Length: 4 bytes

     GYRO_WRITE_RESTART               Block is used from MPI_CONSTANTS

Blk  Program Unit                     Messages
---  ------------                     --------
/MPIPRIV1/                            Length: 28 bytes

     GYRO_WRITE_RESTART               Block is used from MPI_CONSTANTS

Blk  Program Unit                     Messages
---  ------------                     --------
/MPIPRIV2/                            Length: 24 bytes

     GYRO_WRITE_RESTART               Block is used from MPI_CONSTANTS

Blk  Program Unit                     Messages
---  ------------                     --------
/MPIPRIVC/                            Length: 2 bytes

     GYRO_WRITE_RESTART               Block is used from MPI_CONSTANTS


%%%%%%%%%%%%%%%%%%%%%%%%%%%%%%%%%%%%%%%%%%%%%%%%%%%%%%%%%%%%%%%%%%%%%%%%%%%%%%%%
                         E x t e r n a l   R e p o r t
%%%%%%%%%%%%%%%%%%%%%%%%%%%%%%%%%%%%%%%%%%%%%%%%%%%%%%%%%%%%%%%%%%%%%%%%%%%%%%%%

Name  Messages
----  --------
ACHAR(Intrinsic)
      Defined as:  No definitions.

      Interface:   None

      Called By:   GYRO_WRITE_RESTART (Line 95, file gyro_write_restart.f90)

Name  Messages
----  --------
CHAR(Intrinsic)
      Defined as:  No definitions.

                   No calls.  It is not called and does not use any procedure.

      Interface:   None

Name  Messages
----  --------
COMMEQ in MPI_CONSTANTS
      Defined as:  No definitions.

                   No calls.  It is not called and does not use any procedure.

      Interface:   None

Name  Messages
----  --------
COMMNEQ in MPI_CONSTANTS
      Defined as:  No definitions.

                   No calls.  It is not called and does not use any procedure.

      Interface:   None

Name  Messages
----  --------
DATATYPEEQ in MPI_CONSTANTS
      Defined as:  No definitions.

                   No calls.  It is not called and does not use any procedure.

      Interface:   None

Name  Messages
----  --------
DATATYPENEQ in MPI_CONSTANTS
      Defined as:  No definitions.

                   No calls.  It is not called and does not use any procedure.

      Interface:   None

Name  Messages
----  --------
ERRHANDLEREQ in MPI_CONSTANTS
      Defined as:  No definitions.

                   No calls.  It is not called and does not use any procedure.

      Interface:   None

Name  Messages
----  --------
ERRHANDLERNEQ in MPI_CONSTANTS
      Defined as:  No definitions.

                   No calls.  It is not called and does not use any procedure.

      Interface:   None

Name  Messages
----  --------
FILEEQ in MPI_CONSTANTS
      Defined as:  No definitions.

                   No calls.  It is not called and does not use any procedure.

      Interface:   None

Name  Messages
----  --------
FILENEQ in MPI_CONSTANTS
      Defined as:  No definitions.

                   No calls.  It is not called and does not use any procedure.

      Interface:   None

Name  Messages
----  --------
GROUPEQ in MPI_CONSTANTS
      Defined as:  No definitions.

                   No calls.  It is not called and does not use any procedure.

      Interface:   None

Name  Messages
----  --------
GROUPNEQ in MPI_CONSTANTS
      Defined as:  No definitions.

                   No calls.  It is not called and does not use any procedure.

      Interface:   None

Name  Messages
----  --------
GYRO_GLOBALS
      Defined as:  No definitions.

      Used By:     GYRO_WRITE_RESTART

Name  Messages
----  --------
GYRO_POINTERS
      Defined as:  No definitions.

      Used By:     GYRO_WRITE_RESTART

Name  Messages
----  --------
GYRO_WRITE_RESTART
      Defined as:  Subroutine (line 9, file gyro_write_restart.f90)

      Interface:   None

      Calls:       TRIM(Intrinsic) (Line 51, file gyro_write_restart.f90)
                   TRIM(Intrinsic) (Line 65, file gyro_write_restart.f90)
                   TRIM(Intrinsic) (Line 100, file gyro_write_restart.f90)
                   TRIM(Intrinsic) (Line 138, file gyro_write_restart.f90)
                   TRIM(Intrinsic) (Line 145, file gyro_write_restart.f90)
                   TRIM(Intrinsic) (Line 154, file gyro_write_restart.f90)
                   IOR(Intrinsic) (Line 57, file gyro_write_restart.f90)
                   MPI_INFO_CREATE (Line 62, file gyro_write_restart.f90)
                   MPI_INFO_CREATE (Line 97, file gyro_write_restart.f90)
                   MPI_FILE_OPEN (Line 64, file gyro_write_restart.f90)
                   MPI_FILE_OPEN (Line 99, file gyro_write_restart.f90)
                   MPI_FILE_SET_VIEW (Line 71, file gyro_write_restart.f90)
                   MPI_FILE_SET_VIEW (Line 106, file gyro_write_restart.f90)
                   SIZE(Intrinsic) (Line 79, file gyro_write_restart.f90)
                   SIZE(Intrinsic) (Line 84, file gyro_write_restart.f90)
                   SIZE(Intrinsic) (Line 114, file gyro_write_restart.f90)
                   SIZE(Intrinsic) (Line 119, file gyro_write_restart.f90)
                   MPI_FILE_WRITE_AT (Line 81, file gyro_write_restart.f90)
                   MPI_FILE_WRITE_AT (Line 116, file gyro_write_restart.f90)
                   MPI_FILE_SYNC (Line 89, file gyro_write_restart.f90)
                   MPI_FILE_SYNC (Line 124, file gyro_write_restart.f90)
                   MPI_FILE_CLOSE (Line 90, file gyro_write_restart.f90)
                   MPI_FILE_CLOSE (Line 125, file gyro_write_restart.f90)
                   IACHAR(Intrinsic) (Line 95, file gyro_write_restart.f90)
                   ACHAR(Intrinsic) (Line 95, file gyro_write_restart.f90)

        Uses:      MPI
                   MPI_BASE  (indirectly)
                   MPI_SIZEOFS  (indirectly)
                   MPI_CONSTANTS  (indirectly)
                   GYRO_GLOBALS
                   GYRO_POINTERS

Name  Messages
----  --------
IACHAR(Intrinsic)
      Defined as:  No definitions.

      Interface:   None

      Called By:   GYRO_WRITE_RESTART (Line 95, file gyro_write_restart.f90)

Name  Messages
----  --------
INFOEQ in MPI_CONSTANTS
      Defined as:  No definitions.

                   No calls.  It is not called and does not use any procedure.

      Interface:   None

Name  Messages
----  --------
INFONEQ in MPI_CONSTANTS
      Defined as:  No definitions.

                   No calls.  It is not called and does not use any procedure.

      Interface:   None

Name  Messages
----  --------
IOR(Intrinsic)
      Defined as:  No definitions.

      Interface:   None

      Called By:   GYRO_WRITE_RESTART (Line 57, file gyro_write_restart.f90)

Name  Messages
----  --------
MESSAGEEQ in MPI_CONSTANTS
      Defined as:  No definitions.

                   No calls.  It is not called and does not use any procedure.

      Interface:   None

Name  Messages
----  --------
MESSAGENEQ in MPI_CONSTANTS
      Defined as:  No definitions.

                   No calls.  It is not called and does not use any procedure.

      Interface:   None

Name  Messages
----  --------
MPI
      Defined as:  No definitions.

      Used By:     GYRO_WRITE_RESTART

Name  Messages
----  --------
MPI_BASE
      Defined as:  No definitions.

      Used By:     GYRO_WRITE_RESTART  (indirectly)

Name  Messages
----  --------
MPI_CONSTANTS
      Defined as:  No definitions.

      Used By:     GYRO_WRITE_RESTART  (indirectly)

Name  Messages
----  --------
MPI_FILE_CLOSE
      Defined as:  No definitions.

      Interface:   None

      Called By:   GYRO_WRITE_RESTART (Line 90, file gyro_write_restart.f90)
                   GYRO_WRITE_RESTART (Line 125, file gyro_write_restart.f90)

Name  Messages
----  --------
MPI_FILE_OPEN
      Defined as:  No definitions.

      Interface:   None

      Called By:   GYRO_WRITE_RESTART (Line 64, file gyro_write_restart.f90)
                   GYRO_WRITE_RESTART (Line 99, file gyro_write_restart.f90)

Name  Messages
----  --------
MPI_FILE_SET_VIEW
      Defined as:  No definitions.

      Interface:   None

      Called By:   GYRO_WRITE_RESTART (Line 71, file gyro_write_restart.f90)
                   GYRO_WRITE_RESTART (Line 106, file gyro_write_restart.f90)

Name  Messages
----  --------
MPI_FILE_SYNC
      Defined as:  No definitions.

      Interface:   None

      Called By:   GYRO_WRITE_RESTART (Line 89, file gyro_write_restart.f90)
                   GYRO_WRITE_RESTART (Line 124, file gyro_write_restart.f90)

Name  Messages
----  --------
MPI_FILE_WRITE_AT
      Defined as:  No definitions.

      Interface:   None

      Called By:   GYRO_WRITE_RESTART (Line 81, file gyro_write_restart.f90)
                   GYRO_WRITE_RESTART (Line 116, file gyro_write_restart.f90)

Name  Messages
----  --------
MPI_INFO_CREATE
      Defined as:  No definitions.

      Interface:   None

      Called By:   GYRO_WRITE_RESTART (Line 62, file gyro_write_restart.f90)
                   GYRO_WRITE_RESTART (Line 97, file gyro_write_restart.f90)

Name  Messages
----  --------
MPI_SIZEOFS
      Defined as:  No definitions.

      Used By:     GYRO_WRITE_RESTART  (indirectly)

Name  Messages
----  --------
MPI_SIZEOF_CH in MPI_SIZEOFS
      Defined as:  No definitions.

                   No calls.  It is not called and does not use any procedure.

      Interface:   None

Name  Messages
----  --------
MPI_SIZEOF_CHV in MPI_SIZEOFS
      Defined as:  No definitions.

                   No calls.  It is not called and does not use any procedure.

      Interface:   None

Name  Messages
----  --------
MPI_SIZEOF_CX in MPI_SIZEOFS
      Defined as:  No definitions.

                   No calls.  It is not called and does not use any procedure.

      Interface:   None

Name  Messages
----  --------
MPI_SIZEOF_CXV in MPI_SIZEOFS
      Defined as:  No definitions.

                   No calls.  It is not called and does not use any procedure.

      Interface:   None

Name  Messages
----  --------
MPI_SIZEOF_D in MPI_SIZEOFS
      Defined as:  No definitions.

                   No calls.  It is not called and does not use any procedure.

      Interface:   None

Name  Messages
----  --------
MPI_SIZEOF_DV in MPI_SIZEOFS
      Defined as:  No definitions.

                   No calls.  It is not called and does not use any procedure.

      Interface:   None

Name  Messages
----  --------
MPI_SIZEOF_I in MPI_SIZEOFS
      Defined as:  No definitions.

                   No calls.  It is not called and does not use any procedure.

      Interface:   None

Name  Messages
----  --------
MPI_SIZEOF_I1 in MPI_SIZEOFS
      Defined as:  No definitions.

                   No calls.  It is not called and does not use any procedure.

      Interface:   None

Name  Messages
----  --------
MPI_SIZEOF_I1V in MPI_SIZEOFS
      Defined as:  No definitions.

                   No calls.  It is not called and does not use any procedure.

      Interface:   None

Name  Messages
----  --------
MPI_SIZEOF_I2 in MPI_SIZEOFS
      Defined as:  No definitions.

                   No calls.  It is not called and does not use any procedure.

      Interface:   None

Name  Messages
----  --------
MPI_SIZEOF_I2V in MPI_SIZEOFS
      Defined as:  No definitions.

                   No calls.  It is not called and does not use any procedure.

      Interface:   None

Name  Messages
----  --------
MPI_SIZEOF_I8 in MPI_SIZEOFS
      Defined as:  No definitions.

                   No calls.  It is not called and does not use any procedure.

      Interface:   None

Name  Messages
----  --------
MPI_SIZEOF_I8V in MPI_SIZEOFS
      Defined as:  No definitions.

                   No calls.  It is not called and does not use any procedure.

      Interface:   None

Name  Messages
----  --------
MPI_SIZEOF_IV in MPI_SIZEOFS
      Defined as:  No definitions.

                   No calls.  It is not called and does not use any procedure.

      Interface:   None

Name  Messages
----  --------
MPI_SIZEOF_L in MPI_SIZEOFS
      Defined as:  No definitions.

                   No calls.  It is not called and does not use any procedure.

      Interface:   None

Name  Messages
----  --------
MPI_SIZEOF_LV in MPI_SIZEOFS
      Defined as:  No definitions.

                   No calls.  It is not called and does not use any procedure.

      Interface:   None

Name  Messages
----  --------
MPI_SIZEOF_R in MPI_SIZEOFS
      Defined as:  No definitions.

                   No calls.  It is not called and does not use any procedure.

      Interface:   None

Name  Messages
----  --------
MPI_SIZEOF_RV in MPI_SIZEOFS
      Defined as:  No definitions.

                   No calls.  It is not called and does not use any procedure.

      Interface:   None

Name  Messages
----  --------
OPEQ in MPI_CONSTANTS
      Defined as:  No definitions.

                   No calls.  It is not called and does not use any procedure.

      Interface:   None

Name  Messages
----  --------
OPNEQ in MPI_CONSTANTS
      Defined as:  No definitions.

                   No calls.  It is not called and does not use any procedure.

      Interface:   None

Name  Messages
----  --------
REQUESTEQ in MPI_CONSTANTS
      Defined as:  No definitions.

                   No calls.  It is not called and does not use any procedure.

      Interface:   None

Name  Messages
----  --------
REQUESTNEQ in MPI_CONSTANTS
      Defined as:  No definitions.

                   No calls.  It is not called and does not use any procedure.

      Interface:   None

Name  Messages
----  --------
SIZE(Intrinsic)
      Defined as:  No definitions.

      Interface:   None

      Called By:   GYRO_WRITE_RESTART (Line 79, file gyro_write_restart.f90)
                   GYRO_WRITE_RESTART (Line 84, file gyro_write_restart.f90)
                   GYRO_WRITE_RESTART (Line 114, file gyro_write_restart.f90)
                   GYRO_WRITE_RESTART (Line 119, file gyro_write_restart.f90)

Name  Messages
----  --------
TRIM(Intrinsic)
      Defined as:  No definitions.

      Interface:   None

      Called By:   GYRO_WRITE_RESTART (Line 51, file gyro_write_restart.f90)
                   GYRO_WRITE_RESTART (Line 65, file gyro_write_restart.f90)
                   GYRO_WRITE_RESTART (Line 100, file gyro_write_restart.f90)
                   GYRO_WRITE_RESTART (Line 138, file gyro_write_restart.f90)
                   GYRO_WRITE_RESTART (Line 145, file gyro_write_restart.f90)
                   GYRO_WRITE_RESTART (Line 154, file gyro_write_restart.f90)

Name  Messages
----  --------
WINEQ in MPI_CONSTANTS
      Defined as:  No definitions.

                   No calls.  It is not called and does not use any procedure.

      Interface:   None

Name  Messages
----  --------
WINNEQ in MPI_CONSTANTS
      Defined as:  No definitions.

                   No calls.  It is not called and does not use any procedure.

      Interface:   None

Name  Messages
----  --------
_F90_TRIM(Intrinsic)
      Defined as:  No definitions.

                   No calls.  It is not called and does not use any procedure.

      Interface:   None

Name  Messages
----  --------
__SIZE(Intrinsic)
      Defined as:  No definitions.

                   No calls.  It is not called and does not use any procedure.

      Interface:   None


%%%%%%%%%%%%%%%%%%%%%%%%%%%%%%%%%%%%%%%%%%%%%%%%%%%%%%%%%%%%%%%%%%%%%%%%%%%%%%%%
%%%%%%%%%%%%%%%%%%%%%%%%%%%%%%%%%%%%%%%%%%%%%%%%%%%%%%%%%%%%%%%%%%%%%%%%%%%%%%%%
