%%%%%%%%%%%%%%%%%%%%%%%%%%%%%%%%%%%%%%%%%%%%%%%%%%%%%%%%%%%%%%%%%%%%%%%%%%%%%%%%
                          S u m m a r y   R e p o r t
%%%%%%%%%%%%%%%%%%%%%%%%%%%%%%%%%%%%%%%%%%%%%%%%%%%%%%%%%%%%%%%%%%%%%%%%%%%%%%%%

Compilation
-----------
File     : /global/u2/b/bassem/gyro-EP/src/gyro_conserve_all.f90
Compiled : 01/19/21  15:35:34
Compiler : Version 9.1.0
Ftnlx    : Version 9.1.0 
Target   : x86-64
Command  : ftn_driver.exe -hcpu=haswell -hdynamic -D__CRAYXC -D__CRAY_HASWELL
           -D__CRAYXT_COMPUTE_LINUX_TARGET -hnetwork=aries -hnoomp -em
           -J/global/homes/b/bassem/gyro-EP/modules -sreal64 -eD -Ktrap=fp -m1
           -Rbcdps -G0 -I/opt/cray/pe/fftw/3.3.8.4/haswell/include
           -c gyro_conserve_all.f90
           -I/opt/cray/pe/cce/9.1.0/cce-clang/x86_64/lib/clang/9.0.0/include
           -I/opt/cray/pe/cce/9.1.0/cce/x86_64/include/craylibs -I/usr/include
           -I/usr/include -I/opt/cray/pe/fftw/3.3.8.4/haswell/include
           -I/opt/cray/pe/libsci/19.06.1/CRAY/9.0/x86_64/include
           -I/opt/cray/pe/mpt/7.7.10/gni/mpich-cray/9.0/include
           -I/opt/cray/pe/hdf5/1.10.5.2/cray/9.0/include
           -I/opt/cray/pe/netcdf/4.6.3.2/cray/9.0/include
           -I/opt/cray/rca/2.2.20-7.0.1.1_4.53__g8e3fb5b.ari/include
           -I/opt/cray/alps/6.6.58-7.0.1.1_6.10__g437d88db.ari/include
           -I/opt/cray/xpmem/2.2.20-7.0.1.1_4.14__g0475745.ari/include
           -I/opt/cray/gni-headers/5.0.12.0-7.0.1.1_6.32__g3b1768f.ari/include
           -I/opt/cray/dmapp/7.1.1-7.0.1.1_4.54__g38cf134.ari/include
           -I/opt/cray/pe/pmi/5.0.14/include
           -I/opt/cray/ugni/6.0.14.0-7.0.1.1_7.40__ge78e5b0.ari/include
           -I/opt/cray/udreg/2.3.2-7.0.1.1_3.38__g8175d3d.ari/include
           -I/opt/cray/wlm_detect/1.3.3-7.0.1.1_4.16__g7109084.ari/include
           -I/opt/cray/krca/2.2.6-7.0.1.1_5.39__gb641b12.ari/include
           -I/opt/cray-hss-devel/9.0.0/include
Program
  Units  : GYRO_CONSERVE_ALL

ftnlx report
------------
Source   : /global/u2/b/bassem/gyro-EP/src/gyro_conserve_all.f90
Date     : 01/19/2021  15:35:35


%%%%%%%%%%%%%%%%%%%%%%%%%%%%%%%%%%%%%%%%%%%%%%%%%%%%%%%%%%%%%%%%%%%%%%%%%%%%%%%%
                          S o u r c e   L i s t i n g
%%%%%%%%%%%%%%%%%%%%%%%%%%%%%%%%%%%%%%%%%%%%%%%%%%%%%%%%%%%%%%%%%%%%%%%%%%%%%%%%

    1.    !------------------------------------------------
    2.    ! gyro_conserve_all.f90
    3.    !
    4.    ! PURPOSE:
    5.    !  Correct a collision operator for number,
    6.    !  momentum and energy conservation.
    7.    !------------------------------------------------
    8.    
    9.    subroutine gyro_conserve_all
   10.    
   11.      use mpi
   12.      use gyro_globals
   13.      use gyro_pointers
   14.    
   15.      !---------------------------------------------------
   16.      implicit none
   17.      !
   18.      complex, dimension(n_blend,n_x) :: sum_loc
   19.      complex, dimension(n_blend,n_x) :: sum_glob
   20.      complex, dimension(2*n_blend,n_x) :: sum2_loc
   21.      complex, dimension(2*n_blend,n_x) :: sum2_glob
   22.      !
   23.      complex, dimension(n_stack,n_x,n_nek_loc_1) :: cf_new
   24.      !---------------------------------------------------
   25.    
   26.     
   27.      !----------------------------------------------------
   28.      ! Now, compute blending projections:
   29.      !
   30.      sum_loc(:,:)  = (0.0,0.0)
ftn-6263 ftn: VECTOR GYRO_CONSERVE_ALL, File = gyro_conserve_all.f90, Line = 30 
  A loop starting at line 30 was not vectorized because it contains a reference to a non-vector intrinsic on line 30.

   31.      sum2_loc(:,:) = (0.0,0.0)
ftn-6263 ftn: VECTOR GYRO_CONSERVE_ALL, File = gyro_conserve_all.f90, Line = 31 
  A loop starting at line 31 was not vectorized because it contains a reference to a non-vector intrinsic on line 31.

   32.      !
   33.      p_nek_loc = 0
   34.      !
   35.      do p_nek=1+i_proc_1,n_nek_1,n_proc_1
   36.    
   37.         p_nek_loc = p_nek_loc+1
   38.    
   39.         ie = nek_e(p_nek)  
   40.         k  = nek_k(p_nek)   
   41.    
   42.         ck = class(k)
   43.    
   44.         do i=1,n_x
   45.    
   46.            do m=1,n_stack
   47.    
   48.               m0 = m_phys(ck,m)
   49.    
   50.               do j=1,n_blend
   51.    
   52.                  ! Poisson Equation (RHS)
   53.                  !
   54.                  ! FV[(F*_j) he]
   55.    
   56.                  ! Moment: 1
   57.    
   58.                  sum2_loc(j,i) = sum2_loc(j,i)+ &
   59.                       fb_coll(m,i,p_nek_loc)*&
   60.                       cs_blend(j,m0,i,p_nek_loc)
   61.    
   62.                  ! Moment: v_parallel
   63.    
   64.                  sum_loc(j,i) = sum_loc(j,i)+ &
   65.                       fb_coll(m,i,p_nek_loc)*v_para(m,i,p_nek_loc,is)*&
   66.                       cs_blend(j,m0,i,p_nek_loc)
   67.    
   68.                  ! Moment: energy
   69.    
   70.                  sum2_loc(j+n_blend,i) = sum2_loc(j+n_blend,i)+ &
   71.                       fb_coll(m,i,p_nek_loc)*energy(ie)*&
   72.                       cs_blend(j,m0,i,p_nek_loc)
   73.    
   74.               enddo ! j
   75.    
   76.            enddo ! m
   77.    
   78.         enddo ! i
   79.    
   80.      enddo ! p_nek_loc
   81.      !--------------------------------------------------------------
   82.    
   83.      call MPI_ALLREDUCE(sum_loc,&
   84.           sum_glob,&
   85.           size(sum_glob),&
   86.           MPI_DOUBLE_COMPLEX,&
   87.           MPI_SUM,&
   88.           NEW_COMM_1,&
   89.           i_err)
   90.    
   91.      call MPI_ALLREDUCE(sum2_loc,&
   92.           sum2_glob,&
   93.           size(sum2_glob),&
   94.           MPI_DOUBLE_COMPLEX,&
   95.           MPI_SUM,&
   96.           NEW_COMM_1,&
   97.           i_err)
   98.    
   99.      !---------------------------------------------------
  100.      ! Solve for blending coefficients
  101.      !
  102.      do i=1,n_x
  103.    
  104.         call ZGETRS('N',&
  105.              n_blend,&
  106.              1,&
  107.              ff_mm(:,:,i,2),&
  108.              n_blend,&
  109.              ff_mm_piv(:,i,2),&
  110.              sum_glob(:,i),&
  111.              n_blend,&
  112.              info)
  113.    
  114.         call ZGETRS('N',&
  115.              2*n_blend,&
  116.              1,&
  117.              ff2_mm(:,:,i),&
  118.              2*n_blend,&
  119.              ff2_mm_piv(:,i),&
  120.              sum2_glob(:,i),&
  121.              2*n_blend,&
  122.              info)
  123.    
  124.      enddo ! i
  125.      !---------------------------------------------------
  126.    
  127.    
  128.      !---------------------------------------------------
  129.      ! Get collision term:
  130.      !
  131.      cf_new(:,:,:) = fb_coll(:,:,:)
ftn-6262 ftn: VECTOR GYRO_CONSERVE_ALL, File = gyro_conserve_all.f90, Line = 131 
  A loop starting at line 131 was not vectorized because it contains a call to a subroutine or function on line 131.

  132.      !
  133.      p_nek_loc = 0
  134.      do p_nek=1+i_proc_1,n_nek_1,n_proc_1
  135.    
  136.         p_nek_loc = p_nek_loc+1
  137.    
  138.         ie = nek_e(p_nek)  
  139.         k  = nek_k(p_nek)   
  140.    
  141.         ck = class(k)
  142.    
  143.         do i=1,n_x
  144.    
  145.            do m=1,n_stack
  146.    
  147.               m0 = m_phys(ck,m)
  148.    
  149.               do j=1,n_blend
  150.    
  151.                  cf_new(m,i,p_nek_loc) = &
  152.                       cf_new(m,i,p_nek_loc)- &
  153.                       (sum2_glob(j,i)+ &
  154.                       sum_glob(j,i)*v_para(m,i,p_nek_loc,is)+ &
  155.                       sum2_glob(j+n_blend,i)*energy(ie))*c_blend(j,m0,i,p_nek_loc)
  156.    
  157.               enddo ! j
  158.    
  159.            enddo ! m
  160.    
  161.         enddo ! i
  162.    
  163.      enddo ! p_nek_loc
  164.    
  165.      fb_coll(:,:,:) = cf_new(:,:,:)
ftn-6262 ftn: VECTOR GYRO_CONSERVE_ALL, File = gyro_conserve_all.f90, Line = 165 
  A loop starting at line 165 was not vectorized because it contains a call to a subroutine or function on line 165.

  166.    
  167.      if (debug_flag == 1 .and. i_proc == 0) then
  168.         print *,'[gyro_conserve_all done]'
  169.      endif
  170.    
  171.    end subroutine gyro_conserve_all


%%%%%%%%%%%%%%%%%%%%%%%%%%%%%%%%%%%%%%%%%%%%%%%%%%%%%%%%%%%%%%%%%%%%%%%%%%%%%%%%
                     C o m m o n   B l o c k   R e p o r t
%%%%%%%%%%%%%%%%%%%%%%%%%%%%%%%%%%%%%%%%%%%%%%%%%%%%%%%%%%%%%%%%%%%%%%%%%%%%%%%%

Blk  Program Unit                     Messages
---  ------------                     --------
/MPIFCMB5/                            Length: 4 bytes

     GYRO_CONSERVE_ALL                Block is used from MPI_CONSTANTS

Blk  Program Unit                     Messages
---  ------------                     --------
/MPIFCMB9/                            Length: 4 bytes

     GYRO_CONSERVE_ALL                Block is used from MPI_CONSTANTS

Blk  Program Unit                     Messages
---  ------------                     --------
/MPIPRIV1/                            Length: 28 bytes

     GYRO_CONSERVE_ALL                Block is used from MPI_CONSTANTS

Blk  Program Unit                     Messages
---  ------------                     --------
/MPIPRIV2/                            Length: 24 bytes

     GYRO_CONSERVE_ALL                Block is used from MPI_CONSTANTS

Blk  Program Unit                     Messages
---  ------------                     --------
/MPIPRIVC/                            Length: 2 bytes

     GYRO_CONSERVE_ALL                Block is used from MPI_CONSTANTS


%%%%%%%%%%%%%%%%%%%%%%%%%%%%%%%%%%%%%%%%%%%%%%%%%%%%%%%%%%%%%%%%%%%%%%%%%%%%%%%%
                         E x t e r n a l   R e p o r t
%%%%%%%%%%%%%%%%%%%%%%%%%%%%%%%%%%%%%%%%%%%%%%%%%%%%%%%%%%%%%%%%%%%%%%%%%%%%%%%%

Name  Messages
----  --------
CHAR(Intrinsic)
      Defined as:  No definitions.

                   No calls.  It is not called and does not use any procedure.

      Interface:   None

Name  Messages
----  --------
COMMEQ in MPI_CONSTANTS
      Defined as:  No definitions.

                   No calls.  It is not called and does not use any procedure.

      Interface:   None

Name  Messages
----  --------
COMMNEQ in MPI_CONSTANTS
      Defined as:  No definitions.

                   No calls.  It is not called and does not use any procedure.

      Interface:   None

Name  Messages
----  --------
DATATYPEEQ in MPI_CONSTANTS
      Defined as:  No definitions.

                   No calls.  It is not called and does not use any procedure.

      Interface:   None

Name  Messages
----  --------
DATATYPENEQ in MPI_CONSTANTS
      Defined as:  No definitions.

                   No calls.  It is not called and does not use any procedure.

      Interface:   None

Name  Messages
----  --------
ERRHANDLEREQ in MPI_CONSTANTS
      Defined as:  No definitions.

                   No calls.  It is not called and does not use any procedure.

      Interface:   None

Name  Messages
----  --------
ERRHANDLERNEQ in MPI_CONSTANTS
      Defined as:  No definitions.

                   No calls.  It is not called and does not use any procedure.

      Interface:   None

Name  Messages
----  --------
FILEEQ in MPI_CONSTANTS
      Defined as:  No definitions.

                   No calls.  It is not called and does not use any procedure.

      Interface:   None

Name  Messages
----  --------
FILENEQ in MPI_CONSTANTS
      Defined as:  No definitions.

                   No calls.  It is not called and does not use any procedure.

      Interface:   None

Name  Messages
----  --------
GROUPEQ in MPI_CONSTANTS
      Defined as:  No definitions.

                   No calls.  It is not called and does not use any procedure.

      Interface:   None

Name  Messages
----  --------
GROUPNEQ in MPI_CONSTANTS
      Defined as:  No definitions.

                   No calls.  It is not called and does not use any procedure.

      Interface:   None

Name  Messages
----  --------
GYRO_CONSERVE_ALL
      Defined as:  Subroutine (line 9, file gyro_conserve_all.f90)

      Interface:   None

        Uses:      MPI
                   MPI_BASE  (indirectly)
                   MPI_SIZEOFS  (indirectly)
                   MPI_CONSTANTS  (indirectly)
                   GYRO_GLOBALS
                   GYRO_POINTERS

Name  Messages
----  --------
GYRO_GLOBALS
      Defined as:  No definitions.

      Used By:     GYRO_CONSERVE_ALL

Name  Messages
----  --------
GYRO_POINTERS
      Defined as:  No definitions.

      Used By:     GYRO_CONSERVE_ALL

Name  Messages
----  --------
INFOEQ in MPI_CONSTANTS
      Defined as:  No definitions.

                   No calls.  It is not called and does not use any procedure.

      Interface:   None

Name  Messages
----  --------
INFONEQ in MPI_CONSTANTS
      Defined as:  No definitions.

                   No calls.  It is not called and does not use any procedure.

      Interface:   None

Name  Messages
----  --------
MESSAGEEQ in MPI_CONSTANTS
      Defined as:  No definitions.

                   No calls.  It is not called and does not use any procedure.

      Interface:   None

Name  Messages
----  --------
MESSAGENEQ in MPI_CONSTANTS
      Defined as:  No definitions.

                   No calls.  It is not called and does not use any procedure.

      Interface:   None

Name  Messages
----  --------
MPI
      Defined as:  No definitions.

      Used By:     GYRO_CONSERVE_ALL

Name  Messages
----  --------
MPI_ALLREDUCE
      Defined as:  No definitions.

                   No calls.  It is not called and does not use any procedure.

      Interface:   None

Name  Messages
----  --------
MPI_BASE
      Defined as:  No definitions.

      Used By:     GYRO_CONSERVE_ALL  (indirectly)

Name  Messages
----  --------
MPI_CONSTANTS
      Defined as:  No definitions.

      Used By:     GYRO_CONSERVE_ALL  (indirectly)

Name  Messages
----  --------
MPI_SIZEOFS
      Defined as:  No definitions.

      Used By:     GYRO_CONSERVE_ALL  (indirectly)

Name  Messages
----  --------
MPI_SIZEOF_CH in MPI_SIZEOFS
      Defined as:  No definitions.

                   No calls.  It is not called and does not use any procedure.

      Interface:   None

Name  Messages
----  --------
MPI_SIZEOF_CHV in MPI_SIZEOFS
      Defined as:  No definitions.

                   No calls.  It is not called and does not use any procedure.

      Interface:   None

Name  Messages
----  --------
MPI_SIZEOF_CX in MPI_SIZEOFS
      Defined as:  No definitions.

                   No calls.  It is not called and does not use any procedure.

      Interface:   None

Name  Messages
----  --------
MPI_SIZEOF_CXV in MPI_SIZEOFS
      Defined as:  No definitions.

                   No calls.  It is not called and does not use any procedure.

      Interface:   None

Name  Messages
----  --------
MPI_SIZEOF_D in MPI_SIZEOFS
      Defined as:  No definitions.

                   No calls.  It is not called and does not use any procedure.

      Interface:   None

Name  Messages
----  --------
MPI_SIZEOF_DV in MPI_SIZEOFS
      Defined as:  No definitions.

                   No calls.  It is not called and does not use any procedure.

      Interface:   None

Name  Messages
----  --------
MPI_SIZEOF_I in MPI_SIZEOFS
      Defined as:  No definitions.

                   No calls.  It is not called and does not use any procedure.

      Interface:   None

Name  Messages
----  --------
MPI_SIZEOF_I1 in MPI_SIZEOFS
      Defined as:  No definitions.

                   No calls.  It is not called and does not use any procedure.

      Interface:   None

Name  Messages
----  --------
MPI_SIZEOF_I1V in MPI_SIZEOFS
      Defined as:  No definitions.

                   No calls.  It is not called and does not use any procedure.

      Interface:   None

Name  Messages
----  --------
MPI_SIZEOF_I2 in MPI_SIZEOFS
      Defined as:  No definitions.

                   No calls.  It is not called and does not use any procedure.

      Interface:   None

Name  Messages
----  --------
MPI_SIZEOF_I2V in MPI_SIZEOFS
      Defined as:  No definitions.

                   No calls.  It is not called and does not use any procedure.

      Interface:   None

Name  Messages
----  --------
MPI_SIZEOF_I8 in MPI_SIZEOFS
      Defined as:  No definitions.

                   No calls.  It is not called and does not use any procedure.

      Interface:   None

Name  Messages
----  --------
MPI_SIZEOF_I8V in MPI_SIZEOFS
      Defined as:  No definitions.

                   No calls.  It is not called and does not use any procedure.

      Interface:   None

Name  Messages
----  --------
MPI_SIZEOF_IV in MPI_SIZEOFS
      Defined as:  No definitions.

                   No calls.  It is not called and does not use any procedure.

      Interface:   None

Name  Messages
----  --------
MPI_SIZEOF_L in MPI_SIZEOFS
      Defined as:  No definitions.

                   No calls.  It is not called and does not use any procedure.

      Interface:   None

Name  Messages
----  --------
MPI_SIZEOF_LV in MPI_SIZEOFS
      Defined as:  No definitions.

                   No calls.  It is not called and does not use any procedure.

      Interface:   None

Name  Messages
----  --------
MPI_SIZEOF_R in MPI_SIZEOFS
      Defined as:  No definitions.

                   No calls.  It is not called and does not use any procedure.

      Interface:   None

Name  Messages
----  --------
MPI_SIZEOF_RV in MPI_SIZEOFS
      Defined as:  No definitions.

                   No calls.  It is not called and does not use any procedure.

      Interface:   None

Name  Messages
----  --------
OPEQ in MPI_CONSTANTS
      Defined as:  No definitions.

                   No calls.  It is not called and does not use any procedure.

      Interface:   None

Name  Messages
----  --------
OPNEQ in MPI_CONSTANTS
      Defined as:  No definitions.

                   No calls.  It is not called and does not use any procedure.

      Interface:   None

Name  Messages
----  --------
REQUESTEQ in MPI_CONSTANTS
      Defined as:  No definitions.

                   No calls.  It is not called and does not use any procedure.

      Interface:   None

Name  Messages
----  --------
REQUESTNEQ in MPI_CONSTANTS
      Defined as:  No definitions.

                   No calls.  It is not called and does not use any procedure.

      Interface:   None

Name  Messages
----  --------
SIZE(Intrinsic)
      Defined as:  No definitions.

                   No calls.  It is not called and does not use any procedure.

      Interface:   None

Name  Messages
----  --------
WINEQ in MPI_CONSTANTS
      Defined as:  No definitions.

                   No calls.  It is not called and does not use any procedure.

      Interface:   None

Name  Messages
----  --------
WINNEQ in MPI_CONSTANTS
      Defined as:  No definitions.

                   No calls.  It is not called and does not use any procedure.

      Interface:   None

Name  Messages
----  --------
ZGETRS
      Defined as:  No definitions.

                   No calls.  It is not called and does not use any procedure.

      Interface:   None


%%%%%%%%%%%%%%%%%%%%%%%%%%%%%%%%%%%%%%%%%%%%%%%%%%%%%%%%%%%%%%%%%%%%%%%%%%%%%%%%
%%%%%%%%%%%%%%%%%%%%%%%%%%%%%%%%%%%%%%%%%%%%%%%%%%%%%%%%%%%%%%%%%%%%%%%%%%%%%%%%
