%%%%%%%%%%%%%%%%%%%%%%%%%%%%%%%%%%%%%%%%%%%%%%%%%%%%%%%%%%%%%%%%%%%%%%%%%%%%%%%%
                          S u m m a r y   R e p o r t
%%%%%%%%%%%%%%%%%%%%%%%%%%%%%%%%%%%%%%%%%%%%%%%%%%%%%%%%%%%%%%%%%%%%%%%%%%%%%%%%

Compilation
-----------
File     : /global/u2/b/bassem/gyro-EP/src/gyro_bessel_stencils.f90
Compiled : 01/19/21  15:35:30
Compiler : Version 9.1.0
Ftnlx    : Version 9.1.0 
Target   : x86-64
Command  : ftn_driver.exe -hcpu=haswell -hdynamic -D__CRAYXC -D__CRAY_HASWELL
           -D__CRAYXT_COMPUTE_LINUX_TARGET -hnetwork=aries -hnoomp -em
           -J/global/homes/b/bassem/gyro-EP/modules -sreal64 -eD -Ktrap=fp -m1
           -Rbcdps -G0 -I/opt/cray/pe/fftw/3.3.8.4/haswell/include
           -c gyro_bessel_stencils.f90
           -I/opt/cray/pe/cce/9.1.0/cce-clang/x86_64/lib/clang/9.0.0/include
           -I/opt/cray/pe/cce/9.1.0/cce/x86_64/include/craylibs -I/usr/include
           -I/usr/include -I/opt/cray/pe/fftw/3.3.8.4/haswell/include
           -I/opt/cray/pe/libsci/19.06.1/CRAY/9.0/x86_64/include
           -I/opt/cray/pe/mpt/7.7.10/gni/mpich-cray/9.0/include
           -I/opt/cray/pe/hdf5/1.10.5.2/cray/9.0/include
           -I/opt/cray/pe/netcdf/4.6.3.2/cray/9.0/include
           -I/opt/cray/rca/2.2.20-7.0.1.1_4.53__g8e3fb5b.ari/include
           -I/opt/cray/alps/6.6.58-7.0.1.1_6.10__g437d88db.ari/include
           -I/opt/cray/xpmem/2.2.20-7.0.1.1_4.14__g0475745.ari/include
           -I/opt/cray/gni-headers/5.0.12.0-7.0.1.1_6.32__g3b1768f.ari/include
           -I/opt/cray/dmapp/7.1.1-7.0.1.1_4.54__g38cf134.ari/include
           -I/opt/cray/pe/pmi/5.0.14/include
           -I/opt/cray/ugni/6.0.14.0-7.0.1.1_7.40__ge78e5b0.ari/include
           -I/opt/cray/udreg/2.3.2-7.0.1.1_3.38__g8175d3d.ari/include
           -I/opt/cray/wlm_detect/1.3.3-7.0.1.1_4.16__g7109084.ari/include
           -I/opt/cray/krca/2.2.6-7.0.1.1_5.39__gb641b12.ari/include
           -I/opt/cray-hss-devel/9.0.0/include
Program
  Units  : GYRO_BESSEL_STENCILS

ftnlx report
------------
Source   : /global/u2/b/bassem/gyro-EP/src/gyro_bessel_stencils.f90
Date     : 01/19/2021  15:35:30


%%%%%%%%%%%%%%%%%%%%%%%%%%%%%%%%%%%%%%%%%%%%%%%%%%%%%%%%%%%%%%%%%%%%%%%%%%%%%%%%
                          S o u r c e   L i s t i n g
%%%%%%%%%%%%%%%%%%%%%%%%%%%%%%%%%%%%%%%%%%%%%%%%%%%%%%%%%%%%%%%%%%%%%%%%%%%%%%%%

    1.    !-----------------------------------------------------------------
    2.    ! gyro_bessel_stencils.f90 
    3.    !
    4.    ! PURPOSE:
    5.    !  Driver for creation of (tau-space) gyroaverage 
    6.    !  stencils w_gyro*.
    7.    !-----------------------------------------------------------------
    8.    
    9.    subroutine gyro_bessel_stencils
   10.    
   11.      use gyro_globals
   12.      use gyro_pointers
   13.      use math_constants
   14.    
   15.      !-----------------------------------------------------------------
   16.      implicit none
   17.      !
   18.      integer :: p
   19.      !
   20.      real :: rho_gyro
   21.      real :: a_gyro
   22.      real :: u_gyro
   23.      real :: v_gyro
   24.      !
   25.      real :: omega_c
   26.      !
   27.      complex, dimension(-m_gyro:m_gyro-i_gyro) :: g
   28.      !
   29.      complex, dimension(:,:), allocatable :: w_temp0
   30.      complex, dimension(:,:), allocatable :: w_temp1
   31.      complex, dimension(:,:), allocatable :: w_temp2
   32.      complex, dimension(:,:), allocatable :: w_temp3
   33.      !-----------------------------------------------------------------
   34.    
   35.      !-----------------------------------------------------------------
   36.      ! Set dimensions and functions
   37.      !
   38.      do p=-n_x/2,n_x/2-1
   39.         do m=-n_x/2,n_x/2
   40.            z_gyro(m,p) = exp(-i_c*p*m*pi/(n_x/2))
   41.         enddo
   42.      enddo
   43.      !-----------------------------------------------------------------
   44.    
   45.      allocate(w_temp0(n_theta(2),-m_gyro:m_gyro-i_gyro))
   46.      allocate(w_temp2(n_theta(2),-m_gyro:m_gyro-i_gyro))
   47.      if (n_field == 3) then
   48.         allocate(w_temp1(n_theta(2),-m_gyro:m_gyro-i_gyro))
   49.         allocate(w_temp3(n_theta(2),-m_gyro:m_gyro-i_gyro))
   50.      endif
   51.    
   52.      !-----------------------------------------------------------------
   53.      ! LOCAL gyroaverage:
   54.      !
   55.      do is=1,n_gk
   56.         p_nek_loc = 0
   57.         do p_nek=1+i_proc_1,n_nek_1,n_proc_1
   58.    
   59.            p_nek_loc = p_nek_loc+1
   60.    
   61.            ie = nek_e(p_nek)  
   62.            k  = nek_k(p_nek)   
   63.    
   64.            ck = class(k)
   65.    
   66.            do i=1,n_x
   67.    
   68.               if (i == 1 .or. flat_profile_flag == 0) then
   69.    
   70.                  do m0=1,n_theta(ck)
   71.    
   72.                     !---------------------------------------------------------------
   73.                     ! Prepare argument of Bessel function
   74.                     !  
   75.                     omega_c = abs(z(is))*b_unit_s(i)*mu(is)**2
   76.    
   77.                     if (kill_gyro_b_flag == 0) then
   78.                        omega_c = omega_c*b0_t(i,k,m0)
   79.                     endif
   80.    
   81.                     rho_gyro = rhos_norm*v_perp(m0,i,p_nek_loc,is)/omega_c
   82.                     !
   83.                     a_gyro = grad_r_t(i,k,m0)/x_length*dr_eodr(i)
   84.                     u_gyro = qrat_t(i,k,m0)*n_1(in_1)*q_s(i)/r_s(i)*captheta_t(i,k,m0)
   85.                     v_gyro = qrat_t(i,k,m0)*n_1(in_1)*q_s(i)/r_s(i)
   86.                     !----------------------------------------------------------------
   87.    
   88.                     ! G0a = J0
   89.                     call gyro_bessel_operator(rho_gyro,&
   90.                          a_gyro,&
   91.                          u_gyro,&
   92.                          v_gyro,&
   93.                          g,&
   94.                          1)
   95.    
   96.                     w_temp0(m0,:) = g(:)
ftn-6262 ftn: VECTOR GYRO_BESSEL_STENCILS, File = gyro_bessel_stencils.f90, Line = 96 
  A loop starting at line 96 was not vectorized because it contains a call to a subroutine or function on line 96.

   97.    
   98.                     ! G2a = -(i/2)*k_x*rho*[ J_0(z)+J_2(z) ]
   99.                     call gyro_bessel_operator(rho_gyro,&
  100.                          a_gyro,&
  101.                          u_gyro,&
  102.                          v_gyro,&
  103.                          g, &
  104.                          3)
  105.    
  106.                     w_temp2(m0,:) = g(:)
ftn-6262 ftn: VECTOR GYRO_BESSEL_STENCILS, File = gyro_bessel_stencils.f90, Line = 106 
  A loop starting at line 106 was not vectorized because it contains a call to a subroutine or function on line 106.

  107.    
  108.                     if (n_field == 3) then
  109.    
  110.                        ! G1a = (1/2)*[ J_0(z)+J_2(z) ] 
  111.                        call gyro_bessel_operator(rho_gyro,&
  112.                             a_gyro,&
  113.                             u_gyro,&
  114.                             v_gyro,&
  115.                             g,&
  116.                             4)
  117.    
  118.                        w_temp1(m0,:) = g(:)
ftn-6262 ftn: VECTOR GYRO_BESSEL_STENCILS, File = gyro_bessel_stencils.f90, Line = 118 
  A loop starting at line 118 was not vectorized because it contains a call to a subroutine or function on line 118.

  119.    
  120.                        ! G3a = i*k_x*rho*[ J_0(z)-J_1(z)/z ] / z^2 
  121.                        call gyro_bessel_operator(rho_gyro,&
  122.                             a_gyro,&
  123.                             u_gyro,&
  124.                             v_gyro,&
  125.                             g,&
  126.                             8)
  127.    
  128.                        w_temp3(m0,:) = g(:)
ftn-6262 ftn: VECTOR GYRO_BESSEL_STENCILS, File = gyro_bessel_stencils.f90, Line = 128 
  A loop starting at line 128 was not vectorized because it contains a call to a subroutine or function on line 128.

  129.    
  130.                     endif
  131.    
  132.                  enddo ! m0
  133.    
  134.                  do m=1,n_stack
  135.                     m0 = m_phys(ck,m)
  136.                     w_gyro0(m,:,i,p_nek_loc,is) = w_temp0(m0,:)
ftn-6262 ftn: VECTOR GYRO_BESSEL_STENCILS, File = gyro_bessel_stencils.f90, Line = 136 
  A loop starting at line 136 was not vectorized because it contains a call to a subroutine or function on line 136.

  137.                     w_gyro2(m,:,i,p_nek_loc,is) = w_temp2(m0,:)
ftn-6262 ftn: VECTOR GYRO_BESSEL_STENCILS, File = gyro_bessel_stencils.f90, Line = 137 
  A loop starting at line 137 was not vectorized because it contains a call to a subroutine or function on line 137.

  138.                     if (n_field == 3) then
  139.                        w_gyro1(m,:,i,p_nek_loc,is) = w_temp1(m0,:)
ftn-6262 ftn: VECTOR GYRO_BESSEL_STENCILS, File = gyro_bessel_stencils.f90, Line = 139 
  A loop starting at line 139 was not vectorized because it contains a call to a subroutine or function on line 139.

  140.                        w_gyro3(m,:,i,p_nek_loc,is) = w_temp3(m0,:)
ftn-6262 ftn: VECTOR GYRO_BESSEL_STENCILS, File = gyro_bessel_stencils.f90, Line = 140 
  A loop starting at line 140 was not vectorized because it contains a call to a subroutine or function on line 140.

  141.                     endif
  142.                  enddo
  143.    
  144.               else
  145.                  w_gyro0(:,:,i,p_nek_loc,is) = w_gyro0(:,:,1,p_nek_loc,is)
ftn-6263 ftn: VECTOR GYRO_BESSEL_STENCILS, File = gyro_bessel_stencils.f90, Line = 145 
  A loop starting at line 145 was not vectorized because it contains a reference to a non-vector intrinsic on line 145.

  146.                  w_gyro2(:,:,i,p_nek_loc,is) = w_gyro2(:,:,1,p_nek_loc,is)
ftn-6263 ftn: VECTOR GYRO_BESSEL_STENCILS, File = gyro_bessel_stencils.f90, Line = 146 
  A loop starting at line 146 was not vectorized because it contains a reference to a non-vector intrinsic on line 146.

  147.                  if (n_field == 3) then
  148.                     w_gyro1(:,:,i,p_nek_loc,is) = w_gyro1(:,:,1,p_nek_loc,is)
ftn-6263 ftn: VECTOR GYRO_BESSEL_STENCILS, File = gyro_bessel_stencils.f90, Line = 148 
  A loop starting at line 148 was not vectorized because it contains a reference to a non-vector intrinsic on line 148.

  149.                     w_gyro3(:,:,i,p_nek_loc,is) = w_gyro3(:,:,1,p_nek_loc,is)
ftn-6263 ftn: VECTOR GYRO_BESSEL_STENCILS, File = gyro_bessel_stencils.f90, Line = 149 
  A loop starting at line 149 was not vectorized because it contains a reference to a non-vector intrinsic on line 149.

  150.                  endif
  151.               endif
  152.    
  153.            enddo ! i
  154.         enddo ! p_nek
  155.      enddo ! is
  156.      !
  157.      !----------------------------------------------------------
  158.    
  159.      deallocate(w_temp0)
  160.      deallocate(w_temp2)
  161.      if (n_field == 3) then
  162.         deallocate(w_temp1)
  163.         deallocate(w_temp3)
  164.      endif
  165.    
  166.      if (debug_flag == 1 .and. i_proc == 0) then
  167.         print *,'[gyro_bessel_stencils done]'
  168.      endif
  169.    
  170.    end subroutine gyro_bessel_stencils


%%%%%%%%%%%%%%%%%%%%%%%%%%%%%%%%%%%%%%%%%%%%%%%%%%%%%%%%%%%%%%%%%%%%%%%%%%%%%%%%
                         E x t e r n a l   R e p o r t
%%%%%%%%%%%%%%%%%%%%%%%%%%%%%%%%%%%%%%%%%%%%%%%%%%%%%%%%%%%%%%%%%%%%%%%%%%%%%%%%

Name  Messages
----  --------
ABS(Intrinsic)
      Defined as:  No definitions.

      Interface:   None

      Called By:   GYRO_BESSEL_STENCILS (Line 75, file gyro_bessel_stencils.f90)

Name  Messages
----  --------
CHAR(Intrinsic)
      Defined as:  No definitions.

                   No calls.  It is not called and does not use any procedure.

      Interface:   None

Name  Messages
----  --------
EXP(Intrinsic)
      Defined as:  No definitions.

      Interface:   None

      Called By:   GYRO_BESSEL_STENCILS (Line 40, file gyro_bessel_stencils.f90)

Name  Messages
----  --------
GYRO_BESSEL_OPERATOR
      Defined as:  No definitions.

      Interface:   None

      Called By:   GYRO_BESSEL_STENCILS (Line 89, file gyro_bessel_stencils.f90)
                   GYRO_BESSEL_STENCILS (Line 99, file gyro_bessel_stencils.f90)
                   GYRO_BESSEL_STENCILS (Line 111, file gyro_bessel_stencils.f90)
                   GYRO_BESSEL_STENCILS (Line 121, file gyro_bessel_stencils.f90)

Name  Messages
----  --------
GYRO_BESSEL_STENCILS
      Defined as:  Subroutine (line 9, file gyro_bessel_stencils.f90)

      Interface:   None

      Calls:       EXP(Intrinsic) (Line 40, file gyro_bessel_stencils.f90)
                   ABS(Intrinsic) (Line 75, file gyro_bessel_stencils.f90)
                   GYRO_BESSEL_OPERATOR (Line 89, file gyro_bessel_stencils.f90)
                   GYRO_BESSEL_OPERATOR (Line 99, file gyro_bessel_stencils.f90)
                   GYRO_BESSEL_OPERATOR (Line 111, file gyro_bessel_stencils.f90)
                   GYRO_BESSEL_OPERATOR (Line 121, file gyro_bessel_stencils.f90)

        Uses:      GYRO_GLOBALS
                   GYRO_POINTERS
                   MATH_CONSTANTS

Name  Messages
----  --------
GYRO_GLOBALS
      Defined as:  No definitions.

      Used By:     GYRO_BESSEL_STENCILS

Name  Messages
----  --------
GYRO_POINTERS
      Defined as:  No definitions.

      Used By:     GYRO_BESSEL_STENCILS

Name  Messages
----  --------
MATH_CONSTANTS
      Defined as:  No definitions.

      Used By:     GYRO_BESSEL_STENCILS


%%%%%%%%%%%%%%%%%%%%%%%%%%%%%%%%%%%%%%%%%%%%%%%%%%%%%%%%%%%%%%%%%%%%%%%%%%%%%%%%
%%%%%%%%%%%%%%%%%%%%%%%%%%%%%%%%%%%%%%%%%%%%%%%%%%%%%%%%%%%%%%%%%%%%%%%%%%%%%%%%
