%%%%%%%%%%%%%%%%%%%%%%%%%%%%%%%%%%%%%%%%%%%%%%%%%%%%%%%%%%%%%%%%%%%%%%%%%%%%%%%%
                          S u m m a r y   R e p o r t
%%%%%%%%%%%%%%%%%%%%%%%%%%%%%%%%%%%%%%%%%%%%%%%%%%%%%%%%%%%%%%%%%%%%%%%%%%%%%%%%

Compilation
-----------
File     : /global/u2/b/bassem/gyro-EP/src/gyro_read_input.f90
Compiled : 01/19/21  15:35:49
Compiler : Version 9.1.0
Ftnlx    : Version 9.1.0 
Target   : x86-64
Command  : ftn_driver.exe -hcpu=haswell -hdynamic -D__CRAYXC -D__CRAY_HASWELL
           -D__CRAYXT_COMPUTE_LINUX_TARGET -hnetwork=aries -hnoomp -em
           -J/global/homes/b/bassem/gyro-EP/modules -sreal64 -eD -Ktrap=fp -m1
           -Rbcdps -G0 -I/opt/cray/pe/fftw/3.3.8.4/haswell/include
           -c gyro_read_input.f90
           -I/opt/cray/pe/cce/9.1.0/cce-clang/x86_64/lib/clang/9.0.0/include
           -I/opt/cray/pe/cce/9.1.0/cce/x86_64/include/craylibs -I/usr/include
           -I/usr/include -I/opt/cray/pe/fftw/3.3.8.4/haswell/include
           -I/opt/cray/pe/libsci/19.06.1/CRAY/9.0/x86_64/include
           -I/opt/cray/pe/mpt/7.7.10/gni/mpich-cray/9.0/include
           -I/opt/cray/pe/hdf5/1.10.5.2/cray/9.0/include
           -I/opt/cray/pe/netcdf/4.6.3.2/cray/9.0/include
           -I/opt/cray/rca/2.2.20-7.0.1.1_4.53__g8e3fb5b.ari/include
           -I/opt/cray/alps/6.6.58-7.0.1.1_6.10__g437d88db.ari/include
           -I/opt/cray/xpmem/2.2.20-7.0.1.1_4.14__g0475745.ari/include
           -I/opt/cray/gni-headers/5.0.12.0-7.0.1.1_6.32__g3b1768f.ari/include
           -I/opt/cray/dmapp/7.1.1-7.0.1.1_4.54__g38cf134.ari/include
           -I/opt/cray/pe/pmi/5.0.14/include
           -I/opt/cray/ugni/6.0.14.0-7.0.1.1_7.40__ge78e5b0.ari/include
           -I/opt/cray/udreg/2.3.2-7.0.1.1_3.38__g8175d3d.ari/include
           -I/opt/cray/wlm_detect/1.3.3-7.0.1.1_4.16__g7109084.ari/include
           -I/opt/cray/krca/2.2.6-7.0.1.1_5.39__gb641b12.ari/include
           -I/opt/cray-hss-devel/9.0.0/include
Program
  Units  : GYRO_READ_INPUT
          READBC_INT
          READBC_REAL

ftnlx report
------------
Source   : /global/u2/b/bassem/gyro-EP/src/gyro_read_input.f90
Date     : 01/19/2021  15:35:49


%%%%%%%%%%%%%%%%%%%%%%%%%%%%%%%%%%%%%%%%%%%%%%%%%%%%%%%%%%%%%%%%%%%%%%%%%%%%%%%%
                          S o u r c e   L i s t i n g
%%%%%%%%%%%%%%%%%%%%%%%%%%%%%%%%%%%%%%%%%%%%%%%%%%%%%%%%%%%%%%%%%%%%%%%%%%%%%%%%

    1.    !--------------------------------------------------------------
    2.    ! gyro_read_input.f90
    3.    !
    4.    ! PURPOSE:
    5.    !  Complete read of input parameters.
    6.    !
    7.    ! NOTES:
    8.    !  Input parameters are automatically broadcast 
    9.    !  to entire GYRO_COMM_WORLD. 
   10.    !
   11.    !   =============================================
   12.    !   HOW TO ADD INPUT VARIABLES 
   13.    !
   14.    !   Adding a new input variable is now simple.
   15.    !   Just append a line analogous to one of those 
   16.    !   below.  The variable will be read from the 
   17.    !   file 'input.dat' and broadcast to all members 
   18.    !   of GYRO_COMM_WORLD.
   19.    !   =============================================
   20.    !---------------------------------------------------------------
   21.    
   22.    subroutine gyro_read_input
   23.    
   24.      use gyro_globals
   25.    
   26.      !-------------------------
   27.      implicit none
   28.      !
   29.      real :: x
   30.      !-------------------------
   31.    
   32.      if (i_proc == 0) open(unit=1,file=trim(path)//'input.gyro.gen',status='old')
   33.    
   34.      !--------------------------------------------------------
   35.      ! BEGIN reading data:
   36.      !
   37.      call readbc_int(n_x)
   38.      call readbc_int(n_theta_section)
   39.      call readbc_int(n_pass)
   40.      call readbc_int(n_trap)
   41.      call readbc_int(n_energy)
   42.      call readbc_int(n_blend)
   43.      call readbc_int(blend_fit_order)
   44.      call readbc_int(n_theta_plot)
   45.      call readbc_int(n0)
   46.      call readbc_int(n_n)
   47.      call readbc_int(d_n)
   48.      call readbc_int(n_ref)
   49.      call readbc_real(q0)
   50.      call readbc_real(s0)
   51.      call readbc_real(delta0)
   52.      call readbc_real(zeta0)
   53.      call readbc_real(s_delta0)
   54.      call readbc_real(s_zeta0)
   55.      call readbc_real(kappa0)
   56.      call readbc_real(s_kappa0)
   57.      call readbc_real(drmaj0)
   58.      call readbc_real(r_maj)
   59.      call readbc_real(r0)
   60.      call readbc_real(box_multiplier)
   61.      call readbc_real(rho_star)
   62.      call readbc_real(dt)
   63.      call readbc_real(time_max)
   64.      call readbc_int(time_skip)
   65.      call readbc_int(boundary_method)
   66.      call readbc_int(m_dx)
   67.      call readbc_int(m_gyro)
   68.      call readbc_int(n_explicit_damp)
   69.      call readbc_real(explicit_damp)
   70.      call readbc_real(explicit_damp_elec)
   71.      call readbc_int(debug_flag)
   72.      call readbc_int(nonlinear_flag)
   73.      call readbc_real(amp_n)
   74.      call readbc_real(amp_0)
   75.      call readbc_real(radial_upwind)
   76.      call readbc_int(electron_method)
   77.      call readbc_int(radial_profile_method)
   78.      call readbc_int(plot_u_flag)
   79.      call readbc_int(plot_epar_flag)
   80.      call readbc_int(plot_n_flag)
   81.      call readbc_int(plot_e_flag)
   82.      call readbc_int(plot_v_flag)
   83.      call readbc_real(z_eff)
   84.      call readbc_real(betae_unit)
   85.      call readbc_real(ampere_scale)
   86.      call readbc_int(n_field)
   87.      call readbc_int(source_flag)
   88.      call readbc_real(nu_source)
   89.      call readbc_int(verbose_flag)
   90.      call readbc_int(nonuniform_grid_flag)
   91.      call readbc_real(s_grid)
   92.      call readbc_real(gamma_e)
   93.      call readbc_real(nu_ei)
   94.      call readbc_real(nu_ei_scale)
   95.      call readbc_real(nu_ii_scale)
   96.      call readbc_real(nu_i_krook)
   97.      call readbc_real(plot_filter)
   98.      call readbc_int(n_source)
   99.      call readbc_int(flat_profile_flag)
  100.      call readbc_int(density_method)
  101.      call readbc_int(integrator_method)
  102.      call readbc_real(energy_max)
  103.    
  104.      ! Species: (1-3) ions and electrons.
  105.    
  106.      mu_vec = 0.0
ftn-6204 ftn: VECTOR GYRO_READ_INPUT, File = gyro_read_input.f90, Line = 106 
  A loop starting at line 106 was vectorized.

  107.      call readbc_real(x) ; mu_vec(1) = x
  108.      call readbc_real(x) ; mu_vec(2) = x
  109.      call readbc_real(x) ; mu_vec(3) = x
  110.      call readbc_real(x) ; mu_vec(4) = x
  111.      call readbc_real(x) ; mu_vec(5) = x
  112.      call readbc_real(x) ; mu_vec(0) = x
  113.    
  114.      dlnndr_vec = 0.0
ftn-6204 ftn: VECTOR GYRO_READ_INPUT, File = gyro_read_input.f90, Line = 114 
  A loop starting at line 114 was vectorized.

  115.      call readbc_real(x) ; dlnndr_vec(1) = x
  116.      call readbc_real(x) ; dlnndr_vec(2) = x
  117.      call readbc_real(x) ; dlnndr_vec(3) = x
  118.      call readbc_real(x) ; dlnndr_vec(4) = x
  119.      call readbc_real(x) ; dlnndr_vec(5) = x
  120.      call readbc_real(x) ; dlnndr_vec(0) = x
  121.    
  122.      dlntdr_vec = 0.0
ftn-6204 ftn: VECTOR GYRO_READ_INPUT, File = gyro_read_input.f90, Line = 122 
  A loop starting at line 122 was vectorized.

  123.      call readbc_real(x) ; dlntdr_vec(1) = x
  124.      call readbc_real(x) ; dlntdr_vec(2) = x
  125.      call readbc_real(x) ; dlntdr_vec(3) = x
  126.      call readbc_real(x) ; dlntdr_vec(4) = x
  127.      call readbc_real(x) ; dlntdr_vec(5) = x
  128.      call readbc_real(x) ; dlntdr_vec(0) = x
  129.    
  130.      n_vec = 0.0
ftn-6204 ftn: VECTOR GYRO_READ_INPUT, File = gyro_read_input.f90, Line = 130 
  A loop starting at line 130 was vectorized.

  131.      call readbc_real(x) ; n_vec(1) = x
  132.      call readbc_real(x) ; n_vec(2) = x
  133.      call readbc_real(x) ; n_vec(3) = x
  134.      call readbc_real(x) ; n_vec(4) = x
  135.      call readbc_real(x) ; n_vec(5) = x
  136.      n_vec(0) = 1.0  
  137.    
  138.      t_vec = 0.0
ftn-6204 ftn: VECTOR GYRO_READ_INPUT, File = gyro_read_input.f90, Line = 138 
  A loop starting at line 138 was vectorized.

  139.      call readbc_real(x) ; t_vec(1) = x
  140.      call readbc_real(x) ; t_vec(2) = x
  141.      call readbc_real(x) ; t_vec(3) = x
  142.      call readbc_real(x) ; t_vec(4) = x
  143.      call readbc_real(x) ; t_vec(5) = x
  144.      t_vec(0) = 1.0
  145.    
  146.      eps_dlnndr_vec = 0.0
ftn-6204 ftn: VECTOR GYRO_READ_INPUT, File = gyro_read_input.f90, Line = 146 
  A loop starting at line 146 was vectorized.

  147.      call readbc_real(x) ; eps_dlnndr_vec(1) = x
  148.      call readbc_real(x) ; eps_dlnndr_vec(2) = x
  149.      call readbc_real(x) ; eps_dlnndr_vec(3) = x
  150.      call readbc_real(x) ; eps_dlnndr_vec(4) = x
  151.      call readbc_real(x) ; eps_dlnndr_vec(5) = x
  152.      call readbc_real(x) ; eps_dlnndr_vec(0) = x
  153.    
  154.      eps_dlntdr_vec = 0.0
ftn-6204 ftn: VECTOR GYRO_READ_INPUT, File = gyro_read_input.f90, Line = 154 
  A loop starting at line 154 was vectorized.

  155.      call readbc_real(x) ; eps_dlntdr_vec(1) = x
  156.      call readbc_real(x) ; eps_dlntdr_vec(2) = x
  157.      call readbc_real(x) ; eps_dlntdr_vec(3) = x
  158.      call readbc_real(x) ; eps_dlntdr_vec(4) = x
  159.      call readbc_real(x) ; eps_dlntdr_vec(5) = x
  160.      call readbc_real(x) ; eps_dlntdr_vec(0) = x
  161.    
  162.      z_vec = 0.0
ftn-6204 ftn: VECTOR GYRO_READ_INPUT, File = gyro_read_input.f90, Line = 162 
  A loop starting at line 162 was vectorized.

  163.      call readbc_real(x) ; z_vec(1) = x
  164.      call readbc_real(x) ; z_vec(2) = x
  165.      call readbc_real(x) ; z_vec(3) = x
  166.      call readbc_real(x) ; z_vec(4) = x
  167.      call readbc_real(x) ; z_vec(5) = x
  168.      z_vec(0) = -1.0
  169.    
  170.      orbit_upwind_vec = 0.0
ftn-6204 ftn: VECTOR GYRO_READ_INPUT, File = gyro_read_input.f90, Line = 170 
  A loop starting at line 170 was vectorized.

  171.      call readbc_real(x) ; orbit_upwind_vec(1) = x
  172.      call readbc_real(x) ; orbit_upwind_vec(2) = x
  173.      call readbc_real(x) ; orbit_upwind_vec(3) = x
  174.      call readbc_real(x) ; orbit_upwind_vec(4) = x
  175.      call readbc_real(x) ; orbit_upwind_vec(5) = x
  176.      call readbc_real(x) ; orbit_upwind_vec(0) = x
  177.    
  178.      ! More profile parameters
  179.      call readbc_real(pgamma0)
  180.      call readbc_real(pgamma0_scale)
  181.      call readbc_real(mach0)
  182.      call readbc_real(mach0_scale)
  183.      call readbc_int(lindiff_method)
  184.      call readbc_int(trapdiff_flag)
  185.      call readbc_int(restart_new_flag)
  186.      call readbc_int(restart_data_skip)
  187.      call readbc_int(kill_i_parallel_flag)
  188.      call readbc_int(kill_i_drift_flag)
  189.      call readbc_int(kill_e_drift_flag)
  190.      call readbc_int(kill_coll_flag)
  191.      call readbc_real(doppler_scale)
  192.      call readbc_int(nl_method)
  193.      call readbc_int(kill_gyro_b_flag)
  194.      call readbc_int(velocity_output_flag)
  195.      call readbc_real(q_scale)
  196.      call readbc_int(dist_print)
  197.      call readbc_int(nint_ORB_s)
  198.      call readbc_int(nint_ORB_do)
  199.      call readbc_int(udsymmetry_flag)
  200.      call readbc_int(gyro_method)
  201.      call readbc_int(sparse_method)
  202.      call readbc_int(n_mumps_max)
  203.      call readbc_int(n_study)
  204.      call readbc_real(amp_study)
  205.      call readbc_real(lambda_debye_scale)
  206.      call readbc_real(lambda_debye)
  207.      call readbc_int(n_x_offset)
  208.      call readbc_int(n_theta_mult)
  209.      call readbc_int(silent_flag)
  210.      call readbc_int(nonlinear_transfer_flag)
  211.      call readbc_real(l_x)
  212.      call readbc_real(l_y)
  213.      call readbc_int(entropy_flag)
  214.      call readbc_int(ord_rbf)
  215.      call readbc_int(num_equil_flag)
  216.      call readbc_real(zmag0)
  217.      call readbc_real(dzmag0)
  218.      call readbc_int(output_flag)
  219.      call readbc_real(ipccw)
  220.      call readbc_real(btccw)
  221.      call readbc_int(geo_gradbcurv_flag)
  222.      call readbc_int(geo_fastionbeta_flag)
  223.      call readbc_real(geo_betaprime_scale)
  224.      call readbc_int(poisson_z_eff_flag)
  225.      call readbc_int(z_eff_method)
  226.      call readbc_int(truncation_method)
  227.      call readbc_real(fluxaverage_window)
  228.      call readbc_int(huge_restart)
  229.    
  230.      ! GK eigenvalue solver inputs
  231.      call readbc_int(gkeigen_proc_mult)
  232.      call readbc_int(gkeigen_method)
  233.      call readbc_int(gkeigen_matrixonly)
  234.      call readbc_int(gkeigen_mwrite_flag)
  235.      call readbc_int(gkeigen_kspace_dim)
  236.      call readbc_int(gkeigen_n_values)
  237.      call readbc_int(gkeigen_iter)
  238.      call readbc_real(gkeigen_tol)
  239.      call readbc_real(gkeigen_omega_target)
  240.      call readbc_real(gkeigen_gamma_target)
  241.      call readbc_int(linsolve_method)
  242.    
  243.      ! Field eigenvalue solver inputs
  244.      call readbc_int(fieldeigen_root_method)
  245.      call readbc_real(fieldeigen_wr)
  246.      call readbc_real(fieldeigen_wi)
  247.      call readbc_real(fieldeigen_tol)
  248.    
  249.      call readbc_int(reintegrate_flag)
  250.      call readbc_int(ic_method)
  251.      call readbc_int(zf_test_flag)
  252.      call readbc_int(lock_ti_flag)
  253.      ! DONE reading data.
  254.      !--------------------------------------------------------
  255.    
  256.      if (i_proc == 0) close(1)
  257.    
  258.      if (debug_flag == 1 .and. i_proc == 0) then
  259.         print *,'[gyro_read_input done]'
  260.      endif
  261.    
  262.    end subroutine gyro_read_input


%%%%%%%%%%%%%%%%%%%%%%%%%%%%%%%%%%%%%%%%%%%%%%%%%%%%%%%%%%%%%%%%%%%%%%%%%%%%%%%%
                          S o u r c e   L i s t i n g
%%%%%%%%%%%%%%%%%%%%%%%%%%%%%%%%%%%%%%%%%%%%%%%%%%%%%%%%%%%%%%%%%%%%%%%%%%%%%%%%

  263.    
  264.    !------------------------------------------------------------
  265.    ! Service routines: 
  266.    !
  267.    ! (1) read and broadcast an integer:
  268.    !
  269.    subroutine readbc_int(p)
  270.    
  271.      use mpi
  272.      use gyro_globals
  273.    
  274.      implicit none
  275.      integer, intent(inout) :: p
  276.    
  277.      if (i_proc == 0) read(1,*) p
  278.    
  279.      call MPI_BCAST(p,1,MPI_INTEGER,0,GYRO_COMM_WORLD,i_err)
  280.    
  281.    end subroutine readbc_int


%%%%%%%%%%%%%%%%%%%%%%%%%%%%%%%%%%%%%%%%%%%%%%%%%%%%%%%%%%%%%%%%%%%%%%%%%%%%%%%%
                          S o u r c e   L i s t i n g
%%%%%%%%%%%%%%%%%%%%%%%%%%%%%%%%%%%%%%%%%%%%%%%%%%%%%%%%%%%%%%%%%%%%%%%%%%%%%%%%

  282.    !
  283.    ! (2) read and broadcast a real:
  284.    !
  285.    subroutine readbc_real(x)
  286.      
  287.      use mpi
  288.      use gyro_globals
  289.    
  290.      implicit none
  291.      real, intent(inout) :: x
  292.    
  293.      if (i_proc == 0) read(1,*) x
  294.    
  295.      call MPI_BCAST(x,1,MPI_DOUBLE_PRECISION,0,GYRO_COMM_WORLD,i_err)
  296.    
  297.    end subroutine readbc_real
  298.    !------------------------------------------------------------


%%%%%%%%%%%%%%%%%%%%%%%%%%%%%%%%%%%%%%%%%%%%%%%%%%%%%%%%%%%%%%%%%%%%%%%%%%%%%%%%
                     C o m m o n   B l o c k   R e p o r t
%%%%%%%%%%%%%%%%%%%%%%%%%%%%%%%%%%%%%%%%%%%%%%%%%%%%%%%%%%%%%%%%%%%%%%%%%%%%%%%%

Blk  Program Unit                     Messages
---  ------------                     --------
/MPIFCMB5/                            Length: 4 bytes

     READBC_INT                       Block is used from MPI_CONSTANTS
     READBC_REAL                      Block is used from MPI_CONSTANTS

     Member Comparison
     -----------------
     The common block members are declared the same.

Blk  Program Unit                     Messages
---  ------------                     --------
/MPIFCMB9/                            Length: 4 bytes

     READBC_INT                       Block is used from MPI_CONSTANTS
     READBC_REAL                      Block is used from MPI_CONSTANTS

     Member Comparison
     -----------------
     The common block members are declared the same.

Blk  Program Unit                     Messages
---  ------------                     --------
/MPIPRIV1/                            Length: 28 bytes

     READBC_INT                       Block is used from MPI_CONSTANTS
     READBC_REAL                      Block is used from MPI_CONSTANTS

     Member Comparison
     -----------------
     The common block members are declared the same.

Blk  Program Unit                     Messages
---  ------------                     --------
/MPIPRIV2/                            Length: 24 bytes

     READBC_INT                       Block is used from MPI_CONSTANTS
     READBC_REAL                      Block is used from MPI_CONSTANTS

     Member Comparison
     -----------------
     The common block members are declared the same.

Blk  Program Unit                     Messages
---  ------------                     --------
/MPIPRIVC/                            Length: 2 bytes

     READBC_INT                       Block is used from MPI_CONSTANTS
     READBC_REAL                      Block is used from MPI_CONSTANTS

     Member Comparison
     -----------------
     The common block members are declared the same.


%%%%%%%%%%%%%%%%%%%%%%%%%%%%%%%%%%%%%%%%%%%%%%%%%%%%%%%%%%%%%%%%%%%%%%%%%%%%%%%%
                         E x t e r n a l   R e p o r t
%%%%%%%%%%%%%%%%%%%%%%%%%%%%%%%%%%%%%%%%%%%%%%%%%%%%%%%%%%%%%%%%%%%%%%%%%%%%%%%%

Name  Messages
----  --------
CHAR(Intrinsic)
      Defined as:  No definitions.

                   No calls.  It is not called and does not use any procedure.

      Interface:   None

Name  Messages
----  --------
COMMEQ in MPI_CONSTANTS
      Defined as:  No definitions.

                   No calls.  It is not called and does not use any procedure.

      Interface:   None

Name  Messages
----  --------
COMMNEQ in MPI_CONSTANTS
      Defined as:  No definitions.

                   No calls.  It is not called and does not use any procedure.

      Interface:   None

Name  Messages
----  --------
DATATYPEEQ in MPI_CONSTANTS
      Defined as:  No definitions.

                   No calls.  It is not called and does not use any procedure.

      Interface:   None

Name  Messages
----  --------
DATATYPENEQ in MPI_CONSTANTS
      Defined as:  No definitions.

                   No calls.  It is not called and does not use any procedure.

      Interface:   None

Name  Messages
----  --------
ERRHANDLEREQ in MPI_CONSTANTS
      Defined as:  No definitions.

                   No calls.  It is not called and does not use any procedure.

      Interface:   None

Name  Messages
----  --------
ERRHANDLERNEQ in MPI_CONSTANTS
      Defined as:  No definitions.

                   No calls.  It is not called and does not use any procedure.

      Interface:   None

Name  Messages
----  --------
FILEEQ in MPI_CONSTANTS
      Defined as:  No definitions.

                   No calls.  It is not called and does not use any procedure.

      Interface:   None

Name  Messages
----  --------
FILENEQ in MPI_CONSTANTS
      Defined as:  No definitions.

                   No calls.  It is not called and does not use any procedure.

      Interface:   None

Name  Messages
----  --------
GROUPEQ in MPI_CONSTANTS
      Defined as:  No definitions.

                   No calls.  It is not called and does not use any procedure.

      Interface:   None

Name  Messages
----  --------
GROUPNEQ in MPI_CONSTANTS
      Defined as:  No definitions.

                   No calls.  It is not called and does not use any procedure.

      Interface:   None

Name  Messages
----  --------
GYRO_GLOBALS
      Defined as:  No definitions.

      Used By:     GYRO_READ_INPUT
                   READBC_INT
                   READBC_REAL

Name  Messages
----  --------
GYRO_READ_INPUT
      Defined as:  Subroutine (line 22, file gyro_read_input.f90)

      Interface:   None

      Calls:       TRIM(Intrinsic) (Line 32, file gyro_read_input.f90)
                   READBC_INT (Line 37, file gyro_read_input.f90)
                   READBC_INT (Line 38, file gyro_read_input.f90)
                   READBC_INT (Line 39, file gyro_read_input.f90)
                   READBC_INT (Line 40, file gyro_read_input.f90)
                   READBC_INT (Line 41, file gyro_read_input.f90)
                   READBC_INT (Line 42, file gyro_read_input.f90)
                   READBC_INT (Line 43, file gyro_read_input.f90)
                   READBC_INT (Line 44, file gyro_read_input.f90)
                   READBC_INT (Line 45, file gyro_read_input.f90)
                   READBC_INT (Line 46, file gyro_read_input.f90)
                   READBC_INT (Line 47, file gyro_read_input.f90)
                   READBC_INT (Line 48, file gyro_read_input.f90)
                   READBC_INT (Line 64, file gyro_read_input.f90)
                   READBC_INT (Line 65, file gyro_read_input.f90)
                   READBC_INT (Line 66, file gyro_read_input.f90)
                   READBC_INT (Line 67, file gyro_read_input.f90)
                   READBC_INT (Line 68, file gyro_read_input.f90)
                   READBC_INT (Line 71, file gyro_read_input.f90)
                   READBC_INT (Line 72, file gyro_read_input.f90)
                   READBC_INT (Line 76, file gyro_read_input.f90)
                   READBC_INT (Line 77, file gyro_read_input.f90)
                   READBC_INT (Line 78, file gyro_read_input.f90)
                   READBC_INT (Line 79, file gyro_read_input.f90)
                   READBC_INT (Line 80, file gyro_read_input.f90)
                   READBC_INT (Line 81, file gyro_read_input.f90)
                   READBC_INT (Line 82, file gyro_read_input.f90)
                   READBC_INT (Line 86, file gyro_read_input.f90)
                   READBC_INT (Line 87, file gyro_read_input.f90)
                   READBC_INT (Line 89, file gyro_read_input.f90)
                   READBC_INT (Line 90, file gyro_read_input.f90)
                   READBC_INT (Line 98, file gyro_read_input.f90)
                   READBC_INT (Line 99, file gyro_read_input.f90)
                   READBC_INT (Line 100, file gyro_read_input.f90)
                   READBC_INT (Line 101, file gyro_read_input.f90)
                   READBC_INT (Line 183, file gyro_read_input.f90)
                   READBC_INT (Line 184, file gyro_read_input.f90)
                   READBC_INT (Line 185, file gyro_read_input.f90)
                   READBC_INT (Line 186, file gyro_read_input.f90)
                   READBC_INT (Line 187, file gyro_read_input.f90)
                   READBC_INT (Line 188, file gyro_read_input.f90)
                   READBC_INT (Line 189, file gyro_read_input.f90)
                   READBC_INT (Line 190, file gyro_read_input.f90)
                   READBC_INT (Line 192, file gyro_read_input.f90)
                   READBC_INT (Line 193, file gyro_read_input.f90)
                   READBC_INT (Line 194, file gyro_read_input.f90)
                   READBC_INT (Line 196, file gyro_read_input.f90)
                   READBC_INT (Line 197, file gyro_read_input.f90)
                   READBC_INT (Line 198, file gyro_read_input.f90)
                   READBC_INT (Line 199, file gyro_read_input.f90)
                   READBC_INT (Line 200, file gyro_read_input.f90)
                   READBC_INT (Line 201, file gyro_read_input.f90)
                   READBC_INT (Line 202, file gyro_read_input.f90)
                   READBC_INT (Line 203, file gyro_read_input.f90)
                   READBC_INT (Line 207, file gyro_read_input.f90)
                   READBC_INT (Line 208, file gyro_read_input.f90)
                   READBC_INT (Line 209, file gyro_read_input.f90)
                   READBC_INT (Line 210, file gyro_read_input.f90)
                   READBC_INT (Line 213, file gyro_read_input.f90)
                   READBC_INT (Line 214, file gyro_read_input.f90)
                   READBC_INT (Line 215, file gyro_read_input.f90)
                   READBC_INT (Line 218, file gyro_read_input.f90)
                   READBC_INT (Line 221, file gyro_read_input.f90)
                   READBC_INT (Line 222, file gyro_read_input.f90)
                   READBC_INT (Line 224, file gyro_read_input.f90)
                   READBC_INT (Line 225, file gyro_read_input.f90)
                   READBC_INT (Line 226, file gyro_read_input.f90)
                   READBC_INT (Line 228, file gyro_read_input.f90)
                   READBC_INT (Line 231, file gyro_read_input.f90)
                   READBC_INT (Line 232, file gyro_read_input.f90)
                   READBC_INT (Line 233, file gyro_read_input.f90)
                   READBC_INT (Line 234, file gyro_read_input.f90)
                   READBC_INT (Line 235, file gyro_read_input.f90)
                   READBC_INT (Line 236, file gyro_read_input.f90)
                   READBC_INT (Line 237, file gyro_read_input.f90)
                   READBC_INT (Line 241, file gyro_read_input.f90)
                   READBC_INT (Line 244, file gyro_read_input.f90)
                   READBC_INT (Line 249, file gyro_read_input.f90)
                   READBC_INT (Line 250, file gyro_read_input.f90)
                   READBC_INT (Line 251, file gyro_read_input.f90)
                   READBC_INT (Line 252, file gyro_read_input.f90)
                   READBC_REAL (Line 49, file gyro_read_input.f90)
                   READBC_REAL (Line 50, file gyro_read_input.f90)
                   READBC_REAL (Line 51, file gyro_read_input.f90)
                   READBC_REAL (Line 52, file gyro_read_input.f90)
                   READBC_REAL (Line 53, file gyro_read_input.f90)
                   READBC_REAL (Line 54, file gyro_read_input.f90)
                   READBC_REAL (Line 55, file gyro_read_input.f90)
                   READBC_REAL (Line 56, file gyro_read_input.f90)
                   READBC_REAL (Line 57, file gyro_read_input.f90)
                   READBC_REAL (Line 58, file gyro_read_input.f90)
                   READBC_REAL (Line 59, file gyro_read_input.f90)
                   READBC_REAL (Line 60, file gyro_read_input.f90)
                   READBC_REAL (Line 61, file gyro_read_input.f90)
                   READBC_REAL (Line 62, file gyro_read_input.f90)
                   READBC_REAL (Line 63, file gyro_read_input.f90)
                   READBC_REAL (Line 69, file gyro_read_input.f90)
                   READBC_REAL (Line 70, file gyro_read_input.f90)
                   READBC_REAL (Line 73, file gyro_read_input.f90)
                   READBC_REAL (Line 74, file gyro_read_input.f90)
                   READBC_REAL (Line 75, file gyro_read_input.f90)
                   READBC_REAL (Line 83, file gyro_read_input.f90)
                   READBC_REAL (Line 84, file gyro_read_input.f90)
                   READBC_REAL (Line 85, file gyro_read_input.f90)
                   READBC_REAL (Line 88, file gyro_read_input.f90)
                   READBC_REAL (Line 91, file gyro_read_input.f90)
                   READBC_REAL (Line 92, file gyro_read_input.f90)
                   READBC_REAL (Line 93, file gyro_read_input.f90)
                   READBC_REAL (Line 94, file gyro_read_input.f90)
                   READBC_REAL (Line 95, file gyro_read_input.f90)
                   READBC_REAL (Line 96, file gyro_read_input.f90)
                   READBC_REAL (Line 97, file gyro_read_input.f90)
                   READBC_REAL (Line 102, file gyro_read_input.f90)
                   READBC_REAL (Line 107, file gyro_read_input.f90)
                   READBC_REAL (Line 108, file gyro_read_input.f90)
                   READBC_REAL (Line 109, file gyro_read_input.f90)
                   READBC_REAL (Line 110, file gyro_read_input.f90)
                   READBC_REAL (Line 111, file gyro_read_input.f90)
                   READBC_REAL (Line 112, file gyro_read_input.f90)
                   READBC_REAL (Line 115, file gyro_read_input.f90)
                   READBC_REAL (Line 116, file gyro_read_input.f90)
                   READBC_REAL (Line 117, file gyro_read_input.f90)
                   READBC_REAL (Line 118, file gyro_read_input.f90)
                   READBC_REAL (Line 119, file gyro_read_input.f90)
                   READBC_REAL (Line 120, file gyro_read_input.f90)
                   READBC_REAL (Line 123, file gyro_read_input.f90)
                   READBC_REAL (Line 124, file gyro_read_input.f90)
                   READBC_REAL (Line 125, file gyro_read_input.f90)
                   READBC_REAL (Line 126, file gyro_read_input.f90)
                   READBC_REAL (Line 127, file gyro_read_input.f90)
                   READBC_REAL (Line 128, file gyro_read_input.f90)
                   READBC_REAL (Line 131, file gyro_read_input.f90)
                   READBC_REAL (Line 132, file gyro_read_input.f90)
                   READBC_REAL (Line 133, file gyro_read_input.f90)
                   READBC_REAL (Line 134, file gyro_read_input.f90)
                   READBC_REAL (Line 135, file gyro_read_input.f90)
                   READBC_REAL (Line 139, file gyro_read_input.f90)
                   READBC_REAL (Line 140, file gyro_read_input.f90)
                   READBC_REAL (Line 141, file gyro_read_input.f90)
                   READBC_REAL (Line 142, file gyro_read_input.f90)
                   READBC_REAL (Line 143, file gyro_read_input.f90)
                   READBC_REAL (Line 147, file gyro_read_input.f90)
                   READBC_REAL (Line 148, file gyro_read_input.f90)
                   READBC_REAL (Line 149, file gyro_read_input.f90)
                   READBC_REAL (Line 150, file gyro_read_input.f90)
                   READBC_REAL (Line 151, file gyro_read_input.f90)
                   READBC_REAL (Line 152, file gyro_read_input.f90)
                   READBC_REAL (Line 155, file gyro_read_input.f90)
                   READBC_REAL (Line 156, file gyro_read_input.f90)
                   READBC_REAL (Line 157, file gyro_read_input.f90)
                   READBC_REAL (Line 158, file gyro_read_input.f90)
                   READBC_REAL (Line 159, file gyro_read_input.f90)
                   READBC_REAL (Line 160, file gyro_read_input.f90)
                   READBC_REAL (Line 163, file gyro_read_input.f90)
                   READBC_REAL (Line 164, file gyro_read_input.f90)
                   READBC_REAL (Line 165, file gyro_read_input.f90)
                   READBC_REAL (Line 166, file gyro_read_input.f90)
                   READBC_REAL (Line 167, file gyro_read_input.f90)
                   READBC_REAL (Line 171, file gyro_read_input.f90)
                   READBC_REAL (Line 172, file gyro_read_input.f90)
                   READBC_REAL (Line 173, file gyro_read_input.f90)
                   READBC_REAL (Line 174, file gyro_read_input.f90)
                   READBC_REAL (Line 175, file gyro_read_input.f90)
                   READBC_REAL (Line 176, file gyro_read_input.f90)
                   READBC_REAL (Line 179, file gyro_read_input.f90)
                   READBC_REAL (Line 180, file gyro_read_input.f90)
                   READBC_REAL (Line 181, file gyro_read_input.f90)
                   READBC_REAL (Line 182, file gyro_read_input.f90)
                   READBC_REAL (Line 191, file gyro_read_input.f90)
                   READBC_REAL (Line 195, file gyro_read_input.f90)
                   READBC_REAL (Line 204, file gyro_read_input.f90)
                   READBC_REAL (Line 205, file gyro_read_input.f90)
                   READBC_REAL (Line 206, file gyro_read_input.f90)
                   READBC_REAL (Line 211, file gyro_read_input.f90)
                   READBC_REAL (Line 212, file gyro_read_input.f90)
                   READBC_REAL (Line 216, file gyro_read_input.f90)
                   READBC_REAL (Line 217, file gyro_read_input.f90)
                   READBC_REAL (Line 219, file gyro_read_input.f90)
                   READBC_REAL (Line 220, file gyro_read_input.f90)
                   READBC_REAL (Line 223, file gyro_read_input.f90)
                   READBC_REAL (Line 227, file gyro_read_input.f90)
                   READBC_REAL (Line 238, file gyro_read_input.f90)
                   READBC_REAL (Line 239, file gyro_read_input.f90)
                   READBC_REAL (Line 240, file gyro_read_input.f90)
                   READBC_REAL (Line 245, file gyro_read_input.f90)
                   READBC_REAL (Line 246, file gyro_read_input.f90)
                   READBC_REAL (Line 247, file gyro_read_input.f90)

        Uses:      GYRO_GLOBALS

Name  Messages
----  --------
INFOEQ in MPI_CONSTANTS
      Defined as:  No definitions.

                   No calls.  It is not called and does not use any procedure.

      Interface:   None

Name  Messages
----  --------
INFONEQ in MPI_CONSTANTS
      Defined as:  No definitions.

                   No calls.  It is not called and does not use any procedure.

      Interface:   None

Name  Messages
----  --------
MESSAGEEQ in MPI_CONSTANTS
      Defined as:  No definitions.

                   No calls.  It is not called and does not use any procedure.

      Interface:   None

Name  Messages
----  --------
MESSAGENEQ in MPI_CONSTANTS
      Defined as:  No definitions.

                   No calls.  It is not called and does not use any procedure.

      Interface:   None

Name  Messages
----  --------
MPI
      Defined as:  No definitions.

      Used By:     READBC_INT
                   READBC_REAL

Name  Messages
----  --------
MPI_BASE
      Defined as:  No definitions.

      Used By:     READBC_INT  (indirectly)
                   READBC_REAL  (indirectly)

Name  Messages
----  --------
MPI_BCAST
      Defined as:  No definitions.

      Interface:   None

      Called By:   DATATYPEEQ in MPI_CONSTANTS (Line 279, file gyro_read_input.f90)
                   DATATYPENEQ in MPI_CONSTANTS (Line 295, file gyro_read_input.f90)

Name  Messages
----  --------
MPI_CONSTANTS
      Defined as:  No definitions.

      Used By:     READBC_INT  (indirectly)
                   READBC_REAL  (indirectly)

Name  Messages
----  --------
MPI_SIZEOFS
      Defined as:  No definitions.

      Used By:     READBC_INT  (indirectly)
                   READBC_REAL  (indirectly)

Name  Messages
----  --------
MPI_SIZEOF_CH in MPI_SIZEOFS
      Defined as:  No definitions.

                   No calls.  It is not called and does not use any procedure.

      Interface:   None

Name  Messages
----  --------
MPI_SIZEOF_CHV in MPI_SIZEOFS
      Defined as:  No definitions.

                   No calls.  It is not called and does not use any procedure.

      Interface:   None

Name  Messages
----  --------
MPI_SIZEOF_CX in MPI_SIZEOFS
      Defined as:  No definitions.

                   No calls.  It is not called and does not use any procedure.

      Interface:   None

Name  Messages
----  --------
MPI_SIZEOF_CXV in MPI_SIZEOFS
      Defined as:  No definitions.

                   No calls.  It is not called and does not use any procedure.

      Interface:   None

Name  Messages
----  --------
MPI_SIZEOF_D in MPI_SIZEOFS
      Defined as:  No definitions.

                   No calls.  It is not called and does not use any procedure.

      Interface:   None

Name  Messages
----  --------
MPI_SIZEOF_DV in MPI_SIZEOFS
      Defined as:  No definitions.

                   No calls.  It is not called and does not use any procedure.

      Interface:   None

Name  Messages
----  --------
MPI_SIZEOF_I in MPI_SIZEOFS
      Defined as:  No definitions.

                   No calls.  It is not called and does not use any procedure.

      Interface:   None

Name  Messages
----  --------
MPI_SIZEOF_I1 in MPI_SIZEOFS
      Defined as:  No definitions.

                   No calls.  It is not called and does not use any procedure.

      Interface:   None

Name  Messages
----  --------
MPI_SIZEOF_I1V in MPI_SIZEOFS
      Defined as:  No definitions.

                   No calls.  It is not called and does not use any procedure.

      Interface:   None

Name  Messages
----  --------
MPI_SIZEOF_I2 in MPI_SIZEOFS
      Defined as:  No definitions.

                   No calls.  It is not called and does not use any procedure.

      Interface:   None

Name  Messages
----  --------
MPI_SIZEOF_I2V in MPI_SIZEOFS
      Defined as:  No definitions.

                   No calls.  It is not called and does not use any procedure.

      Interface:   None

Name  Messages
----  --------
MPI_SIZEOF_I8 in MPI_SIZEOFS
      Defined as:  No definitions.

                   No calls.  It is not called and does not use any procedure.

      Interface:   None

Name  Messages
----  --------
MPI_SIZEOF_I8V in MPI_SIZEOFS
      Defined as:  No definitions.

                   No calls.  It is not called and does not use any procedure.

      Interface:   None

Name  Messages
----  --------
MPI_SIZEOF_IV in MPI_SIZEOFS
      Defined as:  No definitions.

                   No calls.  It is not called and does not use any procedure.

      Interface:   None

Name  Messages
----  --------
MPI_SIZEOF_L in MPI_SIZEOFS
      Defined as:  No definitions.

                   No calls.  It is not called and does not use any procedure.

      Interface:   None

Name  Messages
----  --------
MPI_SIZEOF_LV in MPI_SIZEOFS
      Defined as:  No definitions.

                   No calls.  It is not called and does not use any procedure.

      Interface:   None

Name  Messages
----  --------
MPI_SIZEOF_R in MPI_SIZEOFS
      Defined as:  No definitions.

                   No calls.  It is not called and does not use any procedure.

      Interface:   None

Name  Messages
----  --------
MPI_SIZEOF_RV in MPI_SIZEOFS
      Defined as:  No definitions.

                   No calls.  It is not called and does not use any procedure.

      Interface:   None

Name  Messages
----  --------
OPEQ in MPI_CONSTANTS
      Defined as:  No definitions.

                   No calls.  It is not called and does not use any procedure.

      Interface:   None

Name  Messages
----  --------
OPNEQ in MPI_CONSTANTS
      Defined as:  No definitions.

                   No calls.  It is not called and does not use any procedure.

      Interface:   None

Name  Messages
----  --------
READBC_INT
      Defined as:  Subroutine (line 269, file gyro_read_input.f90)

      Interface:   None

      Called By:   COMMNEQ in MPI_CONSTANTS (Line 37, file gyro_read_input.f90)
                   COMMNEQ in MPI_CONSTANTS (Line 38, file gyro_read_input.f90)
                   COMMNEQ in MPI_CONSTANTS (Line 39, file gyro_read_input.f90)
                   COMMNEQ in MPI_CONSTANTS (Line 40, file gyro_read_input.f90)
                   COMMNEQ in MPI_CONSTANTS (Line 41, file gyro_read_input.f90)
                   COMMNEQ in MPI_CONSTANTS (Line 42, file gyro_read_input.f90)
                   COMMNEQ in MPI_CONSTANTS (Line 43, file gyro_read_input.f90)
                   COMMNEQ in MPI_CONSTANTS (Line 44, file gyro_read_input.f90)
                   COMMNEQ in MPI_CONSTANTS (Line 45, file gyro_read_input.f90)
                   COMMNEQ in MPI_CONSTANTS (Line 46, file gyro_read_input.f90)
                   COMMNEQ in MPI_CONSTANTS (Line 47, file gyro_read_input.f90)
                   COMMNEQ in MPI_CONSTANTS (Line 48, file gyro_read_input.f90)
                   COMMNEQ in MPI_CONSTANTS (Line 64, file gyro_read_input.f90)
                   COMMNEQ in MPI_CONSTANTS (Line 65, file gyro_read_input.f90)
                   COMMNEQ in MPI_CONSTANTS (Line 66, file gyro_read_input.f90)
                   COMMNEQ in MPI_CONSTANTS (Line 67, file gyro_read_input.f90)
                   COMMNEQ in MPI_CONSTANTS (Line 68, file gyro_read_input.f90)
                   COMMNEQ in MPI_CONSTANTS (Line 71, file gyro_read_input.f90)
                   COMMNEQ in MPI_CONSTANTS (Line 72, file gyro_read_input.f90)
                   COMMNEQ in MPI_CONSTANTS (Line 76, file gyro_read_input.f90)
                   COMMNEQ in MPI_CONSTANTS (Line 77, file gyro_read_input.f90)
                   COMMNEQ in MPI_CONSTANTS (Line 78, file gyro_read_input.f90)
                   COMMNEQ in MPI_CONSTANTS (Line 79, file gyro_read_input.f90)
                   COMMNEQ in MPI_CONSTANTS (Line 80, file gyro_read_input.f90)
                   COMMNEQ in MPI_CONSTANTS (Line 81, file gyro_read_input.f90)
                   COMMNEQ in MPI_CONSTANTS (Line 82, file gyro_read_input.f90)
                   COMMNEQ in MPI_CONSTANTS (Line 86, file gyro_read_input.f90)
                   COMMNEQ in MPI_CONSTANTS (Line 87, file gyro_read_input.f90)
                   COMMNEQ in MPI_CONSTANTS (Line 89, file gyro_read_input.f90)
                   COMMNEQ in MPI_CONSTANTS (Line 90, file gyro_read_input.f90)
                   COMMNEQ in MPI_CONSTANTS (Line 98, file gyro_read_input.f90)
                   COMMNEQ in MPI_CONSTANTS (Line 99, file gyro_read_input.f90)
                   COMMNEQ in MPI_CONSTANTS (Line 100, file gyro_read_input.f90)
                   COMMNEQ in MPI_CONSTANTS (Line 101, file gyro_read_input.f90)
                   COMMNEQ in MPI_CONSTANTS (Line 183, file gyro_read_input.f90)
                   COMMNEQ in MPI_CONSTANTS (Line 184, file gyro_read_input.f90)
                   COMMNEQ in MPI_CONSTANTS (Line 185, file gyro_read_input.f90)
                   COMMNEQ in MPI_CONSTANTS (Line 186, file gyro_read_input.f90)
                   COMMNEQ in MPI_CONSTANTS (Line 187, file gyro_read_input.f90)
                   COMMNEQ in MPI_CONSTANTS (Line 188, file gyro_read_input.f90)
                   COMMNEQ in MPI_CONSTANTS (Line 189, file gyro_read_input.f90)
                   COMMNEQ in MPI_CONSTANTS (Line 190, file gyro_read_input.f90)
                   COMMNEQ in MPI_CONSTANTS (Line 192, file gyro_read_input.f90)
                   COMMNEQ in MPI_CONSTANTS (Line 193, file gyro_read_input.f90)
                   COMMNEQ in MPI_CONSTANTS (Line 194, file gyro_read_input.f90)
                   COMMNEQ in MPI_CONSTANTS (Line 196, file gyro_read_input.f90)
                   COMMNEQ in MPI_CONSTANTS (Line 197, file gyro_read_input.f90)
                   COMMNEQ in MPI_CONSTANTS (Line 198, file gyro_read_input.f90)
                   COMMNEQ in MPI_CONSTANTS (Line 199, file gyro_read_input.f90)
                   COMMNEQ in MPI_CONSTANTS (Line 200, file gyro_read_input.f90)
                   COMMNEQ in MPI_CONSTANTS (Line 201, file gyro_read_input.f90)
                   COMMNEQ in MPI_CONSTANTS (Line 202, file gyro_read_input.f90)
                   COMMNEQ in MPI_CONSTANTS (Line 203, file gyro_read_input.f90)
                   COMMNEQ in MPI_CONSTANTS (Line 207, file gyro_read_input.f90)
                   COMMNEQ in MPI_CONSTANTS (Line 208, file gyro_read_input.f90)
                   COMMNEQ in MPI_CONSTANTS (Line 209, file gyro_read_input.f90)
                   COMMNEQ in MPI_CONSTANTS (Line 210, file gyro_read_input.f90)
                   COMMNEQ in MPI_CONSTANTS (Line 213, file gyro_read_input.f90)
                   COMMNEQ in MPI_CONSTANTS (Line 214, file gyro_read_input.f90)
                   COMMNEQ in MPI_CONSTANTS (Line 215, file gyro_read_input.f90)
                   COMMNEQ in MPI_CONSTANTS (Line 218, file gyro_read_input.f90)
                   COMMNEQ in MPI_CONSTANTS (Line 221, file gyro_read_input.f90)
                   COMMNEQ in MPI_CONSTANTS (Line 222, file gyro_read_input.f90)
                   COMMNEQ in MPI_CONSTANTS (Line 224, file gyro_read_input.f90)
                   COMMNEQ in MPI_CONSTANTS (Line 225, file gyro_read_input.f90)
                   COMMNEQ in MPI_CONSTANTS (Line 226, file gyro_read_input.f90)
                   COMMNEQ in MPI_CONSTANTS (Line 228, file gyro_read_input.f90)
                   COMMNEQ in MPI_CONSTANTS (Line 231, file gyro_read_input.f90)
                   COMMNEQ in MPI_CONSTANTS (Line 232, file gyro_read_input.f90)
                   COMMNEQ in MPI_CONSTANTS (Line 233, file gyro_read_input.f90)
                   COMMNEQ in MPI_CONSTANTS (Line 234, file gyro_read_input.f90)
                   COMMNEQ in MPI_CONSTANTS (Line 235, file gyro_read_input.f90)
                   COMMNEQ in MPI_CONSTANTS (Line 236, file gyro_read_input.f90)
                   COMMNEQ in MPI_CONSTANTS (Line 237, file gyro_read_input.f90)
                   COMMNEQ in MPI_CONSTANTS (Line 241, file gyro_read_input.f90)
                   COMMNEQ in MPI_CONSTANTS (Line 244, file gyro_read_input.f90)
                   COMMNEQ in MPI_CONSTANTS (Line 249, file gyro_read_input.f90)
                   COMMNEQ in MPI_CONSTANTS (Line 250, file gyro_read_input.f90)
                   COMMNEQ in MPI_CONSTANTS (Line 251, file gyro_read_input.f90)
                   COMMNEQ in MPI_CONSTANTS (Line 252, file gyro_read_input.f90)

      Calls:       MPI_BCAST (Line 279, file gyro_read_input.f90)

        Uses:      MPI
                   MPI_BASE  (indirectly)
                   MPI_SIZEOFS  (indirectly)
                   MPI_CONSTANTS  (indirectly)
                   GYRO_GLOBALS

Name  Messages
----  --------
READBC_REAL
      Defined as:  Subroutine (line 285, file gyro_read_input.f90)

      Interface:   None

      Called By:   COMMNEQ in MPI_CONSTANTS (Line 49, file gyro_read_input.f90)
                   COMMNEQ in MPI_CONSTANTS (Line 50, file gyro_read_input.f90)
                   COMMNEQ in MPI_CONSTANTS (Line 51, file gyro_read_input.f90)
                   COMMNEQ in MPI_CONSTANTS (Line 52, file gyro_read_input.f90)
                   COMMNEQ in MPI_CONSTANTS (Line 53, file gyro_read_input.f90)
                   COMMNEQ in MPI_CONSTANTS (Line 54, file gyro_read_input.f90)
                   COMMNEQ in MPI_CONSTANTS (Line 55, file gyro_read_input.f90)
                   COMMNEQ in MPI_CONSTANTS (Line 56, file gyro_read_input.f90)
                   COMMNEQ in MPI_CONSTANTS (Line 57, file gyro_read_input.f90)
                   COMMNEQ in MPI_CONSTANTS (Line 58, file gyro_read_input.f90)
                   COMMNEQ in MPI_CONSTANTS (Line 59, file gyro_read_input.f90)
                   COMMNEQ in MPI_CONSTANTS (Line 60, file gyro_read_input.f90)
                   COMMNEQ in MPI_CONSTANTS (Line 61, file gyro_read_input.f90)
                   COMMNEQ in MPI_CONSTANTS (Line 62, file gyro_read_input.f90)
                   COMMNEQ in MPI_CONSTANTS (Line 63, file gyro_read_input.f90)
                   COMMNEQ in MPI_CONSTANTS (Line 69, file gyro_read_input.f90)
                   COMMNEQ in MPI_CONSTANTS (Line 70, file gyro_read_input.f90)
                   COMMNEQ in MPI_CONSTANTS (Line 73, file gyro_read_input.f90)
                   COMMNEQ in MPI_CONSTANTS (Line 74, file gyro_read_input.f90)
                   COMMNEQ in MPI_CONSTANTS (Line 75, file gyro_read_input.f90)
                   COMMNEQ in MPI_CONSTANTS (Line 83, file gyro_read_input.f90)
                   COMMNEQ in MPI_CONSTANTS (Line 84, file gyro_read_input.f90)
                   COMMNEQ in MPI_CONSTANTS (Line 85, file gyro_read_input.f90)
                   COMMNEQ in MPI_CONSTANTS (Line 88, file gyro_read_input.f90)
                   COMMNEQ in MPI_CONSTANTS (Line 91, file gyro_read_input.f90)
                   COMMNEQ in MPI_CONSTANTS (Line 92, file gyro_read_input.f90)
                   COMMNEQ in MPI_CONSTANTS (Line 93, file gyro_read_input.f90)
                   COMMNEQ in MPI_CONSTANTS (Line 94, file gyro_read_input.f90)
                   COMMNEQ in MPI_CONSTANTS (Line 95, file gyro_read_input.f90)
                   COMMNEQ in MPI_CONSTANTS (Line 96, file gyro_read_input.f90)
                   COMMNEQ in MPI_CONSTANTS (Line 97, file gyro_read_input.f90)
                   COMMNEQ in MPI_CONSTANTS (Line 102, file gyro_read_input.f90)
                   COMMNEQ in MPI_CONSTANTS (Line 107, file gyro_read_input.f90)
                   COMMNEQ in MPI_CONSTANTS (Line 108, file gyro_read_input.f90)
                   COMMNEQ in MPI_CONSTANTS (Line 109, file gyro_read_input.f90)
                   COMMNEQ in MPI_CONSTANTS (Line 110, file gyro_read_input.f90)
                   COMMNEQ in MPI_CONSTANTS (Line 111, file gyro_read_input.f90)
                   COMMNEQ in MPI_CONSTANTS (Line 112, file gyro_read_input.f90)
                   COMMNEQ in MPI_CONSTANTS (Line 115, file gyro_read_input.f90)
                   COMMNEQ in MPI_CONSTANTS (Line 116, file gyro_read_input.f90)
                   COMMNEQ in MPI_CONSTANTS (Line 117, file gyro_read_input.f90)
                   COMMNEQ in MPI_CONSTANTS (Line 118, file gyro_read_input.f90)
                   COMMNEQ in MPI_CONSTANTS (Line 119, file gyro_read_input.f90)
                   COMMNEQ in MPI_CONSTANTS (Line 120, file gyro_read_input.f90)
                   COMMNEQ in MPI_CONSTANTS (Line 123, file gyro_read_input.f90)
                   COMMNEQ in MPI_CONSTANTS (Line 124, file gyro_read_input.f90)
                   COMMNEQ in MPI_CONSTANTS (Line 125, file gyro_read_input.f90)
                   COMMNEQ in MPI_CONSTANTS (Line 126, file gyro_read_input.f90)
                   COMMNEQ in MPI_CONSTANTS (Line 127, file gyro_read_input.f90)
                   COMMNEQ in MPI_CONSTANTS (Line 128, file gyro_read_input.f90)
                   COMMNEQ in MPI_CONSTANTS (Line 131, file gyro_read_input.f90)
                   COMMNEQ in MPI_CONSTANTS (Line 132, file gyro_read_input.f90)
                   COMMNEQ in MPI_CONSTANTS (Line 133, file gyro_read_input.f90)
                   COMMNEQ in MPI_CONSTANTS (Line 134, file gyro_read_input.f90)
                   COMMNEQ in MPI_CONSTANTS (Line 135, file gyro_read_input.f90)
                   COMMNEQ in MPI_CONSTANTS (Line 139, file gyro_read_input.f90)
                   COMMNEQ in MPI_CONSTANTS (Line 140, file gyro_read_input.f90)
                   COMMNEQ in MPI_CONSTANTS (Line 141, file gyro_read_input.f90)
                   COMMNEQ in MPI_CONSTANTS (Line 142, file gyro_read_input.f90)
                   COMMNEQ in MPI_CONSTANTS (Line 143, file gyro_read_input.f90)
                   COMMNEQ in MPI_CONSTANTS (Line 147, file gyro_read_input.f90)
                   COMMNEQ in MPI_CONSTANTS (Line 148, file gyro_read_input.f90)
                   COMMNEQ in MPI_CONSTANTS (Line 149, file gyro_read_input.f90)
                   COMMNEQ in MPI_CONSTANTS (Line 150, file gyro_read_input.f90)
                   COMMNEQ in MPI_CONSTANTS (Line 151, file gyro_read_input.f90)
                   COMMNEQ in MPI_CONSTANTS (Line 152, file gyro_read_input.f90)
                   COMMNEQ in MPI_CONSTANTS (Line 155, file gyro_read_input.f90)
                   COMMNEQ in MPI_CONSTANTS (Line 156, file gyro_read_input.f90)
                   COMMNEQ in MPI_CONSTANTS (Line 157, file gyro_read_input.f90)
                   COMMNEQ in MPI_CONSTANTS (Line 158, file gyro_read_input.f90)
                   COMMNEQ in MPI_CONSTANTS (Line 159, file gyro_read_input.f90)
                   COMMNEQ in MPI_CONSTANTS (Line 160, file gyro_read_input.f90)
                   COMMNEQ in MPI_CONSTANTS (Line 163, file gyro_read_input.f90)
                   COMMNEQ in MPI_CONSTANTS (Line 164, file gyro_read_input.f90)
                   COMMNEQ in MPI_CONSTANTS (Line 165, file gyro_read_input.f90)
                   COMMNEQ in MPI_CONSTANTS (Line 166, file gyro_read_input.f90)
                   COMMNEQ in MPI_CONSTANTS (Line 167, file gyro_read_input.f90)
                   COMMNEQ in MPI_CONSTANTS (Line 171, file gyro_read_input.f90)
                   COMMNEQ in MPI_CONSTANTS (Line 172, file gyro_read_input.f90)
                   COMMNEQ in MPI_CONSTANTS (Line 173, file gyro_read_input.f90)
                   COMMNEQ in MPI_CONSTANTS (Line 174, file gyro_read_input.f90)
                   COMMNEQ in MPI_CONSTANTS (Line 175, file gyro_read_input.f90)
                   COMMNEQ in MPI_CONSTANTS (Line 176, file gyro_read_input.f90)
                   COMMNEQ in MPI_CONSTANTS (Line 179, file gyro_read_input.f90)
                   COMMNEQ in MPI_CONSTANTS (Line 180, file gyro_read_input.f90)
                   COMMNEQ in MPI_CONSTANTS (Line 181, file gyro_read_input.f90)
                   COMMNEQ in MPI_CONSTANTS (Line 182, file gyro_read_input.f90)
                   COMMNEQ in MPI_CONSTANTS (Line 191, file gyro_read_input.f90)
                   COMMNEQ in MPI_CONSTANTS (Line 195, file gyro_read_input.f90)
                   COMMNEQ in MPI_CONSTANTS (Line 204, file gyro_read_input.f90)
                   COMMNEQ in MPI_CONSTANTS (Line 205, file gyro_read_input.f90)
                   COMMNEQ in MPI_CONSTANTS (Line 206, file gyro_read_input.f90)
                   COMMNEQ in MPI_CONSTANTS (Line 211, file gyro_read_input.f90)
                   COMMNEQ in MPI_CONSTANTS (Line 212, file gyro_read_input.f90)
                   COMMNEQ in MPI_CONSTANTS (Line 216, file gyro_read_input.f90)
                   COMMNEQ in MPI_CONSTANTS (Line 217, file gyro_read_input.f90)
                   COMMNEQ in MPI_CONSTANTS (Line 219, file gyro_read_input.f90)
                   COMMNEQ in MPI_CONSTANTS (Line 220, file gyro_read_input.f90)
                   COMMNEQ in MPI_CONSTANTS (Line 223, file gyro_read_input.f90)
                   COMMNEQ in MPI_CONSTANTS (Line 227, file gyro_read_input.f90)
                   COMMNEQ in MPI_CONSTANTS (Line 238, file gyro_read_input.f90)
                   COMMNEQ in MPI_CONSTANTS (Line 239, file gyro_read_input.f90)
                   COMMNEQ in MPI_CONSTANTS (Line 240, file gyro_read_input.f90)
                   COMMNEQ in MPI_CONSTANTS (Line 245, file gyro_read_input.f90)
                   COMMNEQ in MPI_CONSTANTS (Line 246, file gyro_read_input.f90)
                   COMMNEQ in MPI_CONSTANTS (Line 247, file gyro_read_input.f90)

      Calls:       MPI_BCAST (Line 295, file gyro_read_input.f90)

        Uses:      MPI
                   MPI_BASE  (indirectly)
                   MPI_SIZEOFS  (indirectly)
                   MPI_CONSTANTS  (indirectly)
                   GYRO_GLOBALS

Name  Messages
----  --------
REQUESTEQ in MPI_CONSTANTS
      Defined as:  No definitions.

                   No calls.  It is not called and does not use any procedure.

      Interface:   None

Name  Messages
----  --------
REQUESTNEQ in MPI_CONSTANTS
      Defined as:  No definitions.

                   No calls.  It is not called and does not use any procedure.

      Interface:   None

Name  Messages
----  --------
TRIM(Intrinsic)
      Defined as:  No definitions.

      Interface:   None

      Called By:   COMMNEQ in MPI_CONSTANTS (Line 32, file gyro_read_input.f90)

Name  Messages
----  --------
WINEQ in MPI_CONSTANTS
      Defined as:  No definitions.

                   No calls.  It is not called and does not use any procedure.

      Interface:   None

Name  Messages
----  --------
WINNEQ in MPI_CONSTANTS
      Defined as:  No definitions.

                   No calls.  It is not called and does not use any procedure.

      Interface:   None

Name  Messages
----  --------
_F90_TRIM(Intrinsic)
      Defined as:  No definitions.

                   No calls.  It is not called and does not use any procedure.

      Interface:   None


%%%%%%%%%%%%%%%%%%%%%%%%%%%%%%%%%%%%%%%%%%%%%%%%%%%%%%%%%%%%%%%%%%%%%%%%%%%%%%%%
%%%%%%%%%%%%%%%%%%%%%%%%%%%%%%%%%%%%%%%%%%%%%%%%%%%%%%%%%%%%%%%%%%%%%%%%%%%%%%%%
