%%%%%%%%%%%%%%%%%%%%%%%%%%%%%%%%%%%%%%%%%%%%%%%%%%%%%%%%%%%%%%%%%%%%%%%%%%%%%%%%
                          S u m m a r y   R e p o r t
%%%%%%%%%%%%%%%%%%%%%%%%%%%%%%%%%%%%%%%%%%%%%%%%%%%%%%%%%%%%%%%%%%%%%%%%%%%%%%%%

Compilation
-----------
File     : /global/u2/b/bassem/gyro-EP/src/gyro_banana_init.f90
Compiled : 01/19/21  15:35:28
Compiler : Version 9.1.0
Ftnlx    : Version 9.1.0 
Target   : x86-64
Command  : ftn_driver.exe -hcpu=haswell -hdynamic -D__CRAYXC -D__CRAY_HASWELL
           -D__CRAYXT_COMPUTE_LINUX_TARGET -hnetwork=aries -hnoomp -em
           -J/global/homes/b/bassem/gyro-EP/modules -sreal64 -eD -Ktrap=fp -m1
           -Rbcdps -G0 -I/opt/cray/pe/fftw/3.3.8.4/haswell/include
           -c gyro_banana_init.f90
           -I/opt/cray/pe/cce/9.1.0/cce-clang/x86_64/lib/clang/9.0.0/include
           -I/opt/cray/pe/cce/9.1.0/cce/x86_64/include/craylibs -I/usr/include
           -I/usr/include -I/opt/cray/pe/fftw/3.3.8.4/haswell/include
           -I/opt/cray/pe/libsci/19.06.1/CRAY/9.0/x86_64/include
           -I/opt/cray/pe/mpt/7.7.10/gni/mpich-cray/9.0/include
           -I/opt/cray/pe/hdf5/1.10.5.2/cray/9.0/include
           -I/opt/cray/pe/netcdf/4.6.3.2/cray/9.0/include
           -I/opt/cray/rca/2.2.20-7.0.1.1_4.53__g8e3fb5b.ari/include
           -I/opt/cray/alps/6.6.58-7.0.1.1_6.10__g437d88db.ari/include
           -I/opt/cray/xpmem/2.2.20-7.0.1.1_4.14__g0475745.ari/include
           -I/opt/cray/gni-headers/5.0.12.0-7.0.1.1_6.32__g3b1768f.ari/include
           -I/opt/cray/dmapp/7.1.1-7.0.1.1_4.54__g38cf134.ari/include
           -I/opt/cray/pe/pmi/5.0.14/include
           -I/opt/cray/ugni/6.0.14.0-7.0.1.1_7.40__ge78e5b0.ari/include
           -I/opt/cray/udreg/2.3.2-7.0.1.1_3.38__g8175d3d.ari/include
           -I/opt/cray/wlm_detect/1.3.3-7.0.1.1_4.16__g7109084.ari/include
           -I/opt/cray/krca/2.2.6-7.0.1.1_5.39__gb641b12.ari/include
           -I/opt/cray-hss-devel/9.0.0/include
Program
  Units  : GYRO_BANANA_INIT

ftnlx report
------------
Source   : /global/u2/b/bassem/gyro-EP/src/gyro_banana_init.f90
Date     : 01/19/2021  15:35:28


%%%%%%%%%%%%%%%%%%%%%%%%%%%%%%%%%%%%%%%%%%%%%%%%%%%%%%%%%%%%%%%%%%%%%%%%%%%%%%%%
                          S o u r c e   L i s t i n g
%%%%%%%%%%%%%%%%%%%%%%%%%%%%%%%%%%%%%%%%%%%%%%%%%%%%%%%%%%%%%%%%%%%%%%%%%%%%%%%%

    1.    !-----------------------------------------------------
    2.    ! gyro_banana_init.f90
    3.    !
    4.    ! PURPOSE:
    5.    !  Simple routine to initialize internal variables.
    6.    !-----------------------------------------------------
    7.    
    8.    subroutine gyro_banana_init(n_IN)
    9.    
   10.      use gyro_banana_private
   11.      use GEO_interface
   12.    
   13.      !-----------------------------------------------------------
   14.      implicit none
   15.      !
   16.      integer :: i
   17.      integer, intent(in) :: n_IN 
   18.      !
   19.      real, dimension(:), allocatable :: f
   20.      real :: d_theta
   21.      real :: theta_0
   22.      !-----------------------------------------------------------
   23.    
   24.      n = n_IN
   25.    
   26.      allocate(f(n))
   27.    
   28.      !----------------------------------------------
   29.      ! Determine maximum lambda, and lambda at
   30.      ! the trapped-passing boundary:
   31.      !
   32.      call GEO_interp(0.0)
   33.      !
   34.      lambda_max = 1.0/GEO_b
   35.      !
   36.      call GEO_interp(pi)
   37.      !
   38.      lambda_tp = 1.0/GEO_b
   39.      !-----------------------------------------------
   40.    
   41.      d_theta = 2.0*pi/(n-1)
   42.    
   43.      do i=1,n
   44.         theta_0 = -pi+(i-1)*d_theta
   45.         call GEO_interp(theta_0)
   46.         f(i) = GEO_g_theta/GEO_b
   47.      enddo
   48.    
   49.      fluxave = (0.5*(f(1)+f(n))+sum(f(2:n-1)))*d_theta
ftn-6263 ftn: VECTOR GYRO_BANANA_INIT, File = gyro_banana_init.f90, Line = 49 
  A loop starting at line 49 was not vectorized because it contains a reference to a non-vector intrinsic on line 49.

   50.    
   51.      deallocate(f)
   52.    
   53.    end subroutine gyro_banana_init


%%%%%%%%%%%%%%%%%%%%%%%%%%%%%%%%%%%%%%%%%%%%%%%%%%%%%%%%%%%%%%%%%%%%%%%%%%%%%%%%
                         E x t e r n a l   R e p o r t
%%%%%%%%%%%%%%%%%%%%%%%%%%%%%%%%%%%%%%%%%%%%%%%%%%%%%%%%%%%%%%%%%%%%%%%%%%%%%%%%

Name  Messages
----  --------
GEO_INTERFACE
      Defined as:  No definitions.

      Used By:     GYRO_BANANA_INIT

Name  Messages
----  --------
GEO_INTERP
      Defined as:  No definitions.

      Interface:   None

      Called By:   GYRO_BANANA_INIT (Line 36, file gyro_banana_init.f90)
                   GYRO_BANANA_INIT (Line 45, file gyro_banana_init.f90)

Name  Messages
----  --------
GYRO_BANANA_INIT
      Defined as:  Subroutine (line 8, file gyro_banana_init.f90)

      Interface:   None

      Calls:       GEO_INTERP (Line 36, file gyro_banana_init.f90)
                   GEO_INTERP (Line 45, file gyro_banana_init.f90)
                   SUM(Intrinsic) (Line 49, file gyro_banana_init.f90)

        Uses:      GYRO_BANANA_PRIVATE
                   GEO_INTERFACE

Name  Messages
----  --------
GYRO_BANANA_PRIVATE
      Defined as:  No definitions.

      Used By:     GYRO_BANANA_INIT

Name  Messages
----  --------
SUM(Intrinsic)
      Defined as:  No definitions.

      Interface:   None

      Called By:   GYRO_BANANA_INIT (Line 49, file gyro_banana_init.f90)

Name  Messages
----  --------
__SUM(Intrinsic)
      Defined as:  No definitions.

                   No calls.  It is not called and does not use any procedure.

      Interface:   None


%%%%%%%%%%%%%%%%%%%%%%%%%%%%%%%%%%%%%%%%%%%%%%%%%%%%%%%%%%%%%%%%%%%%%%%%%%%%%%%%
%%%%%%%%%%%%%%%%%%%%%%%%%%%%%%%%%%%%%%%%%%%%%%%%%%%%%%%%%%%%%%%%%%%%%%%%%%%%%%%%
