%%%%%%%%%%%%%%%%%%%%%%%%%%%%%%%%%%%%%%%%%%%%%%%%%%%%%%%%%%%%%%%%%%%%%%%%%%%%%%%%
                          S u m m a r y   R e p o r t
%%%%%%%%%%%%%%%%%%%%%%%%%%%%%%%%%%%%%%%%%%%%%%%%%%%%%%%%%%%%%%%%%%%%%%%%%%%%%%%%

Compilation
-----------
File     : /global/u2/b/bassem/gyro-EP/src/gyro_radial_simulation_box.f90
Compiled : 01/19/21  15:35:49
Compiler : Version 9.1.0
Ftnlx    : Version 9.1.0 
Target   : x86-64
Command  : ftn_driver.exe -hcpu=haswell -hdynamic -D__CRAYXC -D__CRAY_HASWELL
           -D__CRAYXT_COMPUTE_LINUX_TARGET -hnetwork=aries -hnoomp -em
           -J/global/homes/b/bassem/gyro-EP/modules -sreal64 -eD -Ktrap=fp -m1
           -Rbcdps -G0 -I/opt/cray/pe/fftw/3.3.8.4/haswell/include
           -c gyro_radial_simulation_box.f90
           -I/opt/cray/pe/cce/9.1.0/cce-clang/x86_64/lib/clang/9.0.0/include
           -I/opt/cray/pe/cce/9.1.0/cce/x86_64/include/craylibs -I/usr/include
           -I/usr/include -I/opt/cray/pe/fftw/3.3.8.4/haswell/include
           -I/opt/cray/pe/libsci/19.06.1/CRAY/9.0/x86_64/include
           -I/opt/cray/pe/mpt/7.7.10/gni/mpich-cray/9.0/include
           -I/opt/cray/pe/hdf5/1.10.5.2/cray/9.0/include
           -I/opt/cray/pe/netcdf/4.6.3.2/cray/9.0/include
           -I/opt/cray/rca/2.2.20-7.0.1.1_4.53__g8e3fb5b.ari/include
           -I/opt/cray/alps/6.6.58-7.0.1.1_6.10__g437d88db.ari/include
           -I/opt/cray/xpmem/2.2.20-7.0.1.1_4.14__g0475745.ari/include
           -I/opt/cray/gni-headers/5.0.12.0-7.0.1.1_6.32__g3b1768f.ari/include
           -I/opt/cray/dmapp/7.1.1-7.0.1.1_4.54__g38cf134.ari/include
           -I/opt/cray/pe/pmi/5.0.14/include
           -I/opt/cray/ugni/6.0.14.0-7.0.1.1_7.40__ge78e5b0.ari/include
           -I/opt/cray/udreg/2.3.2-7.0.1.1_3.38__g8175d3d.ari/include
           -I/opt/cray/wlm_detect/1.3.3-7.0.1.1_4.16__g7109084.ari/include
           -I/opt/cray/krca/2.2.6-7.0.1.1_5.39__gb641b12.ari/include
           -I/opt/cray-hss-devel/9.0.0/include
Program
  Units  : GYRO_RADIAL_SIMULATION_BOX

ftnlx report
------------
Source   : /global/u2/b/bassem/gyro-EP/src/gyro_radial_simulation_box.f90
Date     : 01/19/2021  15:35:49


%%%%%%%%%%%%%%%%%%%%%%%%%%%%%%%%%%%%%%%%%%%%%%%%%%%%%%%%%%%%%%%%%%%%%%%%%%%%%%%%
                          S o u r c e   L i s t i n g
%%%%%%%%%%%%%%%%%%%%%%%%%%%%%%%%%%%%%%%%%%%%%%%%%%%%%%%%%%%%%%%%%%%%%%%%%%%%%%%%

    1.    !-----------------------------------------------------------
    2.    ! gyro_radial_simulation_box.f90 [caller make_profiles]
    3.    !
    4.    ! PURPOSE:
    5.    !  Determine box length from input parameters.   
    6.    !
    7.    ! NOTES:
    8.    !  See documentation at:
    9.    !
   10.    !      https://fusion.gat.com/theory/BOX_MULTIPLIER
   11.    !------------------------------------------------------------------------
   12.    
   13.    subroutine gyro_radial_simulation_box
   14.    
   15.      use gyro_globals
   16.      use math_constants
   17.    
   18.      !--------------------------
   19.      implicit none
   20.      !--------------------------
   21.    
   22.      !------------------------------------------------------
   23.      ! Information and sanity check for automated selection 
   24.      ! of TOROIDAL_REFERENCE
   25.      !
   26.      if (n_ref <= 0) then
   27.         call send_message('INFO: (GYRO) You are using TOROIDAL_REFERENCE=-1')
   28.         call send_message('INFO: (GYRO) TOROIDAL_REFERENCE reset to lowest nonzero mode.')
   29.         n_ref = n0
   30.         if (n_ref == 0) n_ref = d_n
   31.      endif
   32.      !------------------------------------------------------
   33.    
   34.      if (s_grid == 0.0) s_grid = s0
   35.    
   36.      !---------------------------------------------------------
   37.      ! If box_multiplier < 0, recompute d_n and box_multiplier
   38.      ! based on values set by l_x and l_y.
   39.      !
   40.      if (box_multiplier < 0.0 .and. radial_profile_method /= 3) then
   41.    
   42.         if (nonlinear_flag == 1) then
   43.    
   44.            ! NONLINEAR: use l_x,l_y
   45.    
   46.            rho_star = abs(2*pi*r0/(n_ref*q0*l_y))*(-btccw)
   47.            box_multiplier = abs(2*pi*s_grid*l_x/l_y)
   48.    
   49.         else
   50.    
   51.            ! LINEAR: use k_theta rho_s -> l_y
   52.    
   53.            rho_star = abs(l_y*r0/(n_ref*q0))*(-btccw)
   54.            box_multiplier = abs(box_multiplier)
   55.    
   56.         endif
   57.    
   58.      endif
   59.      !---------------------------------------------------------
   60.    
   61.      !------------------------------------------------------
   62.      ! Set box length (might be reset later)
   63.      !
   64.      x_length = abs(box_multiplier*r0/(n_ref*q0*s_grid))
   65.      !------------------------------------------------------
   66.    
   67.      !------------------------------------------------------
   68.      ! Select radial grid-spacing and gridpoints
   69.      !
   70.      select case (boundary_method)
   71.    
   72.      case (1) 
   73.    
   74.         ! PERIODIC
   75.    
   76.         ! Box ends at periodic point
   77.         !
   78.         ! x----x----x----x----p
   79.         !           |
   80.         !          r=r0
   81.    
   82.         d_x = x_length/n_x
   83.    
   84.      case (2)
   85.    
   86.         ! NONPERIODIC
   87.    
   88.         ! Box ends at zero-function boundaries; 
   89.         ! all points interior.
   90.         !
   91.         ! x-----x-----x-----x
   92.         !          |
   93.         !         r=r0
   94.    
   95.         d_x = x_length/(n_x-1.0)
   96.    
   97.      end select
   98.    
   99.      ! General max-width "buffers"
  100.      i1_buffer = 1-max(m_gyro,m_dx)
  101.      i2_buffer = n_x+max(m_gyro-i_gyro,m_dx-i_dx)
  102.    
  103.      ! Derivative "buffers"
  104.      i1_dx = 1-m_dx
  105.      i2_dx = n_x+m_dx-i_dx
  106.      !
  107.      do i=1,n_x
  108.         r(i) = r0-0.5*x_length+d_x*(i-1.0+n_x_offset)
  109.      enddo
  110.      !
  111.      ! Check for legal box size
  112.      !
  113.      if (r(n_x) > 1.0) then
  114.         if (radial_profile_method == 3 .and. boundary_method == 1) then
  115.            x_length = x_length/10.0
  116.            d_x = x_length/n_x
  117.            do i=1,n_x
  118.               r(i) = r0-0.5*x_length+d_x*(i-1.0+n_x_offset)
  119.            enddo
  120.            call send_message('INFO: (GYRO) Shrinking domain by factor 10 avoid domain-size error.')
  121.         else
  122.            call catch_error('ERROR: (GYRO) Radial domain too large (r/a > 1).')
  123.         endif
  124.      endif
  125.      !------------------------------------------------------
  126.    
  127.      !----------------------------------------------
  128.      ! Initialize r to the uniform grid.  This will 
  129.      ! change if nonuniform_grid_flag > 0
  130.      !
  131.      r_e(:)     = r(:)
ftn-6262 ftn: VECTOR GYRO_RADIAL_SIMULATION_BOX, File = gyro_radial_simulation_box.f90, Line = 131 
  A loop starting at line 131 was not vectorized because it contains a call to a subroutine or function on line 131.

  132.      dr_eodr(:) = 1.0
ftn-6263 ftn: VECTOR GYRO_RADIAL_SIMULATION_BOX, File = gyro_radial_simulation_box.f90, Line = 132 
  A loop starting at line 132 was not vectorized because it contains a reference to a non-vector intrinsic on line 132.

  133.      !----------------------------------------------
  134.    
  135.      if (debug_flag == 1 .and. i_proc == 0) then
  136.         print *,'[make_simulation_box done]'
  137.      endif
  138.    
  139.    end subroutine gyro_radial_simulation_box


%%%%%%%%%%%%%%%%%%%%%%%%%%%%%%%%%%%%%%%%%%%%%%%%%%%%%%%%%%%%%%%%%%%%%%%%%%%%%%%%
                         E x t e r n a l   R e p o r t
%%%%%%%%%%%%%%%%%%%%%%%%%%%%%%%%%%%%%%%%%%%%%%%%%%%%%%%%%%%%%%%%%%%%%%%%%%%%%%%%

Name  Messages
----  --------
ABS(Intrinsic)
      Defined as:  No definitions.

      Interface:   None

      Called By:   GYRO_RADIAL_SIMULATION_BOX (Line 46, file gyro_radial_simulation_box.f90)
                   GYRO_RADIAL_SIMULATION_BOX (Line 47, file gyro_radial_simulation_box.f90)
                   GYRO_RADIAL_SIMULATION_BOX (Line 53, file gyro_radial_simulation_box.f90)
                   GYRO_RADIAL_SIMULATION_BOX (Line 54, file gyro_radial_simulation_box.f90)
                   GYRO_RADIAL_SIMULATION_BOX (Line 64, file gyro_radial_simulation_box.f90)

Name  Messages
----  --------
CATCH_ERROR
      Defined as:  No definitions.

                   No calls.  It is not called and does not use any procedure.

      Interface:   None

Name  Messages
----  --------
CHAR(Intrinsic)
      Defined as:  No definitions.

                   No calls.  It is not called and does not use any procedure.

      Interface:   None

Name  Messages
----  --------
GYRO_GLOBALS
      Defined as:  No definitions.

      Used By:     GYRO_RADIAL_SIMULATION_BOX

Name  Messages
----  --------
GYRO_RADIAL_SIMULATION_BOX
      Defined as:  Subroutine (line 13, file gyro_radial_simulation_box.f90)

      Interface:   None

      Calls:       SEND_MESSAGE (Line 27, file gyro_radial_simulation_box.f90)
                   SEND_MESSAGE (Line 28, file gyro_radial_simulation_box.f90)
                   ABS(Intrinsic) (Line 46, file gyro_radial_simulation_box.f90)
                   ABS(Intrinsic) (Line 47, file gyro_radial_simulation_box.f90)
                   ABS(Intrinsic) (Line 53, file gyro_radial_simulation_box.f90)
                   ABS(Intrinsic) (Line 54, file gyro_radial_simulation_box.f90)
                   ABS(Intrinsic) (Line 64, file gyro_radial_simulation_box.f90)
                   MAX(Intrinsic) (Line 100, file gyro_radial_simulation_box.f90)
                   MAX(Intrinsic) (Line 101, file gyro_radial_simulation_box.f90)

        Uses:      GYRO_GLOBALS
                   MATH_CONSTANTS

Name  Messages
----  --------
MATH_CONSTANTS
      Defined as:  No definitions.

      Used By:     GYRO_RADIAL_SIMULATION_BOX

Name  Messages
----  --------
MAX(Intrinsic)
      Defined as:  No definitions.

      Interface:   None

      Called By:   GYRO_RADIAL_SIMULATION_BOX (Line 100, file gyro_radial_simulation_box.f90)
                   GYRO_RADIAL_SIMULATION_BOX (Line 101, file gyro_radial_simulation_box.f90)

Name  Messages
----  --------
SEND_MESSAGE
      Defined as:  No definitions.

      Interface:   None

      Called By:   GYRO_RADIAL_SIMULATION_BOX (Line 27, file gyro_radial_simulation_box.f90)
                   GYRO_RADIAL_SIMULATION_BOX (Line 28, file gyro_radial_simulation_box.f90)


%%%%%%%%%%%%%%%%%%%%%%%%%%%%%%%%%%%%%%%%%%%%%%%%%%%%%%%%%%%%%%%%%%%%%%%%%%%%%%%%
%%%%%%%%%%%%%%%%%%%%%%%%%%%%%%%%%%%%%%%%%%%%%%%%%%%%%%%%%%%%%%%%%%%%%%%%%%%%%%%%
