%%%%%%%%%%%%%%%%%%%%%%%%%%%%%%%%%%%%%%%%%%%%%%%%%%%%%%%%%%%%%%%%%%%%%%%%%%%%%%%%
                          S u m m a r y   R e p o r t
%%%%%%%%%%%%%%%%%%%%%%%%%%%%%%%%%%%%%%%%%%%%%%%%%%%%%%%%%%%%%%%%%%%%%%%%%%%%%%%%

Compilation
-----------
File     : /global/u2/b/bassem/gyro-EP/src/gyro_nonlinear_flux.f90
Compiled : 01/19/21  15:35:45
Compiler : Version 9.1.0
Ftnlx    : Version 9.1.0 
Target   : x86-64
Command  : ftn_driver.exe -hcpu=haswell -hdynamic -D__CRAYXC -D__CRAY_HASWELL
           -D__CRAYXT_COMPUTE_LINUX_TARGET -hnetwork=aries -hnoomp -em
           -J/global/homes/b/bassem/gyro-EP/modules -sreal64 -eD -Ktrap=fp -m1
           -Rbcdps -G0 -I/opt/cray/pe/fftw/3.3.8.4/haswell/include
           -c gyro_nonlinear_flux.f90
           -I/opt/cray/pe/cce/9.1.0/cce-clang/x86_64/lib/clang/9.0.0/include
           -I/opt/cray/pe/cce/9.1.0/cce/x86_64/include/craylibs -I/usr/include
           -I/usr/include -I/opt/cray/pe/fftw/3.3.8.4/haswell/include
           -I/opt/cray/pe/libsci/19.06.1/CRAY/9.0/x86_64/include
           -I/opt/cray/pe/mpt/7.7.10/gni/mpich-cray/9.0/include
           -I/opt/cray/pe/hdf5/1.10.5.2/cray/9.0/include
           -I/opt/cray/pe/netcdf/4.6.3.2/cray/9.0/include
           -I/opt/cray/rca/2.2.20-7.0.1.1_4.53__g8e3fb5b.ari/include
           -I/opt/cray/alps/6.6.58-7.0.1.1_6.10__g437d88db.ari/include
           -I/opt/cray/xpmem/2.2.20-7.0.1.1_4.14__g0475745.ari/include
           -I/opt/cray/gni-headers/5.0.12.0-7.0.1.1_6.32__g3b1768f.ari/include
           -I/opt/cray/dmapp/7.1.1-7.0.1.1_4.54__g38cf134.ari/include
           -I/opt/cray/pe/pmi/5.0.14/include
           -I/opt/cray/ugni/6.0.14.0-7.0.1.1_7.40__ge78e5b0.ari/include
           -I/opt/cray/udreg/2.3.2-7.0.1.1_3.38__g8175d3d.ari/include
           -I/opt/cray/wlm_detect/1.3.3-7.0.1.1_4.16__g7109084.ari/include
           -I/opt/cray/krca/2.2.6-7.0.1.1_5.39__gb641b12.ari/include
           -I/opt/cray-hss-devel/9.0.0/include
Program
  Units  : GYRO_NONLINEAR_FLUX

ftnlx report
------------
Source   : /global/u2/b/bassem/gyro-EP/src/gyro_nonlinear_flux.f90
Date     : 01/19/2021  15:35:46


%%%%%%%%%%%%%%%%%%%%%%%%%%%%%%%%%%%%%%%%%%%%%%%%%%%%%%%%%%%%%%%%%%%%%%%%%%%%%%%%
                          S o u r c e   L i s t i n g
%%%%%%%%%%%%%%%%%%%%%%%%%%%%%%%%%%%%%%%%%%%%%%%%%%%%%%%%%%%%%%%%%%%%%%%%%%%%%%%%

    1.    !--------------------------------------------------------------------------
    2.    ! gyro_nonlinear_flux.f90 [caller: gyro_write_master]
    3.    !
    4.    ! PURPOSE:
    5.    !  Evaluate primitive nonlinear fluxes and turbulent exchange using
    6.    !  Sugama 1998 forms, where 
    7.    !
    8.    !  h_a^(Sugama)(R) = H_a(R) -> cap_h
    9.    !
   10.    ! NOTES:
   11.    !  Index 1: Particle flux (gyroBohm units)
   12.    !  Index 2: Energy flux (gyroBohm units)
   13.    !  Index 3: Total momentum flux (gyroBohm units)
   14.    !  Index 4: Turbulent exchange flux/length (gyroBohm units)
   15.    !--------------------------------------------------------------------------
   16.    
   17.    subroutine gyro_nonlinear_flux
   18.    
   19.      use mpi
   20.      use gyro_globals
   21.      use gyro_pointers
   22.      use math_constants
   23.      use ompdata
   24.    
   25.      !---------------------------------------------------
   26.      implicit none
   27.      !
   28.      real, dimension(n_x,n_kinetic,n_field,p_moment,2) :: moment
   29.      real, dimension(n_kinetic,2) :: excparts
   30.      real, dimension(n_kinetic,3) :: momparts
   31.      real, dimension(2) :: exctemp
   32.      real, dimension(3) :: momtemp
   33.    
   34.      complex, dimension(n_x,n_kinetic) :: cap_h
   35.      complex, dimension(n_x) :: ikrho
   36.      !--------------------------------------------------  
   37.    
   38.    
   39.      moment(:,:,:,:,:) = 0.0
ftn-6263 ftn: VECTOR GYRO_NONLINEAR_FLUX, File = gyro_nonlinear_flux.f90, Line = 39 
  A loop starting at line 39 was not vectorized because it contains a reference to a non-vector intrinsic on line 39.

   40.    
   41.      excparts(:,:)     = 0.0
ftn-6263 ftn: VECTOR GYRO_NONLINEAR_FLUX, File = gyro_nonlinear_flux.f90, Line = 41 
  A loop starting at line 41 was not vectorized because it contains a reference to a non-vector intrinsic on line 41.

   42.      momparts(:,:)     = 0.0
ftn-6263 ftn: VECTOR GYRO_NONLINEAR_FLUX, File = gyro_nonlinear_flux.f90, Line = 42 
  A loop starting at line 42 was not vectorized because it contains a reference to a non-vector intrinsic on line 42.

   43.    
   44.    !$omp parallel private(exctemp,momtemp,p_nek_loc,p_nek,ie,k,ck,m,ix,is,i) &
   45.    !$omp reduction(+:momparts,excparts)
   46.      exctemp(:)        = 0.0
ftn-6205 ftn: VECTOR GYRO_NONLINEAR_FLUX, File = gyro_nonlinear_flux.f90, Line = 46 
  A loop starting at line 46 was vectorized with a single vector iteration.

   47.      momtemp(:)        = 0.0
ftn-6204 ftn: VECTOR GYRO_NONLINEAR_FLUX, File = gyro_nonlinear_flux.f90, Line = 47 
  A loop starting at line 47 was vectorized.

   48.    
   49.      p_nek_loc = 0
   50.      do p_nek=1+i_proc_1,n_nek_1,n_proc_1
   51.    
   52.         p_nek_loc = p_nek_loc+1
   53.    
   54.         ie = nek_e(p_nek) 
   55.         k  = nek_k(p_nek)
   56.    
   57.         ck = class(k)
   58.    
   59.         do m=1,n_stack
   60.    
   61.            cap_h(ibeg:iend,:) = h_cap(m,ibeg:iend,p_nek_loc,:)
ftn-6262 ftn: VECTOR GYRO_NONLINEAR_FLUX, File = gyro_nonlinear_flux.f90, Line = 61 
  A loop starting at line 61 was not vectorized because it contains a call to a subroutine or function on line 61.

   62.    
   63.            !-----------------------------------------------------
   64.            ! Compute basic fluxes
   65.            !
   66.            ikrho(ibeg:iend) = i_c*krho_i(in_1,ibeg:iend)
ftn-6263 ftn: VECTOR GYRO_NONLINEAR_FLUX, File = gyro_nonlinear_flux.f90, Line = 66 
  A loop starting at line 66 was not vectorized because it contains a reference to a non-vector intrinsic on line 66.

   67.            !
   68.            do ix=1,n_field
   69.               do is=1,n_kinetic
   70.                  do i = ibeg, iend
   71.    
   72.                     ! Keep running total of moment over p_nek_loc and m:
   73.    
   74.                     ! Moment 1: density
   75.                     moment(i,is,ix,1,ck) = moment(i,is,ix,1,ck)+real(-ikrho(i)* &
   76.                          conjg(cap_h(i,is))*gyro_uv(m,i,p_nek_loc,is,ix)*w_p(ie,i,k))
   77.    
   78.                     ! Moment 2: energy
   79.                     moment(i,is,ix,2,ck) = moment(i,is,ix,2,ck)+real(-ikrho(i)* &
   80.                          conjg(cap_h(i,is))*gyro_uv(m,i,p_nek_loc,is,ix)*w_p(ie,i,k))* &
   81.                          energy(ie)*tem_s(is,i)
   82.    
   83.                     ! Moment 3: momentum
   84.    
   85.                     ! - 1. parallel part
   86.    
   87.                     momtemp(1) = real(-ikrho(i)* &
   88.                          conjg(cap_h(i,is))*gyro_uv(m,i,p_nek_loc,is,ix)*w_p(ie,i,k))* &
   89.                          v_para(m,i,p_nek_loc,is)/mu(is)**2*&
   90.                          bigr_t(i,k,m)*bt_t(i,k,m)/b0_t(i,k,m)
   91.    
   92.                     ! - 2. perpendicular part
   93.    
   94.                     momtemp(2) = -real(-ikrho(i)* &
   95.                          conjg(cap_h(i,is))*kyro_uv(m,i,p_nek_loc,is,ix)*w_p(ie,i,k))* &
   96.                          v_perp(m,i,p_nek_loc,is)/mu(is)**2*&
   97.                          bigr_t(i,k,m)*bp_t(i,k,m)/b0_t(i,k,m)
   98.    
   99.                     ! - 3. convective_part
  100.    
  101.                     momtemp(3) = real(-ikrho(i)* &
  102.                          conjg(cap_h(i,is))*gyro_uv(m,i,p_nek_loc,is,ix)*w_p(ie,i,k))* &
  103.                          mach_s(i)*bigr_t(i,k,m)/rmaj_s(i)/mu(is)**2*&
  104.                          sqrt(tem_s(indx_e,i))
  105.    
  106.                     moment(i,is,ix,3,ck) = moment(i,is,ix,3,ck)+sum(momtemp(:))
ftn-6297 ftn: VECTOR GYRO_NONLINEAR_FLUX, File = gyro_nonlinear_flux.f90, Line = 106 
  A loop starting at line 106 was not vectorized because a recurrence was found at line 106.

  107.    
  108.                     ! Momentum breakdown (sum over i, ix, ck)
  109.    
  110.                     momparts(is,:) = momparts(is,:)+momtemp(:)/n_x 
ftn-6263 ftn: VECTOR GYRO_NONLINEAR_FLUX, File = gyro_nonlinear_flux.f90, Line = 110 
  A loop starting at line 110 was not vectorized because it contains a reference to a non-vector intrinsic on line 110.

  111.     
  112.                     ! Moment 4: Exchange (time derivatives contain advective part)
  113.    
  114.                     ! 4a. H <phi_dot> [Sugama]
  115.                     exctemp(1) = z(is)*real( &
  116.                          conjg(cap_h(i,is))*gyro_uv_dot(m,i,p_nek_loc,is,ix)*w_p(ie,i,k))
  117.    
  118.                     ! 4b. -H_dot <phi>
  119.                     exctemp(2) = -z(is)*real( &
  120.                          conjg(h_cap_dot(m,i,p_nek_loc,is))*gyro_uv(m,i,p_nek_loc,is,ix)*w_p(ie,i,k))
  121.    
  122.                     moment(i,is,ix,4,ck) = moment(i,is,ix,4,ck)+0.5*sum(exctemp(:))
ftn-6297 ftn: VECTOR GYRO_NONLINEAR_FLUX, File = gyro_nonlinear_flux.f90, Line = 122 
  A loop starting at line 122 was not vectorized because a recurrence was found at line 122.

  123.    
  124.                     ! Exchange breakdown (sum over i, ix, ck):
  125.    
  126.                     excparts(is,:) = excparts(is,:)+exctemp(:)/n_x 
ftn-6263 ftn: VECTOR GYRO_NONLINEAR_FLUX, File = gyro_nonlinear_flux.f90, Line = 126 
  A loop starting at line 126 was not vectorized because it contains a reference to a non-vector intrinsic on line 126.

  127.    
  128.                  enddo ! i
  129.               enddo ! is
  130.            enddo ! ix
  131.            !-----------------------------------------------------
  132.    
  133.         enddo ! m
  134.    
  135.      enddo ! p_nek
  136.    !$omp end parallel
  137.    
  138.      !----------------------------------------------------------------------
  139.      ! ALLREDUCE to obtain full velocity-space sums.  The nonlinear
  140.      ! fluxes will be correct on all processors.
  141.      !
  142.      call MPI_ALLREDUCE(moment(:,:,:,:,1), &
  143.           nonlinear_flux_passing, &
  144.           size(nonlinear_flux_passing), &
  145.           MPI_DOUBLE_PRECISION, &
  146.           MPI_SUM, &
  147.           NEW_COMM_1, &
  148.           i_err)
  149.    
  150.      call MPI_ALLREDUCE(moment(:,:,:,:,2), &
  151.           nonlinear_flux_trapped, &
  152.           size(nonlinear_flux_trapped), &
  153.           MPI_DOUBLE_PRECISION, &
  154.           MPI_SUM, &
  155.           NEW_COMM_1, &
  156.           i_err)
  157.    
  158.      call MPI_ALLREDUCE(momparts(:,:), &
  159.           nonlinear_flux_momparts, &
  160.           size(nonlinear_flux_momparts), &
  161.           MPI_DOUBLE_PRECISION, &
  162.           MPI_SUM, &
  163.           NEW_COMM_1, &
  164.           i_err)
  165.    
  166.      call MPI_ALLREDUCE(excparts(:,:), &
  167.           nonlinear_flux_excparts, &
  168.           size(nonlinear_flux_excparts), &
  169.           MPI_DOUBLE_PRECISION, &
  170.           MPI_SUM, &
  171.           NEW_COMM_1, &
  172.           i_err)
  173.      !---------------------------------------------------------------------- 
  174.    
  175.      if (i_proc == 0 .and. debug_flag == 1) then
  176.         print *,'[gyro_nonlinear_flux called]'
  177.      endif
  178.    
  179.    end subroutine gyro_nonlinear_flux


%%%%%%%%%%%%%%%%%%%%%%%%%%%%%%%%%%%%%%%%%%%%%%%%%%%%%%%%%%%%%%%%%%%%%%%%%%%%%%%%
                     C o m m o n   B l o c k   R e p o r t
%%%%%%%%%%%%%%%%%%%%%%%%%%%%%%%%%%%%%%%%%%%%%%%%%%%%%%%%%%%%%%%%%%%%%%%%%%%%%%%%

Blk  Program Unit                     Messages
---  ------------                     --------
/MPIFCMB5/                            Length: 4 bytes

     GYRO_NONLINEAR_FLUX              Block is used from MPI_CONSTANTS

Blk  Program Unit                     Messages
---  ------------                     --------
/MPIFCMB9/                            Length: 4 bytes

     GYRO_NONLINEAR_FLUX              Block is used from MPI_CONSTANTS

Blk  Program Unit                     Messages
---  ------------                     --------
/MPIPRIV1/                            Length: 28 bytes

     GYRO_NONLINEAR_FLUX              Block is used from MPI_CONSTANTS

Blk  Program Unit                     Messages
---  ------------                     --------
/MPIPRIV2/                            Length: 24 bytes

     GYRO_NONLINEAR_FLUX              Block is used from MPI_CONSTANTS

Blk  Program Unit                     Messages
---  ------------                     --------
/MPIPRIVC/                            Length: 2 bytes

     GYRO_NONLINEAR_FLUX              Block is used from MPI_CONSTANTS


%%%%%%%%%%%%%%%%%%%%%%%%%%%%%%%%%%%%%%%%%%%%%%%%%%%%%%%%%%%%%%%%%%%%%%%%%%%%%%%%
                         E x t e r n a l   R e p o r t
%%%%%%%%%%%%%%%%%%%%%%%%%%%%%%%%%%%%%%%%%%%%%%%%%%%%%%%%%%%%%%%%%%%%%%%%%%%%%%%%

Name  Messages
----  --------
CHAR(Intrinsic)
      Defined as:  No definitions.

                   No calls.  It is not called and does not use any procedure.

      Interface:   None

Name  Messages
----  --------
COMMEQ in MPI_CONSTANTS
      Defined as:  No definitions.

                   No calls.  It is not called and does not use any procedure.

      Interface:   None

Name  Messages
----  --------
COMMNEQ in MPI_CONSTANTS
      Defined as:  No definitions.

                   No calls.  It is not called and does not use any procedure.

      Interface:   None

Name  Messages
----  --------
CONJG(Intrinsic)
      Defined as:  No definitions.

      Interface:   None

      Called By:   GYRO_NONLINEAR_FLUX (Line 76, file gyro_nonlinear_flux.f90)
                   GYRO_NONLINEAR_FLUX (Line 80, file gyro_nonlinear_flux.f90)
                   GYRO_NONLINEAR_FLUX (Line 88, file gyro_nonlinear_flux.f90)
                   GYRO_NONLINEAR_FLUX (Line 95, file gyro_nonlinear_flux.f90)
                   GYRO_NONLINEAR_FLUX (Line 102, file gyro_nonlinear_flux.f90)
                   GYRO_NONLINEAR_FLUX (Line 116, file gyro_nonlinear_flux.f90)
                   GYRO_NONLINEAR_FLUX (Line 120, file gyro_nonlinear_flux.f90)

Name  Messages
----  --------
DATATYPEEQ in MPI_CONSTANTS
      Defined as:  No definitions.

                   No calls.  It is not called and does not use any procedure.

      Interface:   None

Name  Messages
----  --------
DATATYPENEQ in MPI_CONSTANTS
      Defined as:  No definitions.

                   No calls.  It is not called and does not use any procedure.

      Interface:   None

Name  Messages
----  --------
ERRHANDLEREQ in MPI_CONSTANTS
      Defined as:  No definitions.

                   No calls.  It is not called and does not use any procedure.

      Interface:   None

Name  Messages
----  --------
ERRHANDLERNEQ in MPI_CONSTANTS
      Defined as:  No definitions.

                   No calls.  It is not called and does not use any procedure.

      Interface:   None

Name  Messages
----  --------
FILEEQ in MPI_CONSTANTS
      Defined as:  No definitions.

                   No calls.  It is not called and does not use any procedure.

      Interface:   None

Name  Messages
----  --------
FILENEQ in MPI_CONSTANTS
      Defined as:  No definitions.

                   No calls.  It is not called and does not use any procedure.

      Interface:   None

Name  Messages
----  --------
GROUPEQ in MPI_CONSTANTS
      Defined as:  No definitions.

                   No calls.  It is not called and does not use any procedure.

      Interface:   None

Name  Messages
----  --------
GROUPNEQ in MPI_CONSTANTS
      Defined as:  No definitions.

                   No calls.  It is not called and does not use any procedure.

      Interface:   None

Name  Messages
----  --------
GYRO_GLOBALS
      Defined as:  No definitions.

      Used By:     GYRO_NONLINEAR_FLUX

Name  Messages
----  --------
GYRO_NONLINEAR_FLUX
      Defined as:  Subroutine (line 17, file gyro_nonlinear_flux.f90)

      Interface:   None

      Calls:       CONJG(Intrinsic) (Line 76, file gyro_nonlinear_flux.f90)
                   CONJG(Intrinsic) (Line 80, file gyro_nonlinear_flux.f90)
                   CONJG(Intrinsic) (Line 88, file gyro_nonlinear_flux.f90)
                   CONJG(Intrinsic) (Line 95, file gyro_nonlinear_flux.f90)
                   CONJG(Intrinsic) (Line 102, file gyro_nonlinear_flux.f90)
                   CONJG(Intrinsic) (Line 116, file gyro_nonlinear_flux.f90)
                   CONJG(Intrinsic) (Line 120, file gyro_nonlinear_flux.f90)
                   REAL(Intrinsic) (Line 75, file gyro_nonlinear_flux.f90)
                   REAL(Intrinsic) (Line 79, file gyro_nonlinear_flux.f90)
                   REAL(Intrinsic) (Line 87, file gyro_nonlinear_flux.f90)
                   REAL(Intrinsic) (Line 94, file gyro_nonlinear_flux.f90)
                   REAL(Intrinsic) (Line 101, file gyro_nonlinear_flux.f90)
                   REAL(Intrinsic) (Line 115, file gyro_nonlinear_flux.f90)
                   REAL(Intrinsic) (Line 119, file gyro_nonlinear_flux.f90)
                   SQRT(Intrinsic) (Line 104, file gyro_nonlinear_flux.f90)
                   SUM(Intrinsic) (Line 106, file gyro_nonlinear_flux.f90)
                   SUM(Intrinsic) (Line 122, file gyro_nonlinear_flux.f90)

        Uses:      MPI
                   MPI_BASE  (indirectly)
                   MPI_SIZEOFS  (indirectly)
                   MPI_CONSTANTS  (indirectly)
                   GYRO_GLOBALS
                   GYRO_POINTERS
                   MATH_CONSTANTS
                   OMPDATA

Name  Messages
----  --------
GYRO_POINTERS
      Defined as:  No definitions.

      Used By:     GYRO_NONLINEAR_FLUX

Name  Messages
----  --------
INFOEQ in MPI_CONSTANTS
      Defined as:  No definitions.

                   No calls.  It is not called and does not use any procedure.

      Interface:   None

Name  Messages
----  --------
INFONEQ in MPI_CONSTANTS
      Defined as:  No definitions.

                   No calls.  It is not called and does not use any procedure.

      Interface:   None

Name  Messages
----  --------
MATH_CONSTANTS
      Defined as:  No definitions.

      Used By:     GYRO_NONLINEAR_FLUX

Name  Messages
----  --------
MESSAGEEQ in MPI_CONSTANTS
      Defined as:  No definitions.

                   No calls.  It is not called and does not use any procedure.

      Interface:   None

Name  Messages
----  --------
MESSAGENEQ in MPI_CONSTANTS
      Defined as:  No definitions.

                   No calls.  It is not called and does not use any procedure.

      Interface:   None

Name  Messages
----  --------
MPI
      Defined as:  No definitions.

      Used By:     GYRO_NONLINEAR_FLUX

Name  Messages
----  --------
MPI_ALLREDUCE
      Defined as:  No definitions.

                   No calls.  It is not called and does not use any procedure.

      Interface:   None

Name  Messages
----  --------
MPI_BASE
      Defined as:  No definitions.

      Used By:     GYRO_NONLINEAR_FLUX  (indirectly)

Name  Messages
----  --------
MPI_CONSTANTS
      Defined as:  No definitions.

      Used By:     GYRO_NONLINEAR_FLUX  (indirectly)

Name  Messages
----  --------
MPI_SIZEOFS
      Defined as:  No definitions.

      Used By:     GYRO_NONLINEAR_FLUX  (indirectly)

Name  Messages
----  --------
MPI_SIZEOF_CH in MPI_SIZEOFS
      Defined as:  No definitions.

                   No calls.  It is not called and does not use any procedure.

      Interface:   None

Name  Messages
----  --------
MPI_SIZEOF_CHV in MPI_SIZEOFS
      Defined as:  No definitions.

                   No calls.  It is not called and does not use any procedure.

      Interface:   None

Name  Messages
----  --------
MPI_SIZEOF_CX in MPI_SIZEOFS
      Defined as:  No definitions.

                   No calls.  It is not called and does not use any procedure.

      Interface:   None

Name  Messages
----  --------
MPI_SIZEOF_CXV in MPI_SIZEOFS
      Defined as:  No definitions.

                   No calls.  It is not called and does not use any procedure.

      Interface:   None

Name  Messages
----  --------
MPI_SIZEOF_D in MPI_SIZEOFS
      Defined as:  No definitions.

                   No calls.  It is not called and does not use any procedure.

      Interface:   None

Name  Messages
----  --------
MPI_SIZEOF_DV in MPI_SIZEOFS
      Defined as:  No definitions.

                   No calls.  It is not called and does not use any procedure.

      Interface:   None

Name  Messages
----  --------
MPI_SIZEOF_I in MPI_SIZEOFS
      Defined as:  No definitions.

                   No calls.  It is not called and does not use any procedure.

      Interface:   None

Name  Messages
----  --------
MPI_SIZEOF_I1 in MPI_SIZEOFS
      Defined as:  No definitions.

                   No calls.  It is not called and does not use any procedure.

      Interface:   None

Name  Messages
----  --------
MPI_SIZEOF_I1V in MPI_SIZEOFS
      Defined as:  No definitions.

                   No calls.  It is not called and does not use any procedure.

      Interface:   None

Name  Messages
----  --------
MPI_SIZEOF_I2 in MPI_SIZEOFS
      Defined as:  No definitions.

                   No calls.  It is not called and does not use any procedure.

      Interface:   None

Name  Messages
----  --------
MPI_SIZEOF_I2V in MPI_SIZEOFS
      Defined as:  No definitions.

                   No calls.  It is not called and does not use any procedure.

      Interface:   None

Name  Messages
----  --------
MPI_SIZEOF_I8 in MPI_SIZEOFS
      Defined as:  No definitions.

                   No calls.  It is not called and does not use any procedure.

      Interface:   None

Name  Messages
----  --------
MPI_SIZEOF_I8V in MPI_SIZEOFS
      Defined as:  No definitions.

                   No calls.  It is not called and does not use any procedure.

      Interface:   None

Name  Messages
----  --------
MPI_SIZEOF_IV in MPI_SIZEOFS
      Defined as:  No definitions.

                   No calls.  It is not called and does not use any procedure.

      Interface:   None

Name  Messages
----  --------
MPI_SIZEOF_L in MPI_SIZEOFS
      Defined as:  No definitions.

                   No calls.  It is not called and does not use any procedure.

      Interface:   None

Name  Messages
----  --------
MPI_SIZEOF_LV in MPI_SIZEOFS
      Defined as:  No definitions.

                   No calls.  It is not called and does not use any procedure.

      Interface:   None

Name  Messages
----  --------
MPI_SIZEOF_R in MPI_SIZEOFS
      Defined as:  No definitions.

                   No calls.  It is not called and does not use any procedure.

      Interface:   None

Name  Messages
----  --------
MPI_SIZEOF_RV in MPI_SIZEOFS
      Defined as:  No definitions.

                   No calls.  It is not called and does not use any procedure.

      Interface:   None

Name  Messages
----  --------
OMPDATA
      Defined as:  No definitions.

      Used By:     GYRO_NONLINEAR_FLUX

Name  Messages
----  --------
OPEQ in MPI_CONSTANTS
      Defined as:  No definitions.

                   No calls.  It is not called and does not use any procedure.

      Interface:   None

Name  Messages
----  --------
OPNEQ in MPI_CONSTANTS
      Defined as:  No definitions.

                   No calls.  It is not called and does not use any procedure.

      Interface:   None

Name  Messages
----  --------
REAL(Intrinsic)
      Defined as:  No definitions.

      Interface:   None

      Called By:   GYRO_NONLINEAR_FLUX (Line 75, file gyro_nonlinear_flux.f90)
                   GYRO_NONLINEAR_FLUX (Line 79, file gyro_nonlinear_flux.f90)
                   GYRO_NONLINEAR_FLUX (Line 87, file gyro_nonlinear_flux.f90)
                   GYRO_NONLINEAR_FLUX (Line 94, file gyro_nonlinear_flux.f90)
                   GYRO_NONLINEAR_FLUX (Line 101, file gyro_nonlinear_flux.f90)
                   GYRO_NONLINEAR_FLUX (Line 115, file gyro_nonlinear_flux.f90)
                   GYRO_NONLINEAR_FLUX (Line 119, file gyro_nonlinear_flux.f90)

Name  Messages
----  --------
REQUESTEQ in MPI_CONSTANTS
      Defined as:  No definitions.

                   No calls.  It is not called and does not use any procedure.

      Interface:   None

Name  Messages
----  --------
REQUESTNEQ in MPI_CONSTANTS
      Defined as:  No definitions.

                   No calls.  It is not called and does not use any procedure.

      Interface:   None

Name  Messages
----  --------
SIZE(Intrinsic)
      Defined as:  No definitions.

                   No calls.  It is not called and does not use any procedure.

      Interface:   None

Name  Messages
----  --------
SQRT(Intrinsic)
      Defined as:  No definitions.

      Interface:   None

      Called By:   GYRO_NONLINEAR_FLUX (Line 104, file gyro_nonlinear_flux.f90)

Name  Messages
----  --------
SUM(Intrinsic)
      Defined as:  No definitions.

      Interface:   None

      Called By:   GYRO_NONLINEAR_FLUX (Line 106, file gyro_nonlinear_flux.f90)
                   GYRO_NONLINEAR_FLUX (Line 122, file gyro_nonlinear_flux.f90)

Name  Messages
----  --------
WINEQ in MPI_CONSTANTS
      Defined as:  No definitions.

                   No calls.  It is not called and does not use any procedure.

      Interface:   None

Name  Messages
----  --------
WINNEQ in MPI_CONSTANTS
      Defined as:  No definitions.

                   No calls.  It is not called and does not use any procedure.

      Interface:   None

Name  Messages
----  --------
__SUM(Intrinsic)
      Defined as:  No definitions.

                   No calls.  It is not called and does not use any procedure.

      Interface:   None


%%%%%%%%%%%%%%%%%%%%%%%%%%%%%%%%%%%%%%%%%%%%%%%%%%%%%%%%%%%%%%%%%%%%%%%%%%%%%%%%
%%%%%%%%%%%%%%%%%%%%%%%%%%%%%%%%%%%%%%%%%%%%%%%%%%%%%%%%%%%%%%%%%%%%%%%%%%%%%%%%
