%%%%%%%%%%%%%%%%%%%%%%%%%%%%%%%%%%%%%%%%%%%%%%%%%%%%%%%%%%%%%%%%%%%%%%%%%%%%%%%%
                          S u m m a r y   R e p o r t
%%%%%%%%%%%%%%%%%%%%%%%%%%%%%%%%%%%%%%%%%%%%%%%%%%%%%%%%%%%%%%%%%%%%%%%%%%%%%%%%

Compilation
-----------
File     : /global/u2/b/bassem/gyro-EP/src/gyro_alloc_profile_exp.f90
Compiled : 01/19/21  15:35:27
Compiler : Version 9.1.0
Ftnlx    : Version 9.1.0 
Target   : x86-64
Command  : ftn_driver.exe -hcpu=haswell -hdynamic -D__CRAYXC -D__CRAY_HASWELL
           -D__CRAYXT_COMPUTE_LINUX_TARGET -hnetwork=aries -hnoomp -em
           -J/global/homes/b/bassem/gyro-EP/modules -sreal64 -eD -Ktrap=fp -m1
           -Rbcdps -G0 -I/opt/cray/pe/fftw/3.3.8.4/haswell/include
           -c gyro_alloc_profile_exp.f90
           -I/opt/cray/pe/cce/9.1.0/cce-clang/x86_64/lib/clang/9.0.0/include
           -I/opt/cray/pe/cce/9.1.0/cce/x86_64/include/craylibs -I/usr/include
           -I/usr/include -I/opt/cray/pe/fftw/3.3.8.4/haswell/include
           -I/opt/cray/pe/libsci/19.06.1/CRAY/9.0/x86_64/include
           -I/opt/cray/pe/mpt/7.7.10/gni/mpich-cray/9.0/include
           -I/opt/cray/pe/hdf5/1.10.5.2/cray/9.0/include
           -I/opt/cray/pe/netcdf/4.6.3.2/cray/9.0/include
           -I/opt/cray/rca/2.2.20-7.0.1.1_4.53__g8e3fb5b.ari/include
           -I/opt/cray/alps/6.6.58-7.0.1.1_6.10__g437d88db.ari/include
           -I/opt/cray/xpmem/2.2.20-7.0.1.1_4.14__g0475745.ari/include
           -I/opt/cray/gni-headers/5.0.12.0-7.0.1.1_6.32__g3b1768f.ari/include
           -I/opt/cray/dmapp/7.1.1-7.0.1.1_4.54__g38cf134.ari/include
           -I/opt/cray/pe/pmi/5.0.14/include
           -I/opt/cray/ugni/6.0.14.0-7.0.1.1_7.40__ge78e5b0.ari/include
           -I/opt/cray/udreg/2.3.2-7.0.1.1_3.38__g8175d3d.ari/include
           -I/opt/cray/wlm_detect/1.3.3-7.0.1.1_4.16__g7109084.ari/include
           -I/opt/cray/krca/2.2.6-7.0.1.1_5.39__gb641b12.ari/include
           -I/opt/cray-hss-devel/9.0.0/include
Program
  Units  : GYRO_ALLOC_PROFILE_EXP

ftnlx report
------------
Source   : /global/u2/b/bassem/gyro-EP/src/gyro_alloc_profile_exp.f90
Date     : 01/19/2021  15:35:27


%%%%%%%%%%%%%%%%%%%%%%%%%%%%%%%%%%%%%%%%%%%%%%%%%%%%%%%%%%%%%%%%%%%%%%%%%%%%%%%%
                          S o u r c e   L i s t i n g
%%%%%%%%%%%%%%%%%%%%%%%%%%%%%%%%%%%%%%%%%%%%%%%%%%%%%%%%%%%%%%%%%%%%%%%%%%%%%%%%

    1.    !-----------------------------------------------------
    2.    ! gyro_alloc_profile_exp.f90
    3.    !
    4.    ! PURPOSE:
    5.    !  Allocate experimental-grid profile functions 
    6.    !  (all _exp and _p) variables IF they are not 
    7.    !  already allocated.
    8.    !-----------------------------------------------------
    9.    
   10.    subroutine gyro_alloc_profile_exp
   11.    
   12.      use gyro_globals
   13.      use gyro_profile_exp
   14.    
   15.      implicit none
   16.    
   17.      if (.not.allocated(rhogrid_exp)) then
   18.    
   19.         allocate(rhogrid_exp(n_grid_exp))
   20.         allocate(rmin_exp(n_grid_exp))
   21.         allocate(rmaj_exp(n_grid_exp))
   22.         allocate(q_exp(n_grid_exp))
   23.         allocate(kappa_exp(n_grid_exp))
   24.         allocate(delta_exp(n_grid_exp))
   25.         allocate(zeta_exp(n_grid_exp))
   26.    
   27.         allocate(tem_exp(n_spec,n_grid_exp))
   28.         allocate(den_exp(n_spec,n_grid_exp))
   29.     
   30.         allocate(w0_exp(n_grid_exp))
   31.         allocate(w0p_exp(n_grid_exp))
   32.         allocate(gamma_e_exp(n_grid_exp))
   33.         allocate(gamma_p_exp(n_grid_exp))
   34.         allocate(mach_exp(n_grid_exp))
   35.         allocate(z_eff_exp(n_grid_exp))
   36.         allocate(zmag_exp(n_grid_exp))
   37.         allocate(ptot_exp(n_grid_exp))
   38.    
   39.         allocate(r_p(n_grid_exp))
   40.         allocate(b_unit_p(n_grid_exp))
   41.         allocate(rhosda_p(n_grid_exp))
   42.         allocate(csda_p(n_grid_exp))
   43.         allocate(drmaj_p(n_grid_exp))
   44.         allocate(dzmag_p(n_grid_exp))
   45.         allocate(s_delta_p(n_grid_exp))
   46.         allocate(s_zeta_p(n_grid_exp))
   47.         allocate(s_kappa_p(n_grid_exp))
   48.         allocate(q_p(n_grid_exp))
   49.         allocate(shat_p(n_grid_exp))
   50.    
   51.         allocate(dlnndr_p(n_spec,n_grid_exp))
   52.         allocate(dlntdr_p(n_spec,n_grid_exp))
   53.         allocate(dlnptotdr_p(n_grid_exp))
   54.    
   55.         allocate(beta_unit_p(n_grid_exp))
   56.         allocate(beta_unit_ptot_p(n_grid_exp))
   57.      
   58.         if (num_equil_flag == 1) allocate(geo_p(8,0:n_fourier_geo,n_grid_exp))
   59.    
   60.      endif
   61.    
   62.    end subroutine gyro_alloc_profile_exp


%%%%%%%%%%%%%%%%%%%%%%%%%%%%%%%%%%%%%%%%%%%%%%%%%%%%%%%%%%%%%%%%%%%%%%%%%%%%%%%%
                         E x t e r n a l   R e p o r t
%%%%%%%%%%%%%%%%%%%%%%%%%%%%%%%%%%%%%%%%%%%%%%%%%%%%%%%%%%%%%%%%%%%%%%%%%%%%%%%%

Name  Messages
----  --------
ALLOCATED(Intrinsic)
      Defined as:  No definitions.

      Interface:   None

      Called By:   GYRO_ALLOC_PROFILE_EXP (Line 17, file gyro_alloc_profile_exp.f90)

Name  Messages
----  --------
CHAR(Intrinsic)
      Defined as:  No definitions.

                   No calls.  It is not called and does not use any procedure.

      Interface:   None

Name  Messages
----  --------
GYRO_ALLOC_PROFILE_EXP
      Defined as:  Subroutine (line 10, file gyro_alloc_profile_exp.f90)

      Interface:   None

      Calls:       ALLOCATED(Intrinsic) (Line 17, file gyro_alloc_profile_exp.f90)

        Uses:      GYRO_GLOBALS
                   GYRO_PROFILE_EXP

Name  Messages
----  --------
GYRO_GLOBALS
      Defined as:  No definitions.

      Used By:     GYRO_ALLOC_PROFILE_EXP

Name  Messages
----  --------
GYRO_PROFILE_EXP
      Defined as:  No definitions.

      Used By:     GYRO_ALLOC_PROFILE_EXP

Name  Messages
----  --------
_ALLOCATED(Intrinsic)
      Defined as:  No definitions.

                   No calls.  It is not called and does not use any procedure.

      Interface:   None


%%%%%%%%%%%%%%%%%%%%%%%%%%%%%%%%%%%%%%%%%%%%%%%%%%%%%%%%%%%%%%%%%%%%%%%%%%%%%%%%
%%%%%%%%%%%%%%%%%%%%%%%%%%%%%%%%%%%%%%%%%%%%%%%%%%%%%%%%%%%%%%%%%%%%%%%%%%%%%%%%
