%%%%%%%%%%%%%%%%%%%%%%%%%%%%%%%%%%%%%%%%%%%%%%%%%%%%%%%%%%%%%%%%%%%%%%%%%%%%%%%%
                          S u m m a r y   R e p o r t
%%%%%%%%%%%%%%%%%%%%%%%%%%%%%%%%%%%%%%%%%%%%%%%%%%%%%%%%%%%%%%%%%%%%%%%%%%%%%%%%

Compilation
-----------
File     : /global/u2/b/bassem/gyro-EP/src/gyro_kinetic_advance.f90
Compiled : 01/19/21  15:35:41
Compiler : Version 9.1.0
Ftnlx    : Version 9.1.0 
Target   : x86-64
Command  : ftn_driver.exe -hcpu=haswell -hdynamic -D__CRAYXC -D__CRAY_HASWELL
           -D__CRAYXT_COMPUTE_LINUX_TARGET -hnetwork=aries -hnoomp -em
           -J/global/homes/b/bassem/gyro-EP/modules -sreal64 -eD -Ktrap=fp -m1
           -Rbcdps -G0 -I/opt/cray/pe/fftw/3.3.8.4/haswell/include
           -c gyro_kinetic_advance.f90
           -I/opt/cray/pe/cce/9.1.0/cce-clang/x86_64/lib/clang/9.0.0/include
           -I/opt/cray/pe/cce/9.1.0/cce/x86_64/include/craylibs -I/usr/include
           -I/usr/include -I/opt/cray/pe/fftw/3.3.8.4/haswell/include
           -I/opt/cray/pe/libsci/19.06.1/CRAY/9.0/x86_64/include
           -I/opt/cray/pe/mpt/7.7.10/gni/mpich-cray/9.0/include
           -I/opt/cray/pe/hdf5/1.10.5.2/cray/9.0/include
           -I/opt/cray/pe/netcdf/4.6.3.2/cray/9.0/include
           -I/opt/cray/rca/2.2.20-7.0.1.1_4.53__g8e3fb5b.ari/include
           -I/opt/cray/alps/6.6.58-7.0.1.1_6.10__g437d88db.ari/include
           -I/opt/cray/xpmem/2.2.20-7.0.1.1_4.14__g0475745.ari/include
           -I/opt/cray/gni-headers/5.0.12.0-7.0.1.1_6.32__g3b1768f.ari/include
           -I/opt/cray/dmapp/7.1.1-7.0.1.1_4.54__g38cf134.ari/include
           -I/opt/cray/pe/pmi/5.0.14/include
           -I/opt/cray/ugni/6.0.14.0-7.0.1.1_7.40__ge78e5b0.ari/include
           -I/opt/cray/udreg/2.3.2-7.0.1.1_3.38__g8175d3d.ari/include
           -I/opt/cray/wlm_detect/1.3.3-7.0.1.1_4.16__g7109084.ari/include
           -I/opt/cray/krca/2.2.6-7.0.1.1_5.39__gb641b12.ari/include
           -I/opt/cray-hss-devel/9.0.0/include
Program
  Units  : GYRO_KINETIC_ADVANCE

ftnlx report
------------
Source   : /global/u2/b/bassem/gyro-EP/src/gyro_kinetic_advance.f90
Date     : 01/19/2021  15:35:41


%%%%%%%%%%%%%%%%%%%%%%%%%%%%%%%%%%%%%%%%%%%%%%%%%%%%%%%%%%%%%%%%%%%%%%%%%%%%%%%%
                          S o u r c e   L i s t i n g
%%%%%%%%%%%%%%%%%%%%%%%%%%%%%%%%%%%%%%%%%%%%%%%%%%%%%%%%%%%%%%%%%%%%%%%%%%%%%%%%

    1.    !-----------------------------------------------------------
    2.    ! gyro_kinetic_advance.f90
    3.    !
    4.    ! PURPOSE:
    5.    !  Manage implicit advance of fields and electron
    6.    !  distribution.  Explicit ion RHS done with gyro_rhs_total.
    7.    !-----------------------------------------------------------
    8.    
    9.    subroutine gyro_kinetic_advance
   10.    
   11.      use gyro_globals
   12.    
   13.      !-------------------------
   14.      implicit none
   15.      !-------------------------
   16.    
   17.      call gyro_timer_in('Implicit-he')
   18.      call gyro_get_delta_he
   19.      call gyro_timer_out('Implicit-he')
   20.    
   21.      call gyro_field_solve_implicit
   22.      call gyro_field_interpolation
   23.    
   24.      call gyro_timer_in('Implicit-he')
   25.      call gyro_get_he_implicit
   26.      call gyro_timer_out('Implicit-he')
   27.    
   28.      if (debug_flag == 1 .and. i_proc == 0) then
   29.         print *,'*[gyro_kinetic_advance done]'
   30.      endif
   31.    
   32.    end subroutine gyro_kinetic_advance


%%%%%%%%%%%%%%%%%%%%%%%%%%%%%%%%%%%%%%%%%%%%%%%%%%%%%%%%%%%%%%%%%%%%%%%%%%%%%%%%
                         E x t e r n a l   R e p o r t
%%%%%%%%%%%%%%%%%%%%%%%%%%%%%%%%%%%%%%%%%%%%%%%%%%%%%%%%%%%%%%%%%%%%%%%%%%%%%%%%

Name  Messages
----  --------
CHAR(Intrinsic)
      Defined as:  No definitions.

                   No calls.  It is not called and does not use any procedure.

      Interface:   None

Name  Messages
----  --------
GYRO_FIELD_INTERPOLATION
      Defined as:  No definitions.

      Interface:   None

      Called By:   GYRO_KINETIC_ADVANCE (Line 22, file gyro_kinetic_advance.f90)

Name  Messages
----  --------
GYRO_FIELD_SOLVE_IMPLICIT
      Defined as:  No definitions.

      Interface:   None

      Called By:   GYRO_KINETIC_ADVANCE (Line 21, file gyro_kinetic_advance.f90)

Name  Messages
----  --------
GYRO_GET_DELTA_HE
      Defined as:  No definitions.

      Interface:   None

      Called By:   GYRO_KINETIC_ADVANCE (Line 18, file gyro_kinetic_advance.f90)

Name  Messages
----  --------
GYRO_GET_HE_IMPLICIT
      Defined as:  No definitions.

      Interface:   None

      Called By:   GYRO_KINETIC_ADVANCE (Line 25, file gyro_kinetic_advance.f90)

Name  Messages
----  --------
GYRO_GLOBALS
      Defined as:  No definitions.

      Used By:     GYRO_KINETIC_ADVANCE

Name  Messages
----  --------
GYRO_KINETIC_ADVANCE
      Defined as:  Subroutine (line 9, file gyro_kinetic_advance.f90)

      Interface:   None

      Calls:       GYRO_TIMER_IN (Line 17, file gyro_kinetic_advance.f90)
                   GYRO_TIMER_IN (Line 24, file gyro_kinetic_advance.f90)
                   GYRO_GET_DELTA_HE (Line 18, file gyro_kinetic_advance.f90)
                   GYRO_TIMER_OUT (Line 19, file gyro_kinetic_advance.f90)
                   GYRO_TIMER_OUT (Line 26, file gyro_kinetic_advance.f90)
                   GYRO_FIELD_SOLVE_IMPLICIT (Line 21, file gyro_kinetic_advance.f90)
                   GYRO_FIELD_INTERPOLATION (Line 22, file gyro_kinetic_advance.f90)
                   GYRO_GET_HE_IMPLICIT (Line 25, file gyro_kinetic_advance.f90)

        Uses:      GYRO_GLOBALS

Name  Messages
----  --------
GYRO_TIMER_IN
      Defined as:  No definitions.

      Interface:   None

      Called By:   GYRO_KINETIC_ADVANCE (Line 17, file gyro_kinetic_advance.f90)
                   GYRO_KINETIC_ADVANCE (Line 24, file gyro_kinetic_advance.f90)

Name  Messages
----  --------
GYRO_TIMER_OUT
      Defined as:  No definitions.

      Interface:   None

      Called By:   GYRO_KINETIC_ADVANCE (Line 19, file gyro_kinetic_advance.f90)
                   GYRO_KINETIC_ADVANCE (Line 26, file gyro_kinetic_advance.f90)


%%%%%%%%%%%%%%%%%%%%%%%%%%%%%%%%%%%%%%%%%%%%%%%%%%%%%%%%%%%%%%%%%%%%%%%%%%%%%%%%
%%%%%%%%%%%%%%%%%%%%%%%%%%%%%%%%%%%%%%%%%%%%%%%%%%%%%%%%%%%%%%%%%%%%%%%%%%%%%%%%
