%%%%%%%%%%%%%%%%%%%%%%%%%%%%%%%%%%%%%%%%%%%%%%%%%%%%%%%%%%%%%%%%%%%%%%%%%%%%%%%%
                          S u m m a r y   R e p o r t
%%%%%%%%%%%%%%%%%%%%%%%%%%%%%%%%%%%%%%%%%%%%%%%%%%%%%%%%%%%%%%%%%%%%%%%%%%%%%%%%

Compilation
-----------
File     : /global/u2/b/bassem/gyro-EP/src/gyro_lambda_grid.f90
Compiled : 01/19/21  15:35:41
Compiler : Version 9.1.0
Ftnlx    : Version 9.1.0 
Target   : x86-64
Command  : ftn_driver.exe -hcpu=haswell -hdynamic -D__CRAYXC -D__CRAY_HASWELL
           -D__CRAYXT_COMPUTE_LINUX_TARGET -hnetwork=aries -hnoomp -em
           -J/global/homes/b/bassem/gyro-EP/modules -sreal64 -eD -Ktrap=fp -m1
           -Rbcdps -G0 -I/opt/cray/pe/fftw/3.3.8.4/haswell/include
           -c gyro_lambda_grid.f90
           -I/opt/cray/pe/cce/9.1.0/cce-clang/x86_64/lib/clang/9.0.0/include
           -I/opt/cray/pe/cce/9.1.0/cce/x86_64/include/craylibs -I/usr/include
           -I/usr/include -I/opt/cray/pe/fftw/3.3.8.4/haswell/include
           -I/opt/cray/pe/libsci/19.06.1/CRAY/9.0/x86_64/include
           -I/opt/cray/pe/mpt/7.7.10/gni/mpich-cray/9.0/include
           -I/opt/cray/pe/hdf5/1.10.5.2/cray/9.0/include
           -I/opt/cray/pe/netcdf/4.6.3.2/cray/9.0/include
           -I/opt/cray/rca/2.2.20-7.0.1.1_4.53__g8e3fb5b.ari/include
           -I/opt/cray/alps/6.6.58-7.0.1.1_6.10__g437d88db.ari/include
           -I/opt/cray/xpmem/2.2.20-7.0.1.1_4.14__g0475745.ari/include
           -I/opt/cray/gni-headers/5.0.12.0-7.0.1.1_6.32__g3b1768f.ari/include
           -I/opt/cray/dmapp/7.1.1-7.0.1.1_4.54__g38cf134.ari/include
           -I/opt/cray/pe/pmi/5.0.14/include
           -I/opt/cray/ugni/6.0.14.0-7.0.1.1_7.40__ge78e5b0.ari/include
           -I/opt/cray/udreg/2.3.2-7.0.1.1_3.38__g8175d3d.ari/include
           -I/opt/cray/wlm_detect/1.3.3-7.0.1.1_4.16__g7109084.ari/include
           -I/opt/cray/krca/2.2.6-7.0.1.1_5.39__gb641b12.ari/include
           -I/opt/cray-hss-devel/9.0.0/include
Program
  Units  : GYRO_LAMBDA_GRID

ftnlx report
------------
Source   : /global/u2/b/bassem/gyro-EP/src/gyro_lambda_grid.f90
Date     : 01/19/2021  15:35:41


%%%%%%%%%%%%%%%%%%%%%%%%%%%%%%%%%%%%%%%%%%%%%%%%%%%%%%%%%%%%%%%%%%%%%%%%%%%%%%%%
                          S o u r c e   L i s t i n g
%%%%%%%%%%%%%%%%%%%%%%%%%%%%%%%%%%%%%%%%%%%%%%%%%%%%%%%%%%%%%%%%%%%%%%%%%%%%%%%%

    1.    !---------------------------------------------------------
    2.    ! mgyro_lambda_grid.f90
    3.    !
    4.    ! PURPOSE:
    5.    !  Lambda grid (and tau/theta spacing) setup.
    6.    !---------------------------------------------------------
    7.    
    8.    subroutine gyro_lambda_grid
    9.    
   10.      use gyro_globals
   11.      use math_constants
   12.    
   13.      !------------------------------------------
   14.      implicit none
   15.      !
   16.      real :: s_tp
   17.      !
   18.      real, dimension(:), allocatable :: s_temp
   19.      real, dimension(:), allocatable :: w_temp
   20.      !------------------------------------------
   21.    
   22.      if (n_lambda == 1) then
   23.         lambda(:,:) = 0.0
ftn-6263 ftn: VECTOR GYRO_LAMBDA_GRID, File = gyro_lambda_grid.f90, Line = 23 
  A loop starting at line 23 was not vectorized because it contains a reference to a non-vector intrinsic on line 23.

   24.         w_lambda(:,:) = 0.5
ftn-6263 ftn: VECTOR GYRO_LAMBDA_GRID, File = gyro_lambda_grid.f90, Line = 24 
  A loop starting at line 24 was not vectorized because it contains a reference to a non-vector intrinsic on line 24.

   25.         return
   26.      endif
   27.    
   28.      ! Fast startup option for flat profiles
   29.    
   30.      do i=1,n_x
   31.    
   32.         if (i == 1 .or. flat_profile_flag == 0) then
   33.    
   34.            call gyro_to_geo(i)
   35.    
   36.            call gyro_banana_init(nint_ORB_s)
   37.    
   38.            ! Passing
   39.    
   40.            call gyro_banana_getlambda(lambda_tp(i),lambda_max(i))
   41.    
   42.            ! two regions
   43.    
   44.            call gyro_banana_integrate_tau(lambda_tp(i),s_tp)
   45.    
   46.            ! s_tp => s at trapped-passing boundary
   47.    
   48.            allocate(s_temp(n_pass))
   49.            allocate(w_temp(n_pass))
   50.            call gauss_legendre(0.0,s_tp,s_temp,w_temp,n_pass)
   51.            s_lambda(1:n_pass) = s_temp
ftn-6262 ftn: VECTOR GYRO_LAMBDA_GRID, File = gyro_lambda_grid.f90, Line = 51 
  A loop starting at line 51 was not vectorized because it contains a call to a subroutine or function on line 51.

   52.            w_lambda(i,1:n_pass) = w_temp
ftn-6262 ftn: VECTOR GYRO_LAMBDA_GRID, File = gyro_lambda_grid.f90, Line = 52 
  A loop starting at line 52 was not vectorized because it contains a call to a subroutine or function on line 52.

   53.            deallocate(s_temp)
   54.            deallocate(w_temp)
   55.    
   56.            allocate(s_temp(n_trap))
   57.            allocate(w_temp(n_trap))
   58.            call gauss_legendre(s_tp,1.0,s_temp,w_temp,n_trap)
   59.            s_lambda(n_pass+1:n_lambda) = s_temp
ftn-6262 ftn: VECTOR GYRO_LAMBDA_GRID, File = gyro_lambda_grid.f90, Line = 59 
  A loop starting at line 59 was not vectorized because it contains a call to a subroutine or function on line 59.

   60.            w_lambda(i,n_pass+1:n_lambda) = w_temp
ftn-6262 ftn: VECTOR GYRO_LAMBDA_GRID, File = gyro_lambda_grid.f90, Line = 60 
  A loop starting at line 60 was not vectorized because it contains a call to a subroutine or function on line 60.

   61.            deallocate(s_temp)
   62.            deallocate(w_temp)
   63.    
   64.            do k=1,n_lambda
   65.               call gyro_banana_s2lambda(s_lambda(k),lambda(i,k))
   66.            enddo
   67.    
   68.            ! Two signs of velocity
   69.    
   70.            do k=1,n_lambda
   71.               w_lambda(i,k) = 0.5*w_lambda(i,k)
   72.            enddo
   73.    
   74.         else
   75.    
   76.            w_lambda(i,:) = w_lambda(1,:)
ftn-6263 ftn: VECTOR GYRO_LAMBDA_GRID, File = gyro_lambda_grid.f90, Line = 76 
  A loop starting at line 76 was not vectorized because it contains a reference to a non-vector intrinsic on line 76.

   77.            lambda(i,:)   = lambda(1,:)
ftn-6263 ftn: VECTOR GYRO_LAMBDA_GRID, File = gyro_lambda_grid.f90, Line = 77 
  A loop starting at line 77 was not vectorized because it contains a reference to a non-vector intrinsic on line 77.

   78.            lambda_max(i) = lambda_max(1)
   79.            lambda_tp(i)  = lambda_tp(1)
   80.    
   81.         endif
   82.    
   83.      enddo ! i
   84.    
   85.      if (debug_flag == 1 .and. i_proc == 0) then
   86.         print *,'[gyro_lambda_grid done]'
   87.      endif
   88.    
   89.    end subroutine gyro_lambda_grid


%%%%%%%%%%%%%%%%%%%%%%%%%%%%%%%%%%%%%%%%%%%%%%%%%%%%%%%%%%%%%%%%%%%%%%%%%%%%%%%%
                         E x t e r n a l   R e p o r t
%%%%%%%%%%%%%%%%%%%%%%%%%%%%%%%%%%%%%%%%%%%%%%%%%%%%%%%%%%%%%%%%%%%%%%%%%%%%%%%%

Name  Messages
----  --------
CHAR(Intrinsic)
      Defined as:  No definitions.

                   No calls.  It is not called and does not use any procedure.

      Interface:   None

Name  Messages
----  --------
GAUSS_LEGENDRE
      Defined as:  No definitions.

                   No calls.  It is not called and does not use any procedure.

      Interface:   None

Name  Messages
----  --------
GYRO_BANANA_GETLAMBDA
      Defined as:  No definitions.

      Interface:   None

      Called By:   GYRO_LAMBDA_GRID (Line 40, file gyro_lambda_grid.f90)

Name  Messages
----  --------
GYRO_BANANA_INIT
      Defined as:  No definitions.

      Interface:   None

      Called By:   GYRO_LAMBDA_GRID (Line 36, file gyro_lambda_grid.f90)

Name  Messages
----  --------
GYRO_BANANA_INTEGRATE_TAU
      Defined as:  No definitions.

      Interface:   None

      Called By:   GYRO_LAMBDA_GRID (Line 44, file gyro_lambda_grid.f90)

Name  Messages
----  --------
GYRO_BANANA_S2LAMBDA
      Defined as:  No definitions.

                   No calls.  It is not called and does not use any procedure.

      Interface:   None

Name  Messages
----  --------
GYRO_GLOBALS
      Defined as:  No definitions.

      Used By:     GYRO_LAMBDA_GRID

Name  Messages
----  --------
GYRO_LAMBDA_GRID
      Defined as:  Subroutine (line 8, file gyro_lambda_grid.f90)

      Interface:   None

      Calls:       GYRO_TO_GEO (Line 34, file gyro_lambda_grid.f90)
                   GYRO_BANANA_INIT (Line 36, file gyro_lambda_grid.f90)
                   GYRO_BANANA_GETLAMBDA (Line 40, file gyro_lambda_grid.f90)
                   GYRO_BANANA_INTEGRATE_TAU (Line 44, file gyro_lambda_grid.f90)

        Uses:      GYRO_GLOBALS
                   MATH_CONSTANTS

Name  Messages
----  --------
GYRO_TO_GEO
      Defined as:  No definitions.

      Interface:   None

      Called By:   GYRO_LAMBDA_GRID (Line 34, file gyro_lambda_grid.f90)

Name  Messages
----  --------
MATH_CONSTANTS
      Defined as:  No definitions.

      Used By:     GYRO_LAMBDA_GRID


%%%%%%%%%%%%%%%%%%%%%%%%%%%%%%%%%%%%%%%%%%%%%%%%%%%%%%%%%%%%%%%%%%%%%%%%%%%%%%%%
%%%%%%%%%%%%%%%%%%%%%%%%%%%%%%%%%%%%%%%%%%%%%%%%%%%%%%%%%%%%%%%%%%%%%%%%%%%%%%%%
