%%%%%%%%%%%%%%%%%%%%%%%%%%%%%%%%%%%%%%%%%%%%%%%%%%%%%%%%%%%%%%%%%%%%%%%%%%%%%%%%
                          S u m m a r y   R e p o r t
%%%%%%%%%%%%%%%%%%%%%%%%%%%%%%%%%%%%%%%%%%%%%%%%%%%%%%%%%%%%%%%%%%%%%%%%%%%%%%%%

Compilation
-----------
File     : /global/u2/b/bassem/gyro-EP/src/gyro_fieldeigen_private.f90
Compiled : 01/19/21  15:35:25
Compiler : Version 9.1.0
Ftnlx    : Version 9.1.0 
Target   : x86-64
Command  : ftn_driver.exe -hcpu=haswell -hdynamic -D__CRAYXC -D__CRAY_HASWELL
           -D__CRAYXT_COMPUTE_LINUX_TARGET -hnetwork=aries -hnoomp -em
           -J/global/homes/b/bassem/gyro-EP/modules -sreal64 -eD -Ktrap=fp -m1
           -Rbcdps -G0 -I/opt/cray/pe/fftw/3.3.8.4/haswell/include
           -c gyro_fieldeigen_private.f90
           -I/opt/cray/pe/cce/9.1.0/cce-clang/x86_64/lib/clang/9.0.0/include
           -I/opt/cray/pe/cce/9.1.0/cce/x86_64/include/craylibs -I/usr/include
           -I/usr/include -I/opt/cray/pe/fftw/3.3.8.4/haswell/include
           -I/opt/cray/pe/libsci/19.06.1/CRAY/9.0/x86_64/include
           -I/opt/cray/pe/mpt/7.7.10/gni/mpich-cray/9.0/include
           -I/opt/cray/pe/hdf5/1.10.5.2/cray/9.0/include
           -I/opt/cray/pe/netcdf/4.6.3.2/cray/9.0/include
           -I/opt/cray/rca/2.2.20-7.0.1.1_4.53__g8e3fb5b.ari/include
           -I/opt/cray/alps/6.6.58-7.0.1.1_6.10__g437d88db.ari/include
           -I/opt/cray/xpmem/2.2.20-7.0.1.1_4.14__g0475745.ari/include
           -I/opt/cray/gni-headers/5.0.12.0-7.0.1.1_6.32__g3b1768f.ari/include
           -I/opt/cray/dmapp/7.1.1-7.0.1.1_4.54__g38cf134.ari/include
           -I/opt/cray/pe/pmi/5.0.14/include
           -I/opt/cray/ugni/6.0.14.0-7.0.1.1_7.40__ge78e5b0.ari/include
           -I/opt/cray/udreg/2.3.2-7.0.1.1_3.38__g8175d3d.ari/include
           -I/opt/cray/wlm_detect/1.3.3-7.0.1.1_4.16__g7109084.ari/include
           -I/opt/cray/krca/2.2.6-7.0.1.1_5.39__gb641b12.ari/include
           -I/opt/cray-hss-devel/9.0.0/include
Program
  Units  : GYRO_FIELDEIGEN_PRIVATE

ftnlx report
------------
Source   : /global/u2/b/bassem/gyro-EP/src/gyro_fieldeigen_private.f90
Date     : 01/19/2021  15:35:25


%%%%%%%%%%%%%%%%%%%%%%%%%%%%%%%%%%%%%%%%%%%%%%%%%%%%%%%%%%%%%%%%%%%%%%%%%%%%%%%%
                          S o u r c e   L i s t i n g
%%%%%%%%%%%%%%%%%%%%%%%%%%%%%%%%%%%%%%%%%%%%%%%%%%%%%%%%%%%%%%%%%%%%%%%%%%%%%%%%

    1.    module gyro_fieldeigen_private
    2.    
    3.      integer, parameter :: iwmax=20
    4.      !
    5.      integer :: n_eigen
    6.      integer :: info_eigen
    7.      integer, dimension(:), allocatable :: i_piv_eigen
    8.      complex, dimension(:,:), allocatable :: a_eigen
    9.      complex, dimension(:,:), allocatable :: a_eigen_loc
   10.      complex, dimension(:), allocatable :: b_eigen
   11.      !
   12.      complex, dimension(:,:,:,:,:), allocatable :: vdotgrad
   13.      complex, dimension(:,:),   allocatable :: v_omegastar
   14.      complex, dimension(:,:,:,:,:), allocatable :: fg
   15.      !
   16.      integer :: n_im
   17.      integer :: info_im
   18.      integer, dimension(:), allocatable :: i_piv_im
   19.      complex, dimension(:,:), allocatable :: propinv
   20.      complex, dimension(:,:), allocatable :: prod
   21.      complex, dimension(:), allocatable :: work_im
   22.      complex, dimension(:,:), allocatable :: gk_left
   23.      complex, dimension(:,:), allocatable :: gk_right
   24.      !
   25.      integer :: n_imk
   26.      integer :: info_imk
   27.      integer, dimension(:), allocatable :: i_piv_imk
   28.      complex, dimension(:,:), allocatable :: propinvk
   29.      complex, dimension(:,:), allocatable :: prodk
   30.      complex, dimension(:), allocatable :: work_imk
   31.      complex, dimension(:,:), allocatable :: gk_leftk
   32.      complex, dimension(:,:), allocatable :: gk_rightk
   33.      !
   34.      real :: sgn
   35.      real, dimension(:), allocatable :: diag_scale
   36.      complex :: det
   37.      complex, dimension(:,:), allocatable :: cmk
   38.      !
   39.      real :: error_eigen
   40.      complex :: omega_eigen
   41.      !
   42.      ! Stacked indices
   43.      integer :: im, impr
   44.      integer :: mp, mk, mkp
   45.      integer :: ie2
   46.      integer :: ipp, ippp, ij, ijp
   47.      integer :: imk, imkp, kp
   48.      integer :: idiff_ipp,idiff_ippp,ixp
   49.      !
   50.      ! Constants for BLAS
   51.      !
   52.      complex :: cmplx_0=(0.0,0.0)
   53.      complex :: cmplx_1=(1.0,0.0)
   54.      !---------------------------------------------------
   55.    
   56.    end module gyro_fieldeigen_private


%%%%%%%%%%%%%%%%%%%%%%%%%%%%%%%%%%%%%%%%%%%%%%%%%%%%%%%%%%%%%%%%%%%%%%%%%%%%%%%%
                         E x t e r n a l   R e p o r t
%%%%%%%%%%%%%%%%%%%%%%%%%%%%%%%%%%%%%%%%%%%%%%%%%%%%%%%%%%%%%%%%%%%%%%%%%%%%%%%%

Name  Messages
----  --------
GYRO_FIELDEIGEN_PRIVATE
      Defined as:  Module (line 1, file gyro_fieldeigen_private.f90)

                   Does not use any module and is not used by any procedure.


%%%%%%%%%%%%%%%%%%%%%%%%%%%%%%%%%%%%%%%%%%%%%%%%%%%%%%%%%%%%%%%%%%%%%%%%%%%%%%%%
%%%%%%%%%%%%%%%%%%%%%%%%%%%%%%%%%%%%%%%%%%%%%%%%%%%%%%%%%%%%%%%%%%%%%%%%%%%%%%%%
