%%%%%%%%%%%%%%%%%%%%%%%%%%%%%%%%%%%%%%%%%%%%%%%%%%%%%%%%%%%%%%%%%%%%%%%%%%%%%%%%
                          S u m m a r y   R e p o r t
%%%%%%%%%%%%%%%%%%%%%%%%%%%%%%%%%%%%%%%%%%%%%%%%%%%%%%%%%%%%%%%%%%%%%%%%%%%%%%%%

Compilation
-----------
File     : /global/u2/b/bassem/gyro-EP/src/gyro_message_routines.f90
Compiled : 01/19/21  15:35:43
Compiler : Version 9.1.0
Ftnlx    : Version 9.1.0 
Target   : x86-64
Command  : ftn_driver.exe -hcpu=haswell -hdynamic -D__CRAYXC -D__CRAY_HASWELL
           -D__CRAYXT_COMPUTE_LINUX_TARGET -hnetwork=aries -hnoomp -em
           -J/global/homes/b/bassem/gyro-EP/modules -sreal64 -eD -Ktrap=fp -m1
           -Rbcdps -G0 -I/opt/cray/pe/fftw/3.3.8.4/haswell/include
           -c gyro_message_routines.f90
           -I/opt/cray/pe/cce/9.1.0/cce-clang/x86_64/lib/clang/9.0.0/include
           -I/opt/cray/pe/cce/9.1.0/cce/x86_64/include/craylibs -I/usr/include
           -I/usr/include -I/opt/cray/pe/fftw/3.3.8.4/haswell/include
           -I/opt/cray/pe/libsci/19.06.1/CRAY/9.0/x86_64/include
           -I/opt/cray/pe/mpt/7.7.10/gni/mpich-cray/9.0/include
           -I/opt/cray/pe/hdf5/1.10.5.2/cray/9.0/include
           -I/opt/cray/pe/netcdf/4.6.3.2/cray/9.0/include
           -I/opt/cray/rca/2.2.20-7.0.1.1_4.53__g8e3fb5b.ari/include
           -I/opt/cray/alps/6.6.58-7.0.1.1_6.10__g437d88db.ari/include
           -I/opt/cray/xpmem/2.2.20-7.0.1.1_4.14__g0475745.ari/include
           -I/opt/cray/gni-headers/5.0.12.0-7.0.1.1_6.32__g3b1768f.ari/include
           -I/opt/cray/dmapp/7.1.1-7.0.1.1_4.54__g38cf134.ari/include
           -I/opt/cray/pe/pmi/5.0.14/include
           -I/opt/cray/ugni/6.0.14.0-7.0.1.1_7.40__ge78e5b0.ari/include
           -I/opt/cray/udreg/2.3.2-7.0.1.1_3.38__g8175d3d.ari/include
           -I/opt/cray/wlm_detect/1.3.3-7.0.1.1_4.16__g7109084.ari/include
           -I/opt/cray/krca/2.2.6-7.0.1.1_5.39__gb641b12.ari/include
           -I/opt/cray-hss-devel/9.0.0/include
Program
  Units  : SEND_LINE
          SEND_MESSAGE
          SEND_MESSAGE_REAL

ftnlx report
------------
Source   : /global/u2/b/bassem/gyro-EP/src/gyro_message_routines.f90
Date     : 01/19/2021  15:35:44


%%%%%%%%%%%%%%%%%%%%%%%%%%%%%%%%%%%%%%%%%%%%%%%%%%%%%%%%%%%%%%%%%%%%%%%%%%%%%%%%
                          S o u r c e   L i s t i n g
%%%%%%%%%%%%%%%%%%%%%%%%%%%%%%%%%%%%%%%%%%%%%%%%%%%%%%%%%%%%%%%%%%%%%%%%%%%%%%%%

    1.    !-----------------------------------------------------------
    2.    ! send_line.f90
    3.    !
    4.    ! PURPOSE:
    5.    !  Routine to write line to runfile.
    6.    !-----------------------------------------------------------
    7.    
    8.    subroutine send_line(message)
    9.    
   10.      use gyro_globals
   11.    
   12.      implicit none
   13.    
   14.      character (len=*), intent(in) :: message
   15.    
   16.      select case (output_flag)
   17.    
   18.      case (1)
   19.    
   20.         if (i_proc == 0 .and. gkeigen_j_set==0) then 
   21.            open(unit=1,file=trim(runfile),status='old',position='append')
   22.            write(1,*) message
   23.            close(1)
   24.         endif
   25.    
   26.      end select
   27.    
   28.    end subroutine send_line


%%%%%%%%%%%%%%%%%%%%%%%%%%%%%%%%%%%%%%%%%%%%%%%%%%%%%%%%%%%%%%%%%%%%%%%%%%%%%%%%
                          S o u r c e   L i s t i n g
%%%%%%%%%%%%%%%%%%%%%%%%%%%%%%%%%%%%%%%%%%%%%%%%%%%%%%%%%%%%%%%%%%%%%%%%%%%%%%%%

   29.    
   30.    !-----------------------------------------------------------
   31.    ! send_message.f90
   32.    !
   33.    ! PURPOSE:
   34.    !  Routine to write message to runfile.
   35.    !-----------------------------------------------------------
   36.    
   37.    subroutine send_message(message)
   38.    
   39.      use gyro_globals
   40.    
   41.      implicit none
   42.    
   43.      character (len=*), intent(in) :: message
   44.    
   45.      select case (output_flag)
   46.    
   47.      case (1)
   48.    
   49.        if (i_proc == 0 .and. gkeigen_j_set == 0) then 
   50.            open(unit=1,file=trim(runfile),status='old',position='append')
   51.            write(1,10) '----------------------------------------------------------'
   52.            write(1,10) message
   53.            write(1,10) '----------------------------------------------------------'
   54.            close(1)
   55.         endif
   56.    
   57.      end select
   58.    
   59.    10 format(a)
   60.    
   61.    end subroutine send_message


%%%%%%%%%%%%%%%%%%%%%%%%%%%%%%%%%%%%%%%%%%%%%%%%%%%%%%%%%%%%%%%%%%%%%%%%%%%%%%%%
                          S o u r c e   L i s t i n g
%%%%%%%%%%%%%%%%%%%%%%%%%%%%%%%%%%%%%%%%%%%%%%%%%%%%%%%%%%%%%%%%%%%%%%%%%%%%%%%%

   62.    
   63.    !-----------------------------------------------------------
   64.    ! send_message_real.f90
   65.    !
   66.    ! PURPOSE:
   67.    !  Routine to write formatted message to runfile.
   68.    !-----------------------------------------------------------
   69.    
   70.    subroutine send_message_real(message,x)
   71.    
   72.      use gyro_globals
   73.    
   74.      implicit none
   75.    
   76.      character (len=*), intent(in) :: message
   77.      real, intent(in) :: x
   78.    
   79.      select case (output_flag)
   80.    
   81.      case (1)
   82.    
   83.         if (i_proc == 0 .and. gkeigen_j_set == 0) then 
   84.            open(unit=1,file=trim(runfile),status='old',position='append')
   85.            write(1,10) '----------------------------------------------------------'
   86.            write(1,'(a,f5.3)') message,x
   87.            write(1,10) '----------------------------------------------------------'   
   88.            close(1)
   89.         endif
   90.    
   91.      end select
   92.    
   93.    10 format(a)
   94.    
   95.    end subroutine send_message_real


%%%%%%%%%%%%%%%%%%%%%%%%%%%%%%%%%%%%%%%%%%%%%%%%%%%%%%%%%%%%%%%%%%%%%%%%%%%%%%%%
                         E x t e r n a l   R e p o r t
%%%%%%%%%%%%%%%%%%%%%%%%%%%%%%%%%%%%%%%%%%%%%%%%%%%%%%%%%%%%%%%%%%%%%%%%%%%%%%%%

Name  Messages
----  --------
CHAR(Intrinsic)
      Defined as:  No definitions.

                   No calls.  It is not called and does not use any procedure.

      Interface:   None

Name  Messages
----  --------
GYRO_GLOBALS
      Defined as:  No definitions.

      Used By:     SEND_LINE
                   SEND_MESSAGE
                   SEND_MESSAGE_REAL

Name  Messages
----  --------
SEND_LINE
      Defined as:  Subroutine (line 8, file gyro_message_routines.f90)

      Interface:   None

      Calls:       TRIM(Intrinsic) (Line 21, file gyro_message_routines.f90)

        Uses:      GYRO_GLOBALS

Name  Messages
----  --------
SEND_MESSAGE
      Defined as:  Subroutine (line 37, file gyro_message_routines.f90)

      Interface:   None

      Calls:       TRIM(Intrinsic) (Line 50, file gyro_message_routines.f90)

        Uses:      GYRO_GLOBALS

Name  Messages
----  --------
SEND_MESSAGE_REAL
      Defined as:  Subroutine (line 70, file gyro_message_routines.f90)

      Interface:   None

      Calls:       TRIM(Intrinsic) (Line 84, file gyro_message_routines.f90)

        Uses:      GYRO_GLOBALS

Name  Messages
----  --------
TRIM(Intrinsic)
      Defined as:  No definitions.

      Interface:   None

      Called By:   SEND_LINE (Line 21, file gyro_message_routines.f90)
                   TRIM(Intrinsic) (Line 50, file gyro_message_routines.f90)
                   _F90_TRIM(Intrinsic) (Line 84, file gyro_message_routines.f90)

Name  Messages
----  --------
_F90_TRIM(Intrinsic)
      Defined as:  No definitions.

                   No calls.  It is not called and does not use any procedure.

      Interface:   None


%%%%%%%%%%%%%%%%%%%%%%%%%%%%%%%%%%%%%%%%%%%%%%%%%%%%%%%%%%%%%%%%%%%%%%%%%%%%%%%%
%%%%%%%%%%%%%%%%%%%%%%%%%%%%%%%%%%%%%%%%%%%%%%%%%%%%%%%%%%%%%%%%%%%%%%%%%%%%%%%%
