%%%%%%%%%%%%%%%%%%%%%%%%%%%%%%%%%%%%%%%%%%%%%%%%%%%%%%%%%%%%%%%%%%%%%%%%%%%%%%%%
                          S u m m a r y   R e p o r t
%%%%%%%%%%%%%%%%%%%%%%%%%%%%%%%%%%%%%%%%%%%%%%%%%%%%%%%%%%%%%%%%%%%%%%%%%%%%%%%%

Compilation
-----------
File     : /global/u2/b/bassem/gyro-EP/src/gyro_rhs_nonlinear.f90
Compiled : 01/19/21  15:35:51
Compiler : Version 9.1.0
Ftnlx    : Version 9.1.0 
Target   : x86-64
Command  : ftn_driver.exe -hcpu=haswell -hdynamic -D__CRAYXC -D__CRAY_HASWELL
           -D__CRAYXT_COMPUTE_LINUX_TARGET -hnetwork=aries -hnoomp -em
           -J/global/homes/b/bassem/gyro-EP/modules -sreal64 -eD -Ktrap=fp -m1
           -Rbcdps -G0 -I/opt/cray/pe/fftw/3.3.8.4/haswell/include
           -c gyro_rhs_nonlinear.f90
           -I/opt/cray/pe/cce/9.1.0/cce-clang/x86_64/lib/clang/9.0.0/include
           -I/opt/cray/pe/cce/9.1.0/cce/x86_64/include/craylibs -I/usr/include
           -I/usr/include -I/opt/cray/pe/fftw/3.3.8.4/haswell/include
           -I/opt/cray/pe/libsci/19.06.1/CRAY/9.0/x86_64/include
           -I/opt/cray/pe/mpt/7.7.10/gni/mpich-cray/9.0/include
           -I/opt/cray/pe/hdf5/1.10.5.2/cray/9.0/include
           -I/opt/cray/pe/netcdf/4.6.3.2/cray/9.0/include
           -I/opt/cray/rca/2.2.20-7.0.1.1_4.53__g8e3fb5b.ari/include
           -I/opt/cray/alps/6.6.58-7.0.1.1_6.10__g437d88db.ari/include
           -I/opt/cray/xpmem/2.2.20-7.0.1.1_4.14__g0475745.ari/include
           -I/opt/cray/gni-headers/5.0.12.0-7.0.1.1_6.32__g3b1768f.ari/include
           -I/opt/cray/dmapp/7.1.1-7.0.1.1_4.54__g38cf134.ari/include
           -I/opt/cray/pe/pmi/5.0.14/include
           -I/opt/cray/ugni/6.0.14.0-7.0.1.1_7.40__ge78e5b0.ari/include
           -I/opt/cray/udreg/2.3.2-7.0.1.1_3.38__g8175d3d.ari/include
           -I/opt/cray/wlm_detect/1.3.3-7.0.1.1_4.16__g7109084.ari/include
           -I/opt/cray/krca/2.2.6-7.0.1.1_5.39__gb641b12.ari/include
           -I/opt/cray-hss-devel/9.0.0/include
Program
  Units  : GYRO_RHS_NONLINEAR

ftnlx report
------------
Source   : /global/u2/b/bassem/gyro-EP/src/gyro_rhs_nonlinear.f90
Date     : 01/19/2021  15:35:51


%%%%%%%%%%%%%%%%%%%%%%%%%%%%%%%%%%%%%%%%%%%%%%%%%%%%%%%%%%%%%%%%%%%%%%%%%%%%%%%%
                          S o u r c e   L i s t i n g
%%%%%%%%%%%%%%%%%%%%%%%%%%%%%%%%%%%%%%%%%%%%%%%%%%%%%%%%%%%%%%%%%%%%%%%%%%%%%%%%

    1.    subroutine gyro_rhs_nonlinear
    2.    
    3.      use gyro_globals
    4.      use gyro_pointers
    5.      use math_constants
    6.    
    7.      !---------------------------------------------------------------
    8.      implicit none
    9.      !-----------------------------------------------------------------
   10.    
   11.    
   12.      if (nonlinear_flag == 0) then
   13.         return
   14.      endif
   15.    
   16.      ! Is zeroing necessary when transpose has "unused" elements?
   17.      h_tran = 0.0
ftn-6332 ftn: VECTOR GYRO_RHS_NONLINEAR, File = gyro_rhs_nonlinear.f90, Line = 17 
  A loop starting at line 17 was not vectorized because it does not map well onto the target architecture.

   18.      gyro_u_tran = 0.0
ftn-6332 ftn: VECTOR GYRO_RHS_NONLINEAR, File = gyro_rhs_nonlinear.f90, Line = 18 
  A loop starting at line 18 was not vectorized because it does not map well onto the target architecture.

   19.    
   20.      call gyro_timer_in('Nonlinear-comm')
   21.      do is=1,n_kinetic
   22.         call fSSUB(h(:,:,:,is),h_tran(:,:,:,is))
   23.         call fSSUB(gyro_u(:,:,:,is),gyro_u_tran(:,:,:,is))
   24.      enddo
   25.      call gyro_timer_out('Nonlinear-comm')
   26.    
   27.      !------------------
   28.      ! state:  p_ekj,n
   29.      !------------------
   30.    
   31.      !--------------------------
   32.      ! Stage 2: nonlinear step
   33.      ! 
   34.      call gyro_timer_in('Nonlinear-step')
   35.      if (nl_method == 1) then
   36.         call gyro_nl_direct
   37.      else 
   38.         call gyro_nl_fft
   39.      endif
   40.      call gyro_timer_out('Nonlinear-step')
   41.      !--------------------------
   42.    
   43.      call gyro_timer_in('Nonlinear-comm')
   44.      do is=1,n_kinetic
   45.         call rSSUB(h_tran(:,:,:,is),rhs(:,:,:,is))
   46.      enddo
   47.      call gyro_timer_out('Nonlinear-comm')
   48.    
   49.      !-----------------
   50.      ! state: p_nek,j
   51.      !-----------------
   52.    
   53.      if (debug_flag == 1 .and. i_proc == 0) then
   54.         print *,'*[gyro_rhs_nonlinear done]'
   55.      endif
   56.    
   57.    end subroutine gyro_rhs_nonlinear


%%%%%%%%%%%%%%%%%%%%%%%%%%%%%%%%%%%%%%%%%%%%%%%%%%%%%%%%%%%%%%%%%%%%%%%%%%%%%%%%
                         E x t e r n a l   R e p o r t
%%%%%%%%%%%%%%%%%%%%%%%%%%%%%%%%%%%%%%%%%%%%%%%%%%%%%%%%%%%%%%%%%%%%%%%%%%%%%%%%

Name  Messages
----  --------
CHAR(Intrinsic)
      Defined as:  No definitions.

                   No calls.  It is not called and does not use any procedure.

      Interface:   None

Name  Messages
----  --------
FSSUB
      Defined as:  No definitions.

                   No calls.  It is not called and does not use any procedure.

      Interface:   None

Name  Messages
----  --------
GYRO_GLOBALS
      Defined as:  No definitions.

      Used By:     GYRO_RHS_NONLINEAR

Name  Messages
----  --------
GYRO_NL_DIRECT
      Defined as:  No definitions.

      Interface:   None

      Called By:   GYRO_RHS_NONLINEAR (Line 36, file gyro_rhs_nonlinear.f90)

Name  Messages
----  --------
GYRO_NL_FFT
      Defined as:  No definitions.

      Interface:   None

      Called By:   GYRO_RHS_NONLINEAR (Line 38, file gyro_rhs_nonlinear.f90)

Name  Messages
----  --------
GYRO_POINTERS
      Defined as:  No definitions.

      Used By:     GYRO_RHS_NONLINEAR

Name  Messages
----  --------
GYRO_RHS_NONLINEAR
      Defined as:  Subroutine (line 1, file gyro_rhs_nonlinear.f90)

      Interface:   None

      Calls:       GYRO_TIMER_IN (Line 20, file gyro_rhs_nonlinear.f90)
                   GYRO_TIMER_IN (Line 43, file gyro_rhs_nonlinear.f90)
                   GYRO_NL_DIRECT (Line 36, file gyro_rhs_nonlinear.f90)
                   GYRO_NL_FFT (Line 38, file gyro_rhs_nonlinear.f90)
                   GYRO_TIMER_OUT (Line 40, file gyro_rhs_nonlinear.f90)

        Uses:      GYRO_GLOBALS
                   GYRO_POINTERS
                   MATH_CONSTANTS

Name  Messages
----  --------
GYRO_TIMER_IN
      Defined as:  No definitions.

      Interface:   None

      Called By:   GYRO_RHS_NONLINEAR (Line 20, file gyro_rhs_nonlinear.f90)
                   GYRO_RHS_NONLINEAR (Line 43, file gyro_rhs_nonlinear.f90)

Name  Messages
----  --------
GYRO_TIMER_OUT
      Defined as:  No definitions.

      Interface:   None

      Called By:   GYRO_RHS_NONLINEAR (Line 40, file gyro_rhs_nonlinear.f90)

Name  Messages
----  --------
MATH_CONSTANTS
      Defined as:  No definitions.

      Used By:     GYRO_RHS_NONLINEAR

Name  Messages
----  --------
RSSUB
      Defined as:  No definitions.

                   No calls.  It is not called and does not use any procedure.

      Interface:   None


%%%%%%%%%%%%%%%%%%%%%%%%%%%%%%%%%%%%%%%%%%%%%%%%%%%%%%%%%%%%%%%%%%%%%%%%%%%%%%%%
%%%%%%%%%%%%%%%%%%%%%%%%%%%%%%%%%%%%%%%%%%%%%%%%%%%%%%%%%%%%%%%%%%%%%%%%%%%%%%%%
