%%%%%%%%%%%%%%%%%%%%%%%%%%%%%%%%%%%%%%%%%%%%%%%%%%%%%%%%%%%%%%%%%%%%%%%%%%%%%%%%
                          S u m m a r y   R e p o r t
%%%%%%%%%%%%%%%%%%%%%%%%%%%%%%%%%%%%%%%%%%%%%%%%%%%%%%%%%%%%%%%%%%%%%%%%%%%%%%%%

Compilation
-----------
File     : /global/u2/b/bassem/gyro-EP/src/gyro_set_pointer_dim.f90
Compiled : 01/19/21  15:35:52
Compiler : Version 9.1.0
Ftnlx    : Version 9.1.0 
Target   : x86-64
Command  : ftn_driver.exe -hcpu=haswell -hdynamic -D__CRAYXC -D__CRAY_HASWELL
           -D__CRAYXT_COMPUTE_LINUX_TARGET -hnetwork=aries -hnoomp -em
           -J/global/homes/b/bassem/gyro-EP/modules -sreal64 -eD -Ktrap=fp -m1
           -Rbcdps -G0 -I/opt/cray/pe/fftw/3.3.8.4/haswell/include
           -c gyro_set_pointer_dim.f90
           -I/opt/cray/pe/cce/9.1.0/cce-clang/x86_64/lib/clang/9.0.0/include
           -I/opt/cray/pe/cce/9.1.0/cce/x86_64/include/craylibs -I/usr/include
           -I/usr/include -I/opt/cray/pe/fftw/3.3.8.4/haswell/include
           -I/opt/cray/pe/libsci/19.06.1/CRAY/9.0/x86_64/include
           -I/opt/cray/pe/mpt/7.7.10/gni/mpich-cray/9.0/include
           -I/opt/cray/pe/hdf5/1.10.5.2/cray/9.0/include
           -I/opt/cray/pe/netcdf/4.6.3.2/cray/9.0/include
           -I/opt/cray/rca/2.2.20-7.0.1.1_4.53__g8e3fb5b.ari/include
           -I/opt/cray/alps/6.6.58-7.0.1.1_6.10__g437d88db.ari/include
           -I/opt/cray/xpmem/2.2.20-7.0.1.1_4.14__g0475745.ari/include
           -I/opt/cray/gni-headers/5.0.12.0-7.0.1.1_6.32__g3b1768f.ari/include
           -I/opt/cray/dmapp/7.1.1-7.0.1.1_4.54__g38cf134.ari/include
           -I/opt/cray/pe/pmi/5.0.14/include
           -I/opt/cray/ugni/6.0.14.0-7.0.1.1_7.40__ge78e5b0.ari/include
           -I/opt/cray/udreg/2.3.2-7.0.1.1_3.38__g8175d3d.ari/include
           -I/opt/cray/wlm_detect/1.3.3-7.0.1.1_4.16__g7109084.ari/include
           -I/opt/cray/krca/2.2.6-7.0.1.1_5.39__gb641b12.ari/include
           -I/opt/cray-hss-devel/9.0.0/include
Program
  Units  : GYRO_SET_POINTER_DIM

ftnlx report
------------
Source   : /global/u2/b/bassem/gyro-EP/src/gyro_set_pointer_dim.f90
Date     : 01/19/2021  15:35:52


%%%%%%%%%%%%%%%%%%%%%%%%%%%%%%%%%%%%%%%%%%%%%%%%%%%%%%%%%%%%%%%%%%%%%%%%%%%%%%%%
                          S o u r c e   L i s t i n g
%%%%%%%%%%%%%%%%%%%%%%%%%%%%%%%%%%%%%%%%%%%%%%%%%%%%%%%%%%%%%%%%%%%%%%%%%%%%%%%%

    1.    !-------------------------------------------------------------
    2.    ! gyro_set_pointer_dim.f90
    3.    !
    4.    ! PURPOSE:
    5.    !  Compute dimenions and pointers used for array distribution.
    6.    !-------------------------------------------------------------
    7.    
    8.    subroutine gyro_set_pointer_dim
    9.    
   10.      use gyro_globals
   11.      use gyro_pointers
   12.    
   13.      !--------------------------------
   14.      implicit none
   15.      !
   16.      integer, external :: parallel_dim
   17.      !--------------------------------
   18.    
   19.      ! Subgroup dimensions:
   20.    
   21.      n_nek_1     = n_n_1*n_energy*n_lambda
   22.      n_nek_loc_1 = parallel_dim(n_nek_1,n_proc_1) 
   23.    
   24.      n_ine_1     = n_x*n_n_1*n_energy
   25.    
   26.      If (linsolve_method /= 2)   &
   27.        n_ine_loc_1 = parallel_dim(n_ine_1,n_proc_1)
   28.    
   29.      n_ki_1     = n_lambda*n_x
   30.      n_ki_loc_1 = parallel_dim(n_ki_1,n_proc_1) 
   31.    
   32.    end subroutine gyro_set_pointer_dim


%%%%%%%%%%%%%%%%%%%%%%%%%%%%%%%%%%%%%%%%%%%%%%%%%%%%%%%%%%%%%%%%%%%%%%%%%%%%%%%%
                         E x t e r n a l   R e p o r t
%%%%%%%%%%%%%%%%%%%%%%%%%%%%%%%%%%%%%%%%%%%%%%%%%%%%%%%%%%%%%%%%%%%%%%%%%%%%%%%%

Name  Messages
----  --------
CHAR(Intrinsic)
      Defined as:  No definitions.

                   No calls.  It is not called and does not use any procedure.

      Interface:   None

Name  Messages
----  --------
GYRO_GLOBALS
      Defined as:  No definitions.

      Used By:     GYRO_SET_POINTER_DIM

Name  Messages
----  --------
GYRO_POINTERS
      Defined as:  No definitions.

      Used By:     GYRO_SET_POINTER_DIM

Name  Messages
----  --------
GYRO_SET_POINTER_DIM
      Defined as:  Subroutine (line 8, file gyro_set_pointer_dim.f90)

      Interface:   None

      Calls:       PARALLEL_DIM (Line 22, file gyro_set_pointer_dim.f90)
                   PARALLEL_DIM (Line 27, file gyro_set_pointer_dim.f90)
                   PARALLEL_DIM (Line 30, file gyro_set_pointer_dim.f90)

        Uses:      GYRO_GLOBALS
                   GYRO_POINTERS

Name  Messages
----  --------
PARALLEL_DIM
      Defined as:  No definitions.

      Interface:   None

      Called By:   GYRO_SET_POINTER_DIM (Line 22, file gyro_set_pointer_dim.f90)
                   GYRO_SET_POINTER_DIM (Line 27, file gyro_set_pointer_dim.f90)
                   GYRO_SET_POINTER_DIM (Line 30, file gyro_set_pointer_dim.f90)


%%%%%%%%%%%%%%%%%%%%%%%%%%%%%%%%%%%%%%%%%%%%%%%%%%%%%%%%%%%%%%%%%%%%%%%%%%%%%%%%
%%%%%%%%%%%%%%%%%%%%%%%%%%%%%%%%%%%%%%%%%%%%%%%%%%%%%%%%%%%%%%%%%%%%%%%%%%%%%%%%
