%%%%%%%%%%%%%%%%%%%%%%%%%%%%%%%%%%%%%%%%%%%%%%%%%%%%%%%%%%%%%%%%%%%%%%%%%%%%%%%%
                          S u m m a r y   R e p o r t
%%%%%%%%%%%%%%%%%%%%%%%%%%%%%%%%%%%%%%%%%%%%%%%%%%%%%%%%%%%%%%%%%%%%%%%%%%%%%%%%

Compilation
-----------
File     : /global/u2/b/bassem/gyro-EP/src/gyro_gbflux.f90
Compiled : 01/19/21  15:35:39
Compiler : Version 9.1.0
Ftnlx    : Version 9.1.0 
Target   : x86-64
Command  : ftn_driver.exe -hcpu=haswell -hdynamic -D__CRAYXC -D__CRAY_HASWELL
           -D__CRAYXT_COMPUTE_LINUX_TARGET -hnetwork=aries -hnoomp -em
           -J/global/homes/b/bassem/gyro-EP/modules -sreal64 -eD -Ktrap=fp -m1
           -Rbcdps -G0 -I/opt/cray/pe/fftw/3.3.8.4/haswell/include
           -c gyro_gbflux.f90
           -I/opt/cray/pe/cce/9.1.0/cce-clang/x86_64/lib/clang/9.0.0/include
           -I/opt/cray/pe/cce/9.1.0/cce/x86_64/include/craylibs -I/usr/include
           -I/usr/include -I/opt/cray/pe/fftw/3.3.8.4/haswell/include
           -I/opt/cray/pe/libsci/19.06.1/CRAY/9.0/x86_64/include
           -I/opt/cray/pe/mpt/7.7.10/gni/mpich-cray/9.0/include
           -I/opt/cray/pe/hdf5/1.10.5.2/cray/9.0/include
           -I/opt/cray/pe/netcdf/4.6.3.2/cray/9.0/include
           -I/opt/cray/rca/2.2.20-7.0.1.1_4.53__g8e3fb5b.ari/include
           -I/opt/cray/alps/6.6.58-7.0.1.1_6.10__g437d88db.ari/include
           -I/opt/cray/xpmem/2.2.20-7.0.1.1_4.14__g0475745.ari/include
           -I/opt/cray/gni-headers/5.0.12.0-7.0.1.1_6.32__g3b1768f.ari/include
           -I/opt/cray/dmapp/7.1.1-7.0.1.1_4.54__g38cf134.ari/include
           -I/opt/cray/pe/pmi/5.0.14/include
           -I/opt/cray/ugni/6.0.14.0-7.0.1.1_7.40__ge78e5b0.ari/include
           -I/opt/cray/udreg/2.3.2-7.0.1.1_3.38__g8175d3d.ari/include
           -I/opt/cray/wlm_detect/1.3.3-7.0.1.1_4.16__g7109084.ari/include
           -I/opt/cray/krca/2.2.6-7.0.1.1_5.39__gb641b12.ari/include
           -I/opt/cray-hss-devel/9.0.0/include
Program
  Units  : GYRO_GBFLUX

ftnlx report
------------
Source   : /global/u2/b/bassem/gyro-EP/src/gyro_gbflux.f90
Date     : 01/19/2021  15:35:40


%%%%%%%%%%%%%%%%%%%%%%%%%%%%%%%%%%%%%%%%%%%%%%%%%%%%%%%%%%%%%%%%%%%%%%%%%%%%%%%%
                          S o u r c e   L i s t i n g
%%%%%%%%%%%%%%%%%%%%%%%%%%%%%%%%%%%%%%%%%%%%%%%%%%%%%%%%%%%%%%%%%%%%%%%%%%%%%%%%

    1.    !------------------------------------------------------------------
    2.    ! gyro_gbflux.f90
    3.    !
    4.    ! PURPOSE:
    5.    !  GyroBohm normalized forms of fluxes computed in 
    6.    !  gyro_nonlinear_flux.  Also compute averaged fluxes.
    7.    !
    8.    ! NOTES:
    9.    !  Index 1: Particle flux (gyroBohm units)
   10.    !  Index 2: Energy flux (gyroBohm units)
   11.    !  Index 3: Total momentum flux (gyroBohm units)
   12.    !  Index 4: Turbulent exchange flux/length (gyroBohm units)
   13.    !------------------------------------------------------------------
   14.    
   15.    subroutine gyro_gbflux
   16.    
   17.      use mpi
   18.      use gyro_globals
   19.      use math_constants
   20.    
   21.      !-------------------------------------------------------------
   22.      implicit none
   23.      !
   24.      real, dimension(n_kinetic,n_field,p_moment,n_x) :: gbflux_i_loc
   25.      real, dimension(n_kinetic,n_field,p_moment,n_x) :: gbflux_i_loc_trapped
   26.      real, dimension(n_kinetic,3) :: gbflux_mom_loc
   27.      real, dimension(n_kinetic,2) :: gbflux_exc_loc
   28.      real, dimension(n_kinetic,n_field,p_moment) :: gbflux_loc
   29.      real, dimension(n_kinetic,n_field,p_moment) :: gbflux_loc_trapped
   30.      real :: gbflux_norm
   31.      !-------------------------------------------------------------
   32.    
   33.      !-----------------------------------------------------
   34.      ! Coefficients for spectral sum over non-negative n
   35.      !
   36.      if (n_1(in_1) == 0) then
   37.         j = 1
   38.      else
   39.         j = 2
   40.      endif
   41.      !-----------------------------------------------------
   42.    
   43.      !----------------------------------------------------------
   44.      ! Compute particle/momentum/energy diffusivities:
   45.      !
   46.      do ix=1,n_field
   47.         do is=1,n_kinetic
   48.            do i=1,n_x
   49.    
   50.               gbflux_i_loc(is,ix,:,i) = j*(nonlinear_flux_passing(i,is,ix,:)+ &
ftn-6262 ftn: VECTOR GYRO_GBFLUX, File = gyro_gbflux.f90, Line = 50 
  A loop starting at line 50 was not vectorized because it contains a call to a subroutine or function on line 50.

   51.                    nonlinear_flux_trapped(i,is,ix,:))/rhos_norm**2
   52.    
   53.               gbflux_i_loc_trapped(is,ix,:,i) = j*nonlinear_flux_trapped(i,is,ix,:)/ &
ftn-6262 ftn: VECTOR GYRO_GBFLUX, File = gyro_gbflux.f90, Line = 53 
  A loop starting at line 53 was not vectorized because it contains a call to a subroutine or function on line 53.

   54.                    rhos_norm**2
   55.    
   56.            enddo ! i
   57.         enddo ! is
   58.      enddo ! ix
   59.    
   60.      gbflux_mom_loc(:,:) = j*nonlinear_flux_momparts(:,:)/rhos_norm**2
ftn-6262 ftn: VECTOR GYRO_GBFLUX, File = gyro_gbflux.f90, Line = 60 
  A loop starting at line 60 was not vectorized because it contains a call to a subroutine or function on line 60.

   61.      gbflux_exc_loc(:,:) = j*nonlinear_flux_excparts(:,:)/rhos_norm**2
ftn-6262 ftn: VECTOR GYRO_GBFLUX, File = gyro_gbflux.f90, Line = 61 
  A loop starting at line 61 was not vectorized because it contains a call to a subroutine or function on line 61.

   62.      !----------------------------------------------------------
   63.    
   64.      !-----------------------------------------------------------------
   65.      ! Define factors useful for quasilinear normalizations
   66.      !
   67.      call gyro_phi_kp_squared
   68.      !-----------------------------------------------------------------
   69.    
   70.      !-----------------------------------------------------------------
   71.      ! Renomalize linear diffusivities
   72.      ! 
   73.      if (nonlinear_flag == 0 .and. n_1(in_1) /= 0) then
   74.    
   75.         select case (lindiff_method)
   76.    
   77.         case (3)
   78.    
   79.            ! Gamma_{a,n} / (k_theta rho_s |phi_n|^2)
   80.            !     Q_{a,n} / (k_theta rho_s |phi_n|^2)
   81.            !    Pi_{a,n} / (k_theta rho_s |phi_n|^2)
   82.            !     S_{a,n} / (k_theta rho_s |phi_n|^2)
   83.    
   84.            do i=1,n_x
   85.    
   86.               gbflux_i_loc(:,:,:,i) = (nonlinear_flux_passing(i,:,:,:)+ &
ftn-6263 ftn: VECTOR GYRO_GBFLUX, File = gyro_gbflux.f90, Line = 86 
  A loop starting at line 86 was not vectorized because it contains a reference to a non-vector intrinsic on line 86.

   87.                    nonlinear_flux_trapped(i,:,:,:))/sum(phi_squared(:)/n_x)
   88.    
   89.               gbflux_i_loc_trapped(:,:,:,i) = nonlinear_flux_trapped(i,:,:,:)/ &
ftn-6263 ftn: VECTOR GYRO_GBFLUX, File = gyro_gbflux.f90, Line = 89 
  A loop starting at line 89 was not vectorized because it contains a reference to a non-vector intrinsic on line 89.

   90.                    sum(phi_squared(:)/n_x)
   91.    
   92.            enddo ! i
   93.    
   94.            gbflux_mom_loc(:,:) = nonlinear_flux_momparts(:,:)/sum(phi_squared(:)/n_x)
ftn-6263 ftn: VECTOR GYRO_GBFLUX, File = gyro_gbflux.f90, Line = 94 
  A loop starting at line 94 was not vectorized because it contains a reference to a non-vector intrinsic on line 94.

   95.            gbflux_exc_loc(:,:) = nonlinear_flux_excparts(:,:)/sum(phi_squared(:)/n_x)
ftn-6263 ftn: VECTOR GYRO_GBFLUX, File = gyro_gbflux.f90, Line = 95 
  A loop starting at line 95 was not vectorized because it contains a reference to a non-vector intrinsic on line 95.

   96.    
   97.         end select
   98.    
   99.      endif
  100.      !-----------------------------------------------------------------
  101.    
  102.      !----------------------------------------------------------
  103.      ! Get (crude) averages over radius.  Do not include the 
  104.      ! region inside the explicit damper.
  105.      !
  106.      gbflux_loc(:,:,:)         = 0.0
ftn-6263 ftn: VECTOR GYRO_GBFLUX, File = gyro_gbflux.f90, Line = 106 
  A loop starting at line 106 was not vectorized because it contains a reference to a non-vector intrinsic on line 106.

  107.      gbflux_loc_trapped(:,:,:) = 0.0
ftn-6263 ftn: VECTOR GYRO_GBFLUX, File = gyro_gbflux.f90, Line = 107 
  A loop starting at line 107 was not vectorized because it contains a reference to a non-vector intrinsic on line 107.

  108.      !
  109.      do i=1+n_explicit_damp,n_x-n_explicit_damp
  110.         gbflux_loc(:,:,:) = gbflux_loc(:,:,:)+gbflux_i_loc(:,:,:,i)
ftn-6263 ftn: VECTOR GYRO_GBFLUX, File = gyro_gbflux.f90, Line = 110 
  A loop starting at line 110 was not vectorized because it contains a reference to a non-vector intrinsic on line 110.

  111.         gbflux_loc_trapped(:,:,:) = gbflux_loc_trapped(:,:,:)+gbflux_i_loc_trapped(:,:,:,i)
ftn-6263 ftn: VECTOR GYRO_GBFLUX, File = gyro_gbflux.f90, Line = 111 
  A loop starting at line 111 was not vectorized because it contains a reference to a non-vector intrinsic on line 111.

  112.      enddo ! i
  113.      gbflux_loc(:,:,:) = gbflux_loc(:,:,:)/(n_x-2*n_explicit_damp)
ftn-6263 ftn: VECTOR GYRO_GBFLUX, File = gyro_gbflux.f90, Line = 113 
  A loop starting at line 113 was not vectorized because it contains a reference to a non-vector intrinsic on line 113.

  114.      gbflux_loc_trapped(:,:,:) = gbflux_loc_trapped(:,:,:)/(n_x-2*n_explicit_damp)
ftn-6263 ftn: VECTOR GYRO_GBFLUX, File = gyro_gbflux.f90, Line = 114 
  A loop starting at line 114 was not vectorized because it contains a reference to a non-vector intrinsic on line 114.

  115.      !----------------------------------------------------------
  116.    
  117.      !----------------------------------------------------------
  118.      ! Store flux_loc as flux_n for n-dependent diffusivity:
  119.      !
  120.      gbflux_n(:,:,:) = gbflux_loc(:,:,:)
ftn-6262 ftn: VECTOR GYRO_GBFLUX, File = gyro_gbflux.f90, Line = 120 
  A loop starting at line 120 was not vectorized because it contains a call to a subroutine or function on line 120.

  121.      !----------------------------------------------------------
  122.    
  123.      !----------------------------------------------------------
  124.      ! At this point, all "loc" quantities are local to 
  125.      ! subgroups.  We need to sum these over n (i.e.,
  126.      ! over NEW_COMM_2):
  127.      !
  128.      call MPI_ALLREDUCE(gbflux_mom_loc, &
  129.           gbflux_mom, &
  130.           size(gbflux_mom), &
  131.           MPI_DOUBLE_PRECISION, &
  132.           MPI_SUM, &
  133.           NEW_COMM_2, &
  134.           i_err)
  135.    
  136.      call MPI_ALLREDUCE(gbflux_exc_loc, &
  137.           gbflux_exc, &
  138.           size(gbflux_exc), &
  139.           MPI_DOUBLE_PRECISION, &
  140.           MPI_SUM, &
  141.           NEW_COMM_2, &
  142.           i_err)
  143.    
  144.      call MPI_ALLREDUCE(gbflux_loc, &
  145.           gbflux, &
  146.           size(gbflux), &
  147.           MPI_DOUBLE_PRECISION, &
  148.           MPI_SUM, &
  149.           NEW_COMM_2, &
  150.           i_err)
  151.    
  152.      call MPI_ALLREDUCE(gbflux_loc_trapped, &
  153.           gbflux_trapped, &
  154.           size(gbflux_trapped), &
  155.           MPI_DOUBLE_PRECISION, &
  156.           MPI_SUM, &
  157.           NEW_COMM_2, &
  158.           i_err)
  159.    
  160.      call MPI_ALLREDUCE(gbflux_i_loc, &
  161.           gbflux_i, &
  162.           size(gbflux_i), &
  163.           MPI_DOUBLE_PRECISION, &
  164.           MPI_SUM, &
  165.           NEW_COMM_2, &
  166.           i_err)
  167.    
  168.      call MPI_ALLREDUCE(gbflux_i_loc_trapped, &
  169.           gbflux_i_trapped, &
  170.           size(gbflux_i_trapped), &
  171.           MPI_DOUBLE_PRECISION, &
  172.           MPI_SUM, &
  173.           NEW_COMM_2, &
  174.           i_err)
  175.      !----------------------------------------------------------
  176.    
  177.      if (nonlinear_flag == 0 .and. n_1(in_1) /= 0) then
  178.         if (lindiff_method == 2) then
  179.    
  180.            ! [Gamma_a, Q_a, Pi_a, S_a] / Q_i normalization for linear diffusivities.
  181.    
  182.            gbflux_norm = gbflux(1,1,2)
  183.    
  184.            gbflux_mom(:,:)           = gbflux_mom(:,:)/gbflux_norm
ftn-6263 ftn: VECTOR GYRO_GBFLUX, File = gyro_gbflux.f90, Line = 184 
  A loop starting at line 184 was not vectorized because it contains a reference to a non-vector intrinsic on line 184.

  185.            gbflux(:,:,:)             = gbflux(:,:,:)/gbflux_norm
ftn-6263 ftn: VECTOR GYRO_GBFLUX, File = gyro_gbflux.f90, Line = 185 
  A loop starting at line 185 was not vectorized because it contains a reference to a non-vector intrinsic on line 185.

  186.            gbflux_trapped(:,:,:)     = gbflux_trapped(:,:,:)/gbflux_norm
ftn-6263 ftn: VECTOR GYRO_GBFLUX, File = gyro_gbflux.f90, Line = 186 
  A loop starting at line 186 was not vectorized because it contains a reference to a non-vector intrinsic on line 186.

  187.            gbflux_i(:,:,:,:)         = gbflux_i(:,:,:,:)/gbflux_norm
ftn-6263 ftn: VECTOR GYRO_GBFLUX, File = gyro_gbflux.f90, Line = 187 
  A loop starting at line 187 was not vectorized because it contains a reference to a non-vector intrinsic on line 187.

  188.            gbflux_i_trapped(:,:,:,:) = gbflux_i_trapped(:,:,:,:)/gbflux_norm
ftn-6263 ftn: VECTOR GYRO_GBFLUX, File = gyro_gbflux.f90, Line = 188 
  A loop starting at line 188 was not vectorized because it contains a reference to a non-vector intrinsic on line 188.

  189.    
  190.         endif
  191.      endif
  192.    
  193.      ! Compute running time-average of radially-dependent fluxes
  194.      if (step > int((1.0-fluxaverage_window)*nstep)) then
  195.         p_ave = p_ave+1
  196.         gbflux_vec(:,:,:,:) = ((p_ave-1)*gbflux_vec(:,:,:,:)+gbflux_i(:,:,:,:))/p_ave
ftn-6262 ftn: VECTOR GYRO_GBFLUX, File = gyro_gbflux.f90, Line = 196 
  A loop starting at line 196 was not vectorized because it contains a call to a subroutine or function on line 196.

  197.      else
  198.         p_ave = 0
  199.         gbflux_vec(:,:,:,:) = 0.0
ftn-6263 ftn: VECTOR GYRO_GBFLUX, File = gyro_gbflux.f90, Line = 199 
  A loop starting at line 199 was not vectorized because it contains a reference to a non-vector intrinsic on line 199.

  200.      endif
  201.    
  202.      if (i_proc == 0) then
  203.         if (debug_flag == 1) print *,'[gyro_gbflux called]'
  204.      endif
  205.    
  206.    end subroutine gyro_gbflux


%%%%%%%%%%%%%%%%%%%%%%%%%%%%%%%%%%%%%%%%%%%%%%%%%%%%%%%%%%%%%%%%%%%%%%%%%%%%%%%%
                     C o m m o n   B l o c k   R e p o r t
%%%%%%%%%%%%%%%%%%%%%%%%%%%%%%%%%%%%%%%%%%%%%%%%%%%%%%%%%%%%%%%%%%%%%%%%%%%%%%%%

Blk  Program Unit                     Messages
---  ------------                     --------
/MPIFCMB5/                            Length: 4 bytes

     GYRO_GBFLUX                      Block is used from MPI_CONSTANTS

Blk  Program Unit                     Messages
---  ------------                     --------
/MPIFCMB9/                            Length: 4 bytes

     GYRO_GBFLUX                      Block is used from MPI_CONSTANTS

Blk  Program Unit                     Messages
---  ------------                     --------
/MPIPRIV1/                            Length: 28 bytes

     GYRO_GBFLUX                      Block is used from MPI_CONSTANTS

Blk  Program Unit                     Messages
---  ------------                     --------
/MPIPRIV2/                            Length: 24 bytes

     GYRO_GBFLUX                      Block is used from MPI_CONSTANTS

Blk  Program Unit                     Messages
---  ------------                     --------
/MPIPRIVC/                            Length: 2 bytes

     GYRO_GBFLUX                      Block is used from MPI_CONSTANTS


%%%%%%%%%%%%%%%%%%%%%%%%%%%%%%%%%%%%%%%%%%%%%%%%%%%%%%%%%%%%%%%%%%%%%%%%%%%%%%%%
                         E x t e r n a l   R e p o r t
%%%%%%%%%%%%%%%%%%%%%%%%%%%%%%%%%%%%%%%%%%%%%%%%%%%%%%%%%%%%%%%%%%%%%%%%%%%%%%%%

Name  Messages
----  --------
CHAR(Intrinsic)
      Defined as:  No definitions.

                   No calls.  It is not called and does not use any procedure.

      Interface:   None

Name  Messages
----  --------
COMMEQ in MPI_CONSTANTS
      Defined as:  No definitions.

                   No calls.  It is not called and does not use any procedure.

      Interface:   None

Name  Messages
----  --------
COMMNEQ in MPI_CONSTANTS
      Defined as:  No definitions.

                   No calls.  It is not called and does not use any procedure.

      Interface:   None

Name  Messages
----  --------
DATATYPEEQ in MPI_CONSTANTS
      Defined as:  No definitions.

                   No calls.  It is not called and does not use any procedure.

      Interface:   None

Name  Messages
----  --------
DATATYPENEQ in MPI_CONSTANTS
      Defined as:  No definitions.

                   No calls.  It is not called and does not use any procedure.

      Interface:   None

Name  Messages
----  --------
ERRHANDLEREQ in MPI_CONSTANTS
      Defined as:  No definitions.

                   No calls.  It is not called and does not use any procedure.

      Interface:   None

Name  Messages
----  --------
ERRHANDLERNEQ in MPI_CONSTANTS
      Defined as:  No definitions.

                   No calls.  It is not called and does not use any procedure.

      Interface:   None

Name  Messages
----  --------
FILEEQ in MPI_CONSTANTS
      Defined as:  No definitions.

                   No calls.  It is not called and does not use any procedure.

      Interface:   None

Name  Messages
----  --------
FILENEQ in MPI_CONSTANTS
      Defined as:  No definitions.

                   No calls.  It is not called and does not use any procedure.

      Interface:   None

Name  Messages
----  --------
GROUPEQ in MPI_CONSTANTS
      Defined as:  No definitions.

                   No calls.  It is not called and does not use any procedure.

      Interface:   None

Name  Messages
----  --------
GROUPNEQ in MPI_CONSTANTS
      Defined as:  No definitions.

                   No calls.  It is not called and does not use any procedure.

      Interface:   None

Name  Messages
----  --------
GYRO_GBFLUX
      Defined as:  Subroutine (line 15, file gyro_gbflux.f90)

      Interface:   None

      Calls:       GYRO_PHI_KP_SQUARED (Line 67, file gyro_gbflux.f90)
                   SUM(Intrinsic) (Line 87, file gyro_gbflux.f90)
                   SUM(Intrinsic) (Line 90, file gyro_gbflux.f90)
                   SUM(Intrinsic) (Line 94, file gyro_gbflux.f90)
                   SUM(Intrinsic) (Line 95, file gyro_gbflux.f90)
                   SIZE(Intrinsic) (Line 130, file gyro_gbflux.f90)
                   SIZE(Intrinsic) (Line 138, file gyro_gbflux.f90)
                   SIZE(Intrinsic) (Line 146, file gyro_gbflux.f90)
                   SIZE(Intrinsic) (Line 154, file gyro_gbflux.f90)
                   SIZE(Intrinsic) (Line 162, file gyro_gbflux.f90)
                   SIZE(Intrinsic) (Line 170, file gyro_gbflux.f90)
                   MPI_ALLREDUCE (Line 128, file gyro_gbflux.f90)
                   MPI_ALLREDUCE (Line 136, file gyro_gbflux.f90)
                   MPI_ALLREDUCE (Line 144, file gyro_gbflux.f90)
                   MPI_ALLREDUCE (Line 152, file gyro_gbflux.f90)
                   MPI_ALLREDUCE (Line 160, file gyro_gbflux.f90)
                   MPI_ALLREDUCE (Line 168, file gyro_gbflux.f90)
                   INT(Intrinsic) (Line 194, file gyro_gbflux.f90)

        Uses:      MPI
                   MPI_BASE  (indirectly)
                   MPI_SIZEOFS  (indirectly)
                   MPI_CONSTANTS  (indirectly)
                   GYRO_GLOBALS
                   MATH_CONSTANTS

Name  Messages
----  --------
GYRO_GLOBALS
      Defined as:  No definitions.

      Used By:     GYRO_GBFLUX

Name  Messages
----  --------
GYRO_PHI_KP_SQUARED
      Defined as:  No definitions.

      Interface:   None

      Called By:   GYRO_GBFLUX (Line 67, file gyro_gbflux.f90)

Name  Messages
----  --------
INFOEQ in MPI_CONSTANTS
      Defined as:  No definitions.

                   No calls.  It is not called and does not use any procedure.

      Interface:   None

Name  Messages
----  --------
INFONEQ in MPI_CONSTANTS
      Defined as:  No definitions.

                   No calls.  It is not called and does not use any procedure.

      Interface:   None

Name  Messages
----  --------
INT(Intrinsic)
      Defined as:  No definitions.

      Interface:   None

      Called By:   GYRO_GBFLUX (Line 194, file gyro_gbflux.f90)

Name  Messages
----  --------
MATH_CONSTANTS
      Defined as:  No definitions.

      Used By:     GYRO_GBFLUX

Name  Messages
----  --------
MESSAGEEQ in MPI_CONSTANTS
      Defined as:  No definitions.

                   No calls.  It is not called and does not use any procedure.

      Interface:   None

Name  Messages
----  --------
MESSAGENEQ in MPI_CONSTANTS
      Defined as:  No definitions.

                   No calls.  It is not called and does not use any procedure.

      Interface:   None

Name  Messages
----  --------
MPI
      Defined as:  No definitions.

      Used By:     GYRO_GBFLUX

Name  Messages
----  --------
MPI_ALLREDUCE
      Defined as:  No definitions.

      Interface:   None

      Called By:   GYRO_GBFLUX (Line 128, file gyro_gbflux.f90)
                   GYRO_GBFLUX (Line 136, file gyro_gbflux.f90)
                   GYRO_GBFLUX (Line 144, file gyro_gbflux.f90)
                   GYRO_GBFLUX (Line 152, file gyro_gbflux.f90)
                   GYRO_GBFLUX (Line 160, file gyro_gbflux.f90)
                   GYRO_GBFLUX (Line 168, file gyro_gbflux.f90)

Name  Messages
----  --------
MPI_BASE
      Defined as:  No definitions.

      Used By:     GYRO_GBFLUX  (indirectly)

Name  Messages
----  --------
MPI_CONSTANTS
      Defined as:  No definitions.

      Used By:     GYRO_GBFLUX  (indirectly)

Name  Messages
----  --------
MPI_SIZEOFS
      Defined as:  No definitions.

      Used By:     GYRO_GBFLUX  (indirectly)

Name  Messages
----  --------
MPI_SIZEOF_CH in MPI_SIZEOFS
      Defined as:  No definitions.

                   No calls.  It is not called and does not use any procedure.

      Interface:   None

Name  Messages
----  --------
MPI_SIZEOF_CHV in MPI_SIZEOFS
      Defined as:  No definitions.

                   No calls.  It is not called and does not use any procedure.

      Interface:   None

Name  Messages
----  --------
MPI_SIZEOF_CX in MPI_SIZEOFS
      Defined as:  No definitions.

                   No calls.  It is not called and does not use any procedure.

      Interface:   None

Name  Messages
----  --------
MPI_SIZEOF_CXV in MPI_SIZEOFS
      Defined as:  No definitions.

                   No calls.  It is not called and does not use any procedure.

      Interface:   None

Name  Messages
----  --------
MPI_SIZEOF_D in MPI_SIZEOFS
      Defined as:  No definitions.

                   No calls.  It is not called and does not use any procedure.

      Interface:   None

Name  Messages
----  --------
MPI_SIZEOF_DV in MPI_SIZEOFS
      Defined as:  No definitions.

                   No calls.  It is not called and does not use any procedure.

      Interface:   None

Name  Messages
----  --------
MPI_SIZEOF_I in MPI_SIZEOFS
      Defined as:  No definitions.

                   No calls.  It is not called and does not use any procedure.

      Interface:   None

Name  Messages
----  --------
MPI_SIZEOF_I1 in MPI_SIZEOFS
      Defined as:  No definitions.

                   No calls.  It is not called and does not use any procedure.

      Interface:   None

Name  Messages
----  --------
MPI_SIZEOF_I1V in MPI_SIZEOFS
      Defined as:  No definitions.

                   No calls.  It is not called and does not use any procedure.

      Interface:   None

Name  Messages
----  --------
MPI_SIZEOF_I2 in MPI_SIZEOFS
      Defined as:  No definitions.

                   No calls.  It is not called and does not use any procedure.

      Interface:   None

Name  Messages
----  --------
MPI_SIZEOF_I2V in MPI_SIZEOFS
      Defined as:  No definitions.

                   No calls.  It is not called and does not use any procedure.

      Interface:   None

Name  Messages
----  --------
MPI_SIZEOF_I8 in MPI_SIZEOFS
      Defined as:  No definitions.

                   No calls.  It is not called and does not use any procedure.

      Interface:   None

Name  Messages
----  --------
MPI_SIZEOF_I8V in MPI_SIZEOFS
      Defined as:  No definitions.

                   No calls.  It is not called and does not use any procedure.

      Interface:   None

Name  Messages
----  --------
MPI_SIZEOF_IV in MPI_SIZEOFS
      Defined as:  No definitions.

                   No calls.  It is not called and does not use any procedure.

      Interface:   None

Name  Messages
----  --------
MPI_SIZEOF_L in MPI_SIZEOFS
      Defined as:  No definitions.

                   No calls.  It is not called and does not use any procedure.

      Interface:   None

Name  Messages
----  --------
MPI_SIZEOF_LV in MPI_SIZEOFS
      Defined as:  No definitions.

                   No calls.  It is not called and does not use any procedure.

      Interface:   None

Name  Messages
----  --------
MPI_SIZEOF_R in MPI_SIZEOFS
      Defined as:  No definitions.

                   No calls.  It is not called and does not use any procedure.

      Interface:   None

Name  Messages
----  --------
MPI_SIZEOF_RV in MPI_SIZEOFS
      Defined as:  No definitions.

                   No calls.  It is not called and does not use any procedure.

      Interface:   None

Name  Messages
----  --------
OPEQ in MPI_CONSTANTS
      Defined as:  No definitions.

                   No calls.  It is not called and does not use any procedure.

      Interface:   None

Name  Messages
----  --------
OPNEQ in MPI_CONSTANTS
      Defined as:  No definitions.

                   No calls.  It is not called and does not use any procedure.

      Interface:   None

Name  Messages
----  --------
REQUESTEQ in MPI_CONSTANTS
      Defined as:  No definitions.

                   No calls.  It is not called and does not use any procedure.

      Interface:   None

Name  Messages
----  --------
REQUESTNEQ in MPI_CONSTANTS
      Defined as:  No definitions.

                   No calls.  It is not called and does not use any procedure.

      Interface:   None

Name  Messages
----  --------
SIZE(Intrinsic)
      Defined as:  No definitions.

      Interface:   None

      Called By:   GYRO_GBFLUX (Line 130, file gyro_gbflux.f90)
                   GYRO_GBFLUX (Line 138, file gyro_gbflux.f90)
                   GYRO_GBFLUX (Line 146, file gyro_gbflux.f90)
                   GYRO_GBFLUX (Line 154, file gyro_gbflux.f90)
                   GYRO_GBFLUX (Line 162, file gyro_gbflux.f90)
                   GYRO_GBFLUX (Line 170, file gyro_gbflux.f90)

Name  Messages
----  --------
SUM(Intrinsic)
      Defined as:  No definitions.

      Interface:   None

      Called By:   GYRO_GBFLUX (Line 87, file gyro_gbflux.f90)
                   GYRO_GBFLUX (Line 90, file gyro_gbflux.f90)
                   GYRO_GBFLUX (Line 94, file gyro_gbflux.f90)
                   GYRO_GBFLUX (Line 95, file gyro_gbflux.f90)

Name  Messages
----  --------
WINEQ in MPI_CONSTANTS
      Defined as:  No definitions.

                   No calls.  It is not called and does not use any procedure.

      Interface:   None

Name  Messages
----  --------
WINNEQ in MPI_CONSTANTS
      Defined as:  No definitions.

                   No calls.  It is not called and does not use any procedure.

      Interface:   None

Name  Messages
----  --------
__SIZE(Intrinsic)
      Defined as:  No definitions.

                   No calls.  It is not called and does not use any procedure.

      Interface:   None

Name  Messages
----  --------
__SUM(Intrinsic)
      Defined as:  No definitions.

                   No calls.  It is not called and does not use any procedure.

      Interface:   None


%%%%%%%%%%%%%%%%%%%%%%%%%%%%%%%%%%%%%%%%%%%%%%%%%%%%%%%%%%%%%%%%%%%%%%%%%%%%%%%%
%%%%%%%%%%%%%%%%%%%%%%%%%%%%%%%%%%%%%%%%%%%%%%%%%%%%%%%%%%%%%%%%%%%%%%%%%%%%%%%%
