%%%%%%%%%%%%%%%%%%%%%%%%%%%%%%%%%%%%%%%%%%%%%%%%%%%%%%%%%%%%%%%%%%%%%%%%%%%%%%%%
                          S u m m a r y   R e p o r t
%%%%%%%%%%%%%%%%%%%%%%%%%%%%%%%%%%%%%%%%%%%%%%%%%%%%%%%%%%%%%%%%%%%%%%%%%%%%%%%%

Compilation
-----------
File     : /global/u2/b/bassem/gyro-EP/src/gyro_build_sparse_ampere.f90
Compiled : 01/19/21  15:35:31
Compiler : Version 9.1.0
Ftnlx    : Version 9.1.0 
Target   : x86-64
Command  : ftn_driver.exe -hcpu=haswell -hdynamic -D__CRAYXC -D__CRAY_HASWELL
           -D__CRAYXT_COMPUTE_LINUX_TARGET -hnetwork=aries -hnoomp -em
           -J/global/homes/b/bassem/gyro-EP/modules -sreal64 -eD -Ktrap=fp -m1
           -Rbcdps -G0 -I/opt/cray/pe/fftw/3.3.8.4/haswell/include
           -c gyro_build_sparse_ampere.f90
           -I/opt/cray/pe/cce/9.1.0/cce-clang/x86_64/lib/clang/9.0.0/include
           -I/opt/cray/pe/cce/9.1.0/cce/x86_64/include/craylibs -I/usr/include
           -I/usr/include -I/opt/cray/pe/fftw/3.3.8.4/haswell/include
           -I/opt/cray/pe/libsci/19.06.1/CRAY/9.0/x86_64/include
           -I/opt/cray/pe/mpt/7.7.10/gni/mpich-cray/9.0/include
           -I/opt/cray/pe/hdf5/1.10.5.2/cray/9.0/include
           -I/opt/cray/pe/netcdf/4.6.3.2/cray/9.0/include
           -I/opt/cray/rca/2.2.20-7.0.1.1_4.53__g8e3fb5b.ari/include
           -I/opt/cray/alps/6.6.58-7.0.1.1_6.10__g437d88db.ari/include
           -I/opt/cray/xpmem/2.2.20-7.0.1.1_4.14__g0475745.ari/include
           -I/opt/cray/gni-headers/5.0.12.0-7.0.1.1_6.32__g3b1768f.ari/include
           -I/opt/cray/dmapp/7.1.1-7.0.1.1_4.54__g38cf134.ari/include
           -I/opt/cray/pe/pmi/5.0.14/include
           -I/opt/cray/ugni/6.0.14.0-7.0.1.1_7.40__ge78e5b0.ari/include
           -I/opt/cray/udreg/2.3.2-7.0.1.1_3.38__g8175d3d.ari/include
           -I/opt/cray/wlm_detect/1.3.3-7.0.1.1_4.16__g7109084.ari/include
           -I/opt/cray/krca/2.2.6-7.0.1.1_5.39__gb641b12.ari/include
           -I/opt/cray-hss-devel/9.0.0/include
Program
  Units  : GYRO_BUILD_SPARSE_AMPERE

ftnlx report
------------
Source   : /global/u2/b/bassem/gyro-EP/src/gyro_build_sparse_ampere.f90
Date     : 01/19/2021  15:35:32


%%%%%%%%%%%%%%%%%%%%%%%%%%%%%%%%%%%%%%%%%%%%%%%%%%%%%%%%%%%%%%%%%%%%%%%%%%%%%%%%
                          S o u r c e   L i s t i n g
%%%%%%%%%%%%%%%%%%%%%%%%%%%%%%%%%%%%%%%%%%%%%%%%%%%%%%%%%%%%%%%%%%%%%%%%%%%%%%%%

    1.    !------------------------------------------------------
    2.    ! gyro_build_sparse_ampere.f90 [caller: sparse_solve_*]
    3.    !
    4.    ! PURPOSE:
    5.    !  Fill elements of sparse Ampere submatrix.
    6.    !------------------------------------------------------
    7.    
    8.    subroutine gyro_build_sparse_ampere
    9.    
   10.      use gyro_globals
   11.      use gyro_collision_private
   12.      use math_constants
   13.    
   14.      !------------------------
   15.      implicit none
   16.      !------------------------
   17.    
   18.    
   19.      ! Zero only the in_1 components:
   20.      m_ampere(:) = (0.0,0.0)
ftn-6263 ftn: VECTOR GYRO_BUILD_SPARSE_AMPERE, File = gyro_build_sparse_ampere.f90, Line = 20 
  A loop starting at line 20 was not vectorized because it contains a reference to a non-vector intrinsic on line 20.

   21.      indx_ampere = 0
ftn-6204 ftn: VECTOR GYRO_BUILD_SPARSE_AMPERE, File = gyro_build_sparse_ampere.f90, Line = 21 
  A loop starting at line 21 was vectorized.

   22.    
   23.      k_amp = 0
   24.    
   25.      do i=1,n_x_max
   26.         do i_diff=-mg_dx,mg_dx-ig_dx
   27.    
   28.            ip = i_loop(i+i_diff)
   29.    
   30.            if (ip >= 1 .and. ip <= n_x) then
   31.    
   32.               do j=1,n_blend
   33.                  do jp=1,n_blend
   34.    
   35.                     val = aa_mm(i,i_diff,j,jp) &
   36.                          +coll_vel(i,j,jp)*w_gd0(i_diff)
   37.    
   38.                     ij  = i + (j-1)*n_x 
   39.                     ijp = ip + (jp-1)*n_x
   40.    
   41.                     k_amp = k_amp+1
   42.    
   43.                     indx_ampere(k_amp)          = ij
   44.                     indx_ampere(k_amp+n_ampere) = ijp
   45.    
   46.                     m_ampere(k_amp) = val
   47.    
   48.                  enddo ! jp
   49.               enddo ! j
   50.    
   51.            endif
   52.    
   53.         enddo ! ip
   54.      enddo ! i
   55.    
   56.      if (boundary_method == 1 .and. n_1(in_1) == 0) then
   57.    
   58.         ! need line of 1's in last row (i=n_x), since 
   59.         ! all n=0 modes have no average.
   60.    
   61.         i = n_x
   62.         do j=1,n_blend
   63.            do ip=1,n_x
   64.    
   65.               ! Diagonal in (j,jp)
   66.               jp = j
   67.    
   68.               ij  = i + (j-1)*n_x
   69.               ijp = ip + (jp-1)*n_x
   70.    
   71.               k_amp = k_amp+1
   72.    
   73.               indx_ampere(k_amp) = ij
   74.               indx_ampere(k_amp+n_ampere) = ijp
   75.    
   76.               m_ampere(k_amp) = (1.0,0.0)
   77.    
   78.            enddo ! ip
   79.         enddo ! j
   80.    
   81.      endif
   82.    
   83.      if (k_amp /= n_ampere) then
   84.         print *,k_amp,n_ampere
   85.         call catch_error("Element count mismatch in gyro_build_sparse_ampere")
   86.      endif
   87.    
   88.    end subroutine gyro_build_sparse_ampere
   89.    


%%%%%%%%%%%%%%%%%%%%%%%%%%%%%%%%%%%%%%%%%%%%%%%%%%%%%%%%%%%%%%%%%%%%%%%%%%%%%%%%
                         E x t e r n a l   R e p o r t
%%%%%%%%%%%%%%%%%%%%%%%%%%%%%%%%%%%%%%%%%%%%%%%%%%%%%%%%%%%%%%%%%%%%%%%%%%%%%%%%

Name  Messages
----  --------
CATCH_ERROR
      Defined as:  No definitions.

      Interface:   None

      Called By:   GYRO_BUILD_SPARSE_AMPERE (Line 85, file gyro_build_sparse_ampere.f90)

Name  Messages
----  --------
CHAR(Intrinsic)
      Defined as:  No definitions.

                   No calls.  It is not called and does not use any procedure.

      Interface:   None

Name  Messages
----  --------
GYRO_BUILD_SPARSE_AMPERE
      Defined as:  Subroutine (line 8, file gyro_build_sparse_ampere.f90)

      Interface:   None

      Calls:       CATCH_ERROR (Line 85, file gyro_build_sparse_ampere.f90)

        Uses:      GYRO_GLOBALS
                   GYRO_COLLISION_PRIVATE
                   MATH_CONSTANTS

Name  Messages
----  --------
GYRO_COLLISION_PRIVATE
      Defined as:  No definitions.

      Used By:     GYRO_BUILD_SPARSE_AMPERE

Name  Messages
----  --------
GYRO_GLOBALS
      Defined as:  No definitions.

      Used By:     GYRO_BUILD_SPARSE_AMPERE

Name  Messages
----  --------
MATH_CONSTANTS
      Defined as:  No definitions.

      Used By:     GYRO_BUILD_SPARSE_AMPERE


%%%%%%%%%%%%%%%%%%%%%%%%%%%%%%%%%%%%%%%%%%%%%%%%%%%%%%%%%%%%%%%%%%%%%%%%%%%%%%%%
%%%%%%%%%%%%%%%%%%%%%%%%%%%%%%%%%%%%%%%%%%%%%%%%%%%%%%%%%%%%%%%%%%%%%%%%%%%%%%%%
