%%%%%%%%%%%%%%%%%%%%%%%%%%%%%%%%%%%%%%%%%%%%%%%%%%%%%%%%%%%%%%%%%%%%%%%%%%%%%%%%
                          S u m m a r y   R e p o r t
%%%%%%%%%%%%%%%%%%%%%%%%%%%%%%%%%%%%%%%%%%%%%%%%%%%%%%%%%%%%%%%%%%%%%%%%%%%%%%%%

Compilation
-----------
File     : /global/u2/b/bassem/gyro-EP/src/gyro_alloc_velocity.f90
Compiled : 01/19/21  15:35:28
Compiler : Version 9.1.0
Ftnlx    : Version 9.1.0 
Target   : x86-64
Command  : ftn_driver.exe -hcpu=haswell -hdynamic -D__CRAYXC -D__CRAY_HASWELL
           -D__CRAYXT_COMPUTE_LINUX_TARGET -hnetwork=aries -hnoomp -em
           -J/global/homes/b/bassem/gyro-EP/modules -sreal64 -eD -Ktrap=fp -m1
           -Rbcdps -G0 -I/opt/cray/pe/fftw/3.3.8.4/haswell/include
           -c gyro_alloc_velocity.f90
           -I/opt/cray/pe/cce/9.1.0/cce-clang/x86_64/lib/clang/9.0.0/include
           -I/opt/cray/pe/cce/9.1.0/cce/x86_64/include/craylibs -I/usr/include
           -I/usr/include -I/opt/cray/pe/fftw/3.3.8.4/haswell/include
           -I/opt/cray/pe/libsci/19.06.1/CRAY/9.0/x86_64/include
           -I/opt/cray/pe/mpt/7.7.10/gni/mpich-cray/9.0/include
           -I/opt/cray/pe/hdf5/1.10.5.2/cray/9.0/include
           -I/opt/cray/pe/netcdf/4.6.3.2/cray/9.0/include
           -I/opt/cray/rca/2.2.20-7.0.1.1_4.53__g8e3fb5b.ari/include
           -I/opt/cray/alps/6.6.58-7.0.1.1_6.10__g437d88db.ari/include
           -I/opt/cray/xpmem/2.2.20-7.0.1.1_4.14__g0475745.ari/include
           -I/opt/cray/gni-headers/5.0.12.0-7.0.1.1_6.32__g3b1768f.ari/include
           -I/opt/cray/dmapp/7.1.1-7.0.1.1_4.54__g38cf134.ari/include
           -I/opt/cray/pe/pmi/5.0.14/include
           -I/opt/cray/ugni/6.0.14.0-7.0.1.1_7.40__ge78e5b0.ari/include
           -I/opt/cray/udreg/2.3.2-7.0.1.1_3.38__g8175d3d.ari/include
           -I/opt/cray/wlm_detect/1.3.3-7.0.1.1_4.16__g7109084.ari/include
           -I/opt/cray/krca/2.2.6-7.0.1.1_5.39__gb641b12.ari/include
           -I/opt/cray-hss-devel/9.0.0/include
Program
  Units  : GYRO_ALLOC_VELOCITY

ftnlx report
------------
Source   : /global/u2/b/bassem/gyro-EP/src/gyro_alloc_velocity.f90
Date     : 01/19/2021  15:35:28


%%%%%%%%%%%%%%%%%%%%%%%%%%%%%%%%%%%%%%%%%%%%%%%%%%%%%%%%%%%%%%%%%%%%%%%%%%%%%%%%
                          S o u r c e   L i s t i n g
%%%%%%%%%%%%%%%%%%%%%%%%%%%%%%%%%%%%%%%%%%%%%%%%%%%%%%%%%%%%%%%%%%%%%%%%%%%%%%%%

    1.    !----------------------------------------------------------
    2.    ! gyro_alloc_velocity
    3.    !
    4.    ! PURPOSE:
    5.    !  Create and destroy velocity-space arrays.
    6.    !
    7.    ! NOTES:
    8.    !  flag=0: deallocate
    9.    !  flag=1: allocate
   10.    !----------------------------------------------------------
   11.    
   12.    subroutine gyro_alloc_velocity(flag)
   13.    
   14.      use gyro_globals
   15.    
   16.      integer, intent(in) :: flag
   17.    
   18.      if (flag == 1 .and. allocated(lambda)) then
   19.         if (i_proc == 0) then
   20.            print *,'WARNING: already allocated arrays in gyro_alloc_velocity'
   21.         endif
   22.         return
   23.      endif
   24.    
   25.      if (flag == 0 .and. .not.allocated(lambda)) then
   26.         if (i_proc == 0) then
   27.            print *,'WARNING: cannot deallocate arrays in gyro_alloc_velocity'
   28.         endif
   29.         return
   30.      endif
   31.    
   32.      if (flag == 1) then
   33.    
   34.         ! Lambda grid 
   35.         allocate(lambda(n_x,n_lambda))
   36.         allocate(s_lambda(n_lambda))
   37.         allocate(w_lambda(n_x,n_lambda))
   38.         allocate(lambda_tp(n_x))
   39.         allocate(lambda_max(n_x))
   40.    
   41.         ! Weights
   42.         allocate(w_p(n_energy,n_x,n_lambda))
   43.    
   44.         allocate(class(n_lambda))
   45.    
   46.      else 
   47.    
   48.         deallocate(lambda)
   49.         deallocate(s_lambda)
   50.         deallocate(w_lambda)
   51.         deallocate(lambda_tp)
   52.         deallocate(lambda_max)
   53.    
   54.         deallocate(w_p)
   55.    
   56.         deallocate(class)
   57.    
   58.      endif
   59.    
   60.      if ((debug_flag == 1) .and. (i_proc == 0)) then
   61.        print *, '[gyro_alloc_velocity done]'
   62.      endif
   63.      if (debug_flag == 1) call send_line('[gyro_alloc_velocity done]')
   64.    
   65.    end subroutine gyro_alloc_velocity


%%%%%%%%%%%%%%%%%%%%%%%%%%%%%%%%%%%%%%%%%%%%%%%%%%%%%%%%%%%%%%%%%%%%%%%%%%%%%%%%
                         E x t e r n a l   R e p o r t
%%%%%%%%%%%%%%%%%%%%%%%%%%%%%%%%%%%%%%%%%%%%%%%%%%%%%%%%%%%%%%%%%%%%%%%%%%%%%%%%

Name  Messages
----  --------
ALLOCATED(Intrinsic)
      Defined as:  No definitions.

      Interface:   None

      Called By:   GYRO_ALLOC_VELOCITY (Line 18, file gyro_alloc_velocity.f90)
                   GYRO_ALLOC_VELOCITY (Line 25, file gyro_alloc_velocity.f90)

Name  Messages
----  --------
CHAR(Intrinsic)
      Defined as:  No definitions.

                   No calls.  It is not called and does not use any procedure.

      Interface:   None

Name  Messages
----  --------
GYRO_ALLOC_VELOCITY
      Defined as:  Subroutine (line 12, file gyro_alloc_velocity.f90)

      Interface:   None

      Calls:       ALLOCATED(Intrinsic) (Line 18, file gyro_alloc_velocity.f90)
                   ALLOCATED(Intrinsic) (Line 25, file gyro_alloc_velocity.f90)
                   SEND_LINE (Line 63, file gyro_alloc_velocity.f90)

        Uses:      GYRO_GLOBALS

Name  Messages
----  --------
GYRO_GLOBALS
      Defined as:  No definitions.

      Used By:     GYRO_ALLOC_VELOCITY

Name  Messages
----  --------
SEND_LINE
      Defined as:  No definitions.

      Interface:   None

      Called By:   GYRO_ALLOC_VELOCITY (Line 63, file gyro_alloc_velocity.f90)

Name  Messages
----  --------
_ALLOCATED(Intrinsic)
      Defined as:  No definitions.

                   No calls.  It is not called and does not use any procedure.

      Interface:   None


%%%%%%%%%%%%%%%%%%%%%%%%%%%%%%%%%%%%%%%%%%%%%%%%%%%%%%%%%%%%%%%%%%%%%%%%%%%%%%%%
%%%%%%%%%%%%%%%%%%%%%%%%%%%%%%%%%%%%%%%%%%%%%%%%%%%%%%%%%%%%%%%%%%%%%%%%%%%%%%%%
