%%%%%%%%%%%%%%%%%%%%%%%%%%%%%%%%%%%%%%%%%%%%%%%%%%%%%%%%%%%%%%%%%%%%%%%%%%%%%%%%
                          S u m m a r y   R e p o r t
%%%%%%%%%%%%%%%%%%%%%%%%%%%%%%%%%%%%%%%%%%%%%%%%%%%%%%%%%%%%%%%%%%%%%%%%%%%%%%%%

Compilation
-----------
File     : /global/u2/b/bassem/gyro-EP/src/gyro_operators_on_h.f90
Compiled : 01/19/21  15:35:47
Compiler : Version 9.1.0
Ftnlx    : Version 9.1.0 
Target   : x86-64
Command  : ftn_driver.exe -hcpu=haswell -hdynamic -D__CRAYXC -D__CRAY_HASWELL
           -D__CRAYXT_COMPUTE_LINUX_TARGET -hnetwork=aries -hnoomp -em
           -J/global/homes/b/bassem/gyro-EP/modules -sreal64 -eD -Ktrap=fp -m1
           -Rbcdps -G0 -I/opt/cray/pe/fftw/3.3.8.4/haswell/include
           -c gyro_operators_on_h.f90
           -I/opt/cray/pe/cce/9.1.0/cce-clang/x86_64/lib/clang/9.0.0/include
           -I/opt/cray/pe/cce/9.1.0/cce/x86_64/include/craylibs -I/usr/include
           -I/usr/include -I/opt/cray/pe/fftw/3.3.8.4/haswell/include
           -I/opt/cray/pe/libsci/19.06.1/CRAY/9.0/x86_64/include
           -I/opt/cray/pe/mpt/7.7.10/gni/mpich-cray/9.0/include
           -I/opt/cray/pe/hdf5/1.10.5.2/cray/9.0/include
           -I/opt/cray/pe/netcdf/4.6.3.2/cray/9.0/include
           -I/opt/cray/rca/2.2.20-7.0.1.1_4.53__g8e3fb5b.ari/include
           -I/opt/cray/alps/6.6.58-7.0.1.1_6.10__g437d88db.ari/include
           -I/opt/cray/xpmem/2.2.20-7.0.1.1_4.14__g0475745.ari/include
           -I/opt/cray/gni-headers/5.0.12.0-7.0.1.1_6.32__g3b1768f.ari/include
           -I/opt/cray/dmapp/7.1.1-7.0.1.1_4.54__g38cf134.ari/include
           -I/opt/cray/pe/pmi/5.0.14/include
           -I/opt/cray/ugni/6.0.14.0-7.0.1.1_7.40__ge78e5b0.ari/include
           -I/opt/cray/udreg/2.3.2-7.0.1.1_3.38__g8175d3d.ari/include
           -I/opt/cray/wlm_detect/1.3.3-7.0.1.1_4.16__g7109084.ari/include
           -I/opt/cray/krca/2.2.6-7.0.1.1_5.39__gb641b12.ari/include
           -I/opt/cray-hss-devel/9.0.0/include
Program
  Units  : GYRO_OPERATORS_ON_H

ftnlx report
------------
Source   : /global/u2/b/bassem/gyro-EP/src/gyro_operators_on_h.f90
Date     : 01/19/2021  15:35:47


%%%%%%%%%%%%%%%%%%%%%%%%%%%%%%%%%%%%%%%%%%%%%%%%%%%%%%%%%%%%%%%%%%%%%%%%%%%%%%%%
                          S o u r c e   L i s t i n g
%%%%%%%%%%%%%%%%%%%%%%%%%%%%%%%%%%%%%%%%%%%%%%%%%%%%%%%%%%%%%%%%%%%%%%%%%%%%%%%%

    1.    !-----------------------------------------------------
    2.    ! gyro_operators_on_h.f90
    3.    !
    4.    ! PURPOSE:
    5.    !  Given h, compute the gyroaverages for all gyrokinetic 
    6.    !  species, and limiting forms for DK electrons.
    7.    !
    8.    !  This is valid for periodic OR nonperiodic boundary
    9.    !  conditions. 
   10.    !
   11.    !  NOTE:
   12.    !   This routine is expensive so some coding is inelegant 
   13.    !   for the sake of speed.
   14.    !-----------------------------------------------------
   15.    
   16.    subroutine gyro_operators_on_h
   17.    
   18.      use gyro_globals
   19.      use gyro_pointers
   20.    
   21.      !-------------------------------------------------------
   22.      implicit none
   23.      !
   24.      complex :: temp
   25.      complex :: temp2
   26.      complex, dimension(n_stack,i1_buffer:i2_buffer) :: hh
   27.      !-------------------------------------------------------
   28.    
   29.      call gyro_timer_in('Gyroave-h')
   30.    
   31.      !-------------------------------------------------------
   32.      ! Gyrokinetic species:
   33.      !
   34.      p_nek_loc = 0
   35.      do p_nek=1+i_proc_1,n_nek_1,n_proc_1
   36.    
   37.         p_nek_loc = p_nek_loc+1
   38.    
   39.         ie = nek_e(p_nek)  
   40.         k  = nek_k(p_nek)   
   41.    
   42.         ck = class(k)
   43.    
   44.         do is=1,n_gk
   45.    
   46.            do i=1,n_x
   47.               hh(:,i) = h(:,i,p_nek_loc,is)
ftn-6262 ftn: VECTOR GYRO_OPERATORS_ON_H, File = gyro_operators_on_h.f90, Line = 47 
  A loop starting at line 47 was not vectorized because it contains a call to a subroutine or function on line 47.

   48.            enddo
   49.            if (boundary_method == 1) then
   50.               do i=1-m_gyro,0
   51.                  hh(:,i) = h(:,i+n_x,p_nek_loc,is)
ftn-6262 ftn: VECTOR GYRO_OPERATORS_ON_H, File = gyro_operators_on_h.f90, Line = 51 
  A loop starting at line 51 was not vectorized because it contains a call to a subroutine or function on line 51.

   52.               enddo
   53.               do i=n_x+1,n_x+m_gyro-i_gyro
   54.                  hh(:,i) = h(:,i-n_x,p_nek_loc,is)
ftn-6262 ftn: VECTOR GYRO_OPERATORS_ON_H, File = gyro_operators_on_h.f90, Line = 54 
  A loop starting at line 54 was not vectorized because it contains a call to a subroutine or function on line 54.

   55.               enddo
   56.            else
   57.               do i=1-m_gyro,0
   58.                  hh(:,i) = 0.0
ftn-6263 ftn: VECTOR GYRO_OPERATORS_ON_H, File = gyro_operators_on_h.f90, Line = 58 
  A loop starting at line 58 was not vectorized because it contains a reference to a non-vector intrinsic on line 58.

   59.               enddo
   60.               do i=n_x+1,n_x+m_gyro
   61.                  hh(:,i) = 0.0
ftn-6263 ftn: VECTOR GYRO_OPERATORS_ON_H, File = gyro_operators_on_h.f90, Line = 61 
  A loop starting at line 61 was not vectorized because it contains a reference to a non-vector intrinsic on line 61.

   62.               enddo
   63.            endif
   64.    
   65.            if (n_field < 3) then
   66.    
   67.    !$omp parallel do private(m,i_diff,temp)
   68.               do i=1,n_x
   69.                  do m=1,n_stack
   70.                     temp = (0.0,0.0)
   71.                     do i_diff=-m_gyro,m_gyro-i_gyro
   72.                        temp = temp+&
   73.                             w_gyro0(m,i_diff,i,p_nek_loc,is)*hh(m,i+i_diff)
   74.                     enddo ! i_diff
   75.                     gyro_h(m,i,p_nek_loc,is) = temp
   76.                  enddo ! m
   77.               enddo ! i
   78.    !$omp end parallel do
   79.    
   80.            else
   81.    
   82.    !$omp parallel do private(i_diff,m,temp,temp2)
   83.               do i=1,n_x
   84.                  do m=1,n_stack
   85.                     temp = (0.0,0.0)
   86.                     temp2 = (0.0,0.0)
   87.                     do i_diff=-m_gyro,m_gyro-i_gyro
   88.                        temp = temp+&
   89.                             w_gyro0(m,i_diff,i,p_nek_loc,is)*hh(m,i+i_diff)
   90.                        temp2 = temp2+&
   91.                             w_gyro1(m,i_diff,i,p_nek_loc,is)*hh(m,i+i_diff)
   92.                     enddo ! i_diff
   93.                     gyro_h(m,i,p_nek_loc,is) = temp
   94.                     gyro_h_aperp(m,i,p_nek_loc,is) = temp2
   95.                  enddo ! m
   96.               enddo ! i
   97.    !$omp end parallel do
   98.    
   99.            endif
  100.    
  101.         enddo ! is
  102.      enddo ! p_nek
  103.      !-------------------------------------------------------
  104.    
  105.      !-------------------------------------------------------
  106.      ! Drift-kinetic electrons:
  107.      !
  108.      ! J0        -> 1
  109.      ! (J0+J2)/2 -> 1/2
  110.      !
  111.      if (electron_method == 2) then
  112.         gyro_h(:,:,:,n_spec) = h(:,:,:,n_spec)
ftn-6262 ftn: VECTOR GYRO_OPERATORS_ON_H, File = gyro_operators_on_h.f90, Line = 112 
  A loop starting at line 112 was not vectorized because it contains a call to a subroutine or function on line 112.

  113.         if (n_field > 2) gyro_h_aperp(:,:,:,n_spec) = 0.5*h(:,:,:,n_spec)
ftn-6262 ftn: VECTOR GYRO_OPERATORS_ON_H, File = gyro_operators_on_h.f90, Line = 113 
  A loop starting at line 113 was not vectorized because it contains a call to a subroutine or function on line 113.

  114.      endif
  115.      !-------------------------------------------------------
  116.    
  117.      call gyro_timer_out('Gyroave-h')
  118.    
  119.      if (debug_flag == 1 .and. i_proc == 0) then
  120.         print *,'[gyro_operators_on_h done]'
  121.      endif
  122.    
  123.    end subroutine gyro_operators_on_h


%%%%%%%%%%%%%%%%%%%%%%%%%%%%%%%%%%%%%%%%%%%%%%%%%%%%%%%%%%%%%%%%%%%%%%%%%%%%%%%%
                         E x t e r n a l   R e p o r t
%%%%%%%%%%%%%%%%%%%%%%%%%%%%%%%%%%%%%%%%%%%%%%%%%%%%%%%%%%%%%%%%%%%%%%%%%%%%%%%%

Name  Messages
----  --------
CHAR(Intrinsic)
      Defined as:  No definitions.

                   No calls.  It is not called and does not use any procedure.

      Interface:   None

Name  Messages
----  --------
GYRO_GLOBALS
      Defined as:  No definitions.

      Used By:     GYRO_OPERATORS_ON_H

Name  Messages
----  --------
GYRO_OPERATORS_ON_H
      Defined as:  Subroutine (line 16, file gyro_operators_on_h.f90)

      Interface:   None

      Calls:       GYRO_TIMER_OUT (Line 117, file gyro_operators_on_h.f90)

        Uses:      GYRO_GLOBALS
                   GYRO_POINTERS

Name  Messages
----  --------
GYRO_POINTERS
      Defined as:  No definitions.

      Used By:     GYRO_OPERATORS_ON_H

Name  Messages
----  --------
GYRO_TIMER_IN
      Defined as:  No definitions.

                   No calls.  It is not called and does not use any procedure.

      Interface:   None

Name  Messages
----  --------
GYRO_TIMER_OUT
      Defined as:  No definitions.

      Interface:   None

      Called By:   GYRO_OPERATORS_ON_H (Line 117, file gyro_operators_on_h.f90)


%%%%%%%%%%%%%%%%%%%%%%%%%%%%%%%%%%%%%%%%%%%%%%%%%%%%%%%%%%%%%%%%%%%%%%%%%%%%%%%%
%%%%%%%%%%%%%%%%%%%%%%%%%%%%%%%%%%%%%%%%%%%%%%%%%%%%%%%%%%%%%%%%%%%%%%%%%%%%%%%%
