%%%%%%%%%%%%%%%%%%%%%%%%%%%%%%%%%%%%%%%%%%%%%%%%%%%%%%%%%%%%%%%%%%%%%%%%%%%%%%%%
                          S u m m a r y   R e p o r t
%%%%%%%%%%%%%%%%%%%%%%%%%%%%%%%%%%%%%%%%%%%%%%%%%%%%%%%%%%%%%%%%%%%%%%%%%%%%%%%%

Compilation
-----------
File     : /global/u2/b/bassem/gyro-EP/src/gyro_field_plot.f90
Compiled : 01/19/21  15:35:36
Compiler : Version 9.1.0
Ftnlx    : Version 9.1.0 
Target   : x86-64
Command  : ftn_driver.exe -hcpu=haswell -hdynamic -D__CRAYXC -D__CRAY_HASWELL
           -D__CRAYXT_COMPUTE_LINUX_TARGET -hnetwork=aries -hnoomp -em
           -J/global/homes/b/bassem/gyro-EP/modules -sreal64 -eD -Ktrap=fp -m1
           -Rbcdps -G0 -I/opt/cray/pe/fftw/3.3.8.4/haswell/include
           -c gyro_field_plot.f90
           -I/opt/cray/pe/cce/9.1.0/cce-clang/x86_64/lib/clang/9.0.0/include
           -I/opt/cray/pe/cce/9.1.0/cce/x86_64/include/craylibs -I/usr/include
           -I/usr/include -I/opt/cray/pe/fftw/3.3.8.4/haswell/include
           -I/opt/cray/pe/libsci/19.06.1/CRAY/9.0/x86_64/include
           -I/opt/cray/pe/mpt/7.7.10/gni/mpich-cray/9.0/include
           -I/opt/cray/pe/hdf5/1.10.5.2/cray/9.0/include
           -I/opt/cray/pe/netcdf/4.6.3.2/cray/9.0/include
           -I/opt/cray/rca/2.2.20-7.0.1.1_4.53__g8e3fb5b.ari/include
           -I/opt/cray/alps/6.6.58-7.0.1.1_6.10__g437d88db.ari/include
           -I/opt/cray/xpmem/2.2.20-7.0.1.1_4.14__g0475745.ari/include
           -I/opt/cray/gni-headers/5.0.12.0-7.0.1.1_6.32__g3b1768f.ari/include
           -I/opt/cray/dmapp/7.1.1-7.0.1.1_4.54__g38cf134.ari/include
           -I/opt/cray/pe/pmi/5.0.14/include
           -I/opt/cray/ugni/6.0.14.0-7.0.1.1_7.40__ge78e5b0.ari/include
           -I/opt/cray/udreg/2.3.2-7.0.1.1_3.38__g8175d3d.ari/include
           -I/opt/cray/wlm_detect/1.3.3-7.0.1.1_4.16__g7109084.ari/include
           -I/opt/cray/krca/2.2.6-7.0.1.1_5.39__gb641b12.ari/include
           -I/opt/cray-hss-devel/9.0.0/include
Program
  Units  : GYRO_FIELD_PLOT

ftnlx report
------------
Source   : /global/u2/b/bassem/gyro-EP/src/gyro_field_plot.f90
Date     : 01/19/2021  15:35:36


%%%%%%%%%%%%%%%%%%%%%%%%%%%%%%%%%%%%%%%%%%%%%%%%%%%%%%%%%%%%%%%%%%%%%%%%%%%%%%%%
                          S o u r c e   L i s t i n g
%%%%%%%%%%%%%%%%%%%%%%%%%%%%%%%%%%%%%%%%%%%%%%%%%%%%%%%%%%%%%%%%%%%%%%%%%%%%%%%%

    1.    !---------------------------------------------------------
    2.    ! gyro_field_plot.f90
    3.    !
    4.    ! PURPOSE:
    5.    !  Generate interpolation of fields suitable for plotting.
    6.    !---------------------------------------------------------
    7.    
    8.    subroutine gyro_field_plot
    9.    
   10.      use gyro_globals
   11.      use gyro_pointers
   12.      use math_constants
   13.    
   14.      !---------------------------------------------------
   15.      implicit none
   16.      !
   17.      integer :: j_plot
   18.      !  
   19.      complex, dimension(n_theta_plot,n_x) :: phi_tmp
   20.      complex, dimension(n_blend,n_x) :: c0_tmp
   21.      !---------------------------------------------------
   22.    
   23.      if (alltime_index == 0) phi_plot = (0.0,0.0)
ftn-6332 ftn: VECTOR GYRO_FIELD_PLOT, File = gyro_field_plot.f90, Line = 23 
  A loop starting at line 23 was not vectorized because it does not map well onto the target architecture.

   24.    
   25.      !--------------------------------------------
   26.      ! Define the plot-averaging weights.  This is 
   27.      ! so fast we can do it at every step, thus 
   28.      ! avoiding complicated logic for t=0.
   29.      !
   30.      if (step == 0) then
   31.    
   32.         ! Special case: t = 0
   33.    
   34.         w_time(:) = 1.0
ftn-6263 ftn: VECTOR GYRO_FIELD_PLOT, File = gyro_field_plot.f90, Line = 34 
  A loop starting at line 34 was not vectorized because it contains a reference to a non-vector intrinsic on line 34.

   35.    
   36.      else
   37.    
   38.         if (plot_filter > 0.0) then
   39.    
   40.            ! Time-averaging with response kernel:
   41.            !
   42.            !         time_skip
   43.            ! f(i) =   Sum  f(i-(time_skip-j))*w_time(j)
   44.            !          j=1
   45.            !
   46.            ! The fall-off given by the w_time weights is
   47.            ! exponential with decay time, plot_filter.        
   48.    
   49.            do i=1,time_skip
   50.               w_time(i) = exp(-abs(i-time_skip)/plot_filter)
   51.            enddo
   52.    
   53.            w_time(:) = w_time(:)/sum(w_time(:))
ftn-6263 ftn: VECTOR GYRO_FIELD_PLOT, File = gyro_field_plot.f90, Line = 53 
  A loop starting at line 53 was not vectorized because it contains a reference to a non-vector intrinsic on line 53.

   54.    
   55.         else
   56.    
   57.            ! If plot_filter = 0.0, use instantaneous 
   58.            ! limit:
   59.    
   60.            w_time(:) = 0.0
ftn-6263 ftn: VECTOR GYRO_FIELD_PLOT, File = gyro_field_plot.f90, Line = 60 
  A loop starting at line 60 was not vectorized because it contains a reference to a non-vector intrinsic on line 60.

   61.            w_time(time_skip) = 1.0
   62.    
   63.         endif
   64.    
   65.      endif
   66.    
   67.      !---------------------------------------------------------
   68.      ! Phi, A_parallel, B_parallel
   69.      !
   70.      do ix=1,n_field
   71.    
   72.         c0_tmp(:,:) = field_blend(:,:,ix)
ftn-6262 ftn: VECTOR GYRO_FIELD_PLOT, File = gyro_field_plot.f90, Line = 72 
  A loop starting at line 72 was not vectorized because it contains a call to a subroutine or function on line 72.

   73.    
   74.         do i=1,n_x
   75.            do j_plot=1,n_theta_plot
   76.    
   77.               phi_tmp(j_plot,i) = sum(c0_tmp(:,i)*blend_plot(:,j_plot,i))
ftn-6262 ftn: VECTOR GYRO_FIELD_PLOT, File = gyro_field_plot.f90, Line = 77 
  A loop starting at line 77 was not vectorized because it contains a call to a subroutine or function on line 77.

   78.    
   79.            enddo ! j_plot
   80.         enddo ! i
   81.    
   82.         phi_plot(:,:,ix) = phi_plot(:,:,ix)+&
ftn-6262 ftn: VECTOR GYRO_FIELD_PLOT, File = gyro_field_plot.f90, Line = 82 
  A loop starting at line 82 was not vectorized because it contains a call to a subroutine or function on line 82.

   83.              w_time(alltime_index+1)*phi_tmp(:,:)
   84.    
   85.      enddo
   86.      !---------------------------------------------------------
   87.    
   88.      !---------------------------------------------------------
   89.      ! E_parallel 
   90.      !
   91.      if (eparallel_plot_flag == 1) then
   92.    
   93.         do i=1,n_x
   94.            do j_plot=1,n_theta_plot
   95.    
   96.               if (n_field > 1) then
   97.    
   98.                  phi_tmp(j_plot,i) = -sum(field_blend_dot(:,i,2)*blend_plot(:,j_plot,i)) &
ftn-6262 ftn: VECTOR GYRO_FIELD_PLOT, File = gyro_field_plot.f90, Line = 98 
  A loop starting at line 98 was not vectorized because it contains a call to a subroutine or function on line 98.

   99.                       -sum(field_blend(:,i,1)*blend_prime_plot(:,j_plot,i)) &
  100.                       /rmaj_s(i)/q_s(i)/g_theta_plot(i,j_plot)
  101.    
  102.               else
  103.    
  104.                  phi_tmp(j_plot,i) = &
ftn-6262 ftn: VECTOR GYRO_FIELD_PLOT, File = gyro_field_plot.f90, Line = 104 
  A loop starting at line 104 was not vectorized because it contains a call to a subroutine or function on line 104.

  105.                       -sum(field_blend(:,i,1)*blend_prime_plot(:,j_plot,i)) &
  106.                       /rmaj_s(i)/q_s(i)/g_theta_plot(i,j_plot)
  107.    
  108.               endif
  109.    
  110.    
  111.            enddo ! j_plot
  112.         enddo ! i
  113.    
  114.         phi_plot(:,:,n_field+1) = phi_plot(:,:,n_field+1)+&
ftn-6262 ftn: VECTOR GYRO_FIELD_PLOT, File = gyro_field_plot.f90, Line = 114 
  A loop starting at line 114 was not vectorized because it contains a call to a subroutine or function on line 114.

  115.              w_time(alltime_index+1)*phi_tmp(:,:)
  116.    
  117.      endif
  118.      !---------------------------------------------------------
  119.    
  120.      if (i_proc == 0 .and. debug_flag == 1) then
  121.         print *,'[gyro_field_plot done]' 
  122.      endif
  123.    
  124.    end subroutine gyro_field_plot


%%%%%%%%%%%%%%%%%%%%%%%%%%%%%%%%%%%%%%%%%%%%%%%%%%%%%%%%%%%%%%%%%%%%%%%%%%%%%%%%
                         E x t e r n a l   R e p o r t
%%%%%%%%%%%%%%%%%%%%%%%%%%%%%%%%%%%%%%%%%%%%%%%%%%%%%%%%%%%%%%%%%%%%%%%%%%%%%%%%

Name  Messages
----  --------
ABS(Intrinsic)
      Defined as:  No definitions.

      Interface:   None

      Called By:   GYRO_FIELD_PLOT (Line 50, file gyro_field_plot.f90)

Name  Messages
----  --------
CHAR(Intrinsic)
      Defined as:  No definitions.

                   No calls.  It is not called and does not use any procedure.

      Interface:   None

Name  Messages
----  --------
EXP(Intrinsic)
      Defined as:  No definitions.

      Interface:   None

      Called By:   GYRO_FIELD_PLOT (Line 50, file gyro_field_plot.f90)

Name  Messages
----  --------
GYRO_FIELD_PLOT
      Defined as:  Subroutine (line 8, file gyro_field_plot.f90)

      Interface:   None

      Calls:       ABS(Intrinsic) (Line 50, file gyro_field_plot.f90)
                   EXP(Intrinsic) (Line 50, file gyro_field_plot.f90)
                   SUM(Intrinsic) (Line 53, file gyro_field_plot.f90)
                   SUM(Intrinsic) (Line 77, file gyro_field_plot.f90)
                   SUM(Intrinsic) (Line 98, file gyro_field_plot.f90)
                   SUM(Intrinsic) (Line 99, file gyro_field_plot.f90)
                   SUM(Intrinsic) (Line 105, file gyro_field_plot.f90)

        Uses:      GYRO_GLOBALS
                   GYRO_POINTERS
                   MATH_CONSTANTS

Name  Messages
----  --------
GYRO_GLOBALS
      Defined as:  No definitions.

      Used By:     GYRO_FIELD_PLOT

Name  Messages
----  --------
GYRO_POINTERS
      Defined as:  No definitions.

      Used By:     GYRO_FIELD_PLOT

Name  Messages
----  --------
MATH_CONSTANTS
      Defined as:  No definitions.

      Used By:     GYRO_FIELD_PLOT

Name  Messages
----  --------
SUM(Intrinsic)
      Defined as:  No definitions.

      Interface:   None

      Called By:   GYRO_FIELD_PLOT (Line 53, file gyro_field_plot.f90)
                   GYRO_FIELD_PLOT (Line 77, file gyro_field_plot.f90)
                   GYRO_FIELD_PLOT (Line 98, file gyro_field_plot.f90)
                   GYRO_FIELD_PLOT (Line 99, file gyro_field_plot.f90)
                   GYRO_FIELD_PLOT (Line 105, file gyro_field_plot.f90)

Name  Messages
----  --------
__SUM(Intrinsic)
      Defined as:  No definitions.

                   No calls.  It is not called and does not use any procedure.

      Interface:   None


%%%%%%%%%%%%%%%%%%%%%%%%%%%%%%%%%%%%%%%%%%%%%%%%%%%%%%%%%%%%%%%%%%%%%%%%%%%%%%%%
%%%%%%%%%%%%%%%%%%%%%%%%%%%%%%%%%%%%%%%%%%%%%%%%%%%%%%%%%%%%%%%%%%%%%%%%%%%%%%%%
