%%%%%%%%%%%%%%%%%%%%%%%%%%%%%%%%%%%%%%%%%%%%%%%%%%%%%%%%%%%%%%%%%%%%%%%%%%%%%%%%
                          S u m m a r y   R e p o r t
%%%%%%%%%%%%%%%%%%%%%%%%%%%%%%%%%%%%%%%%%%%%%%%%%%%%%%%%%%%%%%%%%%%%%%%%%%%%%%%%

Compilation
-----------
File     : /global/u2/b/bassem/gyro-EP/src/gyro_nl_private.f90
Compiled : 01/19/21  15:35:25
Compiler : Version 9.1.0
Ftnlx    : Version 9.1.0 
Target   : x86-64
Command  : ftn_driver.exe -hcpu=haswell -hdynamic -D__CRAYXC -D__CRAY_HASWELL
           -D__CRAYXT_COMPUTE_LINUX_TARGET -hnetwork=aries -hnoomp -em
           -J/global/homes/b/bassem/gyro-EP/modules -sreal64 -eD -Ktrap=fp -m1
           -Rbcdps -G0 -I/opt/cray/pe/fftw/3.3.8.4/haswell/include
           -c gyro_nl_private.f90
           -I/opt/cray/pe/cce/9.1.0/cce-clang/x86_64/lib/clang/9.0.0/include
           -I/opt/cray/pe/cce/9.1.0/cce/x86_64/include/craylibs -I/usr/include
           -I/usr/include -I/opt/cray/pe/fftw/3.3.8.4/haswell/include
           -I/opt/cray/pe/libsci/19.06.1/CRAY/9.0/x86_64/include
           -I/opt/cray/pe/mpt/7.7.10/gni/mpich-cray/9.0/include
           -I/opt/cray/pe/hdf5/1.10.5.2/cray/9.0/include
           -I/opt/cray/pe/netcdf/4.6.3.2/cray/9.0/include
           -I/opt/cray/rca/2.2.20-7.0.1.1_4.53__g8e3fb5b.ari/include
           -I/opt/cray/alps/6.6.58-7.0.1.1_6.10__g437d88db.ari/include
           -I/opt/cray/xpmem/2.2.20-7.0.1.1_4.14__g0475745.ari/include
           -I/opt/cray/gni-headers/5.0.12.0-7.0.1.1_6.32__g3b1768f.ari/include
           -I/opt/cray/dmapp/7.1.1-7.0.1.1_4.54__g38cf134.ari/include
           -I/opt/cray/pe/pmi/5.0.14/include
           -I/opt/cray/ugni/6.0.14.0-7.0.1.1_7.40__ge78e5b0.ari/include
           -I/opt/cray/udreg/2.3.2-7.0.1.1_3.38__g8175d3d.ari/include
           -I/opt/cray/wlm_detect/1.3.3-7.0.1.1_4.16__g7109084.ari/include
           -I/opt/cray/krca/2.2.6-7.0.1.1_5.39__gb641b12.ari/include
           -I/opt/cray-hss-devel/9.0.0/include
Program
  Units  : GYRO_NL_PRIVATE

ftnlx report
------------
Source   : /global/u2/b/bassem/gyro-EP/src/gyro_nl_private.f90
Date     : 01/19/2021  15:35:25


%%%%%%%%%%%%%%%%%%%%%%%%%%%%%%%%%%%%%%%%%%%%%%%%%%%%%%%%%%%%%%%%%%%%%%%%%%%%%%%%
                          S o u r c e   L i s t i n g
%%%%%%%%%%%%%%%%%%%%%%%%%%%%%%%%%%%%%%%%%%%%%%%%%%%%%%%%%%%%%%%%%%%%%%%%%%%%%%%%

    1.    !-----------------------------------------------------
    2.    ! gyro_nl_private.f90
    3.    !
    4.    ! PURPOSE:
    5.    !  Module for variables used in do_nl_x.f90.  This 
    6.    !  routine containts control parameters for 
    7.    !   1. Direct method
    8.    !   2. FFTW FFT
    9.    !   3. FFTW3 FFT
   10.    !   4. ESSL FFT
   11.    !-------------------------------------------------------
   12.    
   13.    module gyro_nl_private
   14.    
   15.      integer :: nn
   16.      integer :: n1
   17.      integer :: n2
   18.    
   19.      integer :: i_split
   20.    
   21.      real, dimension(:), allocatable :: c_nl_i
   22.    
   23.      integer, dimension(:), allocatable :: n_p
   24.      integer, dimension(:), allocatable :: i_p  
   25.    
   26.    
   27.      !-----------------------------------------------
   28.      ! Generic FFT dimensions
   29.      !
   30.      integer :: n_max_d
   31.      integer :: n_fft
   32.      !-----------------------------------------------
   33.    
   34.      !-----------------------------------------------
   35.      ! FFTW parameters:
   36.      !
   37.      integer(8) :: plan_f 
   38.      integer(8) :: plan_b
   39.      !
   40.      ! FFTW2
   41.      real, allocatable :: v_fft(:,:)
   42.      real, allocatable :: vt_fft(:,:)
   43.      !
   44.      ! FFTW3
   45.      real, allocatable :: v_fft3(:,:,:)
   46.      real, allocatable :: vt_fft3(:,:,:)
   47.      !-----------------------------------------------
   48.    
   49.      !-----------------------------------------------
   50.      ! ESSL-specific parameters:
   51.      !
   52.      real, dimension(:), allocatable :: aux1_dcrft
   53.      real, dimension(:), allocatable :: aux2_dcrft
   54.      !
   55.      real, dimension(:), allocatable :: aux1_drcft
   56.      real, dimension(:), allocatable :: aux2_drcft
   57.      !-----------------------------------------------
   58.    
   59.    end module gyro_nl_private


%%%%%%%%%%%%%%%%%%%%%%%%%%%%%%%%%%%%%%%%%%%%%%%%%%%%%%%%%%%%%%%%%%%%%%%%%%%%%%%%
                         E x t e r n a l   R e p o r t
%%%%%%%%%%%%%%%%%%%%%%%%%%%%%%%%%%%%%%%%%%%%%%%%%%%%%%%%%%%%%%%%%%%%%%%%%%%%%%%%

Name  Messages
----  --------
GYRO_NL_PRIVATE
      Defined as:  Module (line 13, file gyro_nl_private.f90)

                   Does not use any module and is not used by any procedure.


%%%%%%%%%%%%%%%%%%%%%%%%%%%%%%%%%%%%%%%%%%%%%%%%%%%%%%%%%%%%%%%%%%%%%%%%%%%%%%%%
%%%%%%%%%%%%%%%%%%%%%%%%%%%%%%%%%%%%%%%%%%%%%%%%%%%%%%%%%%%%%%%%%%%%%%%%%%%%%%%%
