%%%%%%%%%%%%%%%%%%%%%%%%%%%%%%%%%%%%%%%%%%%%%%%%%%%%%%%%%%%%%%%%%%%%%%%%%%%%%%%%
                          S u m m a r y   R e p o r t
%%%%%%%%%%%%%%%%%%%%%%%%%%%%%%%%%%%%%%%%%%%%%%%%%%%%%%%%%%%%%%%%%%%%%%%%%%%%%%%%

Compilation
-----------
File     : /global/u2/b/bassem/gyro-EP/src/gyro_sparse_solve_mumps.f90
Compiled : 01/19/21  15:35:50
Compiler : Version 9.1.0
Ftnlx    : Version 9.1.0 
Target   : x86-64
Command  : ftn_driver.exe -hcpu=haswell -hdynamic -D__CRAYXC -D__CRAY_HASWELL
           -D__CRAYXT_COMPUTE_LINUX_TARGET -hnetwork=aries -hnoomp -em
           -J/global/homes/b/bassem/gyro-EP/modules -sreal64 -eD -Ktrap=fp -m1
           -Rbcdps -G0 -I/opt/cray/pe/fftw/3.3.8.4/haswell/include
           -c gyro_sparse_solve_mumps.f90
           -I/opt/cray/pe/cce/9.1.0/cce-clang/x86_64/lib/clang/9.0.0/include
           -I/opt/cray/pe/cce/9.1.0/cce/x86_64/include/craylibs -I/usr/include
           -I/usr/include -I/opt/cray/pe/fftw/3.3.8.4/haswell/include
           -I/opt/cray/pe/libsci/19.06.1/CRAY/9.0/x86_64/include
           -I/opt/cray/pe/mpt/7.7.10/gni/mpich-cray/9.0/include
           -I/opt/cray/pe/hdf5/1.10.5.2/cray/9.0/include
           -I/opt/cray/pe/netcdf/4.6.3.2/cray/9.0/include
           -I/opt/cray/rca/2.2.20-7.0.1.1_4.53__g8e3fb5b.ari/include
           -I/opt/cray/alps/6.6.58-7.0.1.1_6.10__g437d88db.ari/include
           -I/opt/cray/xpmem/2.2.20-7.0.1.1_4.14__g0475745.ari/include
           -I/opt/cray/gni-headers/5.0.12.0-7.0.1.1_6.32__g3b1768f.ari/include
           -I/opt/cray/dmapp/7.1.1-7.0.1.1_4.54__g38cf134.ari/include
           -I/opt/cray/pe/pmi/5.0.14/include
           -I/opt/cray/ugni/6.0.14.0-7.0.1.1_7.40__ge78e5b0.ari/include
           -I/opt/cray/udreg/2.3.2-7.0.1.1_3.38__g8175d3d.ari/include
           -I/opt/cray/wlm_detect/1.3.3-7.0.1.1_4.16__g7109084.ari/include
           -I/opt/cray/krca/2.2.6-7.0.1.1_5.39__gb641b12.ari/include
           -I/opt/cray-hss-devel/9.0.0/include
Program
  Units  : GYRO_SPARSE_SOLVE_MUMPS

ftnlx report
------------
Source   : /global/u2/b/bassem/gyro-EP/src/gyro_sparse_solve_mumps.f90
Date     : 01/19/2021  15:35:50


%%%%%%%%%%%%%%%%%%%%%%%%%%%%%%%%%%%%%%%%%%%%%%%%%%%%%%%%%%%%%%%%%%%%%%%%%%%%%%%%
                          S o u r c e   L i s t i n g
%%%%%%%%%%%%%%%%%%%%%%%%%%%%%%%%%%%%%%%%%%%%%%%%%%%%%%%%%%%%%%%%%%%%%%%%%%%%%%%%

    1.    !---------------------------------
    2.    ! STUB
    3.    !---------------------------------
    4.    
    5.    subroutine gyro_sparse_solve_mumps(n_elem,n_row,matnum,i_solve)
    6.    
    7.      !---------------------------------------------------
    8.      integer, intent(in) :: n_elem
    9.      integer, intent(in) :: n_row
   10.      integer, intent(in) :: matnum
   11.      integer, intent(in) :: i_solve
   12.      !---------------------------------------------------
   13.    
   14.      call catch_error('ERROR: (GYRO) MUMPS not available.')
   15.    
   16.    end subroutine gyro_sparse_solve_mumps
ftn-5004 ftn: NOTE GYRO_SPARSE_SOLVE_MUMPS, File = gyro_sparse_solve_mumps.f90, Line = 16 
  Dummy argument "MATNUM" is not referenced or defined.

ftn-5004 ftn: NOTE GYRO_SPARSE_SOLVE_MUMPS, File = gyro_sparse_solve_mumps.f90, Line = 16 
  Dummy argument "N_ROW" is not referenced or defined.

ftn-5004 ftn: NOTE GYRO_SPARSE_SOLVE_MUMPS, File = gyro_sparse_solve_mumps.f90, Line = 16 
  Dummy argument "N_ELEM" is not referenced or defined.

ftn-5004 ftn: NOTE GYRO_SPARSE_SOLVE_MUMPS, File = gyro_sparse_solve_mumps.f90, Line = 16 
  Dummy argument "I_SOLVE" is not referenced or defined.



%%%%%%%%%%%%%%%%%%%%%%%%%%%%%%%%%%%%%%%%%%%%%%%%%%%%%%%%%%%%%%%%%%%%%%%%%%%%%%%%
                         E x t e r n a l   R e p o r t
%%%%%%%%%%%%%%%%%%%%%%%%%%%%%%%%%%%%%%%%%%%%%%%%%%%%%%%%%%%%%%%%%%%%%%%%%%%%%%%%

Name  Messages
----  --------
CATCH_ERROR
      Defined as:  No definitions.

      Interface:   None

      Called By:   GYRO_SPARSE_SOLVE_MUMPS (Line 14, file gyro_sparse_solve_mumps.f90)

Name  Messages
----  --------
GYRO_SPARSE_SOLVE_MUMPS
      Defined as:  Subroutine (line 5, file gyro_sparse_solve_mumps.f90)

      Interface:   None

      Calls:       CATCH_ERROR (Line 14, file gyro_sparse_solve_mumps.f90)


%%%%%%%%%%%%%%%%%%%%%%%%%%%%%%%%%%%%%%%%%%%%%%%%%%%%%%%%%%%%%%%%%%%%%%%%%%%%%%%%
%%%%%%%%%%%%%%%%%%%%%%%%%%%%%%%%%%%%%%%%%%%%%%%%%%%%%%%%%%%%%%%%%%%%%%%%%%%%%%%%
