%%%%%%%%%%%%%%%%%%%%%%%%%%%%%%%%%%%%%%%%%%%%%%%%%%%%%%%%%%%%%%%%%%%%%%%%%%%%%%%%
                          S u m m a r y   R e p o r t
%%%%%%%%%%%%%%%%%%%%%%%%%%%%%%%%%%%%%%%%%%%%%%%%%%%%%%%%%%%%%%%%%%%%%%%%%%%%%%%%

Compilation
-----------
File     : /global/u2/b/bassem/gyro-EP/src/gyro_initialize_arrays.f90
Compiled : 01/19/21  15:35:40
Compiler : Version 9.1.0
Ftnlx    : Version 9.1.0 
Target   : x86-64
Command  : ftn_driver.exe -hcpu=haswell -hdynamic -D__CRAYXC -D__CRAY_HASWELL
           -D__CRAYXT_COMPUTE_LINUX_TARGET -hnetwork=aries -hnoomp -em
           -J/global/homes/b/bassem/gyro-EP/modules -sreal64 -eD -Ktrap=fp -m1
           -Rbcdps -G0 -I/opt/cray/pe/fftw/3.3.8.4/haswell/include
           -c gyro_initialize_arrays.f90
           -I/opt/cray/pe/cce/9.1.0/cce-clang/x86_64/lib/clang/9.0.0/include
           -I/opt/cray/pe/cce/9.1.0/cce/x86_64/include/craylibs -I/usr/include
           -I/usr/include -I/opt/cray/pe/fftw/3.3.8.4/haswell/include
           -I/opt/cray/pe/libsci/19.06.1/CRAY/9.0/x86_64/include
           -I/opt/cray/pe/mpt/7.7.10/gni/mpich-cray/9.0/include
           -I/opt/cray/pe/hdf5/1.10.5.2/cray/9.0/include
           -I/opt/cray/pe/netcdf/4.6.3.2/cray/9.0/include
           -I/opt/cray/rca/2.2.20-7.0.1.1_4.53__g8e3fb5b.ari/include
           -I/opt/cray/alps/6.6.58-7.0.1.1_6.10__g437d88db.ari/include
           -I/opt/cray/xpmem/2.2.20-7.0.1.1_4.14__g0475745.ari/include
           -I/opt/cray/gni-headers/5.0.12.0-7.0.1.1_6.32__g3b1768f.ari/include
           -I/opt/cray/dmapp/7.1.1-7.0.1.1_4.54__g38cf134.ari/include
           -I/opt/cray/pe/pmi/5.0.14/include
           -I/opt/cray/ugni/6.0.14.0-7.0.1.1_7.40__ge78e5b0.ari/include
           -I/opt/cray/udreg/2.3.2-7.0.1.1_3.38__g8175d3d.ari/include
           -I/opt/cray/wlm_detect/1.3.3-7.0.1.1_4.16__g7109084.ari/include
           -I/opt/cray/krca/2.2.6-7.0.1.1_5.39__gb641b12.ari/include
           -I/opt/cray-hss-devel/9.0.0/include
Program
  Units  : GYRO_INITIALIZE_ARRAYS

ftnlx report
------------
Source   : /global/u2/b/bassem/gyro-EP/src/gyro_initialize_arrays.f90
Date     : 01/19/2021  15:35:40


%%%%%%%%%%%%%%%%%%%%%%%%%%%%%%%%%%%%%%%%%%%%%%%%%%%%%%%%%%%%%%%%%%%%%%%%%%%%%%%%
                          S o u r c e   L i s t i n g
%%%%%%%%%%%%%%%%%%%%%%%%%%%%%%%%%%%%%%%%%%%%%%%%%%%%%%%%%%%%%%%%%%%%%%%%%%%%%%%%

    1.    !----------------------------------------------------
    2.    ! gyro_initialize_arrays.f90
    3.    !
    4.    ! PURPOSE:
    5.    !  Post-allocation initialization of arrays.
    6.    !------------------------------------------------
    7.    
    8.    subroutine gyro_initialize_arrays
    9.    
   10.      use gyro_globals
   11.    
   12.      !---------------------------------------------------
   13.      implicit none
   14.      !---------------------------------------------------
   15.    
   16.      !---------------------------------------------------
   17.      h     = 0.0
ftn-6332 ftn: VECTOR GYRO_INITIALIZE_ARRAYS, File = gyro_initialize_arrays.f90, Line = 17 
  A loop starting at line 17 was not vectorized because it does not map well onto the target architecture.

   18.      h_old = 0.0
ftn-6332 ftn: VECTOR GYRO_INITIALIZE_ARRAYS, File = gyro_initialize_arrays.f90, Line = 18 
  A loop starting at line 18 was not vectorized because it does not map well onto the target architecture.

   19.      h_0   = 0.0
ftn-6332 ftn: VECTOR GYRO_INITIALIZE_ARRAYS, File = gyro_initialize_arrays.f90, Line = 19 
  A loop starting at line 19 was not vectorized because it does not map well onto the target architecture.

   20.      h_err = 0.0
ftn-6332 ftn: VECTOR GYRO_INITIALIZE_ARRAYS, File = gyro_initialize_arrays.f90, Line = 20 
  A loop starting at line 20 was not vectorized because it does not map well onto the target architecture.

   21.      source_n = 0.0
ftn-6209 ftn: VECTOR GYRO_INITIALIZE_ARRAYS, File = gyro_initialize_arrays.f90, Line = 21 
  A loop starting at line 21 was partially vectorized.

   22.      source_e = 0.0
ftn-6209 ftn: VECTOR GYRO_INITIALIZE_ARRAYS, File = gyro_initialize_arrays.f90, Line = 22 
  A loop starting at line 22 was partially vectorized.

   23.      h0_n = 0.0
ftn-6209 ftn: VECTOR GYRO_INITIALIZE_ARRAYS, File = gyro_initialize_arrays.f90, Line = 23 
  A loop starting at line 23 was partially vectorized.

   24.      h0_e = 0.0
ftn-6209 ftn: VECTOR GYRO_INITIALIZE_ARRAYS, File = gyro_initialize_arrays.f90, Line = 24 
  A loop starting at line 24 was partially vectorized.

   25.      !---------------------------------------------------
   26.    
   27.      !---------------------------------------------------
   28.      omega_linear = 0.0
ftn-6332 ftn: VECTOR GYRO_INITIALIZE_ARRAYS, File = gyro_initialize_arrays.f90, Line = 28 
  A loop starting at line 28 was not vectorized because it does not map well onto the target architecture.

   29.      time_error   = 0.0
ftn-6204 ftn: VECTOR GYRO_INITIALIZE_ARRAYS, File = gyro_initialize_arrays.f90, Line = 29 
  A loop starting at line 29 was vectorized.

   30.    
   31.      ! No field_blend
   32.      field_blend_dot  = 0.0
ftn-6332 ftn: VECTOR GYRO_INITIALIZE_ARRAYS, File = gyro_initialize_arrays.f90, Line = 32 
  A loop starting at line 32 was not vectorized because it does not map well onto the target architecture.

   33.      field_blend_old  = 0.0
ftn-6332 ftn: VECTOR GYRO_INITIALIZE_ARRAYS, File = gyro_initialize_arrays.f90, Line = 33 
  A loop starting at line 33 was not vectorized because it does not map well onto the target architecture.

   34.      field_blend_old2 = 0.0
ftn-6332 ftn: VECTOR GYRO_INITIALIZE_ARRAYS, File = gyro_initialize_arrays.f90, Line = 34 
  A loop starting at line 34 was not vectorized because it does not map well onto the target architecture.

   35.    
   36.      ! No field_tau
   37.      field_tau_old  = 0.0
ftn-6332 ftn: VECTOR GYRO_INITIALIZE_ARRAYS, File = gyro_initialize_arrays.f90, Line = 37 
  A loop starting at line 37 was not vectorized because it does not map well onto the target architecture.

   38.      field_tau_old2 = 0.0
ftn-6332 ftn: VECTOR GYRO_INITIALIZE_ARRAYS, File = gyro_initialize_arrays.f90, Line = 38 
  A loop starting at line 38 was not vectorized because it does not map well onto the target architecture.

   39.    
   40.      ! No cap_h 
   41.      h_cap      = 0.0
ftn-6332 ftn: VECTOR GYRO_INITIALIZE_ARRAYS, File = gyro_initialize_arrays.f90, Line = 41 
  A loop starting at line 41 was not vectorized because it does not map well onto the target architecture.

   42.      h_cap_dot  = 0.0
ftn-6332 ftn: VECTOR GYRO_INITIALIZE_ARRAYS, File = gyro_initialize_arrays.f90, Line = 42 
  A loop starting at line 42 was not vectorized because it does not map well onto the target architecture.

   43.      h_cap_old  = 0.0
ftn-6332 ftn: VECTOR GYRO_INITIALIZE_ARRAYS, File = gyro_initialize_arrays.f90, Line = 43 
  A loop starting at line 43 was not vectorized because it does not map well onto the target architecture.

   44.      h_cap_old2 = 0.0
ftn-6332 ftn: VECTOR GYRO_INITIALIZE_ARRAYS, File = gyro_initialize_arrays.f90, Line = 44 
  A loop starting at line 44 was not vectorized because it does not map well onto the target architecture.

   45.    
   46.      gyro_uv_old  = 0.0
ftn-6332 ftn: VECTOR GYRO_INITIALIZE_ARRAYS, File = gyro_initialize_arrays.f90, Line = 46 
  A loop starting at line 46 was not vectorized because it does not map well onto the target architecture.

   47.      gyro_uv_old2 = 0.0
ftn-6332 ftn: VECTOR GYRO_INITIALIZE_ARRAYS, File = gyro_initialize_arrays.f90, Line = 47 
  A loop starting at line 47 was not vectorized because it does not map well onto the target architecture.

   48.    
   49.      entropy(:,:)     = 0.0
ftn-6263 ftn: VECTOR GYRO_INITIALIZE_ARRAYS, File = gyro_initialize_arrays.f90, Line = 49 
  A loop starting at line 49 was not vectorized because it contains a reference to a non-vector intrinsic on line 49.

   50.      nl_transfer(:,:) = 0.0
ftn-6263 ftn: VECTOR GYRO_INITIALIZE_ARRAYS, File = gyro_initialize_arrays.f90, Line = 50 
  A loop starting at line 50 was not vectorized because it contains a reference to a non-vector intrinsic on line 50.

   51.      !---------------------------------------------------
   52.    
   53.      !---------------------------------------------------
   54.      ! Initialization to prevent MPI-grid errors
   55.      if (collision_flag == 1) then
   56.         f_coll  = 0.0
ftn-6332 ftn: VECTOR GYRO_INITIALIZE_ARRAYS, File = gyro_initialize_arrays.f90, Line = 56 
  A loop starting at line 56 was not vectorized because it does not map well onto the target architecture.

   57.         fb_coll = 0.0
ftn-6332 ftn: VECTOR GYRO_INITIALIZE_ARRAYS, File = gyro_initialize_arrays.f90, Line = 57 
  A loop starting at line 57 was not vectorized because it does not map well onto the target architecture.

   58.      endif
   59.      !---------------------------------------------------
   60.    
   61.      if (i_proc == 0 .and. debug_flag == 1) then
   62.         print *,'[gyro_initialize_arrays done]' 
   63.      endif
   64.    
   65.    end subroutine gyro_initialize_arrays


%%%%%%%%%%%%%%%%%%%%%%%%%%%%%%%%%%%%%%%%%%%%%%%%%%%%%%%%%%%%%%%%%%%%%%%%%%%%%%%%
                         E x t e r n a l   R e p o r t
%%%%%%%%%%%%%%%%%%%%%%%%%%%%%%%%%%%%%%%%%%%%%%%%%%%%%%%%%%%%%%%%%%%%%%%%%%%%%%%%

Name  Messages
----  --------
CHAR(Intrinsic)
      Defined as:  No definitions.

                   No calls.  It is not called and does not use any procedure.

      Interface:   None

Name  Messages
----  --------
GYRO_GLOBALS
      Defined as:  No definitions.

      Used By:     GYRO_INITIALIZE_ARRAYS

Name  Messages
----  --------
GYRO_INITIALIZE_ARRAYS
      Defined as:  Subroutine (line 8, file gyro_initialize_arrays.f90)

      Interface:   None

        Uses:      GYRO_GLOBALS


%%%%%%%%%%%%%%%%%%%%%%%%%%%%%%%%%%%%%%%%%%%%%%%%%%%%%%%%%%%%%%%%%%%%%%%%%%%%%%%%
%%%%%%%%%%%%%%%%%%%%%%%%%%%%%%%%%%%%%%%%%%%%%%%%%%%%%%%%%%%%%%%%%%%%%%%%%%%%%%%%
