%%%%%%%%%%%%%%%%%%%%%%%%%%%%%%%%%%%%%%%%%%%%%%%%%%%%%%%%%%%%%%%%%%%%%%%%%%%%%%%%
                          S u m m a r y   R e p o r t
%%%%%%%%%%%%%%%%%%%%%%%%%%%%%%%%%%%%%%%%%%%%%%%%%%%%%%%%%%%%%%%%%%%%%%%%%%%%%%%%

Compilation
-----------
File     : /global/u2/b/bassem/gyro-EP/src/gyro_profile_exp.f90
Compiled : 01/19/21  15:35:24
Compiler : Version 9.1.0
Ftnlx    : Version 9.1.0 
Target   : x86-64
Command  : ftn_driver.exe -hcpu=haswell -hdynamic -D__CRAYXC -D__CRAY_HASWELL
           -D__CRAYXT_COMPUTE_LINUX_TARGET -hnetwork=aries -hnoomp -em
           -J/global/homes/b/bassem/gyro-EP/modules -sreal64 -eD -Ktrap=fp -m1
           -Rbcdps -G0 -I/opt/cray/pe/fftw/3.3.8.4/haswell/include
           -c gyro_profile_exp.f90
           -I/opt/cray/pe/cce/9.1.0/cce-clang/x86_64/lib/clang/9.0.0/include
           -I/opt/cray/pe/cce/9.1.0/cce/x86_64/include/craylibs -I/usr/include
           -I/usr/include -I/opt/cray/pe/fftw/3.3.8.4/haswell/include
           -I/opt/cray/pe/libsci/19.06.1/CRAY/9.0/x86_64/include
           -I/opt/cray/pe/mpt/7.7.10/gni/mpich-cray/9.0/include
           -I/opt/cray/pe/hdf5/1.10.5.2/cray/9.0/include
           -I/opt/cray/pe/netcdf/4.6.3.2/cray/9.0/include
           -I/opt/cray/rca/2.2.20-7.0.1.1_4.53__g8e3fb5b.ari/include
           -I/opt/cray/alps/6.6.58-7.0.1.1_6.10__g437d88db.ari/include
           -I/opt/cray/xpmem/2.2.20-7.0.1.1_4.14__g0475745.ari/include
           -I/opt/cray/gni-headers/5.0.12.0-7.0.1.1_6.32__g3b1768f.ari/include
           -I/opt/cray/dmapp/7.1.1-7.0.1.1_4.54__g38cf134.ari/include
           -I/opt/cray/pe/pmi/5.0.14/include
           -I/opt/cray/ugni/6.0.14.0-7.0.1.1_7.40__ge78e5b0.ari/include
           -I/opt/cray/udreg/2.3.2-7.0.1.1_3.38__g8175d3d.ari/include
           -I/opt/cray/wlm_detect/1.3.3-7.0.1.1_4.16__g7109084.ari/include
           -I/opt/cray/krca/2.2.6-7.0.1.1_5.39__gb641b12.ari/include
           -I/opt/cray-hss-devel/9.0.0/include
Program
  Units  : GYRO_PROFILE_EXP

ftnlx report
------------
Source   : /global/u2/b/bassem/gyro-EP/src/gyro_profile_exp.f90
Date     : 01/19/2021  15:35:24


%%%%%%%%%%%%%%%%%%%%%%%%%%%%%%%%%%%%%%%%%%%%%%%%%%%%%%%%%%%%%%%%%%%%%%%%%%%%%%%%
                          S o u r c e   L i s t i n g
%%%%%%%%%%%%%%%%%%%%%%%%%%%%%%%%%%%%%%%%%%%%%%%%%%%%%%%%%%%%%%%%%%%%%%%%%%%%%%%%

    1.    module gyro_profile_exp
    2.    
    3.      !--------------------------------------------------
    4.      ! Experimental grid range: 
    5.      !
    6.      !          i_exp = (0,1,...,n_grid_exp)
    7.      !
    8.      integer :: i_exp
    9.      !--------------------------------------------------
   10.    
   11.      !--------------------------------------------------
   12.      ! (keV/sec)/MW:
   13.      !
   14.      real, parameter :: kevdsecpmw = 1.6022e-19*1e3*1e-6
   15.      !--------------------------------------------------
   16.     
   17.      real :: bt_exp
   18.      real :: arho_exp
   19.    
   20.      real, dimension(:), allocatable :: rhogrid_exp
   21.      real, dimension(:), allocatable :: rmin_exp
   22.      real, dimension(:), allocatable :: rmaj_exp
   23.      real, dimension(:), allocatable :: q_exp
   24.      real, dimension(:), allocatable :: kappa_exp
   25.      real, dimension(:), allocatable :: delta_exp
   26.      real, dimension(:), allocatable :: zeta_exp
   27.    
   28.      real, dimension(:,:), allocatable :: tem_exp
   29.      real, dimension(:,:), allocatable :: den_exp
   30.    
   31.      real, dimension(:), allocatable :: w0_exp
   32.      real, dimension(:), allocatable :: w0p_exp
   33.      real, dimension(:), allocatable :: gamma_e_exp
   34.      real, dimension(:), allocatable :: gamma_p_exp
   35.      real, dimension(:), allocatable :: mach_exp
   36.      real, dimension(:), allocatable :: z_eff_exp
   37.      real, dimension(:), allocatable :: zmag_exp
   38.      real, dimension(:), allocatable :: ptot_exp
   39.    
   40.      real, dimension(:), allocatable :: r_p
   41.      real, dimension(:), allocatable :: b_unit_p
   42.      real, dimension(:), allocatable :: rhosda_p
   43.      real, dimension(:), allocatable :: csda_p
   44.      real, dimension(:), allocatable :: drmaj_p
   45.      real, dimension(:), allocatable :: dzmag_p
   46.      real, dimension(:), allocatable :: s_delta_p
   47.      real, dimension(:), allocatable :: s_zeta_p
   48.      real, dimension(:), allocatable :: s_kappa_p
   49.      real, dimension(:), allocatable :: q_p
   50.      real, dimension(:), allocatable :: shat_p
   51.    
   52.      real, dimension(:,:), allocatable :: dlnndr_p
   53.      real, dimension(:,:), allocatable :: dlntdr_p
   54.      real, dimension(:), allocatable :: dlnptotdr_p
   55.    
   56.      real, dimension(:), allocatable :: beta_unit_p
   57.      real, dimension(:), allocatable :: beta_unit_ptot_p
   58.    
   59.      real, dimension(:,:,:), allocatable :: geo_p
   60.    
   61.    end module gyro_profile_exp
   62.    
   63.    


%%%%%%%%%%%%%%%%%%%%%%%%%%%%%%%%%%%%%%%%%%%%%%%%%%%%%%%%%%%%%%%%%%%%%%%%%%%%%%%%
                         E x t e r n a l   R e p o r t
%%%%%%%%%%%%%%%%%%%%%%%%%%%%%%%%%%%%%%%%%%%%%%%%%%%%%%%%%%%%%%%%%%%%%%%%%%%%%%%%

Name  Messages
----  --------
GYRO_PROFILE_EXP
      Defined as:  Module (line 1, file gyro_profile_exp.f90)

                   Does not use any module and is not used by any procedure.


%%%%%%%%%%%%%%%%%%%%%%%%%%%%%%%%%%%%%%%%%%%%%%%%%%%%%%%%%%%%%%%%%%%%%%%%%%%%%%%%
%%%%%%%%%%%%%%%%%%%%%%%%%%%%%%%%%%%%%%%%%%%%%%%%%%%%%%%%%%%%%%%%%%%%%%%%%%%%%%%%
