%%%%%%%%%%%%%%%%%%%%%%%%%%%%%%%%%%%%%%%%%%%%%%%%%%%%%%%%%%%%%%%%%%%%%%%%%%%%%%%%
                          S u m m a r y   R e p o r t
%%%%%%%%%%%%%%%%%%%%%%%%%%%%%%%%%%%%%%%%%%%%%%%%%%%%%%%%%%%%%%%%%%%%%%%%%%%%%%%%

Compilation
-----------
File     : /global/u2/b/bassem/gyro-EP/src/gyro_velocity_sum.f90
Compiled : 01/19/21  15:35:58
Compiler : Version 9.1.0
Ftnlx    : Version 9.1.0 
Target   : x86-64
Command  : ftn_driver.exe -hcpu=haswell -hdynamic -D__CRAYXC -D__CRAY_HASWELL
           -D__CRAYXT_COMPUTE_LINUX_TARGET -hnetwork=aries -hnoomp -em
           -J/global/homes/b/bassem/gyro-EP/modules -sreal64 -eD -Ktrap=fp -m1
           -Rbcdps -G0 -I/opt/cray/pe/fftw/3.3.8.4/haswell/include
           -c gyro_velocity_sum.f90
           -I/opt/cray/pe/cce/9.1.0/cce-clang/x86_64/lib/clang/9.0.0/include
           -I/opt/cray/pe/cce/9.1.0/cce/x86_64/include/craylibs -I/usr/include
           -I/usr/include -I/opt/cray/pe/fftw/3.3.8.4/haswell/include
           -I/opt/cray/pe/libsci/19.06.1/CRAY/9.0/x86_64/include
           -I/opt/cray/pe/mpt/7.7.10/gni/mpich-cray/9.0/include
           -I/opt/cray/pe/hdf5/1.10.5.2/cray/9.0/include
           -I/opt/cray/pe/netcdf/4.6.3.2/cray/9.0/include
           -I/opt/cray/rca/2.2.20-7.0.1.1_4.53__g8e3fb5b.ari/include
           -I/opt/cray/alps/6.6.58-7.0.1.1_6.10__g437d88db.ari/include
           -I/opt/cray/xpmem/2.2.20-7.0.1.1_4.14__g0475745.ari/include
           -I/opt/cray/gni-headers/5.0.12.0-7.0.1.1_6.32__g3b1768f.ari/include
           -I/opt/cray/dmapp/7.1.1-7.0.1.1_4.54__g38cf134.ari/include
           -I/opt/cray/pe/pmi/5.0.14/include
           -I/opt/cray/ugni/6.0.14.0-7.0.1.1_7.40__ge78e5b0.ari/include
           -I/opt/cray/udreg/2.3.2-7.0.1.1_3.38__g8175d3d.ari/include
           -I/opt/cray/wlm_detect/1.3.3-7.0.1.1_4.16__g7109084.ari/include
           -I/opt/cray/krca/2.2.6-7.0.1.1_5.39__gb641b12.ari/include
           -I/opt/cray-hss-devel/9.0.0/include
Program
  Units  : GYRO_VELOCITY_SUM

ftnlx report
------------
Source   : /global/u2/b/bassem/gyro-EP/src/gyro_velocity_sum.f90
Date     : 01/19/2021  15:35:58


%%%%%%%%%%%%%%%%%%%%%%%%%%%%%%%%%%%%%%%%%%%%%%%%%%%%%%%%%%%%%%%%%%%%%%%%%%%%%%%%
                          S o u r c e   L i s t i n g
%%%%%%%%%%%%%%%%%%%%%%%%%%%%%%%%%%%%%%%%%%%%%%%%%%%%%%%%%%%%%%%%%%%%%%%%%%%%%%%%

    1.    !--------------------------------------------------------------
    2.    ! get_velocity_sum.f90
    3.    !
    4.    ! PURPOSE:
    5.    !  Evaluation kernel for RHS velocity-space (source) integrals.
    6.    !--------------------------------------------------------------
    7.    
    8.    subroutine gyro_velocity_sum(field)
    9.    
   10.      use mpi
   11.      use gyro_globals
   12.      use gyro_pointers
   13.      use ompdata
   14.    
   15.      !---------------------------------------------------
   16.      implicit none
   17.      !
   18.      integer, intent(in) :: field
   19.      complex, dimension(n_blend,n_x) :: sum_loc
   20.      complex, dimension(n_blend,n_x) :: sum_glob
   21.      complex, dimension(n_stack) :: gz
   22.      !---------------------------------------------------
   23.    
   24.      call gyro_timer_in('Velocity-sum')
   25.    
   26.      !----------------------------------------------------
   27.      ! Now, compute blending projections:
   28.      !
   29.    !$omp parallel private(p_nek_loc,p_nek,k,ck,gz,m0,is,m,j,i)
   30.      sum_loc(:,ibeg:iend) = (0.0,0.0)
ftn-6263 ftn: VECTOR GYRO_VELOCITY_SUM, File = gyro_velocity_sum.f90, Line = 30 
  A loop starting at line 30 was not vectorized because it contains a reference to a non-vector intrinsic on line 30.

   31.      !
   32.      select case (field)
   33.    
   34.      case (1)
   35.    
   36.         ! Phi
   37.         !
   38.         ! sum_s FV[(F*_j) z_s*<hi>]
   39.         p_nek_loc = 0
   40.         do p_nek=1+i_proc_1,n_nek_1,n_proc_1
   41.    
   42.            p_nek_loc = p_nek_loc+1
   43.    
   44.            k  = nek_k(p_nek)   
   45.            ck = class(k)
   46.    
   47.            do i = ibeg, iend
   48.    
   49.               gz(:) = (0.0,0.0)
ftn-6263 ftn: VECTOR GYRO_VELOCITY_SUM, File = gyro_velocity_sum.f90, Line = 49 
  A loop starting at line 49 was not vectorized because it contains a reference to a non-vector intrinsic on line 49.

   50.               do is=1,n_kinetic
   51.                  gz(:) = gz(:)+z(is)*gyro_h(:,i,p_nek_loc,is)
ftn-6262 ftn: VECTOR GYRO_VELOCITY_SUM, File = gyro_velocity_sum.f90, Line = 51 
  A loop starting at line 51 was not vectorized because it contains a call to a subroutine or function on line 51.

   52.               enddo
   53.    
   54.               do m=1,n_stack
   55.                  m0 = m_phys(ck,m)
   56.                  do j=1,n_blend
   57.                     sum_loc(j,i) = sum_loc(j,i)+gz(m)*&
   58.                          cs_blend(j,m0,i,p_nek_loc)
   59.                  enddo
   60.               enddo ! m
   61.            enddo 
   62.    
   63.         enddo 
   64.    
   65.      case (2)
   66.    
   67.         ! A_parallel
   68.         !
   69.         ! sum_s FV[(F*_j) z_s*v_s*<h_s>]
   70.    
   71.         p_nek_loc = 0
   72.         do p_nek=1+i_proc_1,n_nek_1,n_proc_1
   73.    
   74.            p_nek_loc = p_nek_loc+1
   75.    
   76.            ie = nek_e(p_nek)  
   77.            k  = nek_k(p_nek)   
   78.            ck = class(k)
   79.    
   80.            do i = ibeg, iend
   81.    
   82.               gz(:) = (0.0,0.0)
ftn-6263 ftn: VECTOR GYRO_VELOCITY_SUM, File = gyro_velocity_sum.f90, Line = 82 
  A loop starting at line 82 was not vectorized because it contains a reference to a non-vector intrinsic on line 82.

   83.               do is=1,n_kinetic
   84.                  gz(:) = gz(:)+z(is)*gyro_h(:,i,p_nek_loc,is)*&
ftn-6262 ftn: VECTOR GYRO_VELOCITY_SUM, File = gyro_velocity_sum.f90, Line = 84 
  A loop starting at line 84 was not vectorized because it contains a call to a subroutine or function on line 84.

   85.                       v_para(:,i,p_nek_loc,is)
   86.               enddo
   87.    
   88.               do m=1,n_stack
   89.                  m0 = m_phys(ck,m)
   90.                  do j=1,n_blend
   91.                     sum_loc(j,i) = sum_loc(j,i)+gz(m)*&
   92.                          cs_blend(j,m0,i,p_nek_loc)
   93.                  enddo
   94.               enddo ! m
   95.            enddo 
   96.    
   97.         enddo
   98.    
   99.      case (3)
  100.    
  101.         ! B_parallel
  102.         !
  103.         ! sum_s FV[(F*_j) G_perp(hi)*(-T_s*ene*lambda)]
  104.    
  105.         p_nek_loc = 0
  106.         do p_nek=1+i_proc_1,n_nek_1,n_proc_1
  107.    
  108.            p_nek_loc = p_nek_loc+1
  109.    
  110.            ie = nek_e(p_nek)  
  111.            k  = nek_k(p_nek)   
  112.            ck = class(k)
  113.    
  114.            do i = ibeg, iend
  115.    
  116.               gz(:) = (0.0,0.0)
ftn-6263 ftn: VECTOR GYRO_VELOCITY_SUM, File = gyro_velocity_sum.f90, Line = 116 
  A loop starting at line 116 was not vectorized because it contains a reference to a non-vector intrinsic on line 116.

  117.               do is=1,n_kinetic 
  118.                  gz(:) = gz(:)-gyro_h_aperp(:,i,p_nek_loc,is)*&
ftn-6262 ftn: VECTOR GYRO_VELOCITY_SUM, File = gyro_velocity_sum.f90, Line = 118 
  A loop starting at line 118 was not vectorized because it contains a call to a subroutine or function on line 118.

  119.                       tem_s(is,i)*energy(ie)*lambda(i,k)
  120.               enddo
  121.    
  122.               do m=1,n_stack
  123.                  m0 = m_phys(ck,m)
  124.                  do j=1,n_blend
  125.                     sum_loc(j,i) = sum_loc(j,i)+gz(m)*&
  126.                          cs_blend(j,m0,i,p_nek_loc)
  127.                  enddo
  128.               enddo ! m
  129.    
  130.            enddo 
  131.    
  132.         enddo 
  133.    
  134.      end select
  135.    !$omp end parallel 
  136.    
  137.      !--------------------------------------------------------------
  138.    
  139.      !--------------------------------------------------------------
  140.      ! Final velocity-space sum on subgroup
  141.      !
  142.      call MPI_ALLREDUCE(sum_loc,&
  143.           sum_glob,&
  144.           size(sum_glob),&
  145.           MPI_DOUBLE_COMPLEX,&
  146.           MPI_SUM,&
  147.           NEW_COMM_1,&
  148.           i_err)
  149.      !--------------------------------------------------------------
  150.    
  151.      if (n_1(in_1) == 0 .and. boundary_method == 1) then
  152.    
  153.         ! Eliminate average in periodic case
  154.         sum_glob(:,n_x) = (0.0,0.0)
ftn-6263 ftn: VECTOR GYRO_VELOCITY_SUM, File = gyro_velocity_sum.f90, Line = 154 
  A loop starting at line 154 was not vectorized because it contains a reference to a non-vector intrinsic on line 154.

  155.    
  156.      endif
  157.    
  158.      !--------------------------------------------------------------
  159.      select case (field)
  160.    
  161.      case (1) 
  162.         vel_sum_p = sum_glob
ftn-6332 ftn: VECTOR GYRO_VELOCITY_SUM, File = gyro_velocity_sum.f90, Line = 162 
  A loop starting at line 162 was not vectorized because it does not map well onto the target architecture.

  163.      case (2) 
  164.         vel_sum_a = sum_glob
ftn-6332 ftn: VECTOR GYRO_VELOCITY_SUM, File = gyro_velocity_sum.f90, Line = 164 
  A loop starting at line 164 was not vectorized because it does not map well onto the target architecture.

  165.      case (3) 
  166.         vel_sum_aperp = sum_glob
ftn-6332 ftn: VECTOR GYRO_VELOCITY_SUM, File = gyro_velocity_sum.f90, Line = 166 
  A loop starting at line 166 was not vectorized because it does not map well onto the target architecture.

  167.    
  168.      end select
  169.      !--------------------------------------------------------------
  170.    
  171.      call gyro_timer_out('Velocity-sum')
  172.    
  173.      if (debug_flag == 1 .and. i_proc == 0) then
  174.         print *,'[gyro_velocity_sum done]'
  175.      endif
  176.    
  177.    end subroutine gyro_velocity_sum


%%%%%%%%%%%%%%%%%%%%%%%%%%%%%%%%%%%%%%%%%%%%%%%%%%%%%%%%%%%%%%%%%%%%%%%%%%%%%%%%
                     C o m m o n   B l o c k   R e p o r t
%%%%%%%%%%%%%%%%%%%%%%%%%%%%%%%%%%%%%%%%%%%%%%%%%%%%%%%%%%%%%%%%%%%%%%%%%%%%%%%%

Blk  Program Unit                     Messages
---  ------------                     --------
/MPIFCMB5/                            Length: 4 bytes

     GYRO_VELOCITY_SUM                Block is used from MPI_CONSTANTS

Blk  Program Unit                     Messages
---  ------------                     --------
/MPIFCMB9/                            Length: 4 bytes

     GYRO_VELOCITY_SUM                Block is used from MPI_CONSTANTS

Blk  Program Unit                     Messages
---  ------------                     --------
/MPIPRIV1/                            Length: 28 bytes

     GYRO_VELOCITY_SUM                Block is used from MPI_CONSTANTS

Blk  Program Unit                     Messages
---  ------------                     --------
/MPIPRIV2/                            Length: 24 bytes

     GYRO_VELOCITY_SUM                Block is used from MPI_CONSTANTS

Blk  Program Unit                     Messages
---  ------------                     --------
/MPIPRIVC/                            Length: 2 bytes

     GYRO_VELOCITY_SUM                Block is used from MPI_CONSTANTS


%%%%%%%%%%%%%%%%%%%%%%%%%%%%%%%%%%%%%%%%%%%%%%%%%%%%%%%%%%%%%%%%%%%%%%%%%%%%%%%%
                         E x t e r n a l   R e p o r t
%%%%%%%%%%%%%%%%%%%%%%%%%%%%%%%%%%%%%%%%%%%%%%%%%%%%%%%%%%%%%%%%%%%%%%%%%%%%%%%%

Name  Messages
----  --------
CHAR(Intrinsic)
      Defined as:  No definitions.

                   No calls.  It is not called and does not use any procedure.

      Interface:   None

Name  Messages
----  --------
COMMEQ in MPI_CONSTANTS
      Defined as:  No definitions.

                   No calls.  It is not called and does not use any procedure.

      Interface:   None

Name  Messages
----  --------
COMMNEQ in MPI_CONSTANTS
      Defined as:  No definitions.

                   No calls.  It is not called and does not use any procedure.

      Interface:   None

Name  Messages
----  --------
DATATYPEEQ in MPI_CONSTANTS
      Defined as:  No definitions.

                   No calls.  It is not called and does not use any procedure.

      Interface:   None

Name  Messages
----  --------
DATATYPENEQ in MPI_CONSTANTS
      Defined as:  No definitions.

                   No calls.  It is not called and does not use any procedure.

      Interface:   None

Name  Messages
----  --------
ERRHANDLEREQ in MPI_CONSTANTS
      Defined as:  No definitions.

                   No calls.  It is not called and does not use any procedure.

      Interface:   None

Name  Messages
----  --------
ERRHANDLERNEQ in MPI_CONSTANTS
      Defined as:  No definitions.

                   No calls.  It is not called and does not use any procedure.

      Interface:   None

Name  Messages
----  --------
FILEEQ in MPI_CONSTANTS
      Defined as:  No definitions.

                   No calls.  It is not called and does not use any procedure.

      Interface:   None

Name  Messages
----  --------
FILENEQ in MPI_CONSTANTS
      Defined as:  No definitions.

                   No calls.  It is not called and does not use any procedure.

      Interface:   None

Name  Messages
----  --------
GROUPEQ in MPI_CONSTANTS
      Defined as:  No definitions.

                   No calls.  It is not called and does not use any procedure.

      Interface:   None

Name  Messages
----  --------
GROUPNEQ in MPI_CONSTANTS
      Defined as:  No definitions.

                   No calls.  It is not called and does not use any procedure.

      Interface:   None

Name  Messages
----  --------
GYRO_GLOBALS
      Defined as:  No definitions.

      Used By:     GYRO_VELOCITY_SUM

Name  Messages
----  --------
GYRO_POINTERS
      Defined as:  No definitions.

      Used By:     GYRO_VELOCITY_SUM

Name  Messages
----  --------
GYRO_TIMER_IN
      Defined as:  No definitions.

      Interface:   None

      Called By:   GYRO_VELOCITY_SUM (Line 24, file gyro_velocity_sum.f90)

Name  Messages
----  --------
GYRO_TIMER_OUT
      Defined as:  No definitions.

      Interface:   None

      Called By:   GYRO_VELOCITY_SUM (Line 171, file gyro_velocity_sum.f90)

Name  Messages
----  --------
GYRO_VELOCITY_SUM
      Defined as:  Subroutine (line 8, file gyro_velocity_sum.f90)

      Interface:   None

      Calls:       GYRO_TIMER_IN (Line 24, file gyro_velocity_sum.f90)
                   GYRO_TIMER_OUT (Line 171, file gyro_velocity_sum.f90)

        Uses:      MPI
                   MPI_BASE  (indirectly)
                   MPI_SIZEOFS  (indirectly)
                   MPI_CONSTANTS  (indirectly)
                   GYRO_GLOBALS
                   GYRO_POINTERS
                   OMPDATA

Name  Messages
----  --------
INFOEQ in MPI_CONSTANTS
      Defined as:  No definitions.

                   No calls.  It is not called and does not use any procedure.

      Interface:   None

Name  Messages
----  --------
INFONEQ in MPI_CONSTANTS
      Defined as:  No definitions.

                   No calls.  It is not called and does not use any procedure.

      Interface:   None

Name  Messages
----  --------
MESSAGEEQ in MPI_CONSTANTS
      Defined as:  No definitions.

                   No calls.  It is not called and does not use any procedure.

      Interface:   None

Name  Messages
----  --------
MESSAGENEQ in MPI_CONSTANTS
      Defined as:  No definitions.

                   No calls.  It is not called and does not use any procedure.

      Interface:   None

Name  Messages
----  --------
MPI
      Defined as:  No definitions.

      Used By:     GYRO_VELOCITY_SUM

Name  Messages
----  --------
MPI_ALLREDUCE
      Defined as:  No definitions.

                   No calls.  It is not called and does not use any procedure.

      Interface:   None

Name  Messages
----  --------
MPI_BASE
      Defined as:  No definitions.

      Used By:     GYRO_VELOCITY_SUM  (indirectly)

Name  Messages
----  --------
MPI_CONSTANTS
      Defined as:  No definitions.

      Used By:     GYRO_VELOCITY_SUM  (indirectly)

Name  Messages
----  --------
MPI_SIZEOFS
      Defined as:  No definitions.

      Used By:     GYRO_VELOCITY_SUM  (indirectly)

Name  Messages
----  --------
MPI_SIZEOF_CH in MPI_SIZEOFS
      Defined as:  No definitions.

                   No calls.  It is not called and does not use any procedure.

      Interface:   None

Name  Messages
----  --------
MPI_SIZEOF_CHV in MPI_SIZEOFS
      Defined as:  No definitions.

                   No calls.  It is not called and does not use any procedure.

      Interface:   None

Name  Messages
----  --------
MPI_SIZEOF_CX in MPI_SIZEOFS
      Defined as:  No definitions.

                   No calls.  It is not called and does not use any procedure.

      Interface:   None

Name  Messages
----  --------
MPI_SIZEOF_CXV in MPI_SIZEOFS
      Defined as:  No definitions.

                   No calls.  It is not called and does not use any procedure.

      Interface:   None

Name  Messages
----  --------
MPI_SIZEOF_D in MPI_SIZEOFS
      Defined as:  No definitions.

                   No calls.  It is not called and does not use any procedure.

      Interface:   None

Name  Messages
----  --------
MPI_SIZEOF_DV in MPI_SIZEOFS
      Defined as:  No definitions.

                   No calls.  It is not called and does not use any procedure.

      Interface:   None

Name  Messages
----  --------
MPI_SIZEOF_I in MPI_SIZEOFS
      Defined as:  No definitions.

                   No calls.  It is not called and does not use any procedure.

      Interface:   None

Name  Messages
----  --------
MPI_SIZEOF_I1 in MPI_SIZEOFS
      Defined as:  No definitions.

                   No calls.  It is not called and does not use any procedure.

      Interface:   None

Name  Messages
----  --------
MPI_SIZEOF_I1V in MPI_SIZEOFS
      Defined as:  No definitions.

                   No calls.  It is not called and does not use any procedure.

      Interface:   None

Name  Messages
----  --------
MPI_SIZEOF_I2 in MPI_SIZEOFS
      Defined as:  No definitions.

                   No calls.  It is not called and does not use any procedure.

      Interface:   None

Name  Messages
----  --------
MPI_SIZEOF_I2V in MPI_SIZEOFS
      Defined as:  No definitions.

                   No calls.  It is not called and does not use any procedure.

      Interface:   None

Name  Messages
----  --------
MPI_SIZEOF_I8 in MPI_SIZEOFS
      Defined as:  No definitions.

                   No calls.  It is not called and does not use any procedure.

      Interface:   None

Name  Messages
----  --------
MPI_SIZEOF_I8V in MPI_SIZEOFS
      Defined as:  No definitions.

                   No calls.  It is not called and does not use any procedure.

      Interface:   None

Name  Messages
----  --------
MPI_SIZEOF_IV in MPI_SIZEOFS
      Defined as:  No definitions.

                   No calls.  It is not called and does not use any procedure.

      Interface:   None

Name  Messages
----  --------
MPI_SIZEOF_L in MPI_SIZEOFS
      Defined as:  No definitions.

                   No calls.  It is not called and does not use any procedure.

      Interface:   None

Name  Messages
----  --------
MPI_SIZEOF_LV in MPI_SIZEOFS
      Defined as:  No definitions.

                   No calls.  It is not called and does not use any procedure.

      Interface:   None

Name  Messages
----  --------
MPI_SIZEOF_R in MPI_SIZEOFS
      Defined as:  No definitions.

                   No calls.  It is not called and does not use any procedure.

      Interface:   None

Name  Messages
----  --------
MPI_SIZEOF_RV in MPI_SIZEOFS
      Defined as:  No definitions.

                   No calls.  It is not called and does not use any procedure.

      Interface:   None

Name  Messages
----  --------
OMPDATA
      Defined as:  No definitions.

      Used By:     GYRO_VELOCITY_SUM

Name  Messages
----  --------
OPEQ in MPI_CONSTANTS
      Defined as:  No definitions.

                   No calls.  It is not called and does not use any procedure.

      Interface:   None

Name  Messages
----  --------
OPNEQ in MPI_CONSTANTS
      Defined as:  No definitions.

                   No calls.  It is not called and does not use any procedure.

      Interface:   None

Name  Messages
----  --------
REQUESTEQ in MPI_CONSTANTS
      Defined as:  No definitions.

                   No calls.  It is not called and does not use any procedure.

      Interface:   None

Name  Messages
----  --------
REQUESTNEQ in MPI_CONSTANTS
      Defined as:  No definitions.

                   No calls.  It is not called and does not use any procedure.

      Interface:   None

Name  Messages
----  --------
SIZE(Intrinsic)
      Defined as:  No definitions.

                   No calls.  It is not called and does not use any procedure.

      Interface:   None

Name  Messages
----  --------
WINEQ in MPI_CONSTANTS
      Defined as:  No definitions.

                   No calls.  It is not called and does not use any procedure.

      Interface:   None

Name  Messages
----  --------
WINNEQ in MPI_CONSTANTS
      Defined as:  No definitions.

                   No calls.  It is not called and does not use any procedure.

      Interface:   None


%%%%%%%%%%%%%%%%%%%%%%%%%%%%%%%%%%%%%%%%%%%%%%%%%%%%%%%%%%%%%%%%%%%%%%%%%%%%%%%%
%%%%%%%%%%%%%%%%%%%%%%%%%%%%%%%%%%%%%%%%%%%%%%%%%%%%%%%%%%%%%%%%%%%%%%%%%%%%%%%%
