%%%%%%%%%%%%%%%%%%%%%%%%%%%%%%%%%%%%%%%%%%%%%%%%%%%%%%%%%%%%%%%%%%%%%%%%%%%%%%%%
                          S u m m a r y   R e p o r t
%%%%%%%%%%%%%%%%%%%%%%%%%%%%%%%%%%%%%%%%%%%%%%%%%%%%%%%%%%%%%%%%%%%%%%%%%%%%%%%%

Compilation
-----------
File     : /global/u2/b/bassem/gyro-EP/src/gyro_collision_grid_write.f90
Compiled : 01/19/21  15:35:34
Compiler : Version 9.1.0
Ftnlx    : Version 9.1.0 
Target   : x86-64
Command  : ftn_driver.exe -hcpu=haswell -hdynamic -D__CRAYXC -D__CRAY_HASWELL
           -D__CRAYXT_COMPUTE_LINUX_TARGET -hnetwork=aries -hnoomp -em
           -J/global/homes/b/bassem/gyro-EP/modules -sreal64 -eD -Ktrap=fp -m1
           -Rbcdps -G0 -I/opt/cray/pe/fftw/3.3.8.4/haswell/include
           -c gyro_collision_grid_write.f90
           -I/opt/cray/pe/cce/9.1.0/cce-clang/x86_64/lib/clang/9.0.0/include
           -I/opt/cray/pe/cce/9.1.0/cce/x86_64/include/craylibs -I/usr/include
           -I/usr/include -I/opt/cray/pe/fftw/3.3.8.4/haswell/include
           -I/opt/cray/pe/libsci/19.06.1/CRAY/9.0/x86_64/include
           -I/opt/cray/pe/mpt/7.7.10/gni/mpich-cray/9.0/include
           -I/opt/cray/pe/hdf5/1.10.5.2/cray/9.0/include
           -I/opt/cray/pe/netcdf/4.6.3.2/cray/9.0/include
           -I/opt/cray/rca/2.2.20-7.0.1.1_4.53__g8e3fb5b.ari/include
           -I/opt/cray/alps/6.6.58-7.0.1.1_6.10__g437d88db.ari/include
           -I/opt/cray/xpmem/2.2.20-7.0.1.1_4.14__g0475745.ari/include
           -I/opt/cray/gni-headers/5.0.12.0-7.0.1.1_6.32__g3b1768f.ari/include
           -I/opt/cray/dmapp/7.1.1-7.0.1.1_4.54__g38cf134.ari/include
           -I/opt/cray/pe/pmi/5.0.14/include
           -I/opt/cray/ugni/6.0.14.0-7.0.1.1_7.40__ge78e5b0.ari/include
           -I/opt/cray/udreg/2.3.2-7.0.1.1_3.38__g8175d3d.ari/include
           -I/opt/cray/wlm_detect/1.3.3-7.0.1.1_4.16__g7109084.ari/include
           -I/opt/cray/krca/2.2.6-7.0.1.1_5.39__gb641b12.ari/include
           -I/opt/cray-hss-devel/9.0.0/include
Program
  Units  : GYRO_COLLISION_GRID_WRITE

ftnlx report
------------
Source   : /global/u2/b/bassem/gyro-EP/src/gyro_collision_grid_write.f90
Date     : 01/19/2021  15:35:34


%%%%%%%%%%%%%%%%%%%%%%%%%%%%%%%%%%%%%%%%%%%%%%%%%%%%%%%%%%%%%%%%%%%%%%%%%%%%%%%%
                          S o u r c e   L i s t i n g
%%%%%%%%%%%%%%%%%%%%%%%%%%%%%%%%%%%%%%%%%%%%%%%%%%%%%%%%%%%%%%%%%%%%%%%%%%%%%%%%

    1.    subroutine gyro_collision_grid_write(datafile,io)
    2.    
    3.      use gyro_globals
    4.      use gyro_collision_private
    5.      use math_constants
    6.    
    7.      !----------------------------------------
    8.      implicit none
    9.      !
   10.      integer, intent(in) :: io
   11.      character (len=*), intent(in) :: datafile
   12.      !
   13.      integer, parameter :: n_r_write = 1
   14.      !
   15.      integer :: i_r_write(n_r_write)
   16.      integer :: i_stencil
   17.      !----------------------------------------
   18.    
   19.      select case (output_flag)
   20.    
   21.      case (1)
   22.    
   23.         !--------------------------------------
   24.         ! Specify at which radii to print the 
   25.         ! stencil data:
   26.         !
   27.         i_r_write(1) = ir_norm
   28.         !---------------------------------------
   29.    
   30.         open(unit=io,file=datafile,status='replace')
   31.    
   32.         write(io,*) n_lambda
   33.         write(io,*) n_pass
   34.         write(io,*) n_stack
   35.         write(io,*) n_theta_section
   36.         write(io,*) n_r_write
   37.         write(io,10) i_r_write(:)
   38.    
   39.         do i_stencil=1,n_r_write
   40.            i = i_r_write(i_stencil)
   41.            do k=1,n_lambda
   42.               do m=1,n_stack
   43.                  write(io,*) xi(i,k,m)
   44.               enddo
   45.            enddo
   46.         enddo
   47.         do i_stencil=1,n_r_write
   48.            i = i_r_write(i_stencil)
   49.            do k=1,n_lambda
   50.               do m=1,n_stack
   51.                  write(io,*) theta_t(i,k,m)/pi
   52.               enddo
   53.            enddo
   54.         enddo
   55.    
   56.         close(io)
   57.    
   58.      end select
   59.    
   60.      if (debug_flag == 1) print *,'[gyro_collision_grid_write called]'
   61.    
   62.    10 format(4(i4,1x))
   63.    
   64.    end subroutine gyro_collision_grid_write


%%%%%%%%%%%%%%%%%%%%%%%%%%%%%%%%%%%%%%%%%%%%%%%%%%%%%%%%%%%%%%%%%%%%%%%%%%%%%%%%
                         E x t e r n a l   R e p o r t
%%%%%%%%%%%%%%%%%%%%%%%%%%%%%%%%%%%%%%%%%%%%%%%%%%%%%%%%%%%%%%%%%%%%%%%%%%%%%%%%

Name  Messages
----  --------
CHAR(Intrinsic)
      Defined as:  No definitions.

                   No calls.  It is not called and does not use any procedure.

      Interface:   None

Name  Messages
----  --------
GYRO_COLLISION_GRID_WRITE
      Defined as:  Subroutine (line 1, file gyro_collision_grid_write.f90)

      Interface:   None

        Uses:      GYRO_GLOBALS
                   GYRO_COLLISION_PRIVATE
                   MATH_CONSTANTS

Name  Messages
----  --------
GYRO_COLLISION_PRIVATE
      Defined as:  No definitions.

      Used By:     GYRO_COLLISION_GRID_WRITE

Name  Messages
----  --------
GYRO_GLOBALS
      Defined as:  No definitions.

      Used By:     GYRO_COLLISION_GRID_WRITE

Name  Messages
----  --------
MATH_CONSTANTS
      Defined as:  No definitions.

      Used By:     GYRO_COLLISION_GRID_WRITE


%%%%%%%%%%%%%%%%%%%%%%%%%%%%%%%%%%%%%%%%%%%%%%%%%%%%%%%%%%%%%%%%%%%%%%%%%%%%%%%%
%%%%%%%%%%%%%%%%%%%%%%%%%%%%%%%%%%%%%%%%%%%%%%%%%%%%%%%%%%%%%%%%%%%%%%%%%%%%%%%%
