%%%%%%%%%%%%%%%%%%%%%%%%%%%%%%%%%%%%%%%%%%%%%%%%%%%%%%%%%%%%%%%%%%%%%%%%%%%%%%%%
                          S u m m a r y   R e p o r t
%%%%%%%%%%%%%%%%%%%%%%%%%%%%%%%%%%%%%%%%%%%%%%%%%%%%%%%%%%%%%%%%%%%%%%%%%%%%%%%%

Compilation
-----------
File     : /global/u2/b/bassem/gyro-EP/src/gyro_moments_plot.f90
Compiled : 01/19/21  15:35:44
Compiler : Version 9.1.0
Ftnlx    : Version 9.1.0 
Target   : x86-64
Command  : ftn_driver.exe -hcpu=haswell -hdynamic -D__CRAYXC -D__CRAY_HASWELL
           -D__CRAYXT_COMPUTE_LINUX_TARGET -hnetwork=aries -hnoomp -em
           -J/global/homes/b/bassem/gyro-EP/modules -sreal64 -eD -Ktrap=fp -m1
           -Rbcdps -G0 -I/opt/cray/pe/fftw/3.3.8.4/haswell/include
           -c gyro_moments_plot.f90
           -I/opt/cray/pe/cce/9.1.0/cce-clang/x86_64/lib/clang/9.0.0/include
           -I/opt/cray/pe/cce/9.1.0/cce/x86_64/include/craylibs -I/usr/include
           -I/usr/include -I/opt/cray/pe/fftw/3.3.8.4/haswell/include
           -I/opt/cray/pe/libsci/19.06.1/CRAY/9.0/x86_64/include
           -I/opt/cray/pe/mpt/7.7.10/gni/mpich-cray/9.0/include
           -I/opt/cray/pe/hdf5/1.10.5.2/cray/9.0/include
           -I/opt/cray/pe/netcdf/4.6.3.2/cray/9.0/include
           -I/opt/cray/rca/2.2.20-7.0.1.1_4.53__g8e3fb5b.ari/include
           -I/opt/cray/alps/6.6.58-7.0.1.1_6.10__g437d88db.ari/include
           -I/opt/cray/xpmem/2.2.20-7.0.1.1_4.14__g0475745.ari/include
           -I/opt/cray/gni-headers/5.0.12.0-7.0.1.1_6.32__g3b1768f.ari/include
           -I/opt/cray/dmapp/7.1.1-7.0.1.1_4.54__g38cf134.ari/include
           -I/opt/cray/pe/pmi/5.0.14/include
           -I/opt/cray/ugni/6.0.14.0-7.0.1.1_7.40__ge78e5b0.ari/include
           -I/opt/cray/udreg/2.3.2-7.0.1.1_3.38__g8175d3d.ari/include
           -I/opt/cray/wlm_detect/1.3.3-7.0.1.1_4.16__g7109084.ari/include
           -I/opt/cray/krca/2.2.6-7.0.1.1_5.39__gb641b12.ari/include
           -I/opt/cray-hss-devel/9.0.0/include
Program
  Units  : GYRO_MOMENTS_PLOT

ftnlx report
------------
Source   : /global/u2/b/bassem/gyro-EP/src/gyro_moments_plot.f90
Date     : 01/19/2021  15:35:44


%%%%%%%%%%%%%%%%%%%%%%%%%%%%%%%%%%%%%%%%%%%%%%%%%%%%%%%%%%%%%%%%%%%%%%%%%%%%%%%%
                          S o u r c e   L i s t i n g
%%%%%%%%%%%%%%%%%%%%%%%%%%%%%%%%%%%%%%%%%%%%%%%%%%%%%%%%%%%%%%%%%%%%%%%%%%%%%%%%

    1.    !------------------------------------------------------------------------
    2.    ! gyro_moments_plot.f90
    3.    !
    4.    ! PURPOSE:
    5.    !  Make density, energy and V_parallel fluctuation moments (with 
    6.    !  same functional form as phi_plot) for diagnostic output file.
    7.    ! 
    8.    !  This routine assumes phi_plot has been computed gyro_field_plot.
    9.    ! 
   10.    !     density moment: moments_plot(:,:,:,1)
   11.    !      energy moment: moments_plot(:,:,:,2)
   12.    !  V_parallel moment: moments_plot(:,:,:,3)
   13.    !
   14.    ! NOTES:
   15.    !  See http://fusion.gat.com/theory/Gyrousermanual for precise
   16.    !  definitions.
   17.    !--------------------------------------------------------------------
   18.    
   19.    subroutine gyro_moments_plot
   20.    
   21.      use mpi
   22.      use gyro_globals
   23.      use gyro_pointers
   24.      use math_constants
   25.      use ompdata
   26.    
   27.      !---------------------------------------------------
   28.      implicit none
   29.      !
   30.      integer :: j_plot
   31.      !
   32.      complex, dimension(n_blend,n_x,3) :: vel_sum_loc
   33.      complex, dimension(n_blend,n_x,3) :: vel_sum
   34.      !
   35.      complex, dimension(n_stack,i1_buffer:i2_buffer) :: cap_h
   36.      complex, dimension(n_theta_plot,n_x,3) :: mom_tmp
   37.      !---------------------------------------------------
   38.    
   39.      if (alltime_index == 0) then
   40.         moments_plot(:,:,:,:) = (0.0,0.0)
ftn-6263 ftn: VECTOR GYRO_MOMENTS_PLOT, File = gyro_moments_plot.f90, Line = 40 
  A loop starting at line 40 was not vectorized because it contains a reference to a non-vector intrinsic on line 40.

   41.      endif
   42.      moments_zero_plot(:,:,:) = 0.0
ftn-6263 ftn: VECTOR GYRO_MOMENTS_PLOT, File = gyro_moments_plot.f90, Line = 42 
  A loop starting at line 42 was not vectorized because it contains a reference to a non-vector intrinsic on line 42.

   43.    
   44.    
   45.      do is=1,n_kinetic
   46.    
   47.    !$omp parallel private(p_nek_loc,ie,k,ck,m0,p_nek,i,m,i_diff,j)
   48.         vel_sum_loc(:,ibeg:iend,:) = (0.0,0.0)
ftn-6263 ftn: VECTOR GYRO_MOMENTS_PLOT, File = gyro_moments_plot.f90, Line = 48 
  A loop starting at line 48 was not vectorized because it contains a reference to a non-vector intrinsic on line 48.

   49.    
   50.         ! First compute gyro_h = <h+z*alpha*<U>>
   51.         !
   52.         ! Note that gyro_h is really a temporary variable 
   53.         ! here; only gyro_h(:,:,:,1) is used.
   54.    
   55.         p_nek_loc = 0
   56.    
   57.         do p_nek=1+i_proc_1,n_nek_1,n_proc_1
   58.    
   59.            p_nek_loc = p_nek_loc+1
   60.    
   61.            ie = nek_e(p_nek)
   62.            k  = nek_k(p_nek)
   63.    
   64.            ck = class(k)
   65.    
   66.    !$omp barrier
   67.    !$omp single
   68.            cap_h(:,i1_buffer:0) = (0.0,0.0)
ftn-6263 ftn: VECTOR GYRO_MOMENTS_PLOT, File = gyro_moments_plot.f90, Line = 68 
  A loop starting at line 68 was not vectorized because it contains a reference to a non-vector intrinsic on line 68.

   69.            cap_h(:,n_x+1:i2_buffer) = (0.0,0.0)
ftn-6263 ftn: VECTOR GYRO_MOMENTS_PLOT, File = gyro_moments_plot.f90, Line = 69 
  A loop starting at line 69 was not vectorized because it contains a reference to a non-vector intrinsic on line 69.

   70.    !$omp end single
   71.            do i = ibeg, iend
   72.               do m=1,n_stack
   73.                  cap_h(m,i) = h(m,i,p_nek_loc,is)+&
   74.                       z(is)*alpha_s(is,i)*gyro_u(m,i,p_nek_loc,is)
   75.               enddo ! m
   76.            enddo ! i
   77.    !$omp barrier  ! ensure all cap_h values are available
   78.    
   79.            if (is <= n_gk) then
   80.               do i = ibeg, iend
   81.                  gyro_h(:,i,p_nek_loc,1) = (0.0,0.0)
ftn-6263 ftn: VECTOR GYRO_MOMENTS_PLOT, File = gyro_moments_plot.f90, Line = 81 
  A loop starting at line 81 was not vectorized because it contains a reference to a non-vector intrinsic on line 81.

   82.                  do m=1,n_stack
   83.                     m0 = m_phys(ck,m)
   84.                     do i_diff=-m_gyro,m_gyro-i_gyro
   85.                        gyro_h(m,i,p_nek_loc,1) = gyro_h(m,i,p_nek_loc,1)+ &
   86.                             w_gyro0(m0,i_diff,i,p_nek_loc,is)*cap_h(m,i_loop(i+i_diff))
   87.                     enddo ! i_diff
   88.                  enddo ! m
   89.               enddo ! i
   90.            else
   91.               ! Implicit electrons (gyroave=1)
   92.               do i = ibeg, iend
   93.                  do m=1,n_stack
   94.                     gyro_h(m,i,p_nek_loc,1) = cap_h(m,i)
   95.                  enddo ! m
   96.               enddo ! i
   97.            endif
   98.            
   99.            ! Subtract potential for all moments to give
  100.            !  moment(i) = Int[ d3v w(i) { <cap_h> - e (delta_phi)/T } ]
  101.            !    where w(i)=[1,E,v_par] 
  102.            do i = ibeg, iend
  103.               do m=1,n_stack
  104.                  gyro_h(m,i,p_nek_loc,1) = gyro_h(m,i,p_nek_loc,1)-&
  105.                       z(is)*alpha_s(is,i)*field_tau(m,i,p_nek_loc,1)
  106.               enddo ! m
  107.            enddo ! i
  108.    
  109.            !----------------------------------------------------
  110.            ! Now, compute blending projections:
  111.            !
  112.            ! vel_sum(j,i) -> FV[ (F*_j) gyro_h ]
  113.            !
  114.            do i = ibeg, iend
  115.               do m=1,n_stack
  116.                  m0 = m_phys(ck,m)
  117.                  do j=1,n_blend
  118.                     ! 1: density moment
  119.                     vel_sum_loc(j,i,1) = vel_sum_loc(j,i,1)+&
  120.                          gyro_h(m,i,p_nek_loc,1)*cs_blend(j,m0,i,p_nek_loc)
  121.    
  122.                     ! 2: energy moment
  123.                     vel_sum_loc(j,i,2) = vel_sum_loc(j,i,2)+&
  124.                          energy(ie)*tem_s(is,i)*&
  125.                          gyro_h(m,i,p_nek_loc,1)*cs_blend(j,m0,i,p_nek_loc)
  126.    
  127.                     ! 3: v_parallel moment
  128.                     vel_sum_loc(j,i,3) = vel_sum_loc(j,i,3)+&
  129.                          v_para(m,i,p_nek_loc,is)*&
  130.                          gyro_h(m,i,p_nek_loc,1)*cs_blend(j,m0,i,p_nek_loc)
  131.                  enddo ! j
  132.               enddo ! m
  133.            enddo ! i
  134.         enddo ! p_nek
  135.    !$omp end parallel
  136.         !--------------------------------------------------------------
  137.    
  138.         call MPI_ALLREDUCE(vel_sum_loc,&
  139.              vel_sum,&
  140.              size(vel_sum),&
  141.              MPI_DOUBLE_COMPLEX,&
  142.              MPI_SUM,&
  143.              NEW_COMM_1,&
  144.              i_err)
  145.    
  146.         !---------------------------------------------------
  147.         ! Solve for blending coefficients:
  148.         !
  149.    !$omp parallel do private(info) schedule(static)
  150.         do i=1,n_x
  151.    
  152.            call ZGETRS('N',&
  153.                 n_blend,&
  154.                 3,&
  155.                 ff_mm(:,:,i,1),&
  156.                 n_blend,&
  157.                 ff_mm_piv(:,i,1),&
  158.                 vel_sum(:,i,:),&
                              ^         
ftn-1438 ftn: CAUTION GYRO_MOMENTS_PLOT, File = gyro_moments_plot.f90, Line = 158, Column = 21 
  This argument produces a copy in and copy out to a temporary variable.

  159.                 n_blend,&
  160.                 info)
  161.    
  162.         enddo ! i
  163.         !---------------------------------------------------
  164.    
  165.         !---------------------------------------------------------------
  166.         ! Theta-interpolate moments_plot from vel_sum projections: 
  167.         !
  168.         do ix=1,3
  169.            do i=1,n_x
  170.               do j_plot=1,n_theta_plot
  171.                  mom_tmp(j_plot,i,ix) = sum(vel_sum(:,i,ix)*blend_plot(:,j_plot,i))
ftn-6262 ftn: VECTOR GYRO_MOMENTS_PLOT, File = gyro_moments_plot.f90, Line = 171 
  A loop starting at line 171 was not vectorized because it contains a call to a subroutine or function on line 171.

  172.               enddo ! j_plot
  173.            enddo ! i
  174.         enddo ! ix
  175.         !----------------------------------------------------------------
  176.    
  177.         !---------------------------------------------------------------
  178.         ! Integrate to obtain flux-surface averages
  179.         !
  180.         do ix=1,2
  181.            do i=1,n_x
  182.               do j=1,n_blend
  183.                  moments_zero_plot(i,is,ix) = &
  184.                       moments_zero_plot(i,is,ix)+c_fluxave(j,i)*real(vel_sum(j,i,ix))
  185.               enddo ! j
  186.            enddo ! i
  187.         enddo ! ix
  188.         !----------------------------------------------------------------
  189.    
  190.         !----------------------------------------------------------------
  191.         ! Compute moments_plot with averaging:
  192.         !
  193.         moments_plot(:,:,is,:) = moments_plot(:,:,is,:)+&
ftn-6262 ftn: VECTOR GYRO_MOMENTS_PLOT, File = gyro_moments_plot.f90, Line = 193 
  A loop starting at line 193 was not vectorized because it contains a call to a subroutine or function on line 193.

  194.              w_time(alltime_index+1)*mom_tmp(:,:,:)
  195.         !----------------------------------------------------------------
  196.    
  197.      enddo ! is
  198.    
  199.    end subroutine gyro_moments_plot


%%%%%%%%%%%%%%%%%%%%%%%%%%%%%%%%%%%%%%%%%%%%%%%%%%%%%%%%%%%%%%%%%%%%%%%%%%%%%%%%
                     C o m m o n   B l o c k   R e p o r t
%%%%%%%%%%%%%%%%%%%%%%%%%%%%%%%%%%%%%%%%%%%%%%%%%%%%%%%%%%%%%%%%%%%%%%%%%%%%%%%%

Blk  Program Unit                     Messages
---  ------------                     --------
/MPIFCMB5/                            Length: 4 bytes

     GYRO_MOMENTS_PLOT                Block is used from MPI_CONSTANTS

Blk  Program Unit                     Messages
---  ------------                     --------
/MPIFCMB9/                            Length: 4 bytes

     GYRO_MOMENTS_PLOT                Block is used from MPI_CONSTANTS

Blk  Program Unit                     Messages
---  ------------                     --------
/MPIPRIV1/                            Length: 28 bytes

     GYRO_MOMENTS_PLOT                Block is used from MPI_CONSTANTS

Blk  Program Unit                     Messages
---  ------------                     --------
/MPIPRIV2/                            Length: 24 bytes

     GYRO_MOMENTS_PLOT                Block is used from MPI_CONSTANTS

Blk  Program Unit                     Messages
---  ------------                     --------
/MPIPRIVC/                            Length: 2 bytes

     GYRO_MOMENTS_PLOT                Block is used from MPI_CONSTANTS


%%%%%%%%%%%%%%%%%%%%%%%%%%%%%%%%%%%%%%%%%%%%%%%%%%%%%%%%%%%%%%%%%%%%%%%%%%%%%%%%
                         E x t e r n a l   R e p o r t
%%%%%%%%%%%%%%%%%%%%%%%%%%%%%%%%%%%%%%%%%%%%%%%%%%%%%%%%%%%%%%%%%%%%%%%%%%%%%%%%

Name  Messages
----  --------
CHAR(Intrinsic)
      Defined as:  No definitions.

                   No calls.  It is not called and does not use any procedure.

      Interface:   None

Name  Messages
----  --------
COMMEQ in MPI_CONSTANTS
      Defined as:  No definitions.

                   No calls.  It is not called and does not use any procedure.

      Interface:   None

Name  Messages
----  --------
COMMNEQ in MPI_CONSTANTS
      Defined as:  No definitions.

                   No calls.  It is not called and does not use any procedure.

      Interface:   None

Name  Messages
----  --------
DATATYPEEQ in MPI_CONSTANTS
      Defined as:  No definitions.

                   No calls.  It is not called and does not use any procedure.

      Interface:   None

Name  Messages
----  --------
DATATYPENEQ in MPI_CONSTANTS
      Defined as:  No definitions.

                   No calls.  It is not called and does not use any procedure.

      Interface:   None

Name  Messages
----  --------
ERRHANDLEREQ in MPI_CONSTANTS
      Defined as:  No definitions.

                   No calls.  It is not called and does not use any procedure.

      Interface:   None

Name  Messages
----  --------
ERRHANDLERNEQ in MPI_CONSTANTS
      Defined as:  No definitions.

                   No calls.  It is not called and does not use any procedure.

      Interface:   None

Name  Messages
----  --------
FILEEQ in MPI_CONSTANTS
      Defined as:  No definitions.

                   No calls.  It is not called and does not use any procedure.

      Interface:   None

Name  Messages
----  --------
FILENEQ in MPI_CONSTANTS
      Defined as:  No definitions.

                   No calls.  It is not called and does not use any procedure.

      Interface:   None

Name  Messages
----  --------
GROUPEQ in MPI_CONSTANTS
      Defined as:  No definitions.

                   No calls.  It is not called and does not use any procedure.

      Interface:   None

Name  Messages
----  --------
GROUPNEQ in MPI_CONSTANTS
      Defined as:  No definitions.

                   No calls.  It is not called and does not use any procedure.

      Interface:   None

Name  Messages
----  --------
GYRO_GLOBALS
      Defined as:  No definitions.

      Used By:     GYRO_MOMENTS_PLOT

Name  Messages
----  --------
GYRO_MOMENTS_PLOT
      Defined as:  Subroutine (line 19, file gyro_moments_plot.f90)

      Interface:   None

      Calls:       SUM(Intrinsic) (Line 171, file gyro_moments_plot.f90)
                   REAL(Intrinsic) (Line 184, file gyro_moments_plot.f90)

        Uses:      MPI
                   MPI_BASE  (indirectly)
                   MPI_SIZEOFS  (indirectly)
                   MPI_CONSTANTS  (indirectly)
                   GYRO_GLOBALS
                   GYRO_POINTERS
                   MATH_CONSTANTS
                   OMPDATA

Name  Messages
----  --------
GYRO_POINTERS
      Defined as:  No definitions.

      Used By:     GYRO_MOMENTS_PLOT

Name  Messages
----  --------
INFOEQ in MPI_CONSTANTS
      Defined as:  No definitions.

                   No calls.  It is not called and does not use any procedure.

      Interface:   None

Name  Messages
----  --------
INFONEQ in MPI_CONSTANTS
      Defined as:  No definitions.

                   No calls.  It is not called and does not use any procedure.

      Interface:   None

Name  Messages
----  --------
MATH_CONSTANTS
      Defined as:  No definitions.

      Used By:     GYRO_MOMENTS_PLOT

Name  Messages
----  --------
MESSAGEEQ in MPI_CONSTANTS
      Defined as:  No definitions.

                   No calls.  It is not called and does not use any procedure.

      Interface:   None

Name  Messages
----  --------
MESSAGENEQ in MPI_CONSTANTS
      Defined as:  No definitions.

                   No calls.  It is not called and does not use any procedure.

      Interface:   None

Name  Messages
----  --------
MPI
      Defined as:  No definitions.

      Used By:     GYRO_MOMENTS_PLOT

Name  Messages
----  --------
MPI_ALLREDUCE
      Defined as:  No definitions.

                   No calls.  It is not called and does not use any procedure.

      Interface:   None

Name  Messages
----  --------
MPI_BASE
      Defined as:  No definitions.

      Used By:     GYRO_MOMENTS_PLOT  (indirectly)

Name  Messages
----  --------
MPI_CONSTANTS
      Defined as:  No definitions.

      Used By:     GYRO_MOMENTS_PLOT  (indirectly)

Name  Messages
----  --------
MPI_SIZEOFS
      Defined as:  No definitions.

      Used By:     GYRO_MOMENTS_PLOT  (indirectly)

Name  Messages
----  --------
MPI_SIZEOF_CH in MPI_SIZEOFS
      Defined as:  No definitions.

                   No calls.  It is not called and does not use any procedure.

      Interface:   None

Name  Messages
----  --------
MPI_SIZEOF_CHV in MPI_SIZEOFS
      Defined as:  No definitions.

                   No calls.  It is not called and does not use any procedure.

      Interface:   None

Name  Messages
----  --------
MPI_SIZEOF_CX in MPI_SIZEOFS
      Defined as:  No definitions.

                   No calls.  It is not called and does not use any procedure.

      Interface:   None

Name  Messages
----  --------
MPI_SIZEOF_CXV in MPI_SIZEOFS
      Defined as:  No definitions.

                   No calls.  It is not called and does not use any procedure.

      Interface:   None

Name  Messages
----  --------
MPI_SIZEOF_D in MPI_SIZEOFS
      Defined as:  No definitions.

                   No calls.  It is not called and does not use any procedure.

      Interface:   None

Name  Messages
----  --------
MPI_SIZEOF_DV in MPI_SIZEOFS
      Defined as:  No definitions.

                   No calls.  It is not called and does not use any procedure.

      Interface:   None

Name  Messages
----  --------
MPI_SIZEOF_I in MPI_SIZEOFS
      Defined as:  No definitions.

                   No calls.  It is not called and does not use any procedure.

      Interface:   None

Name  Messages
----  --------
MPI_SIZEOF_I1 in MPI_SIZEOFS
      Defined as:  No definitions.

                   No calls.  It is not called and does not use any procedure.

      Interface:   None

Name  Messages
----  --------
MPI_SIZEOF_I1V in MPI_SIZEOFS
      Defined as:  No definitions.

                   No calls.  It is not called and does not use any procedure.

      Interface:   None

Name  Messages
----  --------
MPI_SIZEOF_I2 in MPI_SIZEOFS
      Defined as:  No definitions.

                   No calls.  It is not called and does not use any procedure.

      Interface:   None

Name  Messages
----  --------
MPI_SIZEOF_I2V in MPI_SIZEOFS
      Defined as:  No definitions.

                   No calls.  It is not called and does not use any procedure.

      Interface:   None

Name  Messages
----  --------
MPI_SIZEOF_I8 in MPI_SIZEOFS
      Defined as:  No definitions.

                   No calls.  It is not called and does not use any procedure.

      Interface:   None

Name  Messages
----  --------
MPI_SIZEOF_I8V in MPI_SIZEOFS
      Defined as:  No definitions.

                   No calls.  It is not called and does not use any procedure.

      Interface:   None

Name  Messages
----  --------
MPI_SIZEOF_IV in MPI_SIZEOFS
      Defined as:  No definitions.

                   No calls.  It is not called and does not use any procedure.

      Interface:   None

Name  Messages
----  --------
MPI_SIZEOF_L in MPI_SIZEOFS
      Defined as:  No definitions.

                   No calls.  It is not called and does not use any procedure.

      Interface:   None

Name  Messages
----  --------
MPI_SIZEOF_LV in MPI_SIZEOFS
      Defined as:  No definitions.

                   No calls.  It is not called and does not use any procedure.

      Interface:   None

Name  Messages
----  --------
MPI_SIZEOF_R in MPI_SIZEOFS
      Defined as:  No definitions.

                   No calls.  It is not called and does not use any procedure.

      Interface:   None

Name  Messages
----  --------
MPI_SIZEOF_RV in MPI_SIZEOFS
      Defined as:  No definitions.

                   No calls.  It is not called and does not use any procedure.

      Interface:   None

Name  Messages
----  --------
OMPDATA
      Defined as:  No definitions.

      Used By:     GYRO_MOMENTS_PLOT

Name  Messages
----  --------
OPEQ in MPI_CONSTANTS
      Defined as:  No definitions.

                   No calls.  It is not called and does not use any procedure.

      Interface:   None

Name  Messages
----  --------
OPNEQ in MPI_CONSTANTS
      Defined as:  No definitions.

                   No calls.  It is not called and does not use any procedure.

      Interface:   None

Name  Messages
----  --------
REAL(Intrinsic)
      Defined as:  No definitions.

      Interface:   None

      Called By:   GYRO_MOMENTS_PLOT (Line 184, file gyro_moments_plot.f90)

Name  Messages
----  --------
REQUESTEQ in MPI_CONSTANTS
      Defined as:  No definitions.

                   No calls.  It is not called and does not use any procedure.

      Interface:   None

Name  Messages
----  --------
REQUESTNEQ in MPI_CONSTANTS
      Defined as:  No definitions.

                   No calls.  It is not called and does not use any procedure.

      Interface:   None

Name  Messages
----  --------
SIZE(Intrinsic)
      Defined as:  No definitions.

                   No calls.  It is not called and does not use any procedure.

      Interface:   None

Name  Messages
----  --------
SUM(Intrinsic)
      Defined as:  No definitions.

      Interface:   None

      Called By:   GYRO_MOMENTS_PLOT (Line 171, file gyro_moments_plot.f90)

Name  Messages
----  --------
WINEQ in MPI_CONSTANTS
      Defined as:  No definitions.

                   No calls.  It is not called and does not use any procedure.

      Interface:   None

Name  Messages
----  --------
WINNEQ in MPI_CONSTANTS
      Defined as:  No definitions.

                   No calls.  It is not called and does not use any procedure.

      Interface:   None

Name  Messages
----  --------
ZGETRS
      Defined as:  No definitions.

                   No calls.  It is not called and does not use any procedure.

      Interface:   None

Name  Messages
----  --------
__SUM(Intrinsic)
      Defined as:  No definitions.

                   No calls.  It is not called and does not use any procedure.

      Interface:   None


%%%%%%%%%%%%%%%%%%%%%%%%%%%%%%%%%%%%%%%%%%%%%%%%%%%%%%%%%%%%%%%%%%%%%%%%%%%%%%%%
%%%%%%%%%%%%%%%%%%%%%%%%%%%%%%%%%%%%%%%%%%%%%%%%%%%%%%%%%%%%%%%%%%%%%%%%%%%%%%%%
