%%%%%%%%%%%%%%%%%%%%%%%%%%%%%%%%%%%%%%%%%%%%%%%%%%%%%%%%%%%%%%%%%%%%%%%%%%%%%%%%
                          S u m m a r y   R e p o r t
%%%%%%%%%%%%%%%%%%%%%%%%%%%%%%%%%%%%%%%%%%%%%%%%%%%%%%%%%%%%%%%%%%%%%%%%%%%%%%%%

Compilation
-----------
File     : /global/u2/b/bassem/gyro-EP/src/gyro_banana_uniform_taugrid.f90
Compiled : 01/19/21  15:35:29
Compiler : Version 9.1.0
Ftnlx    : Version 9.1.0 
Target   : x86-64
Command  : ftn_driver.exe -hcpu=haswell -hdynamic -D__CRAYXC -D__CRAY_HASWELL
           -D__CRAYXT_COMPUTE_LINUX_TARGET -hnetwork=aries -hnoomp -em
           -J/global/homes/b/bassem/gyro-EP/modules -sreal64 -eD -Ktrap=fp -m1
           -Rbcdps -G0 -I/opt/cray/pe/fftw/3.3.8.4/haswell/include
           -c gyro_banana_uniform_taugrid.f90
           -I/opt/cray/pe/cce/9.1.0/cce-clang/x86_64/lib/clang/9.0.0/include
           -I/opt/cray/pe/cce/9.1.0/cce/x86_64/include/craylibs -I/usr/include
           -I/usr/include -I/opt/cray/pe/fftw/3.3.8.4/haswell/include
           -I/opt/cray/pe/libsci/19.06.1/CRAY/9.0/x86_64/include
           -I/opt/cray/pe/mpt/7.7.10/gni/mpich-cray/9.0/include
           -I/opt/cray/pe/hdf5/1.10.5.2/cray/9.0/include
           -I/opt/cray/pe/netcdf/4.6.3.2/cray/9.0/include
           -I/opt/cray/rca/2.2.20-7.0.1.1_4.53__g8e3fb5b.ari/include
           -I/opt/cray/alps/6.6.58-7.0.1.1_6.10__g437d88db.ari/include
           -I/opt/cray/xpmem/2.2.20-7.0.1.1_4.14__g0475745.ari/include
           -I/opt/cray/gni-headers/5.0.12.0-7.0.1.1_6.32__g3b1768f.ari/include
           -I/opt/cray/dmapp/7.1.1-7.0.1.1_4.54__g38cf134.ari/include
           -I/opt/cray/pe/pmi/5.0.14/include
           -I/opt/cray/ugni/6.0.14.0-7.0.1.1_7.40__ge78e5b0.ari/include
           -I/opt/cray/udreg/2.3.2-7.0.1.1_3.38__g8175d3d.ari/include
           -I/opt/cray/wlm_detect/1.3.3-7.0.1.1_4.16__g7109084.ari/include
           -I/opt/cray/krca/2.2.6-7.0.1.1_5.39__gb641b12.ari/include
           -I/opt/cray-hss-devel/9.0.0/include
Program
  Units  : GYRO_BANANA_UNIFORM_TAUGRID

ftnlx report
------------
Source   : /global/u2/b/bassem/gyro-EP/src/gyro_banana_uniform_taugrid.f90
Date     : 01/19/2021  15:35:29


%%%%%%%%%%%%%%%%%%%%%%%%%%%%%%%%%%%%%%%%%%%%%%%%%%%%%%%%%%%%%%%%%%%%%%%%%%%%%%%%
                          S o u r c e   L i s t i n g
%%%%%%%%%%%%%%%%%%%%%%%%%%%%%%%%%%%%%%%%%%%%%%%%%%%%%%%%%%%%%%%%%%%%%%%%%%%%%%%%

    1.    !-----------------------------------------------------
    2.    ! ORB_do.f90
    3.    !
    4.    ! PURPOSE:
    5.    !  Find iterative solution for 
    6.    !
    7.    !  d(theta) = d(tau) sqrt[ 1-lambda B(theta) ]
    8.    !-----------------------------------------------------
    9.    
   10.    subroutine gyro_banana_uniform_taugrid(lambda,n_tau,n_sub,theta,tau)
   11.    
   12.      use gyro_banana_private
   13.      use GEO_interface
   14.    
   15.      !-----------------------------------------------------------
   16.      implicit none
   17.      !
   18.      integer, intent(in) :: n_tau
   19.      integer, intent(in) :: n_sub
   20.      integer :: i
   21.      integer :: j
   22.      integer :: ni
   23.      integer, parameter :: n_iterate=20
   24.      !
   25.      real, dimension(n_tau) :: theta
   26.      real, dimension(n_tau) :: tau
   27.      !
   28.      real, intent(in) :: lambda
   29.      real, dimension(:), allocatable :: f
   30.      real, dimension(:), allocatable :: x
   31.      real :: fsum
   32.      real :: dt
   33.      real :: theta_bm
   34.      real :: theta_bp
   35.      !-----------------------------------------------------------
   36.    
   37.    
   38.      if (lambda < lambda_tp) then
   39.    
   40.         ! Passing particles
   41.    
   42.         theta_bm = -pi
   43.         theta_bp = pi
   44.    
   45.      else
   46.    
   47.         ! Trapped particles
   48.    
   49.         call gyro_bounce_points(lambda,theta_bp,theta_bm)
   50.    
   51.      endif
   52.    
   53.      !----------------------------------------
   54.      ! Compute number of integration intervals
   55.      !
   56.      ni = 1+(n_tau-1)*(n_sub+1)
   57.      !
   58.      allocate(x(ni))
   59.      allocate(f(ni))
   60.      !----------------------------------------
   61.    
   62.      do i=1,ni
   63.         x(i) = theta_bm+(i-1)*(theta_bp-theta_bm)/(ni-1)
   64.      enddo
   65.    
   66.      do j=1,n_iterate
   67.    
   68.         do i=1,ni
   69.            call GEO_interp(x(i))
   70.            f(i) = sqrt(abs(1.0-lambda*GEO_b))/GEO_g_theta
   71.         enddo
   72.    
   73.         fsum = 0.5*(f(1)+f(ni))+sum(f(2:ni-1))
ftn-6263 ftn: VECTOR GYRO_BANANA_UNIFORM_TAUGRID, File = gyro_banana_uniform_taugrid.f90, Line = 73 
  A loop starting at line 73 was not vectorized because it contains a reference to a non-vector intrinsic on line 73.

   74.         dt = (theta_bp-theta_bm)/fsum
   75.    
   76.         x(1) = theta_bm
   77.         do i=2,ni
   78.            x(i) = x(i-1)+0.5*dt*(f(i)+f(i-1))
   79.         enddo
   80.    
   81.      enddo ! j
   82.    
   83.      do j=1,n_tau
   84.         i = 1+(j-1)*(n_sub+1)
   85.         theta(j) = x(i)
   86.         tau(j)   = (i-1)*dt
   87.      enddo
   88.    
   89.      deallocate(x)
   90.      deallocate(f)
   91.    
   92.    end subroutine gyro_banana_uniform_taugrid


%%%%%%%%%%%%%%%%%%%%%%%%%%%%%%%%%%%%%%%%%%%%%%%%%%%%%%%%%%%%%%%%%%%%%%%%%%%%%%%%
                         E x t e r n a l   R e p o r t
%%%%%%%%%%%%%%%%%%%%%%%%%%%%%%%%%%%%%%%%%%%%%%%%%%%%%%%%%%%%%%%%%%%%%%%%%%%%%%%%

Name  Messages
----  --------
ABS(Intrinsic)
      Defined as:  No definitions.

      Interface:   None

      Called By:   GYRO_BANANA_UNIFORM_TAUGRID (Line 70, file gyro_banana_uniform_taugrid.f90)

Name  Messages
----  --------
GEO_INTERFACE
      Defined as:  No definitions.

      Used By:     GYRO_BANANA_UNIFORM_TAUGRID

Name  Messages
----  --------
GEO_INTERP
      Defined as:  No definitions.

                   No calls.  It is not called and does not use any procedure.

      Interface:   None

Name  Messages
----  --------
GYRO_BANANA_PRIVATE
      Defined as:  No definitions.

      Used By:     GYRO_BANANA_UNIFORM_TAUGRID

Name  Messages
----  --------
GYRO_BANANA_UNIFORM_TAUGRID
      Defined as:  Subroutine (line 10, file gyro_banana_uniform_taugrid.f90)

      Interface:   None

      Calls:       GYRO_BOUNCE_POINTS (Line 49, file gyro_banana_uniform_taugrid.f90)
                   ABS(Intrinsic) (Line 70, file gyro_banana_uniform_taugrid.f90)
                   SQRT(Intrinsic) (Line 70, file gyro_banana_uniform_taugrid.f90)
                   SUM(Intrinsic) (Line 73, file gyro_banana_uniform_taugrid.f90)

        Uses:      GYRO_BANANA_PRIVATE
                   GEO_INTERFACE

Name  Messages
----  --------
GYRO_BOUNCE_POINTS
      Defined as:  No definitions.

      Interface:   None

      Called By:   GYRO_BANANA_UNIFORM_TAUGRID (Line 49, file gyro_banana_uniform_taugrid.f90)

Name  Messages
----  --------
SQRT(Intrinsic)
      Defined as:  No definitions.

      Interface:   None

      Called By:   GYRO_BANANA_UNIFORM_TAUGRID (Line 70, file gyro_banana_uniform_taugrid.f90)

Name  Messages
----  --------
SUM(Intrinsic)
      Defined as:  No definitions.

      Interface:   None

      Called By:   GYRO_BANANA_UNIFORM_TAUGRID (Line 73, file gyro_banana_uniform_taugrid.f90)

Name  Messages
----  --------
__SUM(Intrinsic)
      Defined as:  No definitions.

                   No calls.  It is not called and does not use any procedure.

      Interface:   None


%%%%%%%%%%%%%%%%%%%%%%%%%%%%%%%%%%%%%%%%%%%%%%%%%%%%%%%%%%%%%%%%%%%%%%%%%%%%%%%%
%%%%%%%%%%%%%%%%%%%%%%%%%%%%%%%%%%%%%%%%%%%%%%%%%%%%%%%%%%%%%%%%%%%%%%%%%%%%%%%%
