%%%%%%%%%%%%%%%%%%%%%%%%%%%%%%%%%%%%%%%%%%%%%%%%%%%%%%%%%%%%%%%%%%%%%%%%%%%%%%%%
                          S u m m a r y   R e p o r t
%%%%%%%%%%%%%%%%%%%%%%%%%%%%%%%%%%%%%%%%%%%%%%%%%%%%%%%%%%%%%%%%%%%%%%%%%%%%%%%%

Compilation
-----------
File     : /global/u2/b/bassem/gyro-EP/src/gyro_write_step.f90
Compiled : 01/19/21  15:35:57
Compiler : Version 9.1.0
Ftnlx    : Version 9.1.0 
Target   : x86-64
Command  : ftn_driver.exe -hcpu=haswell -hdynamic -D__CRAYXC -D__CRAY_HASWELL
           -D__CRAYXT_COMPUTE_LINUX_TARGET -hnetwork=aries -hnoomp -em
           -J/global/homes/b/bassem/gyro-EP/modules -sreal64 -eD -Ktrap=fp -m1
           -Rbcdps -G0 -I/opt/cray/pe/fftw/3.3.8.4/haswell/include
           -c gyro_write_step.f90
           -I/opt/cray/pe/cce/9.1.0/cce-clang/x86_64/lib/clang/9.0.0/include
           -I/opt/cray/pe/cce/9.1.0/cce/x86_64/include/craylibs -I/usr/include
           -I/usr/include -I/opt/cray/pe/fftw/3.3.8.4/haswell/include
           -I/opt/cray/pe/libsci/19.06.1/CRAY/9.0/x86_64/include
           -I/opt/cray/pe/mpt/7.7.10/gni/mpich-cray/9.0/include
           -I/opt/cray/pe/hdf5/1.10.5.2/cray/9.0/include
           -I/opt/cray/pe/netcdf/4.6.3.2/cray/9.0/include
           -I/opt/cray/rca/2.2.20-7.0.1.1_4.53__g8e3fb5b.ari/include
           -I/opt/cray/alps/6.6.58-7.0.1.1_6.10__g437d88db.ari/include
           -I/opt/cray/xpmem/2.2.20-7.0.1.1_4.14__g0475745.ari/include
           -I/opt/cray/gni-headers/5.0.12.0-7.0.1.1_6.32__g3b1768f.ari/include
           -I/opt/cray/dmapp/7.1.1-7.0.1.1_4.54__g38cf134.ari/include
           -I/opt/cray/pe/pmi/5.0.14/include
           -I/opt/cray/ugni/6.0.14.0-7.0.1.1_7.40__ge78e5b0.ari/include
           -I/opt/cray/udreg/2.3.2-7.0.1.1_3.38__g8175d3d.ari/include
           -I/opt/cray/wlm_detect/1.3.3-7.0.1.1_4.16__g7109084.ari/include
           -I/opt/cray/krca/2.2.6-7.0.1.1_5.39__gb641b12.ari/include
           -I/opt/cray-hss-devel/9.0.0/include
Program
  Units  : GYRO_WRITE_STEP

ftnlx report
------------
Source   : /global/u2/b/bassem/gyro-EP/src/gyro_write_step.f90
Date     : 01/19/2021  15:35:57


%%%%%%%%%%%%%%%%%%%%%%%%%%%%%%%%%%%%%%%%%%%%%%%%%%%%%%%%%%%%%%%%%%%%%%%%%%%%%%%%
                          S o u r c e   L i s t i n g
%%%%%%%%%%%%%%%%%%%%%%%%%%%%%%%%%%%%%%%%%%%%%%%%%%%%%%%%%%%%%%%%%%%%%%%%%%%%%%%%

    1.    !------------------------------------------------
    2.    ! gyro_write_step.f90
    3.    !
    4.    ! PURPOSE:
    5.    !  Output of timestep data.
    6.    !------------------------------------------------
    7.     
    8.    subroutine gyro_write_step(datafile,io)
    9.    
   10.      use gyro_globals
   11.    
   12.      !------------------------------------------
   13.      implicit none
   14.      !
   15.      integer, intent(in) :: io
   16.      character (len=*), intent(in) :: datafile
   17.      !
   18.      integer :: data_loop
   19.      integer :: i_dummy
   20.      real :: dummy
   21.      !------------------------------------------
   22.    
   23.      select case (io_control)
   24.    
   25.      case(0)
   26.    
   27.         return
   28.    
   29.      case(1)
   30.    
   31.         ! Open
   32.    
   33.         open(unit=io,file=datafile,status='replace')
   34.         close(io)
   35.    
   36.      case(2)
   37.    
   38.         ! Append
   39.    
   40.         if (silent_flag == 0 .and. linsolve_method == 1) then
   41.    
   42.            if (nonlinear_flag == 0) then
   43.               print '(a,1pe9.3,a,1pe10.3,1pe10.3,a,1pe9.3,a,5(1pe9.3,1x))',&
   44.                    '[t = ',t_current,&
   45.                    '][w = ',omega_linear(1,1),&
   46.                    '][dw = ',abs(omega_linear(1,2)),&
   47.                    '] t_err: ',time_error(:)
   48.               do in=2,n_n
   49.                  print '(t16,a,1pe10.3,1pe10.3,a,1pe9.3,a)',&
   50.                       '[w = ',omega_linear(in,1),&
   51.                       '][dw = ',abs(omega_linear(in,2)),&
   52.                       ']'
   53.               enddo
   54.            else
   55.               print '(a,1pe9.3,a,5(1pe9.3,1x))',&
   56.                    '[t = ',t_current,&
   57.                    '] t_err: ',time_error(:)
   58.            endif
   59.    
   60.         endif
   61.    
   62.         open(unit=io,file=datafile,status='old',position='append')
   63.         write(io,10) data_step,t_current
   64.         close(io)
   65.    
   66.      case(3)
   67.    
   68.         ! Rewind
   69.    
   70.         open(unit=io,file=datafile,status='old')
   71.    
   72.         do data_loop=0,data_step
   73.            read(io,10) i_dummy,dummy
   74.         enddo
   75.    
   76.         endfile(io)
   77.         close(io)
   78.    
   79.      end select
   80.    
   81.    10 format(i6,1x,es12.5)
   82.    
   83.    end subroutine gyro_write_step


%%%%%%%%%%%%%%%%%%%%%%%%%%%%%%%%%%%%%%%%%%%%%%%%%%%%%%%%%%%%%%%%%%%%%%%%%%%%%%%%
                         E x t e r n a l   R e p o r t
%%%%%%%%%%%%%%%%%%%%%%%%%%%%%%%%%%%%%%%%%%%%%%%%%%%%%%%%%%%%%%%%%%%%%%%%%%%%%%%%

Name  Messages
----  --------
ABS(Intrinsic)
      Defined as:  No definitions.

      Interface:   None

      Called By:   GYRO_WRITE_STEP (Line 46, file gyro_write_step.f90)
                   GYRO_WRITE_STEP (Line 51, file gyro_write_step.f90)

Name  Messages
----  --------
CHAR(Intrinsic)
      Defined as:  No definitions.

                   No calls.  It is not called and does not use any procedure.

      Interface:   None

Name  Messages
----  --------
GYRO_GLOBALS
      Defined as:  No definitions.

      Used By:     GYRO_WRITE_STEP

Name  Messages
----  --------
GYRO_WRITE_STEP
      Defined as:  Subroutine (line 8, file gyro_write_step.f90)

      Interface:   None

      Calls:       ABS(Intrinsic) (Line 46, file gyro_write_step.f90)
                   ABS(Intrinsic) (Line 51, file gyro_write_step.f90)

        Uses:      GYRO_GLOBALS


%%%%%%%%%%%%%%%%%%%%%%%%%%%%%%%%%%%%%%%%%%%%%%%%%%%%%%%%%%%%%%%%%%%%%%%%%%%%%%%%
%%%%%%%%%%%%%%%%%%%%%%%%%%%%%%%%%%%%%%%%%%%%%%%%%%%%%%%%%%%%%%%%%%%%%%%%%%%%%%%%
