%%%%%%%%%%%%%%%%%%%%%%%%%%%%%%%%%%%%%%%%%%%%%%%%%%%%%%%%%%%%%%%%%%%%%%%%%%%%%%%%
                          S u m m a r y   R e p o r t
%%%%%%%%%%%%%%%%%%%%%%%%%%%%%%%%%%%%%%%%%%%%%%%%%%%%%%%%%%%%%%%%%%%%%%%%%%%%%%%%

Compilation
-----------
File     : /global/u2/b/bassem/gyro-EP/src/gyro_rhs_total.f90
Compiled : 01/19/21  15:35:51
Compiler : Version 9.1.0
Ftnlx    : Version 9.1.0 
Target   : x86-64
Command  : ftn_driver.exe -hcpu=haswell -hdynamic -D__CRAYXC -D__CRAY_HASWELL
           -D__CRAYXT_COMPUTE_LINUX_TARGET -hnetwork=aries -hnoomp -em
           -J/global/homes/b/bassem/gyro-EP/modules -sreal64 -eD -Ktrap=fp -m1
           -Rbcdps -G0 -I/opt/cray/pe/fftw/3.3.8.4/haswell/include
           -c gyro_rhs_total.f90
           -I/opt/cray/pe/cce/9.1.0/cce-clang/x86_64/lib/clang/9.0.0/include
           -I/opt/cray/pe/cce/9.1.0/cce/x86_64/include/craylibs -I/usr/include
           -I/usr/include -I/opt/cray/pe/fftw/3.3.8.4/haswell/include
           -I/opt/cray/pe/libsci/19.06.1/CRAY/9.0/x86_64/include
           -I/opt/cray/pe/mpt/7.7.10/gni/mpich-cray/9.0/include
           -I/opt/cray/pe/hdf5/1.10.5.2/cray/9.0/include
           -I/opt/cray/pe/netcdf/4.6.3.2/cray/9.0/include
           -I/opt/cray/rca/2.2.20-7.0.1.1_4.53__g8e3fb5b.ari/include
           -I/opt/cray/alps/6.6.58-7.0.1.1_6.10__g437d88db.ari/include
           -I/opt/cray/xpmem/2.2.20-7.0.1.1_4.14__g0475745.ari/include
           -I/opt/cray/gni-headers/5.0.12.0-7.0.1.1_6.32__g3b1768f.ari/include
           -I/opt/cray/dmapp/7.1.1-7.0.1.1_4.54__g38cf134.ari/include
           -I/opt/cray/pe/pmi/5.0.14/include
           -I/opt/cray/ugni/6.0.14.0-7.0.1.1_7.40__ge78e5b0.ari/include
           -I/opt/cray/udreg/2.3.2-7.0.1.1_3.38__g8175d3d.ari/include
           -I/opt/cray/wlm_detect/1.3.3-7.0.1.1_4.16__g7109084.ari/include
           -I/opt/cray/krca/2.2.6-7.0.1.1_5.39__gb641b12.ari/include
           -I/opt/cray-hss-devel/9.0.0/include
Program
  Units  : GYRO_RHS_TOTAL

ftnlx report
------------
Source   : /global/u2/b/bassem/gyro-EP/src/gyro_rhs_total.f90
Date     : 01/19/2021  15:35:51


%%%%%%%%%%%%%%%%%%%%%%%%%%%%%%%%%%%%%%%%%%%%%%%%%%%%%%%%%%%%%%%%%%%%%%%%%%%%%%%%
                          S o u r c e   L i s t i n g
%%%%%%%%%%%%%%%%%%%%%%%%%%%%%%%%%%%%%%%%%%%%%%%%%%%%%%%%%%%%%%%%%%%%%%%%%%%%%%%%

    1.    
    2.    !-----------------------------------------------------------
    3.    ! gyro_rhs_total.f90
    4.    !
    5.    ! PURPOSE:
    6.    !  Compute the RHS of the electron and ion GKEs for both 
    7.    !  periodic and nonperiodic boundary conditions.  This is 
    8.    !  a dramatically simplified version of the original code 
    9.    !  to compute the righthand side.
   10.    !-----------------------------------------------------------
   11.    
   12.    subroutine gyro_rhs_total
   13.    
   14.      use gyro_globals
   15.      use gyro_pointers
   16.      use math_constants
   17.      use ompdata
   18.    
   19.      !-----------------------------------------------------------------------------
   20.      implicit none
   21.      !
   22.      complex :: z_der   
   23.      complex :: z_dis
   24.      complex, dimension(:,:,:,:), allocatable :: cap_h
   25.      complex, dimension(:,:,:,:), allocatable :: lit_h
   26.      !-----------------------------------------------------------------------------
   27.    
   28.      allocate(cap_h(n_stack,i1_buffer:i2_buffer,n_nek_loc_1,n_kinetic))
   29.      allocate(lit_h(n_stack,i1_buffer:i2_buffer,n_nek_loc_1,n_kinetic))
   30.    
   31.    !$omp parallel
   32.      rhs(:,ibeg:iend,:,:)    = (0.0,0.0)
ftn-6263 ftn: VECTOR GYRO_RHS_TOTAL, File = gyro_rhs_total.f90, Line = 32 
  A loop starting at line 32 was not vectorized because it contains a reference to a non-vector intrinsic on line 32.

   33.      rhs_dr(:,ibeg:iend,:,:) = 0.0
ftn-6263 ftn: VECTOR GYRO_RHS_TOTAL, File = gyro_rhs_total.f90, Line = 33 
  A loop starting at line 33 was not vectorized because it contains a reference to a non-vector intrinsic on line 33.

   34.    !$omp end parallel
   35.    
   36.      !---------------------------------------------
   37.      if (n_substep == 0) then
   38.         call gyro_rhs_nonlinear
   39.      endif
   40.      !---------------------------------------------
   41.    
   42.      call gyro_timer_in('RHS-total')
   43.    
   44.      !----------------------------------------------------------------------
   45.      ! Compute orbit-time derivative for ions ONLY, because this term is 
   46.      ! explicit for ions.
   47.      !
   48.      if (kill_i_parallel_flag == 0) call gyro_tau_derivative
   49.      !----------------------------------------------------------------------
   50.    
   51.      !----------------------------------------------------------------------
   52.      ! Derivative-friendly functions which have array elements outside
   53.      ! the region 1:n_x.                       
   54.      !
   55.      cap_h(:,i1_buffer:0,:,:) = (0.0,0.0)
ftn-6263 ftn: VECTOR GYRO_RHS_TOTAL, File = gyro_rhs_total.f90, Line = 55 
  A loop starting at line 55 was not vectorized because it contains a reference to a non-vector intrinsic on line 55.

   56.      lit_h(:,i1_buffer:0,:,:) = (0.0,0.0)
ftn-6263 ftn: VECTOR GYRO_RHS_TOTAL, File = gyro_rhs_total.f90, Line = 56 
  A loop starting at line 56 was not vectorized because it contains a reference to a non-vector intrinsic on line 56.

   57.      cap_h(:,n_x+1:i2_buffer,:,:) = (0.0,0.0)
ftn-6263 ftn: VECTOR GYRO_RHS_TOTAL, File = gyro_rhs_total.f90, Line = 57 
  A loop starting at line 57 was not vectorized because it contains a reference to a non-vector intrinsic on line 57.

   58.      lit_h(:,n_x+1:i2_buffer,:,:) = (0.0,0.0)
ftn-6263 ftn: VECTOR GYRO_RHS_TOTAL, File = gyro_rhs_total.f90, Line = 58 
  A loop starting at line 58 was not vectorized because it contains a reference to a non-vector intrinsic on line 58.

   59.    
   60.    !$omp parallel private(z_der,z_dis,is,p_nek_loc,i,m,i_diff)
   61.      do is=1,n_kinetic
   62.         do p_nek_loc=1,n_nek_loc_1
   63.            do i = ibeg, iend
   64.               cap_h(:,i,p_nek_loc,is) = (0.0,0.0)
ftn-6263 ftn: VECTOR GYRO_RHS_TOTAL, File = gyro_rhs_total.f90, Line = 64 
  A loop starting at line 64 was not vectorized because it contains a reference to a non-vector intrinsic on line 64.

   65.               lit_h(:,i,p_nek_loc,is) = (0.0,0.0)
ftn-6263 ftn: VECTOR GYRO_RHS_TOTAL, File = gyro_rhs_total.f90, Line = 65 
  A loop starting at line 65 was not vectorized because it contains a reference to a non-vector intrinsic on line 65.

   66.               do m=1,n_stack
   67.                  lit_h(m,i,p_nek_loc,is) = h(m,i,p_nek_loc,is)
   68.                  cap_h(m,i,p_nek_loc,is) = h(m,i,p_nek_loc,is)+&
   69.                       z(is)*alpha_s(is,i)*gyro_u(m,i,p_nek_loc,is)
   70.               enddo
   71.            enddo
   72.    !$omp barrier  ! ensure all cap_h, lit_h values are available
   73.      !----------------------------------------------------------------------
   74.    
   75.      !----------------------------------------------------------------------
   76.      ! Drift (finite-kx) plus upwind dissipation
   77.      !
   78.            do i = ibeg, iend
   79.               do m=1,n_stack
   80.                  z_der = 0.0
   81.                  z_dis = 0.0
   82.    
   83.                  do i_diff=-m_dx,m_dx-i_dx
   84.                     z_der = z_der+omega_dr(m,i,p_nek_loc,is)*&
   85.                          w_d1(i_diff)*cap_h(m,i_loop(i+i_diff),p_nek_loc,is)
   86.    
   87.                     z_dis = z_dis+abs(omega_dr(m,i,p_nek_loc,is))*&
   88.                          s_d1(i_diff)*lit_h(m,i_loop(i+i_diff),p_nek_loc,is)
   89.                  enddo
   90.    
   91.                  ! Derivative plus dissipation
   92.                  rhs(m,i,p_nek_loc,is) = rhs(m,i,p_nek_loc,is)+&
   93.                       z_der+z_dis
   94.    
   95.                  ! Entropy tracking
   96.                  rhs_dr(m,i,p_nek_loc,is) = rhs_dr(m,i,p_nek_loc,is)+&
   97.                       real(z_dis*conjg(cap_h(m,i,p_nek_loc,is)))
   98.    
   99.                  ! Diagonal (ky) drift
  100.                  rhs(m,i,p_nek_loc,is) = rhs(m,i,p_nek_loc,is)+&
  101.                       i_c*omega_d1(m,i,p_nek_loc,is)*cap_h(m,i,p_nek_loc,is)
  102.    
  103.                  ! Diamagnetic drift
  104.                  rhs(m,i,p_nek_loc,is) = rhs(m,i,p_nek_loc,is)-&
  105.                       i_c*omega_star(m,i,p_nek_loc,is)*gyro_u(m,i,p_nek_loc,is)
  106.               enddo
  107.            enddo !i
  108.    
  109.      !----------------------------------------------------------------------
  110.      ! Buffer damping
  111.      !
  112.      if (boundary_method == 2) then
  113.         do i = ibeg, iend
  114.            rhs(:,i,p_nek_loc,is) = rhs(:,i,p_nek_loc,is)-explicit_damp_vec(is,i)*cap_h(:,i,p_nek_loc,is)
ftn-6262 ftn: VECTOR GYRO_RHS_TOTAL, File = gyro_rhs_total.f90, Line = 114 
  A loop starting at line 114 was not vectorized because it contains a call to a subroutine or function on line 114.

  115.         enddo
  116.      endif
  117.      !----------------------------------------------------------------------
  118.         enddo !p_nek_loc
  119.      enddo !is
  120.    !$omp end parallel
  121.    
  122.      !----------------------------------------------------------------------
  123.      ! Adaptive source
  124.      !
  125.      if (source_flag == 1) then
  126.    
  127.         call gyro_adaptive_source
  128.    
  129.    !$omp parallel private(p_nek_loc,ie,is,p_nek,i)
  130.         do is=1,n_kinetic
  131.    
  132.            p_nek_loc = 0
  133.    
  134.            do p_nek=1+i_proc_1,n_nek_1,n_proc_1
  135.    
  136.               p_nek_loc = p_nek_loc+1
  137.    
  138.               ie = nek_e(p_nek)  
  139.    
  140.               do i = ibeg, iend
  141.    
  142.                  ! In this expression, nu_source = 0 if n > 0.
  143.                  ! (see gyro_radial_operators).
  144.                  rhs(:,i,p_nek_loc,is) = rhs(:,i,p_nek_loc,is) &
ftn-6263 ftn: VECTOR GYRO_RHS_TOTAL, File = gyro_rhs_total.f90, Line = 144 
  A loop starting at line 144 was not vectorized because it contains a reference to a non-vector intrinsic on line 144.

  145.                       -nu_source*h0_eq(is,ie,i)
  146.    
  147.               enddo ! i
  148.    
  149.            enddo ! p_nek
  150.    
  151.         enddo ! is
  152.    !$omp end parallel
  153.    
  154.      endif
  155.      !----------------------------------------------------------------------
  156.    
  157.      !---------------------------------------------------------
  158.      ! Er shear
  159.      !
  160.    !$omp parallel private(i)
  161.       do i = ibeg, iend
  162.          rhs(:,i,:,:) = rhs(:,i,:,:)-i_c*omega_eb_s(i)*h(:,i,:,:)
ftn-6262 ftn: VECTOR GYRO_RHS_TOTAL, File = gyro_rhs_total.f90, Line = 162 
  A loop starting at line 162 was not vectorized because it contains a call to a subroutine or function on line 162.

  163.       enddo 
  164.    !$omp end parallel
  165.      !---------------------------------------------------------
  166.    
  167.      !---------------------------------------------------------
  168.      ! Krook ion-ion collision operator:
  169.      !
  170.      if (krook_flag == 1) then
  171.         call gyro_collision_krook
  172.    !$omp parallel private(i)
  173.         do i = ibeg, iend
  174.            rhs(:,i,:,1) = rhs(:,i,:,1)+rhs_krook(:,i,:)
ftn-6262 ftn: VECTOR GYRO_RHS_TOTAL, File = gyro_rhs_total.f90, Line = 174 
  A loop starting at line 174 was not vectorized because it contains a call to a subroutine or function on line 174.

  175.         end do
  176.    !$omp end parallel
  177.      endif
  178.      !---------------------------------------------------------
  179.    
  180.      deallocate(cap_h)
  181.      deallocate(lit_h)
  182.    
  183.      call gyro_timer_out('RHS-total')
  184.    
  185.      if (debug_flag == 1 .and. i_proc == 0) then
  186.         print *,'*[get_rhs_total done]'
  187.      endif
  188.    
  189.    end subroutine gyro_rhs_total


%%%%%%%%%%%%%%%%%%%%%%%%%%%%%%%%%%%%%%%%%%%%%%%%%%%%%%%%%%%%%%%%%%%%%%%%%%%%%%%%
                         E x t e r n a l   R e p o r t
%%%%%%%%%%%%%%%%%%%%%%%%%%%%%%%%%%%%%%%%%%%%%%%%%%%%%%%%%%%%%%%%%%%%%%%%%%%%%%%%

Name  Messages
----  --------
ABS(Intrinsic)
      Defined as:  No definitions.

      Interface:   None

      Called By:   GYRO_RHS_TOTAL (Line 87, file gyro_rhs_total.f90)

Name  Messages
----  --------
CHAR(Intrinsic)
      Defined as:  No definitions.

                   No calls.  It is not called and does not use any procedure.

      Interface:   None

Name  Messages
----  --------
CONJG(Intrinsic)
      Defined as:  No definitions.

      Interface:   None

      Called By:   GYRO_RHS_TOTAL (Line 97, file gyro_rhs_total.f90)

Name  Messages
----  --------
GYRO_ADAPTIVE_SOURCE
      Defined as:  No definitions.

      Interface:   None

      Called By:   GYRO_RHS_TOTAL (Line 127, file gyro_rhs_total.f90)

Name  Messages
----  --------
GYRO_COLLISION_KROOK
      Defined as:  No definitions.

      Interface:   None

      Called By:   GYRO_RHS_TOTAL (Line 171, file gyro_rhs_total.f90)

Name  Messages
----  --------
GYRO_GLOBALS
      Defined as:  No definitions.

      Used By:     GYRO_RHS_TOTAL

Name  Messages
----  --------
GYRO_POINTERS
      Defined as:  No definitions.

      Used By:     GYRO_RHS_TOTAL

Name  Messages
----  --------
GYRO_RHS_NONLINEAR
      Defined as:  No definitions.

      Interface:   None

      Called By:   GYRO_RHS_TOTAL (Line 38, file gyro_rhs_total.f90)

Name  Messages
----  --------
GYRO_RHS_TOTAL
      Defined as:  Subroutine (line 12, file gyro_rhs_total.f90)

      Interface:   None

      Calls:       GYRO_RHS_NONLINEAR (Line 38, file gyro_rhs_total.f90)
                   GYRO_TIMER_IN (Line 42, file gyro_rhs_total.f90)
                   GYRO_TAU_DERIVATIVE (Line 48, file gyro_rhs_total.f90)
                   ABS(Intrinsic) (Line 87, file gyro_rhs_total.f90)
                   CONJG(Intrinsic) (Line 97, file gyro_rhs_total.f90)
                   REAL(Intrinsic) (Line 97, file gyro_rhs_total.f90)
                   GYRO_ADAPTIVE_SOURCE (Line 127, file gyro_rhs_total.f90)
                   GYRO_COLLISION_KROOK (Line 171, file gyro_rhs_total.f90)
                   GYRO_TIMER_OUT (Line 183, file gyro_rhs_total.f90)

        Uses:      GYRO_GLOBALS
                   GYRO_POINTERS
                   MATH_CONSTANTS
                   OMPDATA

Name  Messages
----  --------
GYRO_TAU_DERIVATIVE
      Defined as:  No definitions.

      Interface:   None

      Called By:   GYRO_RHS_TOTAL (Line 48, file gyro_rhs_total.f90)

Name  Messages
----  --------
GYRO_TIMER_IN
      Defined as:  No definitions.

      Interface:   None

      Called By:   GYRO_RHS_TOTAL (Line 42, file gyro_rhs_total.f90)

Name  Messages
----  --------
GYRO_TIMER_OUT
      Defined as:  No definitions.

      Interface:   None

      Called By:   GYRO_RHS_TOTAL (Line 183, file gyro_rhs_total.f90)

Name  Messages
----  --------
MATH_CONSTANTS
      Defined as:  No definitions.

      Used By:     GYRO_RHS_TOTAL

Name  Messages
----  --------
OMPDATA
      Defined as:  No definitions.

      Used By:     GYRO_RHS_TOTAL

Name  Messages
----  --------
REAL(Intrinsic)
      Defined as:  No definitions.

      Interface:   None

      Called By:   GYRO_RHS_TOTAL (Line 97, file gyro_rhs_total.f90)


%%%%%%%%%%%%%%%%%%%%%%%%%%%%%%%%%%%%%%%%%%%%%%%%%%%%%%%%%%%%%%%%%%%%%%%%%%%%%%%%
%%%%%%%%%%%%%%%%%%%%%%%%%%%%%%%%%%%%%%%%%%%%%%%%%%%%%%%%%%%%%%%%%%%%%%%%%%%%%%%%
