%%%%%%%%%%%%%%%%%%%%%%%%%%%%%%%%%%%%%%%%%%%%%%%%%%%%%%%%%%%%%%%%%%%%%%%%%%%%%%%%
                          S u m m a r y   R e p o r t
%%%%%%%%%%%%%%%%%%%%%%%%%%%%%%%%%%%%%%%%%%%%%%%%%%%%%%%%%%%%%%%%%%%%%%%%%%%%%%%%

Compilation
-----------
File     : /global/u2/b/bassem/gyro-EP/shared/math/bound_extrap.f90
Compiled : 01/19/21  14:38:37
Compiler : Version 9.1.0
Ftnlx    : Version 9.1.0 
Target   : x86-64
Command  : ftn_driver.exe -hcpu=haswell -hdynamic -D__CRAYXC -D__CRAY_HASWELL
           -D__CRAYXT_COMPUTE_LINUX_TARGET -hnetwork=aries -hnoomp -em
           -J/global/homes/b/bassem/gyro-EP/modules -sreal64 -eD -Ktrap=fp -m1
           -Rbcdps -c bound_extrap.f90
           -I/opt/cray/pe/cce/9.1.0/cce-clang/x86_64/lib/clang/9.0.0/include
           -I/opt/cray/pe/cce/9.1.0/cce/x86_64/include/craylibs -I/usr/include
           -I/usr/include -I/opt/cray/pe/fftw/3.3.8.4/haswell/include
           -I/opt/cray/pe/libsci/19.06.1/CRAY/9.0/x86_64/include
           -I/opt/cray/pe/mpt/7.7.10/gni/mpich-cray/9.0/include
           -I/opt/cray/pe/hdf5/1.10.5.2/cray/9.0/include
           -I/opt/cray/pe/netcdf/4.6.3.2/cray/9.0/include
           -I/opt/cray/rca/2.2.20-7.0.1.1_4.53__g8e3fb5b.ari/include
           -I/opt/cray/alps/6.6.58-7.0.1.1_6.10__g437d88db.ari/include
           -I/opt/cray/xpmem/2.2.20-7.0.1.1_4.14__g0475745.ari/include
           -I/opt/cray/gni-headers/5.0.12.0-7.0.1.1_6.32__g3b1768f.ari/include
           -I/opt/cray/dmapp/7.1.1-7.0.1.1_4.54__g38cf134.ari/include
           -I/opt/cray/pe/pmi/5.0.14/include
           -I/opt/cray/ugni/6.0.14.0-7.0.1.1_7.40__ge78e5b0.ari/include
           -I/opt/cray/udreg/2.3.2-7.0.1.1_3.38__g8175d3d.ari/include
           -I/opt/cray/wlm_detect/1.3.3-7.0.1.1_4.16__g7109084.ari/include
           -I/opt/cray/krca/2.2.6-7.0.1.1_5.39__gb641b12.ari/include
           -I/opt/cray-hss-devel/9.0.0/include
Program
  Units  : BOUND_EXTRAP

ftnlx report
------------
Source   : /global/u2/b/bassem/gyro-EP/shared/math/bound_extrap.f90
Date     : 01/19/2021  14:38:37


%%%%%%%%%%%%%%%%%%%%%%%%%%%%%%%%%%%%%%%%%%%%%%%%%%%%%%%%%%%%%%%%%%%%%%%%%%%%%%%%
                          S o u r c e   L i s t i n g
%%%%%%%%%%%%%%%%%%%%%%%%%%%%%%%%%%%%%%%%%%%%%%%%%%%%%%%%%%%%%%%%%%%%%%%%%%%%%%%%

    1.    !-------------------------------------------------------
    2.    ! bound_extrap.f90
    3.    !
    4.    ! PURPOSE:
    5.    !  Extrapolate to left and right boundaries. 
    6.    !-------------------------------------------------------
    7.    
    8.    subroutine bound_extrap(fa,fb,f,r,n)
    9.    
   10.      implicit none
   11.    
   12.      integer, intent(in) :: n
   13.    
   14.      real, intent(inout) :: fa
   15.      real, intent(inout) :: fb
   16.      real, intent(in), dimension(n) :: f
   17.      real, intent(in), dimension(n) :: r
   18.    
   19.      real :: r1,r2,r3
   20.      real :: ra,rb
   21.      real :: f1,f2,f3
   22.    
   23.    
   24.      ! Left boundary
   25.    
   26.      ra = r(1)
   27.    
   28.      r2 = r(2)
   29.      r3 = r(3)
   30.      
   31.      f2 = f(2)
   32.      f3 = f(3)
   33.    
   34.      fa = (ra-r2)/(r3-r2)*f3+(r3-ra)/(r3-r2)*f2
   35.    
   36.      ! Right boundary
   37.    
   38.      rb = r(n)
   39.    
   40.      r1 = r(n-2)
   41.      r2 = r(n-1)
   42.      
   43.      f1 = f(n-2)
   44.      f2 = f(n-1)
   45.    
   46.      fb = (rb-r1)/(r2-r1)*f2+(r2-rb)/(r2-r1)*f1
   47.    
   48.    end subroutine bound_extrap


%%%%%%%%%%%%%%%%%%%%%%%%%%%%%%%%%%%%%%%%%%%%%%%%%%%%%%%%%%%%%%%%%%%%%%%%%%%%%%%%
                         E x t e r n a l   R e p o r t
%%%%%%%%%%%%%%%%%%%%%%%%%%%%%%%%%%%%%%%%%%%%%%%%%%%%%%%%%%%%%%%%%%%%%%%%%%%%%%%%

Name  Messages
----  --------
BOUND_EXTRAP
      Defined as:  Subroutine (line 8, file bound_extrap.f90)

                   No calls.  It is not called and does not use any procedure.

      Interface:   None


%%%%%%%%%%%%%%%%%%%%%%%%%%%%%%%%%%%%%%%%%%%%%%%%%%%%%%%%%%%%%%%%%%%%%%%%%%%%%%%%
%%%%%%%%%%%%%%%%%%%%%%%%%%%%%%%%%%%%%%%%%%%%%%%%%%%%%%%%%%%%%%%%%%%%%%%%%%%%%%%%
