%%%%%%%%%%%%%%%%%%%%%%%%%%%%%%%%%%%%%%%%%%%%%%%%%%%%%%%%%%%%%%%%%%%%%%%%%%%%%%%%
                          S u m m a r y   R e p o r t
%%%%%%%%%%%%%%%%%%%%%%%%%%%%%%%%%%%%%%%%%%%%%%%%%%%%%%%%%%%%%%%%%%%%%%%%%%%%%%%%

Compilation
-----------
File     : /global/u2/b/bassem/gyro-EP/shared/math/bound_deriv.f90
Compiled : 01/19/21  14:38:37
Compiler : Version 9.1.0
Ftnlx    : Version 9.1.0 
Target   : x86-64
Command  : ftn_driver.exe -hcpu=haswell -hdynamic -D__CRAYXC -D__CRAY_HASWELL
           -D__CRAYXT_COMPUTE_LINUX_TARGET -hnetwork=aries -hnoomp -em
           -J/global/homes/b/bassem/gyro-EP/modules -sreal64 -eD -Ktrap=fp -m1
           -Rbcdps -c bound_deriv.f90
           -I/opt/cray/pe/cce/9.1.0/cce-clang/x86_64/lib/clang/9.0.0/include
           -I/opt/cray/pe/cce/9.1.0/cce/x86_64/include/craylibs -I/usr/include
           -I/usr/include -I/opt/cray/pe/fftw/3.3.8.4/haswell/include
           -I/opt/cray/pe/libsci/19.06.1/CRAY/9.0/x86_64/include
           -I/opt/cray/pe/mpt/7.7.10/gni/mpich-cray/9.0/include
           -I/opt/cray/pe/hdf5/1.10.5.2/cray/9.0/include
           -I/opt/cray/pe/netcdf/4.6.3.2/cray/9.0/include
           -I/opt/cray/rca/2.2.20-7.0.1.1_4.53__g8e3fb5b.ari/include
           -I/opt/cray/alps/6.6.58-7.0.1.1_6.10__g437d88db.ari/include
           -I/opt/cray/xpmem/2.2.20-7.0.1.1_4.14__g0475745.ari/include
           -I/opt/cray/gni-headers/5.0.12.0-7.0.1.1_6.32__g3b1768f.ari/include
           -I/opt/cray/dmapp/7.1.1-7.0.1.1_4.54__g38cf134.ari/include
           -I/opt/cray/pe/pmi/5.0.14/include
           -I/opt/cray/ugni/6.0.14.0-7.0.1.1_7.40__ge78e5b0.ari/include
           -I/opt/cray/udreg/2.3.2-7.0.1.1_3.38__g8175d3d.ari/include
           -I/opt/cray/wlm_detect/1.3.3-7.0.1.1_4.16__g7109084.ari/include
           -I/opt/cray/krca/2.2.6-7.0.1.1_5.39__gb641b12.ari/include
           -I/opt/cray-hss-devel/9.0.0/include
Program
  Units  : BOUND_DERIV

ftnlx report
------------
Source   : /global/u2/b/bassem/gyro-EP/shared/math/bound_deriv.f90
Date     : 01/19/2021  14:38:37


%%%%%%%%%%%%%%%%%%%%%%%%%%%%%%%%%%%%%%%%%%%%%%%%%%%%%%%%%%%%%%%%%%%%%%%%%%%%%%%%
                          S o u r c e   L i s t i n g
%%%%%%%%%%%%%%%%%%%%%%%%%%%%%%%%%%%%%%%%%%%%%%%%%%%%%%%%%%%%%%%%%%%%%%%%%%%%%%%%

    1.    !-------------------------------------------------------
    2.    ! bound_deriv.f90
    3.    !
    4.    ! PURPOSE:
    5.    !  Compute the finite-difference derivative of a 
    6.    !  function (on a grid which may be unequally-spaced)
    7.    !  using the Lagrange interpolating polynomial.  
    8.    !-------------------------------------------------------
    9.    
   10.    subroutine bound_deriv(df,f,r,n)
   11.    
   12.      implicit none
   13.    
   14.      integer, intent(in) :: n
   15.    
   16.      real, intent(inout), dimension(n) :: df
   17.      real, intent(in), dimension(n) :: f
   18.      real, intent(in),dimension(n) :: r
   19.    
   20.      real :: r1,r2,r3,ra
   21.      real :: f1,f2,f3
   22.    
   23.      integer :: i
   24.    
   25.      do i=1,n
   26.    
   27.         if (i == 1) then
   28.    
   29.            ! Left boundary
   30.    
   31.            ra = r(1)
   32.    
   33.            r1 = r(1)
   34.            r2 = r(2)
   35.            r3 = r(3)
   36.            f1 = f(1)
   37.            f2 = f(2)
   38.            f3 = f(3)
   39.    
   40.         else if (i == n) then
   41.    
   42.            ! Right boundary
   43.    
   44.            ra = r(n)
   45.    
   46.            r1 = r(n-2)
   47.            r2 = r(n-1)
   48.            r3 = r(n)
   49.            f1 = f(n-2)
   50.            f2 = f(n-1)
   51.            f3 = f(n)
   52.    
   53.         else
   54.    
   55.            ! Interior
   56.    
   57.            ra = r(i)
   58.    
   59.            r1 = r(i-1)
   60.            r2 = r(i)
   61.            r3 = r(i+1)
   62.            f1 = f(i-1)
   63.            f2 = f(i)
   64.            f3 = f(i+1)
   65.    
   66.         endif
   67.    
   68.         ! Derivative of Lagrange interpolating polynomial:
   69.    
   70.         df(i) = ((ra-r1)+(ra-r2))/(r3-r1)/(r3-r2)*f3 &
   71.              + ((ra-r1)+(ra-r3))/(r2-r1)/(r2-r3)*f2 &
   72.              + ((ra-r2)+(ra-r3))/(r1-r2)/(r1-r3)*f1
   73.    
   74.      enddo
   75.    
   76.    end subroutine bound_deriv


%%%%%%%%%%%%%%%%%%%%%%%%%%%%%%%%%%%%%%%%%%%%%%%%%%%%%%%%%%%%%%%%%%%%%%%%%%%%%%%%
                         E x t e r n a l   R e p o r t
%%%%%%%%%%%%%%%%%%%%%%%%%%%%%%%%%%%%%%%%%%%%%%%%%%%%%%%%%%%%%%%%%%%%%%%%%%%%%%%%

Name  Messages
----  --------
BOUND_DERIV
      Defined as:  Subroutine (line 10, file bound_deriv.f90)

                   No calls.  It is not called and does not use any procedure.

      Interface:   None


%%%%%%%%%%%%%%%%%%%%%%%%%%%%%%%%%%%%%%%%%%%%%%%%%%%%%%%%%%%%%%%%%%%%%%%%%%%%%%%%
%%%%%%%%%%%%%%%%%%%%%%%%%%%%%%%%%%%%%%%%%%%%%%%%%%%%%%%%%%%%%%%%%%%%%%%%%%%%%%%%
