%%%%%%%%%%%%%%%%%%%%%%%%%%%%%%%%%%%%%%%%%%%%%%%%%%%%%%%%%%%%%%%%%%%%%%%%%%%%%%%%
                          S u m m a r y   R e p o r t
%%%%%%%%%%%%%%%%%%%%%%%%%%%%%%%%%%%%%%%%%%%%%%%%%%%%%%%%%%%%%%%%%%%%%%%%%%%%%%%%

Compilation
-----------
File     : /global/u2/b/bassem/gyro-EP/shared/math/i0.f
Compiled : 01/19/21  14:38:38
Compiler : Version 9.1.0
Ftnlx    : Version 9.1.0 
Target   : x86-64
Command  : ftn_driver.exe -hcpu=haswell -hdynamic -D__CRAYXC -D__CRAY_HASWELL
           -D__CRAYXT_COMPUTE_LINUX_TARGET -hnetwork=aries -hnoomp -em
           -J/global/homes/b/bassem/gyro-EP/modules -eD -Ktrap=fp -m1 -Rbcdps
           -c i0.f
           -I/opt/cray/pe/cce/9.1.0/cce-clang/x86_64/lib/clang/9.0.0/include
           -I/opt/cray/pe/cce/9.1.0/cce/x86_64/include/craylibs -I/usr/include
           -I/usr/include -I/opt/cray/pe/fftw/3.3.8.4/haswell/include
           -I/opt/cray/pe/libsci/19.06.1/CRAY/9.0/x86_64/include
           -I/opt/cray/pe/mpt/7.7.10/gni/mpich-cray/9.0/include
           -I/opt/cray/pe/hdf5/1.10.5.2/cray/9.0/include
           -I/opt/cray/pe/netcdf/4.6.3.2/cray/9.0/include
           -I/opt/cray/rca/2.2.20-7.0.1.1_4.53__g8e3fb5b.ari/include
           -I/opt/cray/alps/6.6.58-7.0.1.1_6.10__g437d88db.ari/include
           -I/opt/cray/xpmem/2.2.20-7.0.1.1_4.14__g0475745.ari/include
           -I/opt/cray/gni-headers/5.0.12.0-7.0.1.1_6.32__g3b1768f.ari/include
           -I/opt/cray/dmapp/7.1.1-7.0.1.1_4.54__g38cf134.ari/include
           -I/opt/cray/pe/pmi/5.0.14/include
           -I/opt/cray/ugni/6.0.14.0-7.0.1.1_7.40__ge78e5b0.ari/include
           -I/opt/cray/udreg/2.3.2-7.0.1.1_3.38__g8175d3d.ari/include
           -I/opt/cray/wlm_detect/1.3.3-7.0.1.1_4.16__g7109084.ari/include
           -I/opt/cray/krca/2.2.6-7.0.1.1_5.39__gb641b12.ari/include
           -I/opt/cray-hss-devel/9.0.0/include
Program
  Units  : CALCI0
          BESI0
          BESEI0

ftnlx report
------------
Source   : /global/u2/b/bassem/gyro-EP/shared/math/i0.f
Date     : 01/19/2021  14:38:38


%%%%%%%%%%%%%%%%%%%%%%%%%%%%%%%%%%%%%%%%%%%%%%%%%%%%%%%%%%%%%%%%%%%%%%%%%%%%%%%%
                          S o u r c e   L i s t i n g
%%%%%%%%%%%%%%%%%%%%%%%%%%%%%%%%%%%%%%%%%%%%%%%%%%%%%%%%%%%%%%%%%%%%%%%%%%%%%%%%

    1.          SUBROUTINE CALCI0(ARG,RESULT,JINT)
    2.    C--------------------------------------------------------------------
    3.    C
    4.    C This packet computes modified Bessel functions of the first kind
    5.    C   and order zero, I0(X) and EXP(-ABS(X))*I0(X), for real
    6.    C   arguments X.  It contains two function type subprograms, BESI0
    7.    C   and BESEI0, and one subroutine type subprogram, CALCI0.
    8.    C   The calling statements for the primary entries are 
    9.    C
   10.    C                   Y=BESI0(X)
   11.    C   and
   12.    C                   Y=BESEI0(X)
   13.    C
   14.    C   where the entry points correspond to the functions I0(X) and
   15.    C   EXP(-ABS(X))*I0(X), respectively.  The routine CALCI0 is
   16.    C   intended for internal packet use only, all computations within
   17.    C   the packet being concentrated in this routine.  The function
   18.    C   subprograms invoke CALCI0 with the statement
   19.    C          CALL CALCI0(ARG,RESULT,JINT)
   20.    C   where the parameter usage is as follows
   21.    C
   22.    C      Function                     Parameters for CALCI0
   23.    C       Call              ARG                  RESULT          JINT
   24.    C
   25.    C     BESI0(ARG)    ABS(ARG) .LE. XMAX        I0(ARG)           1
   26.    C     BESEI0(ARG)    any real ARG        EXP(-ABS(ARG))*I0(ARG) 2
   27.    C
   28.    C   The main computation evaluates slightly modified forms of
   29.    C   minimax approximations generated by Blair and Edwards, Chalk
   30.    C   River (Atomic Energy of Canada Limited) Report AECL-4928,
   31.    C   October, 1974.  This transportable program is patterned after 
   32.    C   the machine-dependent FUNPACK packet NATSI0, but cannot match
   33.    C   that version for efficiency or accuracy.  This version uses
   34.    C   rational functions that theoretically approximate I-SUB-0(X)
   35.    C   to at least 18 significant decimal digits.  The accuracy
   36.    C   achieved depends on the arithmetic system, the compiler, the
   37.    C   intrinsic functions, and proper selection of the machine-
   38.    C   dependent constants.
   39.    C
   40.    C*******************************************************************
   41.    C*******************************************************************
   42.    C
   43.    C Explanation of machine-dependent constants
   44.    C
   45.    C   beta   = Radix for the floating-point system
   46.    C   maxexp = Smallest power of beta that overflows
   47.    C   XSMALL = Positive argument such that 1.0 - X = 1.0 to
   48.    C            machine precision for all ABS(X) .LE. XSMALL.
   49.    C   XINF =   Largest positive machine number; approximately
   50.    C            beta**maxexp
   51.    C   XMAX =   Largest argument acceptable to BESI0;  Solution to
   52.    C            equation:  
   53.    C               W(X) * (1+1/(8*X)+9/(128*X**2) = beta**maxexp
   54.    C            where  W(X) = EXP(X)/SQRT(2*PI*X)
   55.    C
   56.    C
   57.    C     Approximate values for some important machines are:
   58.    C
   59.    C                          beta       maxexp       XSMALL
   60.    C
   61.    C CRAY-1        (S.P.)       2         8191       3.55E-15
   62.    C Cyber 180/855
   63.    C   under NOS   (S.P.)       2         1070       3.55E-15
   64.    C IEEE (IBM/XT,
   65.    C   SUN, etc.)  (S.P.)       2          128       2.98E-8
   66.    C IEEE (IBM/XT,
   67.    C   SUN, etc.)  (D.P.)       2         1024       5.55D-17
   68.    C IBM 3033      (D.P.)      16           63       6.95D-18
   69.    C VAX           (S.P.)       2          127       2.98E-8
   70.    C VAX D-Format  (D.P.)       2          127       6.95D-18
   71.    C VAX G-Format  (D.P.)       2         1023       5.55D-17
   72.    C
   73.    C
   74.    C                               XINF          XMAX
   75.    C
   76.    C CRAY-1        (S.P.)       5.45E+2465     5682.810
   77.    C Cyber 180/855
   78.    C   under NOS   (S.P.)       1.26E+322       745.893
   79.    C IEEE (IBM/XT,
   80.    C   SUN, etc.)  (S.P.)       3.40E+38         91.900
   81.    C IEEE (IBM/XT,
   82.    C   SUN, etc.)  (D.P.)       1.79D+308       713.986
   83.    C IBM 3033      (D.P.)       7.23D+75        178.182
   84.    C VAX           (S.P.)       1.70D+38         91.203
   85.    C VAX D-Format  (D.P.)       1.70D+38         91.203
   86.    C VAX G-Format  (D.P.)       8.98D+307       713.293
   87.    C
   88.    C*******************************************************************
   89.    C*******************************************************************
   90.    C
   91.    C Error returns
   92.    C
   93.    C  The program returns XINF for BESI0 for ABS(ARG) .GT. XMAX.
   94.    C
   95.    C
   96.    C  Intrinsic functions required are:
   97.    C
   98.    C     ABS, SQRT, EXP
   99.    C
  100.    C
  101.    C  Authors: W. J. Cody and L. Stoltz
  102.    C           Mathematics and Computer Science Division
  103.    C           Argonne National Laboratory
  104.    C           Argonne, IL 60439
  105.    C
  106.    C  Latest modification: June 7, 1988
  107.    C
  108.    C--------------------------------------------------------------------
  109.          INTEGER I,JINT
  110.    C      REAL
  111.          DOUBLE PRECISION
  112.         1       A,ARG,B,EXP40,FORTY,ONE,ONE5,P,PP,Q,QQ,RESULT,
  113.         2       REC15,SUMP,SUMQ,TWO25,X,XINF,XMAX,XSMALL,XX
  114.          DIMENSION P(15),PP(8),Q(5),QQ(7)
  115.    C--------------------------------------------------------------------
  116.    C  Mathematical constants
  117.    C--------------------------------------------------------------------
  118.    C      DATA ONE/1.0E0/,ONE5/15.0E0/,EXP40/2.353852668370199854E17/,
  119.    C     1     FORTY/40.0E0/,REC15/6.6666666666666666666E-2/,
  120.    C     2     TWO25/225.0E0/
  121.          DATA ONE/1.0D0/,ONE5/15.0D0/,EXP40/2.353852668370199854D17/,
  122.         1     FORTY/40.0D0/,REC15/6.6666666666666666666D-2/,
  123.         2     TWO25/225.0D0/
  124.    C--------------------------------------------------------------------
  125.    C  Machine-dependent constants
  126.    C--------------------------------------------------------------------
  127.    C      DATA XSMALL/2.98E-8/,XINF/3.40E38/,XMAX/91.9E0/
  128.          DATA XSMALL/5.55D-17/,XINF/1.79D308/,XMAX/713.986D0/
  129.    C--------------------------------------------------------------------
  130.    C  Coefficients for XSMALL .LE. ABS(ARG) .LT. 15.0
  131.    C--------------------------------------------------------------------
  132.    C      DATA  P/-5.2487866627945699800E-18,-1.5982226675653184646E-14,
  133.    C     1        -2.6843448573468483278E-11,-3.0517226450451067446E-08,
  134.    C     2        -2.5172644670688975051E-05,-1.5453977791786851041E-02,
  135.    C     3        -7.0935347449210549190E+00,-2.4125195876041896775E+03,
  136.    C     4        -5.9545626019847898221E+05,-1.0313066708737980747E+08,
  137.    C     5        -1.1912746104985237192E+10,-8.4925101247114157499E+11,
  138.    C     6        -3.2940087627407749166E+13,-5.5050369673018427753E+14,
  139.    C     7        -2.2335582639474375249E+15/
  140.    C      DATA  Q/-3.7277560179962773046E+03, 6.5158506418655165707E+06,
  141.    C     1        -6.5626560740833869295E+09, 3.7604188704092954661E+12,
  142.    C     2        -9.7087946179594019126E+14/
  143.          DATA  P/-5.2487866627945699800D-18,-1.5982226675653184646D-14,
  144.         1        -2.6843448573468483278D-11,-3.0517226450451067446D-08,
  145.         2        -2.5172644670688975051D-05,-1.5453977791786851041D-02,
  146.         3        -7.0935347449210549190D+00,-2.4125195876041896775D+03,
  147.         4        -5.9545626019847898221D+05,-1.0313066708737980747D+08,
  148.         5        -1.1912746104985237192D+10,-8.4925101247114157499D+11,
  149.         6        -3.2940087627407749166D+13,-5.5050369673018427753D+14,
  150.         7        -2.2335582639474375249D+15/
  151.          DATA  Q/-3.7277560179962773046D+03, 6.5158506418655165707D+06,
  152.         1        -6.5626560740833869295D+09, 3.7604188704092954661D+12,
  153.         2        -9.7087946179594019126D+14/
  154.    C--------------------------------------------------------------------
  155.    C  Coefficients for 15.0 .LE. ABS(ARG)
  156.    C--------------------------------------------------------------------
  157.    C      DATA PP/-3.9843750000000000000E-01, 2.9205384596336793945E+00,
  158.    C     1        -2.4708469169133954315E+00, 4.7914889422856814203E-01,
  159.    C     2        -3.7384991926068969150E-03,-2.6801520353328635310E-03,
  160.    C     3         9.9168777670983678974E-05,-2.1877128189032726730E-06/
  161.    C      DATA QQ/-3.1446690275135491500E+01, 8.5539563258012929600E+01,
  162.    C     1        -6.0228002066743340583E+01, 1.3982595353892851542E+01,
  163.    C     2        -1.1151759188741312645E+00, 3.2547697594819615062E-02,
  164.    C     3        -5.5194330231005480228E-04/
  165.          DATA PP/-3.9843750000000000000D-01, 2.9205384596336793945D+00,
  166.         1        -2.4708469169133954315D+00, 4.7914889422856814203D-01,
  167.         2        -3.7384991926068969150D-03,-2.6801520353328635310D-03,
  168.         3         9.9168777670983678974D-05,-2.1877128189032726730D-06/
  169.          DATA QQ/-3.1446690275135491500D+01, 8.5539563258012929600D+01,
  170.         1        -6.0228002066743340583D+01, 1.3982595353892851542D+01,
  171.         2        -1.1151759188741312645D+00, 3.2547697594819615062D-02,
  172.         3        -5.5194330231005480228D-04/
  173.    C--------------------------------------------------------------------
  174.          X = ABS(ARG)
  175.          IF (X .LT. XSMALL) THEN
  176.                RESULT = ONE
  177.             ELSE IF (X .LT. ONE5) THEN
  178.    C--------------------------------------------------------------------
  179.    C  XSMALL .LE.  ABS(ARG)  .LT. 15.0
  180.    C--------------------------------------------------------------------
  181.                XX = X * X
  182.                SUMP = P(1)
  183.                DO 50 I = 2, 15
  184.                  SUMP = SUMP * XX + P(I)
  185.       50       CONTINUE
  186.                XX = XX - TWO25
  187.                SUMQ = ((((XX+Q(1))*XX+Q(2))*XX+Q(3))*XX+Q(4))*XX+Q(5)
  188.                RESULT = SUMP / SUMQ
  189.                IF (JINT .EQ. 2) RESULT = RESULT * EXP(-X)
  190.             ELSE IF (X .GE. ONE5) THEN
  191.                IF ((JINT .EQ. 1) .AND. (X .GT. XMAX)) THEN
  192.                      RESULT = XINF
  193.                   ELSE
  194.    C--------------------------------------------------------------------
  195.    C  15.0  .LE.  ABS(ARG)
  196.    C--------------------------------------------------------------------
  197.                      XX = ONE / X - REC15
  198.                      SUMP = ((((((PP(1)*XX+PP(2))*XX+PP(3))*XX+PP(4))*XX+
  199.         1                   PP(5))*XX+PP(6))*XX+PP(7))*XX+PP(8)
  200.                      SUMQ = ((((((XX+QQ(1))*XX+QQ(2))*XX+QQ(3))*XX+
  201.         1                   QQ(4))*XX+QQ(5))*XX+QQ(6))*XX+QQ(7)
  202.                      RESULT = SUMP / SUMQ
  203.                      IF (JINT .EQ. 2) THEN
  204.                            RESULT = (RESULT - PP(1)) / SQRT(X)
  205.                         ELSE
  206.    C--------------------------------------------------------------------
  207.    C  Calculation reformulated to avoid premature overflow
  208.    C--------------------------------------------------------------------
  209.                            IF (X .LE.(XMAX-ONE5)) THEN
  210.                                  A = EXP(X)
  211.                                  B = ONE
  212.                               ELSE
  213.                                  A = EXP(X-FORTY)
  214.                                  B = EXP40
  215.                            END IF
  216.                            RESULT = ((RESULT*A-PP(1)*A)/SQRT(X))*B
  217.                      END IF
  218.                END IF
  219.          END IF
  220.    C--------------------------------------------------------------------
  221.    C  Return for ABS(ARG) .LT. XSMALL
  222.    C--------------------------------------------------------------------
  223.          RETURN
  224.    C----------- Last line of CALCI0 -----------
  225.          END


%%%%%%%%%%%%%%%%%%%%%%%%%%%%%%%%%%%%%%%%%%%%%%%%%%%%%%%%%%%%%%%%%%%%%%%%%%%%%%%%
                          S o u r c e   L i s t i n g
%%%%%%%%%%%%%%%%%%%%%%%%%%%%%%%%%%%%%%%%%%%%%%%%%%%%%%%%%%%%%%%%%%%%%%%%%%%%%%%%

  226.    C      REAL 
  227.          DOUBLE PRECISION 
  228.         1    FUNCTION BESI0(X)
  229.    C--------------------------------------------------------------------
  230.    C
  231.    C This long precision subprogram computes approximate values for
  232.    C   modified Bessel functions of the first kind of order zero for
  233.    C   arguments ABS(ARG) .LE. XMAX  (see comments heading CALCI0).
  234.    C
  235.    C--------------------------------------------------------------------
  236.          INTEGER JINT
  237.    C      REAL  
  238.          DOUBLE PRECISION  
  239.         1    X, RESULT
  240.    C--------------------------------------------------------------------
  241.          JINT=1
  242.          CALL CALCI0(X,RESULT,JINT)
  243.          BESI0=RESULT
  244.          RETURN
  245.    C---------- Last line of BESI0 ----------
  246.          END


%%%%%%%%%%%%%%%%%%%%%%%%%%%%%%%%%%%%%%%%%%%%%%%%%%%%%%%%%%%%%%%%%%%%%%%%%%%%%%%%
                          S o u r c e   L i s t i n g
%%%%%%%%%%%%%%%%%%%%%%%%%%%%%%%%%%%%%%%%%%%%%%%%%%%%%%%%%%%%%%%%%%%%%%%%%%%%%%%%

  247.    C      REAL 
  248.          DOUBLE PRECISION 
  249.         1    FUNCTION BESEI0(X)
  250.    C--------------------------------------------------------------------
  251.    C
  252.    C This function program computes approximate values for the
  253.    C   modified Bessel function of the first kind of order zero
  254.    C   multiplied by EXP(-ABS(X)), where EXP is the
  255.    C   exponential function, ABS is the absolute value, and X
  256.    C   is any argument.
  257.    C
  258.    C--------------------------------------------------------------------
  259.          INTEGER JINT
  260.    C      REAL  
  261.          DOUBLE PRECISION  
  262.         1    X, RESULT
  263.    C--------------------------------------------------------------------
  264.          JINT=2
  265.          CALL CALCI0(X,RESULT,JINT)
  266.          BESEI0=RESULT
  267.          RETURN
  268.    C---------- Last line of BESEI0 ----------
  269.          END


%%%%%%%%%%%%%%%%%%%%%%%%%%%%%%%%%%%%%%%%%%%%%%%%%%%%%%%%%%%%%%%%%%%%%%%%%%%%%%%%
                         E x t e r n a l   R e p o r t
%%%%%%%%%%%%%%%%%%%%%%%%%%%%%%%%%%%%%%%%%%%%%%%%%%%%%%%%%%%%%%%%%%%%%%%%%%%%%%%%

Name  Messages
----  --------
ABS(Intrinsic)
      Defined as:  No definitions.

      Interface:   None

      Called By:   BESEI0 (Line 174, file i0.f)

Name  Messages
----  --------
BESEI0
      Defined as:  Function (line 249, file i0.f)

      Interface:   None

      Calls:       CALCI0 (Line 265, file i0.f)

Name  Messages
----  --------
BESI0
      Defined as:  Function (line 228, file i0.f)

      Interface:   None

      Calls:       CALCI0 (Line 242, file i0.f)

Name  Messages
----  --------
CALCI0
      Defined as:  Subroutine (line 1, file i0.f)

      Interface:   None

      Called By:   EXP(Intrinsic) (Line 242, file i0.f)
                   SQRT(Intrinsic) (Line 265, file i0.f)

      Calls:       ABS(Intrinsic) (Line 174, file i0.f)
                   EXP(Intrinsic) (Line 189, file i0.f)
                   EXP(Intrinsic) (Line 210, file i0.f)
                   EXP(Intrinsic) (Line 213, file i0.f)
                   SQRT(Intrinsic) (Line 204, file i0.f)
                   SQRT(Intrinsic) (Line 216, file i0.f)

Name  Messages
----  --------
EXP(Intrinsic)
      Defined as:  No definitions.

      Interface:   None

      Called By:   BESEI0 (Line 189, file i0.f)
                   BESEI0 (Line 210, file i0.f)
                   BESEI0 (Line 213, file i0.f)

Name  Messages
----  --------
SQRT(Intrinsic)
      Defined as:  No definitions.

      Interface:   None

      Called By:   BESEI0 (Line 204, file i0.f)
                   BESEI0 (Line 216, file i0.f)


%%%%%%%%%%%%%%%%%%%%%%%%%%%%%%%%%%%%%%%%%%%%%%%%%%%%%%%%%%%%%%%%%%%%%%%%%%%%%%%%
%%%%%%%%%%%%%%%%%%%%%%%%%%%%%%%%%%%%%%%%%%%%%%%%%%%%%%%%%%%%%%%%%%%%%%%%%%%%%%%%
