%%%%%%%%%%%%%%%%%%%%%%%%%%%%%%%%%%%%%%%%%%%%%%%%%%%%%%%%%%%%%%%%%%%%%%%%%%%%%%%%
                          S u m m a r y   R e p o r t
%%%%%%%%%%%%%%%%%%%%%%%%%%%%%%%%%%%%%%%%%%%%%%%%%%%%%%%%%%%%%%%%%%%%%%%%%%%%%%%%

Compilation
-----------
File     : /global/u2/b/bassem/gyro-EP/shared/math/poly2diff.f90
Compiled : 01/19/21  14:38:39
Compiler : Version 9.1.0
Ftnlx    : Version 9.1.0 
Target   : x86-64
Command  : ftn_driver.exe -hcpu=haswell -hdynamic -D__CRAYXC -D__CRAY_HASWELL
           -D__CRAYXT_COMPUTE_LINUX_TARGET -hnetwork=aries -hnoomp -em
           -J/global/homes/b/bassem/gyro-EP/modules -sreal64 -eD -Ktrap=fp -m1
           -Rbcdps -c poly2diff.f90
           -I/opt/cray/pe/cce/9.1.0/cce-clang/x86_64/lib/clang/9.0.0/include
           -I/opt/cray/pe/cce/9.1.0/cce/x86_64/include/craylibs -I/usr/include
           -I/usr/include -I/opt/cray/pe/fftw/3.3.8.4/haswell/include
           -I/opt/cray/pe/libsci/19.06.1/CRAY/9.0/x86_64/include
           -I/opt/cray/pe/mpt/7.7.10/gni/mpich-cray/9.0/include
           -I/opt/cray/pe/hdf5/1.10.5.2/cray/9.0/include
           -I/opt/cray/pe/netcdf/4.6.3.2/cray/9.0/include
           -I/opt/cray/rca/2.2.20-7.0.1.1_4.53__g8e3fb5b.ari/include
           -I/opt/cray/alps/6.6.58-7.0.1.1_6.10__g437d88db.ari/include
           -I/opt/cray/xpmem/2.2.20-7.0.1.1_4.14__g0475745.ari/include
           -I/opt/cray/gni-headers/5.0.12.0-7.0.1.1_6.32__g3b1768f.ari/include
           -I/opt/cray/dmapp/7.1.1-7.0.1.1_4.54__g38cf134.ari/include
           -I/opt/cray/pe/pmi/5.0.14/include
           -I/opt/cray/ugni/6.0.14.0-7.0.1.1_7.40__ge78e5b0.ari/include
           -I/opt/cray/udreg/2.3.2-7.0.1.1_3.38__g8175d3d.ari/include
           -I/opt/cray/wlm_detect/1.3.3-7.0.1.1_4.16__g7109084.ari/include
           -I/opt/cray/krca/2.2.6-7.0.1.1_5.39__gb641b12.ari/include
           -I/opt/cray-hss-devel/9.0.0/include
Program
  Units  : POLY2DIFF

ftnlx report
------------
Source   : /global/u2/b/bassem/gyro-EP/shared/math/poly2diff.f90
Date     : 01/19/2021  14:38:39


%%%%%%%%%%%%%%%%%%%%%%%%%%%%%%%%%%%%%%%%%%%%%%%%%%%%%%%%%%%%%%%%%%%%%%%%%%%%%%%%
                          S o u r c e   L i s t i n g
%%%%%%%%%%%%%%%%%%%%%%%%%%%%%%%%%%%%%%%%%%%%%%%%%%%%%%%%%%%%%%%%%%%%%%%%%%%%%%%%

    1.    !-----------------------------------------------
    2.    ! poly2diff.f90 
    3.    !
    4.    ! PURPOSE:
    5.    !  Compute coefficients for arbitrary-order, 
    6.    !  centered 2nd finite-difference derivative.
    7.    !  
    8.    ! NOTES:
    9.    !  The coefficients computed are:
   10.    !
   11.    !                 n
   12.    !  f''(0) = ---  Sum c(i) f(i)
   13.    !           h^2  i=-n    
   14.    !
   15.    !  where f(j) means f[x(j)].
   16.    !      
   17.    !                1           1           -j
   18.    ! c(i) = Sum_p ----- Sum_q ----- Prod_j -----
   19.    !        p/=i   i-p  q/=i   i-q   j/=i   i-j
   20.    !                    q/=p         j/=p
   21.    !                                 j/=q
   22.    !
   23.    ! REVISIONS
   24.    ! 18 July 01: jeff.candy@gat.com
   25.    !  New.
   26.    !--------------------------------------------------------------
   27.    
   28.    subroutine poly2diff(n,c)
   29.    
   30.      implicit none
   31.    
   32.      integer, intent(in) :: n
   33.    
   34.      real, intent(inout), dimension(-n:n) :: c
   35.    
   36.      integer :: p
   37.      integer :: q
   38.      integer :: i
   39.      integer :: j
   40.    
   41.      real :: prod
   42.    
   43.    
   44.      do i=-n,n
   45.     
   46.         c(i) = 0.0
   47.    
   48.         do p=-n,n
   49.    
   50.            if (p /= i) then
   51.    
   52.               do q=-n,n
   53.    
   54.                  if (q /= i .and. q /= p) then
   55.    
   56.                     prod = 1.0
   57.    
   58.                     do j=-n,n
   59.    
   60.                        if (j /= i .and. j /= q .and. j /= p) then
   61.    
   62.                        prod = -j*prod/(i-j)
   63.    
   64.                        endif
   65.    
   66.                     enddo ! j
   67.    
   68.                     c(i) = c(i)+prod/((i-p)*(i-q))
   69.    
   70.                  endif
   71.    
   72.               enddo ! q
   73.    
   74.            endif
   75.    
   76.         enddo ! p
   77.    
   78.      enddo ! i
   79.     
   80.    end subroutine poly2diff


%%%%%%%%%%%%%%%%%%%%%%%%%%%%%%%%%%%%%%%%%%%%%%%%%%%%%%%%%%%%%%%%%%%%%%%%%%%%%%%%
                         E x t e r n a l   R e p o r t
%%%%%%%%%%%%%%%%%%%%%%%%%%%%%%%%%%%%%%%%%%%%%%%%%%%%%%%%%%%%%%%%%%%%%%%%%%%%%%%%

Name  Messages
----  --------
POLY2DIFF
      Defined as:  Subroutine (line 28, file poly2diff.f90)

                   No calls.  It is not called and does not use any procedure.

      Interface:   None


%%%%%%%%%%%%%%%%%%%%%%%%%%%%%%%%%%%%%%%%%%%%%%%%%%%%%%%%%%%%%%%%%%%%%%%%%%%%%%%%
%%%%%%%%%%%%%%%%%%%%%%%%%%%%%%%%%%%%%%%%%%%%%%%%%%%%%%%%%%%%%%%%%%%%%%%%%%%%%%%%
